[2016.02.09-21.38.47:358][  0]Log file open, 02/09/16 13:38:47
[2016.02.09-21.38.47:358][  0]LogInit:Display: Running engine for game: RedCreek
[2016.02.09-21.38.47:358][  0]LogPlatformFile: Not using cached read wrapper
[2016.02.09-21.38.47:358][  0]LogInit:Display: RandInit(-239523792) SRandInit(-239523789).
[2016.02.09-21.38.47:358][  0]LogTaskGraph: Started task graph with 4 named threads and 5 total threads.
[2016.02.09-21.38.47:358][  0]LogStats: Stats thread started at 0.356112
[2016.02.09-21.38.47:358][  0]LogInit: Version: 4.10.2-2818068+++depot+UE4-Releases+4.10
[2016.02.09-21.38.47:358][  0]LogInit: API Version: 2758231
[2016.02.09-21.38.47:358][  0]LogInit: Compiled (64-bit): Jan  6 2016 17:36:42
[2016.02.09-21.38.47:358][  0]LogInit: Compiled with Visual C++: 19.00.23026.00
[2016.02.09-21.38.47:358][  0]LogInit: Build Configuration: Development
[2016.02.09-21.38.47:358][  0]LogInit: Branch Name: ++depot+UE4-Releases+4.10
[2016.02.09-21.38.47:358][  0]LogInit: Command line:  
[2016.02.09-21.38.47:358][  0]LogInit: Base directory: C:/Program Files/Epic Games/4.10/Engine/Binaries/Win64/
[2016.02.09-21.38.47:358][  0]LogInit: Rocket: 1
[2016.02.09-21.38.47:470][  0]LogInit: Using libcurl 7.41.0
[2016.02.09-21.38.47:470][  0]LogInit:  - built for x86_64-pc-win32
[2016.02.09-21.38.47:470][  0]LogInit:  - supports SSL with WinSSL
[2016.02.09-21.38.47:471][  0]LogInit:  - other features:
[2016.02.09-21.38.47:471][  0]LogInit:      CURL_VERSION_SSL
[2016.02.09-21.38.47:471][  0]LogInit:      CURL_VERSION_IPV6
[2016.02.09-21.38.47:471][  0]LogInit:      CURL_VERSION_ASYNCHDNS
[2016.02.09-21.38.47:471][  0]LogInit:      CURL_VERSION_LARGEFILE
[2016.02.09-21.38.47:471][  0]LogInit:      CURL_VERSION_IDN
[2016.02.09-21.38.47:471][  0]LogInit:  CurlRequestOptions (configurable via config and command line):
[2016.02.09-21.38.47:471][  0]LogInit:  - bVerifyPeer = true  - Libcurl will verify peer certificate
[2016.02.09-21.38.47:471][  0]LogInit:  - bUseHttpProxy = false  - Libcurl will NOT use HTTP proxy
[2016.02.09-21.38.47:471][  0]LogInit:  - bDontReuseConnections = false  - Libcurl will reuse connections
[2016.02.09-21.38.47:471][  0]LogInit:  - CertBundlePath = nullptr  - Libcurl will use whatever was configured at build time.
[2016.02.09-21.38.47:791][  0]LogInit: Presizing for 0 objects not considered by GC, pre-allocating 0 bytes.
[2016.02.09-21.38.47:854][  0]LogInit: Object subsystem initialized
[2016.02.09-21.38.47:882][  0]LogInit: Selected Device Profile: [Windows]
[2016.02.09-21.38.47:882][  0]LogInit: Applying CVar settings loaded from the selected device profile: [Windows]
[2016.02.09-21.38.48:313][  0]LogInit: Computer: AFROSAMURAI
[2016.02.09-21.38.48:314][  0]LogInit: User: Jarrett
[2016.02.09-21.38.48:314][  0]LogInit: CPU Page size=4096, Cores=2
[2016.02.09-21.38.48:314][  0]LogInit: High frequency timer resolution =2.115885 MHz
[2016.02.09-21.38.48:314][  0]LogMemory: Memory total: Physical=3.9GB (4GB approx)
[2016.02.09-21.38.48:314][  0]LogMemory: Platform Memory Stats for Windows
[2016.02.09-21.38.48:314][  0]LogMemory: Process Physical Memory: 54.81 MB used, 54.81 MB peak
[2016.02.09-21.38.48:314][  0]LogMemory: Process Virtual Memory: 55.39 MB used, 55.39 MB peak
[2016.02.09-21.38.48:314][  0]LogMemory: Physical Memory: 2847.95 MB used, 3979.20 MB total
[2016.02.09-21.38.48:314][  0]LogMemory: Virtual Memory: 362.27 MB used, 134217728.00 MB total
[2016.02.09-21.38.49:567][  0]LogTextLocalizationManager: No specific translations for ('en-US') exist, so ('en') translations will be used.
[2016.02.09-21.38.55:986][  0]LogD3D11RHI: Found D3D11 adapter 0: Intel(R) HD Graphics (Feature Level 11_0)
[2016.02.09-21.38.55:986][  0]LogD3D11RHI: Adapter has 32MB of dedicated video memory, 0MB of dedicated system memory, and 1760MB of shared system memory, 1 output[s]
[2016.02.09-21.38.56:034][  0]LogD3D11RHI: Found D3D11 adapter 1: Microsoft Basic Render Driver (Feature Level 11_0)
[2016.02.09-21.38.56:034][  0]LogD3D11RHI: Adapter has 0MB of dedicated video memory, 0MB of dedicated system memory, and 256MB of shared system memory, 0 output[s]
[2016.02.09-21.38.56:086][  0]LogD3D11RHI: Chosen D3D11 Adapter Id = 0
[2016.02.09-21.38.56:113][  0]LogD3D11RHI: !Direct3DDevice
[2016.02.09-21.38.56:113][  0]LogRHI: Texture pool is 638 MB (70% of 912 MB)
[2016.02.09-21.38.56:303][  0]LogD3D11RHI: Async texture creation enabled
[2016.02.09-21.38.56:413][  0]LogShaderCompilers: Guid format shader working directory is -18 characters bigger than the processId version (../../../../../../Users/Jarrett/Documents/GitHub/RedCreek/RedCreek/Intermediate/Shaders/WorkingDirectory/8340/).
[2016.02.09-21.38.56:414][  0]LogShaderCompilers: Cleaned the shader compiler working directory 'C:/Users/Jarrett/AppData/Local/Temp/UnrealShaderWorkingDir/B0A5435849577C433E420CA3EA347E36/'.
[2016.02.09-21.38.56:414][  0]LogShaderCompilers:Display: Using Local Shader Compiler.
[2016.02.09-21.39.34:741][  0]LogTemp:Display: Loaded TP AllDesktopTargetPlatform
[2016.02.09-21.39.34:855][  0]LogTemp:Display: Loaded TP WindowsClientTargetPlatform
[2016.02.09-21.39.34:940][  0]LogTemp:Display: Loaded TP WindowsNoEditorTargetPlatform
[2016.02.09-21.39.35:004][  0]LogTemp:Display: Loaded TP WindowsServerTargetPlatform
[2016.02.09-21.39.35:058][  0]LogTemp:Display: Loaded TP WindowsTargetPlatform
[2016.02.09-21.39.35:137][  0]LogTemp:Display: Loaded TP AndroidTargetPlatform
[2016.02.09-21.39.35:178][  0]LogTemp:Display: Loaded TP Android_ASTCTargetPlatform
[2016.02.09-21.39.35:233][  0]LogTemp:Display: Loaded TP Android_ATCTargetPlatform
[2016.02.09-21.39.35:253][  0]LogTemp:Display: Loaded TP Android_DXTTargetPlatform
[2016.02.09-21.39.35:328][  0]LogTemp:Display: Loaded TP Android_ETC1TargetPlatform
[2016.02.09-21.39.35:362][  0]LogTemp:Display: Loaded TP Android_ETC2TargetPlatform
[2016.02.09-21.39.35:440][  0]LogTemp:Display: Loaded TP Android_MultiTargetPlatform
[2016.02.09-21.39.35:440][  0]LogTemp:Display: Loaded TP Android_PVRTCTargetPlatform
[2016.02.09-21.39.35:465][  0]LogTemp:Display: Loaded TP HTML5TargetPlatform
[2016.02.09-21.39.35:772][  0]LogTemp:Display: Loaded TP IOSTargetPlatform
[2016.02.09-21.39.35:803][  0]LogTemp:Display: Loaded TP LinuxNoEditorTargetPlatform
[2016.02.09-21.39.35:839][  0]LogTemp:Display: Loaded TP LinuxServerTargetPlatform
[2016.02.09-21.39.35:942][  0]LogTemp:Display: Loaded TP LinuxTargetPlatform
[2016.02.09-21.39.35:942][  0]LogTargetPlatformManager:Display: Building Assets For Windows
[2016.02.09-21.39.38:297][  0]LogDerivedDataCache:Display: Max Cache Size: 512 MB
[2016.02.09-21.39.38:611][  0]LogDerivedDataCache: Loaded boot cache 0.31s 41MB C:/Users/Jarrett/AppData/Local/UnrealEngine/4.10/DerivedDataCache/Boot.ddc.
[2016.02.09-21.39.38:611][  0]LogDerivedDataCache:Display: Loaded Boot cache: C:/Users/Jarrett/AppData/Local/UnrealEngine/4.10/DerivedDataCache/Boot.ddc
[2016.02.09-21.39.38:611][  0]LogDerivedDataCache: FDerivedDataBackendGraph:  Pak pak cache file ../../../../../../Users/Jarrett/Documents/GitHub/RedCreek/RedCreek/DerivedDataCache/DDC.ddp not found, will not use a pak cache.
[2016.02.09-21.39.38:611][  0]LogDerivedDataCache: Unable to find inner node Pak for hierarchical cache Hierarchy.
[2016.02.09-21.39.38:611][  0]LogDerivedDataCache: FDerivedDataBackendGraph:  CompressedPak pak cache file ../../../../../../Users/Jarrett/Documents/GitHub/RedCreek/RedCreek/DerivedDataCache/Compressed.ddp not found, will not use a pak cache.
[2016.02.09-21.39.38:611][  0]LogDerivedDataCache: Unable to find inner node CompressedPak for hierarchical cache Hierarchy.
[2016.02.09-21.39.39:018][  0]LogDerivedDataCache:Display: Pak cache opened for reading ../../../Engine/DerivedDataCache/Compressed.ddp.
[2016.02.09-21.39.39:091][  0]LogDerivedDataCache: Using Local data cache path C:/Users/Jarrett/AppData/Local/UnrealEngine/Common/DerivedDataCache: Writable
[2016.02.09-21.39.54:757][  0]LogInit: Selected Device Profile: [Windows]
[2016.02.09-21.39.54:771][  0]LogContentStreaming: Texture pool size is 0.000000MB
[2016.02.09-21.39.55:437][  0]LogMeshUtilities: No automatic mesh reduction module available
[2016.02.09-21.39.55:437][  0]LogMeshUtilities: No automatic mesh merging module available
[2016.02.09-21.39.57:940][  0]LogInit: WinSock: version 1.1 (2.2), MaxSocks=32767, MaxUdp=65467
[2016.02.09-21.41.08:218][  0]UdpMessaging: Initializing bridge on interface 0.0.0.0:0 to multicast group 230.0.0.1:6666.
[2016.02.09-21.41.09:157][  0]LogAssetRegistry: FAssetRegistry took 0.0131 seconds to start up
[2016.02.09-21.41.11:119][  0]SourceControl: Info Source control is disabled
[2016.02.09-21.41.29:643][  0]LogObj: 28633 objects as part of root set at end of initial load.
[2016.02.09-21.41.29:644][  0]LogUObjectAllocator: 6099744 out of 0 bytes used by permanent object pool.
[2016.02.09-21.41.30:555][  0]LogEngine: Initializing Engine...
[2016.02.09-21.41.30:566][  0]LogHMD: Can't find Oculus library dev build: is proper Runtime installed? Version: 0.8.0.0
[2016.02.09-21.41.30:951][  0]LogHMD: SteamVR failed to initialize.  Err: 110
[2016.02.09-21.41.32:339][  0]LogAIModule: Creating AISystem for world NewWorld
[2016.02.09-21.41.32:401][  0]LogInit: XAudio2 using 'Speakers / Headphones (Realtek High Definition Audio)' : 2 channels at 48 kHz using 32 bits per sample (channel mask 0x3)
[2016.02.09-21.41.32:786][  0]LogInit: FAudioDevice initialized.
[2016.02.09-21.41.32:872][  0]LogDerivedDataCache: Saved boot cache 0.09s 41MB C:/Users/Jarrett/AppData/Local/UnrealEngine/4.10/DerivedDataCache/Boot.ddc.
[2016.02.09-21.41.33:509][  0]LogInit: Texture streaming: Enabled
[2016.02.09-21.41.33:867][  0]LogAnalytics: Creating configured Analytics provider AnalyticsET
[2016.02.09-21.41.33:867][  0]LogAnalytics: [UEEditor.Rocket.Release] APIServer = http://et2.epicgames.com/ET2/. AppVersion = 4.10.2-2818068+++depot+UE4-Releases+4.10
[2016.02.09-21.41.33:868][  0]LogAnalytics: [UEEditor.Rocket.Release] SetUserId 93b29878417f9088b5800ca2e0039b3b|f113f3cbb9d24d94ab3a8fb7882774bd|b334267d-5e6f-44f6-85bd-ab2ff5d840ef
[2016.02.09-21.41.33:868][  0]LogAnalytics: [UEEditor.Rocket.Release] AnalyticsET::StartSession
[2016.02.09-21.41.34:029][  0]LogInit: Transaction tracking system initialized
[2016.02.09-21.41.36:216][  0]BlueprintLog: New page: Editor Load
[2016.02.09-21.41.39:898][  0]LocalizationService: Info Localization service is disabled
[2016.02.09-21.41.41:142][  0]LogLinker:Warning: Can't find file '/Game/ThirdPersonBP/ThirdPersonOverview'
[2016.02.09-21.41.41:142][  0]LogLinker:Warning: Can't find file '/Game/ThirdPersonBP/ThirdPersonOverview'
[2016.02.09-21.41.41:142][  0]LogUObjectGlobals:Warning: Failed to find object 'Class /Game/ThirdPersonBP/ThirdPersonOverview.ThirdPersonOverview_C'
[2016.02.09-21.41.41:841][  0]LogConsoleResponse:Display: 
[2016.02.09-21.41.44:041][  0]LogFileCache: Scanning file cache for directory 'C:/Users/Jarrett/Documents/GitHub/RedCreek/RedCreek/Content/' took 0.03s
[2016.02.09-21.41.44:171][  0]LogCook:Display: Done creating registry. It took  0.00s.
[2016.02.09-21.41.46:084][  0]Cmd: MAP LOAD FILE="../../../../../../Users/Jarrett/Documents/GitHub/RedCreek/RedCreek/Content/RedCreek/Levels/MainMenu.umap" TEMPLATE=0 SHOWPROGRESS=1 FEATURELEVEL=3
[2016.02.09-21.41.46:085][  0]LightingResults: New page: Lighting Build
[2016.02.09-21.41.46:097][  0]MapCheck: New page: Map Check
[2016.02.09-21.41.46:097][  0]LightingResults: New page: Lighting Build
[2016.02.09-21.41.46:388][  0]LogParticles: Destroying 0 GPU particle simulations for FXSystem 0x00000033AC556160
[2016.02.09-21.41.47:061][  0]LogAIModule: Creating AISystem for world MainMenu
[2016.02.09-21.41.47:063][  0]LogEditorServer: Finished looking for orphan Actors (0.000 secs)
[2016.02.09-21.41.47:064][  0]Cmd: MAP CHECKDEP NOCLEARLOG
[2016.02.09-21.41.47:257][  0]MapCheck: Info Map check complete: 0 Error(s), 0 Warning(s), took 191.881ms to complete.
[2016.02.09-21.41.47:257][  0]LogFileHelpers: Loading map 'MainMenu' took 1.173
[2016.02.09-21.41.48:062][  0]LogCollectionManager: Loaded 0 collections in 0.006357 seconds
[2016.02.09-21.41.48:120][  0]LogFileCache: Scanning file cache for directory 'C:/Users/Jarrett/Documents/GitHub/RedCreek/RedCreek/Saved/Collections/' took 0.01s
[2016.02.09-21.41.48:120][  0]LogFileCache: Scanning file cache for directory 'C:/Users/Jarrett/Documents/GitHub/RedCreek/RedCreek/Content/Developers/Jarrett/Collections/' took 0.01s
[2016.02.09-21.41.48:120][  0]LogFileCache: Scanning file cache for directory 'C:/Users/Jarrett/Documents/GitHub/RedCreek/RedCreek/Content/Collections/' took 0.01s
[2016.02.09-21.41.48:120][  0]LogCollectionManager: Rebuilt the GUID cache for 0 collections in 0.000003 seconds
[2016.02.09-21.41.48:147][  0]LogContentBrowser: Native class hierarchy populated in 0.0268 seconds. Added 1893 classes and 338 folders.
[2016.02.09-21.41.48:181][  0]LogContentBrowser: Native class hierarchy updated for 'WidgetCarousel' in 0.0009 seconds. Added 0 classes and 0 folders.
[2016.02.09-21.42.06:458][  0]LogContentBrowser: Native class hierarchy updated for 'AddContentDialog' in 0.0020 seconds. Added 0 classes and 0 folders.
[2016.02.09-21.42.07:104][  0]LogContentBrowser: Native class hierarchy updated for 'SceneOutliner' in 0.0011 seconds. Added 1 classes and 2 folders.
[2016.02.09-21.42.08:053][  0]LogCrashTracker: Crashtracker disabled due to settings.
[2016.02.09-21.42.08:067][  0]LogUObjectGlobals:Warning: Failed to find object 'Class None.'
[2016.02.09-21.42.08:103][  0]LogLoad: Full Startup: 205.00 seconds (BP compile: 0.97 seconds)
[2016.02.09-21.42.08:456][  0]LogOcInput: Can't find Oculus library dev build: is proper Runtime installed? Version: 0.8.0.0
[2016.02.09-21.42.09:003][  0]SourceControl: Info On branch master
[2016.02.09-21.42.09:003][  0]SourceControl: Info Your branch is up-to-date with 'origin/master'.
[2016.02.09-21.42.09:003][  0]SourceControl: Info Changes not staged for commit:
[2016.02.09-21.42.09:003][  0]SourceControl: Info   (use "git add <file>..." to update what will be committed)
[2016.02.09-21.42.09:003][  0]SourceControl: Info   (use "git checkout -- <file>..." to discard changes in working directory)
[2016.02.09-21.42.09:004][  0]SourceControl: Info 	modified:   RedCreek/Intermediate/Config/CoalescedSourceConfigs/EditorPerProjectUserSettings.ini
[2016.02.09-21.42.09:004][  0]SourceControl: Info 	modified:   RedCreek/Intermediate/Config/CoalescedSourceConfigs/Engine.ini
[2016.02.09-21.42.09:004][  0]SourceControl: Info 	modified:   RedCreek/Intermediate/Config/CoalescedSourceConfigs/Game.ini
[2016.02.09-21.42.09:004][  0]SourceControl: Info 	modified:   RedCreek/Saved/Config/Windows/Editor.ini
[2016.02.09-21.42.09:004][  0]SourceControl: Info 	modified:   RedCreek/Saved/Config/Windows/EditorPerProjectUserSettings.ini
[2016.02.09-21.42.09:004][  0]SourceControl: Info 	modified:   RedCreek/Saved/Config/Windows/Engine.ini
[2016.02.09-21.42.09:004][  0]SourceControl: Info 	modified:   RedCreek/Saved/Logs/RedCreek.log
[2016.02.09-21.42.09:004][  0]SourceControl: Info Untracked files:
[2016.02.09-21.42.09:004][  0]SourceControl: Info   (use "git add <file>..." to include in what will be committed)
[2016.02.09-21.42.09:004][  0]SourceControl: Info 	RedCreek/Saved/Logs/RedCreek-backup-2016.02.09-13.38.47.log
[2016.02.09-21.42.09:004][  0]SourceControl: Info no changes added to commit (use "git add" and/or "git commit -a")
[2016.02.09-21.42.09:005][  0]LogContentStreaming: Texture pool size now 200 MB
[2016.02.09-21.42.09:335][  0]LogRenderer: Reallocating scene render targets to support 816x384 (Frame:2).
[2016.02.09-21.42.31:939][ 62]LogAssetRegistry: Asset discovery search completed in 82.7948 seconds
[2016.02.09-21.42.31:939][ 62]LogCollectionManager: Rebuilt the object cache for 0 collections in 0.000002 seconds (found 0 objects)
[2016.02.09-21.42.31:939][ 62]LogCollectionManager: Fixed up redirectors for 0 collections in 0.000086 seconds (updated 0 objects)
[2016.02.09-21.43.19:319][614]Warning: Unknown property in Dialogue_TableItem: DataTable=None,RowName=) 
[2016.02.09-21.43.19:319][614]Warning: Unknown property in Dialogue_TableItem: RowName=) 
[2016.02.09-21.43.31:132][614]Warning: Unknown property in Dialogue_TableItem: DataTable=None,RowName=) 
[2016.02.09-21.43.31:132][614]Warning: Unknown property in Dialogue_TableItem: RowName=) 
[2016.02.09-21.43.34:838][614]LogLinker:Warning: CreateExport: Failed to load Parent for Function /Game/BlueprintDialogues/Blueprints/BPC_ExampleDialogue.BPC_ExampleDialogue_C:GetScriptInterpreter; removing parent information, but keeping function
[2016.02.09-21.43.40:717][614]LogAIModule: Creating AISystem for world ExampleMap
[2016.02.09-21.43.42:521][614]Cmd: MAP LOAD FILE="../../../../../../Users/Jarrett/Documents/GitHub/RedCreek/RedCreek/Content/RedCreek/Levels/ExampleMap.umap" TEMPLATE=0 SHOWPROGRESS=1 FEATURELEVEL=3
[2016.02.09-21.43.42:523][614]LightingResults: New page: Lighting Build
[2016.02.09-21.43.42:668][614]LoadErrors: New page: Loading map: ExampleMap.umap
[2016.02.09-21.43.42:692][614]MapCheck: New page: Map Check
[2016.02.09-21.43.42:692][614]LightingResults: New page: Lighting Build
[2016.02.09-21.43.42:945][614]LogParticles: Destroying 0 GPU particle simulations for FXSystem 0x000000339E875E40
[2016.02.09-21.43.44:870][614]LogEditorServer: Finished looking for orphan Actors (0.000 secs)
[2016.02.09-21.43.45:065][614]Cmd: MAP CHECKDEP NOCLEARLOG
[2016.02.09-21.43.45:303][614]MapCheck: Info Map check complete: 0 Error(s), 0 Warning(s), took 238.693ms to complete.
[2016.02.09-21.43.45:306][614]LogFileHelpers: Loading map 'ExampleMap' took 2.897
[2016.02.09-21.43.45:322][614]LoadErrors:Error: Error /Game/BlueprintDialogues/Blueprints/BPC_ExampleDialogue : Failed import for ObjectProperty /Game/RedCreek/Blueprints/GameMode_Level.GameMode_Level_C:ScriptInterp
[2016.02.09-21.43.48:434][659]LogBlueprintUserMessages: Early PlayInEditor Detection: Level '/Game/RedCreek/Levels/ExampleMap.ExampleMap:PersistentLevel' has LevelScriptBlueprint '/Game/RedCreek/Levels/ExampleMap.ExampleMap:PersistentLevel.ExampleMap' with GeneratedClass '/Game/RedCreek/Levels/ExampleMap.ExampleMap_C' with ClassGeneratedBy '/Game/RedCreek/Levels/ExampleMap.ExampleMap:PersistentLevel.ExampleMap'
[2016.02.09-21.43.48:434][659]LogPlayLevel: PlayLevel: No blueprints needed recompiling
[2016.02.09-21.43.48:502][659]PIE: New page: PIE session: ExampleMap (Feb 9, 2016, 5:43:48 AM)
[2016.02.09-21.43.48:552][659]LogPlayLevel: Creating play world package: /Game/RedCreek/Levels/UEDPIE_0_ExampleMap
[2016.02.09-21.43.48:932][659]LogPlayLevel: PIE: StaticDuplicateObject took: (0.379479s)
[2016.02.09-21.43.48:936][659]LogAIModule: Creating AISystem for world ExampleMap
[2016.02.09-21.43.48:936][659]LogPlayLevel: PIE: World Init took: (0.004573s)
[2016.02.09-21.43.48:953][659]LogPlayLevel: PIE: Created PIE world by copying editor world from /Game/RedCreek/Levels/ExampleMap.ExampleMap to /Game/RedCreek/Levels/UEDPIE_0_ExampleMap.ExampleMap (0.409393s)
[2016.02.09-21.43.49:460][659]LogInit: XAudio2 using 'Speakers / Headphones (Realtek High Definition Audio)' : 2 channels at 48 kHz using 32 bits per sample (channel mask 0x3)
[2016.02.09-21.43.49:503][659]LogInit: FAudioDevice initialized.
[2016.02.09-21.43.50:115][659]LogWorld: Game class is 'GameMode_Level_C'
[2016.02.09-21.43.50:652][659]LogWorld: Bringing World /Game/RedCreek/Levels/UEDPIE_0_ExampleMap.ExampleMap up for play (max tick rate 0) at 2016.02.09-13.43.50
[2016.02.09-21.43.50:653][659]LogActor:Warning: GameSession /Game/RedCreek/Levels/UEDPIE_0_ExampleMap.ExampleMap:PersistentLevel.GameSession_0 has natively added scene component(s), but none of them were set as the actor's RootComponent - picking one arbitrarily
[2016.02.09-21.43.50:679][659]LogActor:Warning: GameNetworkManager /Game/RedCreek/Levels/UEDPIE_0_ExampleMap.ExampleMap:PersistentLevel.GameNetworkManager_0 has natively added scene component(s), but none of them were set as the actor's RootComponent - picking one arbitrarily
[2016.02.09-21.43.50:863][659]LogWorld: Bringing up level for play took: 0.224770
[2016.02.09-21.43.52:750][659]PIE: Info Play in editor start time for /Game/RedCreek/Levels/UEDPIE_0_ExampleMap 4.138
[2016.02.09-21.43.52:750][659]LogBlueprintUserMessages: Late PlayInEditor Detection: Level '/Game/RedCreek/Levels/ExampleMap.ExampleMap:PersistentLevel' has LevelScriptBlueprint '/Game/RedCreek/Levels/ExampleMap.ExampleMap:PersistentLevel.ExampleMap' with GeneratedClass '/Game/RedCreek/Levels/ExampleMap.ExampleMap_C' with ClassGeneratedBy '/Game/RedCreek/Levels/ExampleMap.ExampleMap:PersistentLevel.ExampleMap'
[2016.02.09-21.43.59:884][794]LogBlueprintUserMessages: Early EndPlayMap Detection: Level '/Game/RedCreek/Levels/ExampleMap.ExampleMap:PersistentLevel' has LevelScriptBlueprint '/Game/RedCreek/Levels/ExampleMap.ExampleMap:PersistentLevel.ExampleMap' with GeneratedClass '/Game/RedCreek/Levels/ExampleMap.ExampleMap_C' with ClassGeneratedBy '/Game/RedCreek/Levels/ExampleMap.ExampleMap:PersistentLevel.ExampleMap'
[2016.02.09-21.44.00:695][794]LogBlueprintUserMessages: Late EndPlayMap Detection: Level '/Game/RedCreek/Levels/ExampleMap.ExampleMap:PersistentLevel' has LevelScriptBlueprint '/Game/RedCreek/Levels/ExampleMap.ExampleMap:PersistentLevel.ExampleMap' with GeneratedClass '/Game/RedCreek/Levels/ExampleMap.ExampleMap_C' with ClassGeneratedBy '/Game/RedCreek/Levels/ExampleMap.ExampleMap:PersistentLevel.ExampleMap'
[2016.02.09-21.44.01:197][795]LogParticles: Destroying 0 GPU particle simulations for FXSystem 0x00000033B770AC00
[2016.02.09-21.44.20:556][177]LogSavePackage: Save=160.258240ms
[2016.02.09-21.44.20:556][177]LogSavePackage: Moving '../../../../../../Users/Jarrett/Documents/GitHub/RedCreek/RedCreek/Saved/AITests63E8E77F457452BA1E5B13BEA2E1786E.tmp' to '../../../../../../Users/Jarrett/Documents/GitHub/RedCreek/RedCreek/Content/RedCreek/Levels/AITests.umap'
[2016.02.09-21.44.20:588][177]LogSavePackage: Total save time: 656.210050ms
[2016.02.09-21.44.20:588][177]LogSavePackage:Display: Finished SavePackage ../../../../../../Users/Jarrett/Documents/GitHub/RedCreek/RedCreek/Content/RedCreek/Levels/AITests.umap
[2016.02.09-21.44.21:188][177]LogFileHelpers: Saving map 'AITests' took 1.848
[2016.02.09-21.44.21:193][177]Cmd: MAP LOAD FILE="../../../../../../Users/Jarrett/Documents/GitHub/RedCreek/RedCreek/Content/RedCreek/Levels/AITests.umap" TEMPLATE=0 SHOWPROGRESS=1 FEATURELEVEL=3
[2016.02.09-21.44.21:193][177]LightingResults: New page: Lighting Build
[2016.02.09-21.44.21:277][177]LoadErrors: New page: Loading map: AITests.umap
[2016.02.09-21.44.21:278][177]MapCheck: New page: Map Check
[2016.02.09-21.44.21:279][177]LightingResults: New page: Lighting Build
[2016.02.09-21.44.21:395][177]LogParticles: Destroying 0 GPU particle simulations for FXSystem 0x000000339DCA5080
[2016.02.09-21.44.21:669][177]LogEditorServer: Finished looking for orphan Actors (0.000 secs)
[2016.02.09-21.44.21:708][177]LogAIModule: Creating AISystem for world AITests
[2016.02.09-21.44.21:827][177]Cmd: MAP CHECKDEP NOCLEARLOG
[2016.02.09-21.44.22:060][177]MapCheck: Info Map check complete: 0 Error(s), 0 Warning(s), took 232.932ms to complete.
[2016.02.09-21.44.22:061][177]LogFileHelpers: Loading map 'AITests' took 0.871
[2016.02.09-21.44.52:873][585]LogActorFactory: Actor Factory created Cube
[2016.02.09-21.44.55:540][635]LogActorFactory: Actor Factory created Cube
[2016.02.09-21.44.59:783][679]Cmd: CAMERA ALIGN ACTIVEVIEWPORTONLY
[2016.02.09-21.45.13:740][985]Cmd: CAMERA ALIGN ACTIVEVIEWPORTONLY
[2016.02.09-21.45.29:518][332]Cmd: UpdateLandscapeSetup
[2016.02.09-21.45.31:265][362]LogPlayLevel: PlayLevel: No blueprints needed recompiling
[2016.02.09-21.45.31:265][362]PIE: New page: PIE session: AITests (Feb 9, 2016, 5:45:31 AM)
[2016.02.09-21.45.31:265][362]LogPlayLevel: Creating play world package: /Game/RedCreek/Levels/UEDPIE_0_AITests
[2016.02.09-21.45.31:267][362]LogPlayLevel: PIE: StaticDuplicateObject took: (0.001981s)
[2016.02.09-21.45.31:269][362]LogAIModule: Creating AISystem for world AITests
[2016.02.09-21.45.31:269][362]LogPlayLevel: PIE: World Init took: (0.002074s)
[2016.02.09-21.45.31:269][362]LogPlayLevel: PIE: Created PIE world by copying editor world from /Game/RedCreek/Levels/AITests.AITests to /Game/RedCreek/Levels/UEDPIE_0_AITests.AITests (0.004460s)
[2016.02.09-21.45.31:426][362]LogInit: XAudio2 using 'Speakers / Headphones (Realtek High Definition Audio)' : 2 channels at 48 kHz using 32 bits per sample (channel mask 0x3)
[2016.02.09-21.45.31:461][362]LogInit: FAudioDevice initialized.
[2016.02.09-21.45.31:525][362]LogWorld: Game class is 'GameMode_Level_C'
[2016.02.09-21.45.31:528][362]LogWorld: Bringing World /Game/RedCreek/Levels/UEDPIE_0_AITests.AITests up for play (max tick rate 0) at 2016.02.09-13.45.31
[2016.02.09-21.45.31:528][362]LogActor:Warning: GameSession /Game/RedCreek/Levels/UEDPIE_0_AITests.AITests:PersistentLevel.GameSession_1 has natively added scene component(s), but none of them were set as the actor's RootComponent - picking one arbitrarily
[2016.02.09-21.45.31:529][362]LogActor:Warning: GameNetworkManager /Game/RedCreek/Levels/UEDPIE_0_AITests.AITests:PersistentLevel.GameNetworkManager_1 has natively added scene component(s), but none of them were set as the actor's RootComponent - picking one arbitrarily
[2016.02.09-21.45.31:529][362]LogWorld: Bringing up level for play took: 0.003319
[2016.02.09-21.45.31:559][362]PIE: Info Play in editor start time for /Game/RedCreek/Levels/UEDPIE_0_AITests 0.957
[2016.02.09-21.45.35:249][458]LogParticles: Destroying 0 GPU particle simulations for FXSystem 0x00000033C5AEA340
[2016.02.09-21.45.42:470][596]LogEditorViewport: Clicking on Actor (LMB): StaticMeshActor (Cube)
[2016.02.09-21.46.21:663][310]LogPlayLevel: PlayLevel: No blueprints needed recompiling
[2016.02.09-21.46.21:664][310]PIE: New page: PIE session: AITests (Feb 9, 2016, 5:46:21 AM)
[2016.02.09-21.46.21:664][310]LogPlayLevel: Creating play world package: /Game/RedCreek/Levels/UEDPIE_0_AITests
[2016.02.09-21.46.21:666][310]LogPlayLevel: PIE: StaticDuplicateObject took: (0.002121s)
[2016.02.09-21.46.21:668][310]LogAIModule: Creating AISystem for world AITests
[2016.02.09-21.46.21:668][310]LogPlayLevel: PIE: World Init took: (0.001865s)
[2016.02.09-21.46.21:668][310]LogPlayLevel: PIE: Created PIE world by copying editor world from /Game/RedCreek/Levels/AITests.AITests to /Game/RedCreek/Levels/UEDPIE_0_AITests.AITests (0.004366s)
[2016.02.09-21.46.21:800][310]LogInit: XAudio2 using 'Speakers / Headphones (Realtek High Definition Audio)' : 2 channels at 48 kHz using 32 bits per sample (channel mask 0x3)
[2016.02.09-21.46.21:833][310]LogInit: FAudioDevice initialized.
[2016.02.09-21.46.21:891][310]LogWorld: Game class is 'GameMode_Level_C'
[2016.02.09-21.46.21:895][310]LogWorld: Bringing World /Game/RedCreek/Levels/UEDPIE_0_AITests.AITests up for play (max tick rate 0) at 2016.02.09-13.46.21
[2016.02.09-21.46.21:896][310]LogActor:Warning: GameSession /Game/RedCreek/Levels/UEDPIE_0_AITests.AITests:PersistentLevel.GameSession_2 has natively added scene component(s), but none of them were set as the actor's RootComponent - picking one arbitrarily
[2016.02.09-21.46.21:896][310]LogActor:Warning: GameNetworkManager /Game/RedCreek/Levels/UEDPIE_0_AITests.AITests:PersistentLevel.GameNetworkManager_2 has natively added scene component(s), but none of them were set as the actor's RootComponent - picking one arbitrarily
[2016.02.09-21.46.21:897][310]LogWorld: Bringing up level for play took: 0.004358
[2016.02.09-21.46.22:066][310]PIE: Info Play in editor start time for /Game/RedCreek/Levels/UEDPIE_0_AITests -0.535
[2016.02.09-21.46.23:788][349]LogParticles: Destroying 0 GPU particle simulations for FXSystem 0x00000033ABD813A0
[2016.02.09-21.46.29:873][464]LogNavigationPoint: PostEditMove Clear paths rebuilt
[2016.02.09-21.46.36:582][595]LogNavigationPoint: PostEditMove Clear paths rebuilt
[2016.02.09-21.46.40:206][661]LogNavigationPoint: PostEditMove Clear paths rebuilt
[2016.02.09-21.46.45:214][760]LogNavigationPoint: PostEditMove Clear paths rebuilt
[2016.02.09-21.46.51:153][874]LogNavigationPoint: PostEditMove Clear paths rebuilt
[2016.02.09-21.46.52:549][899]LogPlayLevel: PlayLevel: No blueprints needed recompiling
[2016.02.09-21.46.52:549][899]PIE: New page: PIE session: AITests (Feb 9, 2016, 5:46:52 AM)
[2016.02.09-21.46.52:549][899]LogPlayLevel: Creating play world package: /Game/RedCreek/Levels/UEDPIE_0_AITests
[2016.02.09-21.46.52:551][899]LogPlayLevel: PIE: StaticDuplicateObject took: (0.002219s)
[2016.02.09-21.46.52:553][899]LogAIModule: Creating AISystem for world AITests
[2016.02.09-21.46.52:553][899]LogPlayLevel: PIE: World Init took: (0.002022s)
[2016.02.09-21.46.52:554][899]LogPlayLevel: PIE: Created PIE world by copying editor world from /Game/RedCreek/Levels/AITests.AITests to /Game/RedCreek/Levels/UEDPIE_0_AITests.AITests (0.004672s)
[2016.02.09-21.46.52:700][899]LogInit: XAudio2 using 'Speakers / Headphones (Realtek High Definition Audio)' : 2 channels at 48 kHz using 32 bits per sample (channel mask 0x3)
[2016.02.09-21.46.52:760][899]LogInit: FAudioDevice initialized.
[2016.02.09-21.46.52:828][899]LogWorld: Game class is 'GameMode_Level_C'
[2016.02.09-21.46.52:833][899]LogWorld: Bringing World /Game/RedCreek/Levels/UEDPIE_0_AITests.AITests up for play (max tick rate 0) at 2016.02.09-13.46.52
[2016.02.09-21.46.52:833][899]LogActor:Warning: GameSession /Game/RedCreek/Levels/UEDPIE_0_AITests.AITests:PersistentLevel.GameSession_3 has natively added scene component(s), but none of them were set as the actor's RootComponent - picking one arbitrarily
[2016.02.09-21.46.52:834][899]LogActor:Warning: GameNetworkManager /Game/RedCreek/Levels/UEDPIE_0_AITests.AITests:PersistentLevel.GameNetworkManager_3 has natively added scene component(s), but none of them were set as the actor's RootComponent - picking one arbitrarily
[2016.02.09-21.46.52:834][899]LogWorld: Bringing up level for play took: 0.004616
[2016.02.09-21.46.52:845][899]PIE: Info Play in editor start time for /Game/RedCreek/Levels/UEDPIE_0_AITests 0.244
[2016.02.09-21.46.57:725][ 38]LogParticles: Destroying 0 GPU particle simulations for FXSystem 0x00000033B05FC9A0
[2016.02.09-21.47.02:228][ 79]LogSavePackage: Save=47.948257ms
[2016.02.09-21.47.02:228][ 79]LogSavePackage: Moving '../../../../../../Users/Jarrett/Documents/GitHub/RedCreek/RedCreek/Saved/AITestsCA8E914C4F7056417E752187D1BED029.tmp' to '../../../../../../Users/Jarrett/Documents/GitHub/RedCreek/RedCreek/Content/RedCreek/Levels/AITests.umap'
[2016.02.09-21.47.02:237][ 79]LogSavePackage: Total save time: 148.994394ms
[2016.02.09-21.47.02:237][ 79]LogSavePackage:Display: Finished SavePackage ../../../../../../Users/Jarrett/Documents/GitHub/RedCreek/RedCreek/Content/RedCreek/Levels/AITests.umap
[2016.02.09-21.47.02:415][ 79]LogFileHelpers: Saving map 'AITests' took 0.742
[2016.02.09-21.49.21:421][ 39]LogPlayLevel: PlayLevel: No blueprints needed recompiling
[2016.02.09-21.49.21:421][ 39]PIE: New page: PIE session: AITests (Feb 9, 2016, 5:49:21 AM)
[2016.02.09-21.49.21:421][ 39]LogPlayLevel: Creating play world package: /Game/RedCreek/Levels/UEDPIE_0_AITests
[2016.02.09-21.49.21:423][ 39]LogPlayLevel: PIE: StaticDuplicateObject took: (0.002068s)
[2016.02.09-21.49.21:425][ 39]LogAIModule: Creating AISystem for world AITests
[2016.02.09-21.49.21:426][ 39]LogPlayLevel: PIE: World Init took: (0.002229s)
[2016.02.09-21.49.21:426][ 39]LogPlayLevel: PIE: Created PIE world by copying editor world from /Game/RedCreek/Levels/AITests.AITests to /Game/RedCreek/Levels/UEDPIE_0_AITests.AITests (0.004689s)
[2016.02.09-21.49.21:585][ 39]LogInit: XAudio2 using 'Speakers / Headphones (Realtek High Definition Audio)' : 2 channels at 48 kHz using 32 bits per sample (channel mask 0x3)
[2016.02.09-21.49.21:639][ 39]LogInit: FAudioDevice initialized.
[2016.02.09-21.49.21:701][ 39]LogWorld: Game class is 'GameMode_Level_C'
[2016.02.09-21.49.21:706][ 39]LogWorld: Bringing World /Game/RedCreek/Levels/UEDPIE_0_AITests.AITests up for play (max tick rate 0) at 2016.02.09-13.49.21
[2016.02.09-21.49.21:706][ 39]LogActor:Warning: GameSession /Game/RedCreek/Levels/UEDPIE_0_AITests.AITests:PersistentLevel.GameSession_4 has natively added scene component(s), but none of them were set as the actor's RootComponent - picking one arbitrarily
[2016.02.09-21.49.21:706][ 39]LogActor:Warning: GameNetworkManager /Game/RedCreek/Levels/UEDPIE_0_AITests.AITests:PersistentLevel.GameNetworkManager_4 has natively added scene component(s), but none of them were set as the actor's RootComponent - picking one arbitrarily
[2016.02.09-21.49.21:707][ 39]LogWorld: Bringing up level for play took: 0.004737
[2016.02.09-21.49.21:718][ 39]PIE: Info Play in editor start time for /Game/RedCreek/Levels/UEDPIE_0_AITests 1.118
[2016.02.09-21.49.23:166][ 75]LogParticles: Destroying 0 GPU particle simulations for FXSystem 0x00000033C5F56FC0
[2016.02.09-21.49.30:712][220]LogActorFactory: Actor Factory created Cube
[2016.02.09-21.49.31:759][240]LogActorFactory: Actor Factory created Cube
[2016.02.09-21.49.44:338][499]LogEditorViewport: Clicking Background
[2016.02.09-21.49.45:812][527]Cmd: TRANSACTION UNDO
[2016.02.09-21.49.45:812][527]LogEditorTransaction: Undo Clicking Background
[2016.02.09-21.49.46:722][554]LogEditorViewport: Clicking on Actor (context menu): StaticMeshActor (Cube)
[2016.02.09-21.49.48:184][588]LogEditorViewport: Clicking Background
[2016.02.09-21.49.50:936][637]LogEditorActor: Deleted Actor: StaticMeshActor
[2016.02.09-21.49.51:076][637]LogEditorActor: Deleted 1 Actors (0.147 secs)
[2016.02.09-21.57.02:388][678]LogSavePackage: Save=53.136631ms
[2016.02.09-21.57.02:388][678]LogSavePackage: Moving '../../../../../../Users/Jarrett/Documents/GitHub/RedCreek/RedCreek/Saved/AITests_Auto1AB2BDEFF4176618A7595F2B3D9AE0BD8.tmp' to '../../../../../../Users/Jarrett/Documents/GitHub/RedCreek/RedCreek/Saved/Autosaves/Game/RedCreek/Levels/AITests_Auto1.umap'
[2016.02.09-21.57.02:396][678]LogSavePackage: Total save time: 177.777622ms
[2016.02.09-21.57.02:396][678]LogSavePackage:Display: Finished SavePackage ../../../../../../Users/Jarrett/Documents/GitHub/RedCreek/RedCreek/Saved/Autosaves/Game/RedCreek/Levels/AITests_Auto1.umap
[2016.02.09-21.57.02:404][678]LogFileHelpers: Editor autosave (incl. sublevels) for '/Game/RedCreek/Levels/AITests' took 0.327
[2016.02.09-21.57.02:404][678]LogFileHelpers: Editor autosave (incl. sublevels) for all levels took 0.327
[2016.02.09-22.03.50:969][ 26]LogWindowsTextInputMethodSystem:Display: IME system now deactivated.
[2016.02.09-22.03.52:589][ 27]Cmd: QUIT_EDITOR
[2016.02.09-22.03.53:899][ 27]LogExit: Preparing to exit.
[2016.02.09-22.03.57:652][ 27]LogExit: Editor shut down
[2016.02.09-22.03.57:653][ 27]LogExit: Transaction tracking system shut down
[2016.02.09-22.03.57:655][ 27]LogParticles: Destroying 0 GPU particle simulations for FXSystem 0x000000339DBF9EE0
[2016.02.09-22.03.57:657][ 27]LogParticles: Destroying 0 GPU particle simulations for FXSystem 0x00000033AB7D1300
[2016.02.09-22.03.57:663][ 27]LogParticles: Destroying 0 GPU particle simulations for FXSystem 0x00000033C50DA5C0
[2016.02.09-22.03.57:665][ 27]LogParticles: Destroying 0 GPU particle simulations for FXSystem 0x00000033C1E4A660
[2016.02.09-22.03.57:814][ 27]LogParticles: Destroying 0 GPU particle simulations for FXSystem 0x00000033C5251260
[2016.02.09-22.04.03:087][ 27]LogExit: Object subsystem successfully closed.
[2016.02.09-22.04.04:144][ 27]LogD3D11RHI: Shutdown
[2016.02.09-22.04.04:144][ 27]LogD3D11RHI: CleanupD3DDevice
[2016.02.09-22.04.04:483][ 27]LogD3D11RHI: ~FD3D11DynamicRHI
[2016.02.09-22.04.05:638][ 27]LogModuleManager: Shutting down and abandoning module CookingStats (199)
[2016.02.09-22.04.05:638][ 27]LogModuleManager: Shutting down and abandoning module CrashTracker (198)
[2016.02.09-22.04.05:638][ 27]LogModuleManager: Shutting down and abandoning module SceneOutliner (197)
[2016.02.09-22.04.05:638][ 27]LogModuleManager: Shutting down and abandoning module SuperSearch (196)
[2016.02.09-22.04.05:638][ 27]LogModuleManager: Shutting down and abandoning module WidgetCarousel (195)
[2016.02.09-22.04.05:655][ 27]LogModuleManager: Shutting down and abandoning module AddContentDialog (194)
[2016.02.09-22.04.05:708][ 27]LogModuleManager: Shutting down and abandoning module EditorWidgets (193)
[2016.02.09-22.04.05:708][ 27]LogModuleManager: Shutting down and abandoning module CollectionManager (192)
[2016.02.09-22.04.05:787][ 27]LogModuleManager: Shutting down and abandoning module StatsViewer (191)
[2016.02.09-22.04.05:832][ 27]LogModuleManager: Shutting down and abandoning module FoliageEdit (190)
[2016.02.09-22.04.05:847][ 27]LogModuleManager: Shutting down and abandoning module LandscapeEditor (189)
[2016.02.09-22.04.05:891][ 27]LogModuleManager: Shutting down and abandoning module ActorPickerMode (188)
[2016.02.09-22.04.05:891][ 27]LogModuleManager: Shutting down and abandoning module GeometryMode (187)
[2016.02.09-22.04.05:891][ 27]LogModuleManager: Shutting down and abandoning module TextureAlignMode (186)
[2016.02.09-22.04.05:891][ 27]LogModuleManager: Shutting down and abandoning module BspMode (185)
[2016.02.09-22.04.05:891][ 27]LogModuleManager: Shutting down and abandoning module PlacementMode (184)
[2016.02.09-22.04.05:891][ 27]LogModuleManager: Shutting down and abandoning module AutomationWorker (183)
[2016.02.09-22.04.05:891][ 27]LogModuleManager: Shutting down and abandoning module CharacterAI (182)
[2016.02.09-22.04.05:891][ 27]LogModuleManager: Shutting down and abandoning module SmartSnapping (181)
[2016.02.09-22.04.05:891][ 27]LogModuleManager: Shutting down and abandoning module ViewportSnapping (180)
[2016.02.09-22.04.05:891][ 27]LogModuleManager: Shutting down and abandoning module LogVisualizer (179)
[2016.02.09-22.04.05:939][ 27]LogModuleManager: Shutting down and abandoning module GameProjectGeneration (178)
[2016.02.09-22.04.05:966][ 27]LogModuleManager: Shutting down and abandoning module IntroTutorials (177)
[2016.02.09-22.04.06:013][ 27]LogModuleManager: Shutting down and abandoning module EditorLiveStreaming (176)
[2016.02.09-22.04.06:013][ 27]LogModuleManager: Shutting down and abandoning module IOSPlatformEditor (175)
[2016.02.09-22.04.06:024][ 27]LogModuleManager: Shutting down and abandoning module HTML5PlatformEditor (174)
[2016.02.09-22.04.06:025][ 27]LogModuleManager: Shutting down and abandoning module AndroidDeviceDetection (173)
[2016.02.09-22.04.06:817][ 27]LogModuleManager: Shutting down and abandoning module AndroidPlatformEditor (172)
[2016.02.09-22.04.06:817][ 27]LogModuleManager: Shutting down and abandoning module IOSRuntimeSettings (171)
[2016.02.09-22.04.06:817][ 27]LogModuleManager: Shutting down and abandoning module AndroidRuntimeSettings (170)
[2016.02.09-22.04.06:817][ 27]LogModuleManager: Shutting down and abandoning module MergeActors (169)
[2016.02.09-22.04.06:841][ 27]LogModuleManager: Shutting down and abandoning module SizeMap (168)
[2016.02.09-22.04.06:842][ 27]LogModuleManager: Shutting down and abandoning module TreeMap (167)
[2016.02.09-22.04.06:859][ 27]LogModuleManager: Shutting down and abandoning module ReferenceViewer (166)
[2016.02.09-22.04.06:876][ 27]LogModuleManager: Shutting down and abandoning module LocalizationService (165)
[2016.02.09-22.04.06:894][ 27]LogModuleManager: Shutting down and abandoning module LocalizationDashboard (164)
[2016.02.09-22.04.06:906][ 27]LogModuleManager: Shutting down and abandoning module HardwareTargeting (163)
[2016.02.09-22.04.06:915][ 27]LogModuleManager: Shutting down and abandoning module DeviceProfileEditor (162)
[2016.02.09-22.04.06:934][ 27]LogModuleManager: Shutting down and abandoning module UndoHistory (161)
[2016.02.09-22.04.06:949][ 27]LogModuleManager: Shutting down and abandoning module GameplayTagsEditor (160)
[2016.02.09-22.04.06:964][ 27]LogModuleManager: Shutting down and abandoning module UserFeedback (159)
[2016.02.09-22.04.06:965][ 27]LogModuleManager: Shutting down and abandoning module XmlParser (158)
[2016.02.09-22.04.06:976][ 27]LogModuleManager: Shutting down and abandoning module Blutility (157)
[2016.02.09-22.04.06:976][ 27]LogModuleManager: Shutting down and abandoning module ProjectTargetPlatformEditor (156)
[2016.02.09-22.04.06:991][ 27]LogModuleManager: Shutting down and abandoning module ProjectSettingsViewer (155)
[2016.02.09-22.04.06:991][ 27]LogModuleManager: Shutting down and abandoning module InputBindingEditor (154)
[2016.02.09-22.04.07:003][ 27]LogModuleManager: Shutting down and abandoning module EditorSettingsViewer (153)
[2016.02.09-22.04.07:003][ 27]LogModuleManager: Shutting down and abandoning module SettingsEditor (152)
[2016.02.09-22.04.07:017][ 27]LogModuleManager: Shutting down and abandoning module ProjectLauncher (151)
[2016.02.09-22.04.07:038][ 27]LogModuleManager: Shutting down and abandoning module SessionFrontend (150)
[2016.02.09-22.04.07:072][ 27]LogModuleManager: Shutting down and abandoning module ProfilerClient (149)
[2016.02.09-22.04.07:089][ 27]LogModuleManager: Shutting down and abandoning module TargetDeviceServices (148)
[2016.02.09-22.04.07:089][ 27]LogModuleManager: Shutting down and abandoning module DeviceManager (147)
[2016.02.09-22.04.07:098][ 27]LogModuleManager: Shutting down and abandoning module AutomationController (146)
[2016.02.09-22.04.07:115][ 27]LogModuleManager: Shutting down and abandoning module AutomationWindow (145)
[2016.02.09-22.04.07:125][ 27]LogModuleManager: Shutting down and abandoning module Layers (144)
[2016.02.09-22.04.07:156][ 27]LogModuleManager: Shutting down and abandoning module ComponentVisualizers (143)
[2016.02.09-22.04.07:156][ 27]LogModuleManager: Shutting down and abandoning module DetailCustomizations (142)
[2016.02.09-22.04.07:157][ 27]LogModuleManager: Shutting down and abandoning module PackagesDialog (141)
[2016.02.09-22.04.07:157][ 27]LogModuleManager: Shutting down and abandoning module Persona (140)
[2016.02.09-22.04.07:227][ 27]LogModuleManager: Shutting down and abandoning module Kismet (139)
[2016.02.09-22.04.07:245][ 27]LogModuleManager: Shutting down and abandoning module GraphEditor (138)
[2016.02.09-22.04.07:315][ 27]LogModuleManager: Shutting down and abandoning module ClassViewer (137)
[2016.02.09-22.04.07:322][ 27]LogModuleManager: Shutting down and abandoning module Toolbox (136)
[2016.02.09-22.04.07:322][ 27]LogModuleManager: Shutting down and abandoning module ModuleUI (135)
[2016.02.09-22.04.07:343][ 27]LogModuleManager: Shutting down and abandoning module MovieSceneTools (134)
[2016.02.09-22.04.07:357][ 27]LogModuleManager: Shutting down and abandoning module OutputLog (133)
[2016.02.09-22.04.07:358][ 27]LogModuleManager: Shutting down and abandoning module GammaUI (132)
[2016.02.09-22.04.07:375][ 27]LogModuleManager: Shutting down and abandoning module Documentation (131)
[2016.02.09-22.04.07:375][ 27]LogModuleManager: Shutting down and abandoning module GameLiveStreaming (130)
[2016.02.09-22.04.07:383][ 27]LogModuleManager: Shutting down and abandoning module StreamingPauseRendering (129)
[2016.02.09-22.04.07:383][ 27]LogModuleManager: Shutting down and abandoning module AnalyticsET (128)
[2016.02.09-22.04.07:383][ 27]LogModuleManager: Shutting down and abandoning module Analytics (127)
[2016.02.09-22.04.07:383][ 27]LogModuleManager: Shutting down and abandoning module AITestSuite (126)
[2016.02.09-22.04.07:417][ 27]LogModuleManager: Shutting down and abandoning module GameplayDebugger (125)
[2016.02.09-22.04.07:441][ 27]LogModuleManager: Shutting down and abandoning module AIModule (124)
[2016.02.09-22.04.07:441][ 27]LogModuleManager: Shutting down and abandoning module ProfilerService (123)
[2016.02.09-22.04.07:694][ 27]LogModuleManager: Shutting down and abandoning module TaskGraph (122)
[2016.02.09-22.04.07:709][ 27]LogModuleManager: Shutting down and abandoning module SlateRemote (121)
[2016.02.09-22.04.07:710][ 27]LogModuleManager: Shutting down and abandoning module SteamVRController (120)
[2016.02.09-22.04.07:710][ 27]LogModuleManager: Shutting down and abandoning module SteamVR (119)
[2016.02.09-22.04.07:710][ 27]LogModuleManager: Shutting down and abandoning module ProceduralMeshComponent (118)
[2016.02.09-22.04.07:710][ 27]LogModuleManager: Shutting down and abandoning module OculusLibrary (117)
[2016.02.09-22.04.07:710][ 27]LogModuleManager: Shutting down and abandoning module OculusInput (116)
[2016.02.09-22.04.07:710][ 27]LogModuleManager: Shutting down and abandoning module LeapMotionController (115)
[2016.02.09-22.04.07:871][ 27]LogModuleManager: Shutting down and abandoning module CustomMeshComponent (114)
[2016.02.09-22.04.07:871][ 27]LogModuleManager: Shutting down and abandoning module CableComponent (113)
[2016.02.09-22.04.07:879][ 27]LogModuleManager: Shutting down and abandoning module ArchVisCharacter (112)
[2016.02.09-22.04.07:879][ 27]LogModuleManager: Shutting down and abandoning module MessagingDebugger (111)
[2016.02.09-22.04.07:908][ 27]LogModuleManager: Shutting down and abandoning module MediaPlayerEditor (110)
[2016.02.09-22.04.08:026][ 27]LogModuleManager: Shutting down and abandoning module HTML5Networking (109)
[2016.02.09-22.04.08:026][ 27]LogModuleManager: Shutting down and abandoning module SpeedTreeImporter (108)
[2016.02.09-22.04.08:026][ 27]LogModuleManager: Shutting down and abandoning module PluginBrowser (107)
[2016.02.09-22.04.08:049][ 27]LogModuleManager: Shutting down and abandoning module EpicSurvey (106)
[2016.02.09-22.04.08:060][ 27]LogModuleManager: Shutting down and abandoning module DesktopPlatform (105)
[2016.02.09-22.04.08:077][ 27]LogModuleManager: Shutting down and abandoning module VisualStudioSourceCodeAccess (104)
[2016.02.09-22.04.08:100][ 27]LogModuleManager: Shutting down and abandoning module UObjectPlugin (103)
[2016.02.09-22.04.08:100][ 27]LogModuleManager: Shutting down and abandoning module SubversionSourceControl (102)
[2016.02.09-22.04.08:126][ 27]LogModuleManager: Shutting down and abandoning module PerforceSourceControl (101)
[2016.02.09-22.04.08:154][ 27]LogModuleManager: Shutting down and abandoning module SourceControl (100)
[2016.02.09-22.04.08:169][ 27]LogModuleManager: Shutting down and abandoning module GitSourceControl (99)
[2016.02.09-22.04.08:169][ 27]LogModuleManager: Shutting down and abandoning module LightPropagationVolumeEditor (98)
[2016.02.09-22.04.08:169][ 27]LogModuleManager: Shutting down and abandoning module PaperTiledImporter (97)
[2016.02.09-22.04.08:189][ 27]LogModuleManager: Shutting down and abandoning module PaperSpriteSheetImporter (96)
[2016.02.09-22.04.08:190][ 27]LogModuleManager: Shutting down and abandoning module MeshPaint (95)
[2016.02.09-22.04.08:190][ 27]LogModuleManager: Shutting down and abandoning module SlateReflector (94)
[2016.02.09-22.04.08:215][ 27]LogModuleManager: Shutting down and abandoning module HotReload (93)
[2016.02.09-22.04.08:228][ 27]LogModuleManager: Shutting down and abandoning module MainFrame (92)
[2016.02.09-22.04.08:228][ 27]LogModuleManager: Shutting down and abandoning module LevelEditor (91)
[2016.02.09-22.04.08:246][ 27]LogModuleManager: Shutting down and abandoning module DirectoryWatcher (90)
[2016.02.09-22.04.08:274][ 27]LogModuleManager: Shutting down and abandoning module AssetRegistry (89)
[2016.02.09-22.04.08:765][ 27]LogModuleManager: Shutting down and abandoning module ContentBrowser (88)
[2016.02.09-22.04.08:767][ 27]LogModuleManager: Shutting down and abandoning module Paper2DEditor (87)
[2016.02.09-22.04.08:806][ 27]LogModuleManager: Shutting down and abandoning module UdpMessaging (86)
[2016.02.09-22.04.08:946][ 27]LogModuleManager: Shutting down and abandoning module LightPropagationVolumeRuntime (85)
[2016.02.09-22.04.08:946][ 27]LogModuleManager: Shutting down and abandoning module Paper2D (84)
[2016.02.09-22.04.08:983][ 27]LogModuleManager: Shutting down and abandoning module WindowsMoviePlayer (83)
[2016.02.09-22.04.09:002][ 27]LogModuleManager: Shutting down and abandoning module Media (82)
[2016.02.09-22.04.09:002][ 27]LogModuleManager: Shutting down and abandoning module WmfMedia (81)
[2016.02.09-22.04.09:047][ 27]LogModuleManager: Shutting down and abandoning module OnlineBlueprintSupport (80)
[2016.02.09-22.04.09:047][ 27]LogModuleManager: Shutting down and abandoning module GameplayTasksEditor (79)
[2016.02.09-22.04.09:047][ 27]LogModuleManager: Shutting down and abandoning module PropertyEditor (78)
[2016.02.09-22.04.09:047][ 27]LogModuleManager: Shutting down and abandoning module BehaviorTreeEditor (77)
[2016.02.09-22.04.09:079][ 27]LogModuleManager: Shutting down and abandoning module FunctionalTesting (76)
[2016.02.09-22.04.09:079][ 27]LogModuleManager: Shutting down and abandoning module CollisionAnalyzer (75)
[2016.02.09-22.04.09:098][ 27]LogModuleManager: Shutting down and abandoning module WorkspaceMenuStructure (74)
[2016.02.09-22.04.09:098][ 27]LogModuleManager: Shutting down and abandoning module MessageLog (73)
[2016.02.09-22.04.09:098][ 27]LogModuleManager: Shutting down and abandoning module Sequencer (72)
[2016.02.09-22.04.09:150][ 27]LogModuleManager: Shutting down and abandoning module AssetTools (71)
[2016.02.09-22.04.09:189][ 27]LogModuleManager: Shutting down and abandoning module UMGEditor (70)
[2016.02.09-22.04.09:212][ 27]LogModuleManager: Shutting down and abandoning module UMG (69)
[2016.02.09-22.04.09:213][ 27]LogModuleManager: Shutting down and abandoning module Slate (68)
[2016.02.09-22.04.09:213][ 27]LogModuleManager: Shutting down and abandoning module EditorStyle (67)
[2016.02.09-22.04.09:244][ 27]LogModuleManager: Shutting down and abandoning module SessionServices (66)
[2016.02.09-22.04.09:244][ 27]LogModuleManager: Shutting down and abandoning module SourceCodeAccess (65)
[2016.02.09-22.04.09:245][ 27]LogModuleManager: Shutting down and abandoning module HeadMountedDisplay (64)
[2016.02.09-22.04.09:245][ 27]LogModuleManager: Shutting down and abandoning module XAudio2 (63)
[2016.02.09-22.04.09:245][ 27]LogModuleManager: Shutting down and abandoning module Networking (61)
[2016.02.09-22.04.09:245][ 27]LogModuleManager: Shutting down and abandoning module Core (60)
[2016.02.09-22.04.09:245][ 27]LogModuleManager: Shutting down and abandoning module KismetCompiler (59)
[2016.02.09-22.04.09:255][ 27]LogModuleManager: Shutting down and abandoning module PhysXFormats (58)
[2016.02.09-22.04.09:286][ 27]LogModuleManager: Shutting down and abandoning module MeshUtilities (57)
[2016.02.09-22.04.09:314][ 27]LogModuleManager: Shutting down and abandoning module DerivedDataCache (56)
[2016.02.09-22.04.09:375][ 27]LogDerivedDataCache: Shutdown
[2016.02.09-22.04.09:375][ 27]LogModuleManager: Shutting down and abandoning module ShaderFormatOpenGL (55)
[2016.02.09-22.04.09:425][ 27]LogModuleManager: Shutting down and abandoning module ShaderFormatD3D (54)
[2016.02.09-22.04.09:432][ 27]LogModuleManager: Shutting down and abandoning module MetalShaderFormat (53)
[2016.02.09-22.04.09:450][ 27]LogModuleManager: Shutting down and abandoning module TextureFormatUncompressed (52)
[2016.02.09-22.04.09:451][ 27]LogModuleManager: Shutting down and abandoning module TextureFormatPVR (51)
[2016.02.09-22.04.09:467][ 27]LogModuleManager: Shutting down and abandoning module TextureFormatIntelISPCTexComp (50)
[2016.02.09-22.04.09:498][ 27]LogModuleManager: Shutting down and abandoning module TextureFormatDXT (49)
[2016.02.09-22.04.09:528][ 27]LogModuleManager: Shutting down and abandoning module ImageWrapper (48)
[2016.02.09-22.04.09:528][ 27]LogModuleManager: Shutting down and abandoning module TextureFormatASTC (47)
[2016.02.09-22.04.09:528][ 27]LogModuleManager: Shutting down and abandoning module TextureFormatAndroid (46)
[2016.02.09-22.04.09:528][ 27]LogModuleManager: Shutting down and abandoning module AudioFormatOpus (45)
[2016.02.09-22.04.09:559][ 27]LogModuleManager: Shutting down and abandoning module AudioFormatOgg (44)
[2016.02.09-22.04.09:594][ 27]LogModuleManager: Shutting down and abandoning module AudioFormatADPCM (43)
[2016.02.09-22.04.09:707][ 27]LogModuleManager: Shutting down and abandoning module LinuxTargetPlatform (42)
[2016.02.09-22.04.09:707][ 27]LogModuleManager: Shutting down and abandoning module LinuxServerTargetPlatform (41)
[2016.02.09-22.04.09:729][ 27]LogModuleManager: Shutting down and abandoning module LinuxNoEditorTargetPlatform (40)
[2016.02.09-22.04.09:751][ 27]LogModuleManager: Shutting down and abandoning module Messaging (39)
[2016.02.09-22.04.09:751][ 27]LogModuleManager: Shutting down and abandoning module IOSTargetPlatform (38)