[2015.12.01-23.41.49:593][  0]Log file open, 12/01/15 15:41:49
[2015.12.01-23.41.49:593][  0]LogInit:Display: Running engine for game: RedCreek
[2015.12.01-23.41.49:593][  0]LogPlatformFile: Not using cached read wrapper
[2015.12.01-23.41.49:593][  0]LogInit:Display: RandInit(-962989020) SRandInit(-962989018).
[2015.12.01-23.41.49:593][  0]LogTaskGraph: Started task graph with 4 named threads and 8 total threads.
[2015.12.01-23.41.49:593][  0]LogStats: Stats thread started at 0.081554
[2015.12.01-23.41.49:593][  0]LogInit: Version: 4.10.0-2758231+++depot+UE4-Releases+4.10
[2015.12.01-23.41.49:593][  0]LogInit: API Version: 2758231
[2015.12.01-23.41.49:593][  0]LogInit: Compiled (64-bit): Nov  7 2015 05:13:45
[2015.12.01-23.41.49:593][  0]LogInit: Compiled with Visual C++: 19.00.23026.00
[2015.12.01-23.41.49:593][  0]LogInit: Build Configuration: Development
[2015.12.01-23.41.49:593][  0]LogInit: Branch Name: ++depot+UE4-Releases+4.10
[2015.12.01-23.41.49:593][  0]LogInit: Command line:  
[2015.12.01-23.41.49:593][  0]LogInit: Base directory: C:/Program Files/Epic Games/4.10/Engine/Binaries/Win64/
[2015.12.01-23.41.49:593][  0]LogInit: Rocket: 1
[2015.12.01-23.41.49:599][  0]LogInit: Using libcurl 7.41.0
[2015.12.01-23.41.49:599][  0]LogInit:  - built for x86_64-pc-win32
[2015.12.01-23.41.49:599][  0]LogInit:  - supports SSL with WinSSL
[2015.12.01-23.41.49:599][  0]LogInit:  - other features:
[2015.12.01-23.41.49:599][  0]LogInit:      CURL_VERSION_SSL
[2015.12.01-23.41.49:599][  0]LogInit:      CURL_VERSION_IPV6
[2015.12.01-23.41.49:599][  0]LogInit:      CURL_VERSION_ASYNCHDNS
[2015.12.01-23.41.49:599][  0]LogInit:      CURL_VERSION_LARGEFILE
[2015.12.01-23.41.49:599][  0]LogInit:      CURL_VERSION_IDN
[2015.12.01-23.41.49:599][  0]LogInit:  CurlRequestOptions (configurable via config and command line):
[2015.12.01-23.41.49:599][  0]LogInit:  - bVerifyPeer = true  - Libcurl will verify peer certificate
[2015.12.01-23.41.49:599][  0]LogInit:  - bUseHttpProxy = false  - Libcurl will NOT use HTTP proxy
[2015.12.01-23.41.49:599][  0]LogInit:  - bDontReuseConnections = false  - Libcurl will reuse connections
[2015.12.01-23.41.49:599][  0]LogInit:  - CertBundlePath = nullptr  - Libcurl will use whatever was configured at build time.
[2015.12.01-23.41.49:606][  0]LogInit: Presizing for 0 objects not considered by GC, pre-allocating 0 bytes.
[2015.12.01-23.41.49:613][  0]LogInit: Object subsystem initialized
[2015.12.01-23.41.49:613][  0]LogInit: Selected Device Profile: [Windows]
[2015.12.01-23.41.49:613][  0]LogInit: Applying CVar settings loaded from the selected device profile: [Windows]
[2015.12.01-23.41.49:622][  0]LogInit: Computer: DESKTOP
[2015.12.01-23.41.49:622][  0]LogInit: User: 3
[2015.12.01-23.41.49:622][  0]LogInit: CPU Page size=4096, Cores=6
[2015.12.01-23.41.49:622][  0]LogInit: High frequency timer resolution =3.322379 MHz
[2015.12.01-23.41.49:622][  0]LogMemory: Memory total: Physical=31.9GB (32GB approx)
[2015.12.01-23.41.49:622][  0]LogMemory: Platform Memory Stats for Windows
[2015.12.01-23.41.49:622][  0]LogMemory: Process Physical Memory: 54.86 MB used, 54.86 MB peak
[2015.12.01-23.41.49:622][  0]LogMemory: Process Virtual Memory: 58.42 MB used, 58.42 MB peak
[2015.12.01-23.41.49:622][  0]LogMemory: Physical Memory: 4169.28 MB used, 32708.45 MB total
[2015.12.01-23.41.49:622][  0]LogMemory: Virtual Memory: 363.04 MB used, 134217728.00 MB total
[2015.12.01-23.41.49:649][  0]LogTextLocalizationManager: No specific translations for ('en-US') exist, so ('en') translations will be used.
[2015.12.01-23.41.50:021][  0]LogD3D11RHI: Found D3D11 adapter 0: AMD FirePro W7000 (FireGL V) (Feature Level 11_0)
[2015.12.01-23.41.50:021][  0]LogD3D11RHI: Adapter has 4078MB of dedicated video memory, 0MB of dedicated system memory, and 3840MB of shared system memory, 1 output[s]
[2015.12.01-23.41.50:022][  0]LogD3D11RHI: Found D3D11 adapter 1: Microsoft Basic Render Driver (Feature Level 11_0)
[2015.12.01-23.41.50:022][  0]LogD3D11RHI: Adapter has 0MB of dedicated video memory, 0MB of dedicated system memory, and 256MB of shared system memory, 0 output[s]
[2015.12.01-23.41.50:022][  0]LogD3D11RHI: Chosen D3D11 Adapter Id = 0
[2015.12.01-23.41.50:025][  0]LogD3D11RHI: !Direct3DDevice
[2015.12.01-23.41.50:025][  0]LogRHI: Texture pool is 1361 MB (70% of 1945 MB)
[2015.12.01-23.41.50:052][  0]LogD3D11RHI: Async texture creation disabled: no driver support
[2015.12.01-23.41.50:064][  0]LogShaderCompilers: Guid format shader working directory is -18 characters bigger than the processId version (../../../../../../Users/1/Documents/GitHub/RedCreek/RedCreek/Intermediate/Shaders/WorkingDirectory/2972/).
[2015.12.01-23.41.50:064][  0]LogShaderCompilers: Cleaned the shader compiler working directory 'C:/Users/1/AppData/Local/Temp/UnrealShaderWorkingDir/4EDA2E144F3FFB7212D1FBBB1AA17C54/'.
[2015.12.01-23.41.50:064][  0]LogShaderCompilers:Display: Using Local Shader Compiler.
[2015.12.01-23.41.52:059][  0]LogTemp:Display: Loaded TP AllDesktopTargetPlatform
[2015.12.01-23.41.52:063][  0]LogTemp:Display: Loaded TP WindowsClientTargetPlatform
[2015.12.01-23.41.52:067][  0]LogTemp:Display: Loaded TP WindowsNoEditorTargetPlatform
[2015.12.01-23.41.52:071][  0]LogTemp:Display: Loaded TP WindowsServerTargetPlatform
[2015.12.01-23.41.52:075][  0]LogTemp:Display: Loaded TP WindowsTargetPlatform
[2015.12.01-23.41.52:078][  0]LogTemp:Display: Loaded TP AndroidTargetPlatform
[2015.12.01-23.41.52:081][  0]LogTemp:Display: Loaded TP Android_ASTCTargetPlatform
[2015.12.01-23.41.52:083][  0]LogTemp:Display: Loaded TP Android_ATCTargetPlatform
[2015.12.01-23.41.52:086][  0]LogTemp:Display: Loaded TP Android_DXTTargetPlatform
[2015.12.01-23.41.52:089][  0]LogTemp:Display: Loaded TP Android_ETC1TargetPlatform
[2015.12.01-23.41.52:092][  0]LogTemp:Display: Loaded TP Android_ETC2TargetPlatform
[2015.12.01-23.41.52:098][  0]LogTemp:Display: Loaded TP Android_MultiTargetPlatform
[2015.12.01-23.41.52:098][  0]LogTemp:Display: Loaded TP Android_PVRTCTargetPlatform
[2015.12.01-23.41.52:098][  0]LogTemp:Display: Loaded TP HTML5TargetPlatform
[2015.12.01-23.41.52:114][  0]LogTemp:Display: Loaded TP IOSTargetPlatform
[2015.12.01-23.41.52:116][  0]LogTemp:Display: Loaded TP LinuxNoEditorTargetPlatform
[2015.12.01-23.41.52:119][  0]LogTemp:Display: Loaded TP LinuxServerTargetPlatform
[2015.12.01-23.41.52:122][  0]LogTemp:Display: Loaded TP LinuxTargetPlatform
[2015.12.01-23.41.52:122][  0]LogTargetPlatformManager:Display: Building Assets For Windows
[2015.12.01-23.41.52:194][  0]LogDerivedDataCache:Display: Max Cache Size: 512 MB
[2015.12.01-23.41.52:232][  0]LogDerivedDataCache: Loaded boot cache 0.04s 41MB C:/Users/1/AppData/Local/UnrealEngine/4.10/DerivedDataCache/Boot.ddc.
[2015.12.01-23.41.52:233][  0]LogDerivedDataCache:Display: Loaded Boot cache: C:/Users/1/AppData/Local/UnrealEngine/4.10/DerivedDataCache/Boot.ddc
[2015.12.01-23.41.52:233][  0]LogDerivedDataCache: FDerivedDataBackendGraph:  Pak pak cache file ../../../../../../Users/1/Documents/GitHub/RedCreek/RedCreek/DerivedDataCache/DDC.ddp not found, will not use a pak cache.
[2015.12.01-23.41.52:233][  0]LogDerivedDataCache: Unable to find inner node Pak for hierarchical cache Hierarchy.
[2015.12.01-23.41.52:233][  0]LogDerivedDataCache: FDerivedDataBackendGraph:  CompressedPak pak cache file ../../../../../../Users/1/Documents/GitHub/RedCreek/RedCreek/DerivedDataCache/Compressed.ddp not found, will not use a pak cache.
[2015.12.01-23.41.52:233][  0]LogDerivedDataCache: Unable to find inner node CompressedPak for hierarchical cache Hierarchy.
[2015.12.01-23.41.52:287][  0]LogDerivedDataCache:Display: Pak cache opened for reading ../../../Engine/DerivedDataCache/Compressed.ddp.
[2015.12.01-23.41.52:299][  0]LogDerivedDataCache: Using Local data cache path C:/Users/1/AppData/Local/UnrealEngine/Common/DerivedDataCache: Writable
[2015.12.01-23.41.52:501][  0]LogInit: Selected Device Profile: [Windows]
[2015.12.01-23.41.52:508][  0]LogContentStreaming: Texture pool size is 0.000000MB
[2015.12.01-23.41.52:611][  0]LogMeshUtilities: No automatic mesh reduction module available
[2015.12.01-23.41.52:611][  0]LogMeshUtilities: No automatic mesh merging module available
[2015.12.01-23.41.52:860][  0]LogInit: WinSock: version 1.1 (2.2), MaxSocks=32767, MaxUdp=65467
[2015.12.01-23.41.53:551][  0]UdpMessaging: Initializing bridge on interface 0.0.0.0:0 to multicast group 230.0.0.1:6666.
[2015.12.01-23.41.53:671][  0]LogAssetRegistry: FAssetRegistry took 0.0109 seconds to start up
[2015.12.01-23.41.53:818][  0]SourceControl: Info Source control is disabled
[2015.12.01-23.41.54:041][  0]LogObj: 28633 objects as part of root set at end of initial load.
[2015.12.01-23.41.54:041][  0]LogUObjectAllocator: 6099752 out of 0 bytes used by permanent object pool.
[2015.12.01-23.41.54:095][  0]LogEngine: Initializing Engine...
[2015.12.01-23.41.54:097][  0]LogHMD: Can't find Oculus library dev build: is proper Runtime installed? Version: 0.8.0.0
[2015.12.01-23.41.54:097][  0]LogHMD: SteamVR failed to initialize.  Err: 110
[2015.12.01-23.41.54:211][  0]LogAIModule: Creating AISystem for world NewWorld
[2015.12.01-23.41.54:224][  0]LogInit: XAudio2 using 'Speakers (Jabra SPEAK 510 USB)' : 2 channels at 48 kHz using 16 bits per sample (channel mask 0x3)
[2015.12.01-23.41.54:232][  0]LogInit: FAudioDevice initialized.
[2015.12.01-23.41.54:250][  0]LogDerivedDataCache: Saved boot cache 0.02s 41MB C:/Users/1/AppData/Local/UnrealEngine/4.10/DerivedDataCache/Boot.ddc.
[2015.12.01-23.41.54:257][  0]LogInit: Texture streaming: Enabled
[2015.12.01-23.41.54:262][  0]LogAnalytics: Creating configured Analytics provider AnalyticsET
[2015.12.01-23.41.54:262][  0]LogAnalytics: [UEEditor.Rocket.Release] APIServer = http://et2.epicgames.com/ET2/. AppVersion = 4.10.0-2758231+++depot+UE4-Releases+4.10
[2015.12.01-23.41.54:262][  0]LogAnalytics: [UEEditor.Rocket.Release] SetUserId e1ce972148f56f7553608e884b891f05|f113f3cbb9d24d94ab3a8fb7882774bd|a1fd1e11-fe35-4c8e-8566-6d4e489db516
[2015.12.01-23.41.54:262][  0]LogAnalytics: [UEEditor.Rocket.Release] AnalyticsET::StartSession
[2015.12.01-23.41.54:292][  0]LogInit: Transaction tracking system initialized
[2015.12.01-23.41.54:322][  0]BlueprintLog: New page: Editor Load
[2015.12.01-23.41.54:401][  0]LocalizationService: Info Localization service is disabled
[2015.12.01-23.41.54:458][  0]LogLinker:Warning: Can't find file '/Game/ThirdPersonBP/ThirdPersonOverview'
[2015.12.01-23.41.54:459][  0]LogLinker:Warning: Can't find file '/Game/ThirdPersonBP/ThirdPersonOverview'
[2015.12.01-23.41.54:459][  0]LogUObjectGlobals:Warning: Failed to find object 'Class /Game/ThirdPersonBP/ThirdPersonOverview.ThirdPersonOverview_C'
[2015.12.01-23.41.54:459][  0]LogUObjectGlobals:Warning: Failed to find object 'Class /Engine/Tutorial/Mobile/SettingUpAndroidTutorial.SettingUpAndroidTutorial_C'
[2015.12.01-23.41.54:469][  0]LogConsoleResponse:Display: 
[2015.12.01-23.41.54:566][  0]LogCook:Display: Done creating registry. It took  0.00s.
[2015.12.01-23.41.54:612][  0]LogFileCache: Scanning file cache for directory 'C:/Users/1/Documents/GitHub/RedCreek/RedCreek/Content/' took 0.01s
[2015.12.01-23.41.54:612][  0]Cmd: MAP LOAD FILE="../../../../../../Users/1/Documents/GitHub/RedCreek/RedCreek/Content/RedCreek/Levels/MainMenu.umap" TEMPLATE=0 SHOWPROGRESS=1 FEATURELEVEL=3
[2015.12.01-23.41.54:612][  0]LightingResults: New page: Lighting Build
[2015.12.01-23.41.54:615][  0]MapCheck: New page: Map Check
[2015.12.01-23.41.54:615][  0]LightingResults: New page: Lighting Build
[2015.12.01-23.41.54:623][  0]LogParticles: Destroying 0 GPU particle simulations for FXSystem 0x0000002FE44C2AC0
[2015.12.01-23.41.54:724][  0]LogAIModule: Creating AISystem for world MainMenu
[2015.12.01-23.41.54:725][  0]LogEditorServer: Finished looking for orphan Actors (0.000 secs)
[2015.12.01-23.41.54:725][  0]Cmd: MAP CHECKDEP NOCLEARLOG
[2015.12.01-23.41.54:763][  0]MapCheck: Info Map check complete: 0 Error(s), 0 Warning(s), took 37.973ms to complete.
[2015.12.01-23.41.54:763][  0]LogFileHelpers: Loading map 'MainMenu' took 0.151
[2015.12.01-23.41.54:861][  0]LogCollectionManager: Loaded 0 collections in 0.001735 seconds
[2015.12.01-23.41.54:903][  0]LogFileCache: Scanning file cache for directory 'C:/Users/1/Documents/GitHub/RedCreek/RedCreek/Saved/Collections/' took 0.01s
[2015.12.01-23.41.54:903][  0]LogFileCache: Scanning file cache for directory 'C:/Users/1/Documents/GitHub/RedCreek/RedCreek/Content/Developers/3/Collections/' took 0.01s
[2015.12.01-23.41.54:903][  0]LogFileCache: Scanning file cache for directory 'C:/Users/1/Documents/GitHub/RedCreek/RedCreek/Content/Collections/' took 0.01s
[2015.12.01-23.41.54:903][  0]LogCollectionManager: Rebuilt the GUID cache for 0 collections in 0.000002 seconds
[2015.12.01-23.41.54:912][  0]LogContentBrowser: Native class hierarchy populated in 0.0087 seconds. Added 1893 classes and 338 folders.
[2015.12.01-23.41.54:918][  0]LogContentBrowser: Native class hierarchy updated for 'WidgetCarousel' in 0.0008 seconds. Added 0 classes and 0 folders.
[2015.12.01-23.41.54:956][  0]LogContentBrowser: Native class hierarchy updated for 'AddContentDialog' in 0.0007 seconds. Added 0 classes and 0 folders.
[2015.12.01-23.41.54:960][  0]LogContentBrowser: Native class hierarchy updated for 'SceneOutliner' in 0.0007 seconds. Added 1 classes and 2 folders.
[2015.12.01-23.41.55:010][  0]LogCrashTracker: Crashtracker disabled due to settings.
[2015.12.01-23.41.55:015][  0]LogUObjectGlobals:Warning: Failed to find object 'Class None.'
[2015.12.01-23.41.55:037][  0]LogLoad: Full Startup: 5.96 seconds (BP compile: 0.04 seconds)
[2015.12.01-23.41.55:047][  0]LogOcInput: Can't find Oculus library dev build: is proper Runtime installed? Version: 0.8.0.0
[2015.12.01-23.41.55:083][  0]LogContentStreaming: Texture pool size now 1000 MB
[2015.12.01-23.41.55:225][  0]LogRenderer: Reallocating scene render targets to support 1424x556 (Frame:2).
[2015.12.01-23.41.55:724][  2]LogAssetRegistry: Asset discovery search completed in 2.0638 seconds
[2015.12.01-23.41.55:724][  2]LogCollectionManager: Rebuilt the object cache for 0 collections in 0.000001 seconds (found 0 objects)
[2015.12.01-23.41.55:724][  2]LogCollectionManager: Fixed up redirectors for 0 collections in 0.000019 seconds (updated 0 objects)
[2015.12.01-23.42.01:908][547]SourceControl:Error: Error Failed to enable Git source control. You need to initialize the project as a Git repository first.
[2015.12.01-23.42.04:250][809]SourceControl: Info Source control is disabled
[2015.12.01-23.42.05:702][979]LogPlayLevel: PlayLevel: No blueprints needed recompiling
[2015.12.01-23.42.05:703][979]PIE: New page: PIE session: MainMenu (Dec 1, 2015, 7:42:05 AM)
[2015.12.01-23.42.05:703][979]LogPlayLevel: Creating play world package: /Game/RedCreek/Levels/UEDPIE_0_MainMenu
[2015.12.01-23.42.05:703][979]LogPlayLevel: PIE: StaticDuplicateObject took: (0.000495s)
[2015.12.01-23.42.05:704][979]LogAIModule: Creating AISystem for world MainMenu
[2015.12.01-23.42.05:704][979]LogPlayLevel: PIE: World Init took: (0.000609s)
[2015.12.01-23.42.05:704][979]LogPlayLevel: PIE: Created PIE world by copying editor world from /Game/RedCreek/Levels/MainMenu.MainMenu to /Game/RedCreek/Levels/UEDPIE_0_MainMenu.MainMenu (0.001256s)
[2015.12.01-23.42.05:726][979]LogInit: XAudio2 using 'Speakers (Jabra SPEAK 510 USB)' : 2 channels at 48 kHz using 16 bits per sample (channel mask 0x3)
[2015.12.01-23.42.05:731][979]LogInit: FAudioDevice initialized.
[2015.12.01-23.42.05:772][979]LogWorld: Game class is 'GameMode_Menu_C'
[2015.12.01-23.42.05:774][979]LogWorld: Bringing World /Game/RedCreek/Levels/UEDPIE_0_MainMenu.MainMenu up for play (max tick rate 0) at 2015.12.01-15.42.05
[2015.12.01-23.42.05:774][979]LogActor:Warning: GameSession /Game/RedCreek/Levels/UEDPIE_0_MainMenu.MainMenu:PersistentLevel.GameSession_0 has natively added scene component(s), but none of them were set as the actor's RootComponent - picking one arbitrarily
[2015.12.01-23.42.05:774][979]LogActor:Warning: GameNetworkManager /Game/RedCreek/Levels/UEDPIE_0_MainMenu.MainMenu:PersistentLevel.GameNetworkManager_0 has natively added scene component(s), but none of them were set as the actor's RootComponent - picking one arbitrarily
[2015.12.01-23.42.05:774][979]LogWorld: Bringing up level for play took: 0.001046
[2015.12.01-23.42.05:787][979]PIE: Info Play in editor start time for /Game/RedCreek/Levels/UEDPIE_0_MainMenu -0.428
[2015.12.01-23.42.05:800][980]LogRenderer: Reallocating scene render targets to support 1424x720 (Frame:850).
[2015.12.01-23.42.09:569][421]Cmd: r.setRes 1366x768
[2015.12.01-23.42.09:571][421]r.SetRes = "1366x768"
[2015.12.01-23.42.09:599][421]LogRenderer: Reallocating scene render targets to support 1424x768 (Frame:1293).
[2015.12.01-23.42.10:165][483]Cmd: r.setRes 1920x1080
[2015.12.01-23.42.10:165][483]r.SetRes = "1920x1080"
[2015.12.01-23.42.10:193][483]LogRenderer: Reallocating scene render targets to support 1920x1064 (Frame:1357).
[2015.12.01-23.42.10:265][483]LogRenderer: Reallocating scene render targets to support 1920x1080 (Frame:1358).
[2015.12.01-23.42.11:381][604]Cmd: r.setRes 1024x768
[2015.12.01-23.42.11:381][604]r.SetRes = "1024x768"
[2015.12.01-23.42.16:846][246]LogPackageName: SearchForPackageOnDisk took   0.048s to resolve ExampleMap.umap.
[2015.12.01-23.42.16:892][246]LogPackageName: SearchForPackageOnDisk took   0.045s to resolve ExampleMap.umap.
[2015.12.01-23.42.16:892][246]LogNet: Browse: /Game/RedCreek/Levels/ExampleMap
[2015.12.01-23.42.16:892][246]LogLoad: LoadMap: /Game/RedCreek/Levels/ExampleMap
[2015.12.01-23.42.16:901][246]LogParticles: Destroying 0 GPU particle simulations for FXSystem 0x0000002FEED1A8E0
[2015.12.01-23.42.16:902][246]Cmd: MEM
[2015.12.01-23.42.16:909][246]LogMemory: Platform Memory Stats for Windows
[2015.12.01-23.42.16:909][246]LogMemory: Process Physical Memory: 564.39 MB used, 567.77 MB peak
[2015.12.01-23.42.16:909][246]LogMemory: Process Virtual Memory: 486.21 MB used, 490.28 MB peak
[2015.12.01-23.42.16:909][246]LogMemory: Physical Memory: 4696.30 MB used, 32708.45 MB total
[2015.12.01-23.42.16:909][246]LogMemory: Virtual Memory: 1157.00 MB used, 134217728.00 MB total
[2015.12.01-23.42.16:909][246]LogMemory: 
[2015.12.01-23.42.16:909][246]Allocator Stats for TBB: (not implemented)
[2015.12.01-23.42.17:169][246]LogAIModule: Creating AISystem for world ExampleMap
[2015.12.01-23.42.17:169][246]LogWorld: Game class is 'GameMode_Level_C'
[2015.12.01-23.42.17:175][246]LogWorld: Bringing World /Game/RedCreek/Levels/UEDPIE_0_ExampleMap.ExampleMap up for play (max tick rate 0) at 2015.12.01-15.42.17
[2015.12.01-23.42.17:175][246]LogActor:Warning: GameSession /Game/RedCreek/Levels/UEDPIE_0_ExampleMap.ExampleMap:PersistentLevel.GameSession_1 has natively added scene component(s), but none of them were set as the actor's RootComponent - picking one arbitrarily
[2015.12.01-23.42.17:175][246]LogActor:Warning: GameNetworkManager /Game/RedCreek/Levels/UEDPIE_0_ExampleMap.ExampleMap:PersistentLevel.GameNetworkManager_1 has natively added scene component(s), but none of them were set as the actor's RootComponent - picking one arbitrarily
[2015.12.01-23.42.17:175][246]LogWorld: Bringing up level for play took: 0.004457
[2015.12.01-23.42.18:281][376]LogBlueprintUserMessages: [BP_Interactable_C_1] This is a small dinosaur
[2015.12.01-23.42.19:032][466]LogBlueprintUserMessages: [BP_Interactable_C_1] Left clicked
[2015.12.01-23.42.26:876][400]LogParticles: Destroying 0 GPU particle simulations for FXSystem 0x0000002FF269B060
[2015.12.01-23.42.32:587][ 77]LogAIModule: Creating AISystem for world ExampleMap
[2015.12.01-23.42.32:603][ 77]Cmd: MAP LOAD FILE="../../../../../../Users/1/Documents/GitHub/RedCreek/RedCreek/Content/RedCreek/Levels/ExampleMap.umap" TEMPLATE=0 SHOWPROGRESS=1 FEATURELEVEL=3
[2015.12.01-23.42.32:603][ 77]LightingResults: New page: Lighting Build
[2015.12.01-23.42.32:617][ 77]LoadErrors: New page: Loading map: ExampleMap.umap
[2015.12.01-23.42.32:617][ 77]MapCheck: New page: Map Check
[2015.12.01-23.42.32:617][ 77]LightingResults: New page: Lighting Build
[2015.12.01-23.42.32:625][ 77]LogParticles: Destroying 0 GPU particle simulations for FXSystem 0x0000002FD8C194E0
[2015.12.01-23.42.32:655][ 77]LogEditorServer: Finished looking for orphan Actors (0.000 secs)
[2015.12.01-23.42.32:681][ 77]Cmd: MAP CHECKDEP NOCLEARLOG
[2015.12.01-23.42.32:721][ 77]MapCheck: Info Map check complete: 0 Error(s), 0 Warning(s), took 39.98ms to complete.
[2015.12.01-23.42.32:721][ 77]LogFileHelpers: Loading map 'ExampleMap' took 0.120
[2015.12.01-23.42.35:068][356]LogBlueprintUserMessages: Early PlayInEditor Detection: Level '/Game/RedCreek/Levels/ExampleMap.ExampleMap:PersistentLevel' has LevelScriptBlueprint '/Game/RedCreek/Levels/ExampleMap.ExampleMap:PersistentLevel.ExampleMap' with GeneratedClass '/Game/RedCreek/Levels/ExampleMap.ExampleMap_C' with ClassGeneratedBy '/Game/RedCreek/Levels/ExampleMap.ExampleMap:PersistentLevel.ExampleMap'
[2015.12.01-23.42.35:068][356]LogPlayLevel: PlayLevel: No blueprints needed recompiling
[2015.12.01-23.42.35:068][356]PIE: New page: PIE session: ExampleMap (Dec 1, 2015, 7:42:35 AM)
[2015.12.01-23.42.35:068][356]LogPlayLevel: Creating play world package: /Game/RedCreek/Levels/UEDPIE_0_ExampleMap
[2015.12.01-23.42.35:070][356]LogPlayLevel: PIE: StaticDuplicateObject took: (0.001985s)
[2015.12.01-23.42.35:070][356]LogAIModule: Creating AISystem for world ExampleMap
[2015.12.01-23.42.35:070][356]LogPlayLevel: PIE: World Init took: (0.000550s)
[2015.12.01-23.42.35:070][356]LogPlayLevel: PIE: Created PIE world by copying editor world from /Game/RedCreek/Levels/ExampleMap.ExampleMap to /Game/RedCreek/Levels/UEDPIE_0_ExampleMap.ExampleMap (0.002690s)
[2015.12.01-23.42.35:090][356]LogInit: XAudio2 using 'Speakers (Jabra SPEAK 510 USB)' : 2 channels at 48 kHz using 16 bits per sample (channel mask 0x3)
[2015.12.01-23.42.35:095][356]LogInit: FAudioDevice initialized.
[2015.12.01-23.42.35:125][356]LogWorld: Game class is 'GameMode_Level_C'
[2015.12.01-23.42.35:129][356]LogWorld: Bringing World /Game/RedCreek/Levels/UEDPIE_0_ExampleMap.ExampleMap up for play (max tick rate 0) at 2015.12.01-15.42.35
[2015.12.01-23.42.35:129][356]LogActor:Warning: GameSession /Game/RedCreek/Levels/UEDPIE_0_ExampleMap.ExampleMap:PersistentLevel.GameSession_2 has natively added scene component(s), but none of them were set as the actor's RootComponent - picking one arbitrarily
[2015.12.01-23.42.35:129][356]LogActor:Warning: GameNetworkManager /Game/RedCreek/Levels/UEDPIE_0_ExampleMap.ExampleMap:PersistentLevel.GameNetworkManager_2 has natively added scene component(s), but none of them were set as the actor's RootComponent - picking one arbitrarily
[2015.12.01-23.42.35:129][356]LogWorld: Bringing up level for play took: 0.002909
[2015.12.01-23.42.35:141][356]PIE: Info Play in editor start time for /Game/RedCreek/Levels/UEDPIE_0_ExampleMap 0.927
[2015.12.01-23.42.35:141][356]LogBlueprintUserMessages: Late PlayInEditor Detection: Level '/Game/RedCreek/Levels/ExampleMap.ExampleMap:PersistentLevel' has LevelScriptBlueprint '/Game/RedCreek/Levels/ExampleMap.ExampleMap:PersistentLevel.ExampleMap' with GeneratedClass '/Game/RedCreek/Levels/ExampleMap.ExampleMap_C' with ClassGeneratedBy '/Game/RedCreek/Levels/ExampleMap.ExampleMap:PersistentLevel.ExampleMap'
[2015.12.01-23.42.35:977][456]LogBlueprintUserMessages: Early EndPlayMap Detection: Level '/Game/RedCreek/Levels/ExampleMap.ExampleMap:PersistentLevel' has LevelScriptBlueprint '/Game/RedCreek/Levels/ExampleMap.ExampleMap:PersistentLevel.ExampleMap' with GeneratedClass '/Game/RedCreek/Levels/ExampleMap.ExampleMap_C' with ClassGeneratedBy '/Game/RedCreek/Levels/ExampleMap.ExampleMap:PersistentLevel.ExampleMap'
[2015.12.01-23.42.36:017][456]LogBlueprintUserMessages: Late EndPlayMap Detection: Level '/Game/RedCreek/Levels/ExampleMap.ExampleMap:PersistentLevel' has LevelScriptBlueprint '/Game/RedCreek/Levels/ExampleMap.ExampleMap:PersistentLevel.ExampleMap' with GeneratedClass '/Game/RedCreek/Levels/ExampleMap.ExampleMap_C' with ClassGeneratedBy '/Game/RedCreek/Levels/ExampleMap.ExampleMap:PersistentLevel.ExampleMap'
[2015.12.01-23.42.36:026][456]LogParticles: Destroying 0 GPU particle simulations for FXSystem 0x0000002FD7683740
[2015.12.01-23.42.43:383][316]LogLinker:Warning: Asset '../../../Engine/Content/ArtTools/RenderToTexture/Macros/RenderToTextureMacros.uasset' has been saved with empty engine version. The asset will be loaded but may be incompatible.
[2015.12.01-23.42.43:809][316]LogContentBrowser: Native class hierarchy updated for 'BlueprintGraph' in 0.0013 seconds. Added 107 classes and 0 folders.
[2015.12.01-23.43.32:150][906]BlueprintLog: New page: Compile BP_Interactable
[2015.12.01-23.43.32:212][906]LogParticles: Destroying 0 GPU particle simulations for FXSystem 0x0000002FD4255760
[2015.12.01-23.43.32:220][906]BlueprintEditorCompileResults: Info [0103.14] Compile of BP_Interactable successful! [in 69 ms]
[2015.12.01-23.43.39:075][721]LogEditorTransaction: Undo Delete current selection
[2015.12.01-23.43.43:544][233]BlueprintLog: New page: Compile BP_Interactable
[2015.12.01-23.43.43:610][233]BlueprintEditorCompileResults: Info [0114.53] Compile of BP_Interactable successful! [in 65 ms]
[2015.12.01-23.43.48:638][833]LogBlueprintUserMessages: Early PlayInEditor Detection: Level '/Game/RedCreek/Levels/ExampleMap.ExampleMap:PersistentLevel' has LevelScriptBlueprint '/Game/RedCreek/Levels/ExampleMap.ExampleMap:PersistentLevel.ExampleMap' with GeneratedClass '/Game/RedCreek/Levels/ExampleMap.ExampleMap_C' with ClassGeneratedBy '/Game/RedCreek/Levels/ExampleMap.ExampleMap:PersistentLevel.ExampleMap'
[2015.12.01-23.43.48:638][833]LogPlayLevel: PlayLevel: No blueprints needed recompiling
[2015.12.01-23.43.48:638][833]PIE: New page: PIE session: ExampleMap (Dec 1, 2015, 7:43:48 AM)
[2015.12.01-23.43.48:638][833]LogPlayLevel: Creating play world package: /Game/RedCreek/Levels/UEDPIE_0_ExampleMap
[2015.12.01-23.43.48:640][833]LogPlayLevel: PIE: StaticDuplicateObject took: (0.002063s)
[2015.12.01-23.43.48:641][833]LogAIModule: Creating AISystem for world ExampleMap
[2015.12.01-23.43.48:641][833]LogPlayLevel: PIE: World Init took: (0.000592s)
[2015.12.01-23.43.48:641][833]LogPlayLevel: PIE: Created PIE world by copying editor world from /Game/RedCreek/Levels/ExampleMap.ExampleMap to /Game/RedCreek/Levels/UEDPIE_0_ExampleMap.ExampleMap (0.002813s)
[2015.12.01-23.43.48:671][833]LogInit: XAudio2 using 'Speakers (Jabra SPEAK 510 USB)' : 2 channels at 48 kHz using 16 bits per sample (channel mask 0x3)
[2015.12.01-23.43.48:677][833]LogInit: FAudioDevice initialized.
[2015.12.01-23.43.48:712][833]LogWorld: Game class is 'GameMode_Level_C'
[2015.12.01-23.43.48:716][833]LogWorld: Bringing World /Game/RedCreek/Levels/UEDPIE_0_ExampleMap.ExampleMap up for play (max tick rate 0) at 2015.12.01-15.43.48
[2015.12.01-23.43.48:716][833]LogActor:Warning: GameSession /Game/RedCreek/Levels/UEDPIE_0_ExampleMap.ExampleMap:PersistentLevel.GameSession_3 has natively added scene component(s), but none of them were set as the actor's RootComponent - picking one arbitrarily
[2015.12.01-23.43.48:716][833]LogActor:Warning: GameNetworkManager /Game/RedCreek/Levels/UEDPIE_0_ExampleMap.ExampleMap:PersistentLevel.GameNetworkManager_3 has natively added scene component(s), but none of them were set as the actor's RootComponent - picking one arbitrarily
[2015.12.01-23.43.48:716][833]LogWorld: Bringing up level for play took: 0.003017
[2015.12.01-23.43.48:725][833]PIE: Info Play in editor start time for /Game/RedCreek/Levels/UEDPIE_0_ExampleMap 0.511
[2015.12.01-23.43.48:726][833]LogBlueprintUserMessages: Late PlayInEditor Detection: Level '/Game/RedCreek/Levels/ExampleMap.ExampleMap:PersistentLevel' has LevelScriptBlueprint '/Game/RedCreek/Levels/ExampleMap.ExampleMap:PersistentLevel.ExampleMap' with GeneratedClass '/Game/RedCreek/Levels/ExampleMap.ExampleMap_C' with ClassGeneratedBy '/Game/RedCreek/Levels/ExampleMap.ExampleMap:PersistentLevel.ExampleMap'
[2015.12.01-23.43.49:614][938]LogBlueprintUserMessages: [BP_Interactable_C_1] Left clicked
[2015.12.01-23.43.49:981][982]LogBlueprintUserMessages: [BP_Interactable_C_1] This is a small dinosaur
[2015.12.01-23.43.50:502][ 45]LogBlueprintUserMessages: Early EndPlayMap Detection: Level '/Game/RedCreek/Levels/ExampleMap.ExampleMap:PersistentLevel' has LevelScriptBlueprint '/Game/RedCreek/Levels/ExampleMap.ExampleMap:PersistentLevel.ExampleMap' with GeneratedClass '/Game/RedCreek/Levels/ExampleMap.ExampleMap_C' with ClassGeneratedBy '/Game/RedCreek/Levels/ExampleMap.ExampleMap:PersistentLevel.ExampleMap'
[2015.12.01-23.43.50:549][ 45]LogBlueprintUserMessages: Late EndPlayMap Detection: Level '/Game/RedCreek/Levels/ExampleMap.ExampleMap:PersistentLevel' has LevelScriptBlueprint '/Game/RedCreek/Levels/ExampleMap.ExampleMap:PersistentLevel.ExampleMap' with GeneratedClass '/Game/RedCreek/Levels/ExampleMap.ExampleMap_C' with ClassGeneratedBy '/Game/RedCreek/Levels/ExampleMap.ExampleMap:PersistentLevel.ExampleMap'
[2015.12.01-23.43.50:602][ 46]LogParticles: Destroying 0 GPU particle simulations for FXSystem 0x0000002FE60EA700
[2015.12.01-23.44.07:509][ 47]BlueprintLog: New page: Compile BP_Interactable
[2015.12.01-23.44.07:574][ 47]BlueprintEditorCompileResults: Info [0138.50] Compile of BP_Interactable successful! [in 64 ms]
[2015.12.01-23.44.08:234][124]LogBlueprintUserMessages: Early PlayInEditor Detection: Level '/Game/RedCreek/Levels/ExampleMap.ExampleMap:PersistentLevel' has LevelScriptBlueprint '/Game/RedCreek/Levels/ExampleMap.ExampleMap:PersistentLevel.ExampleMap' with GeneratedClass '/Game/RedCreek/Levels/ExampleMap.ExampleMap_C' with ClassGeneratedBy '/Game/RedCreek/Levels/ExampleMap.ExampleMap:PersistentLevel.ExampleMap'
[2015.12.01-23.44.08:235][124]LogPlayLevel: PlayLevel: No blueprints needed recompiling
[2015.12.01-23.44.08:235][124]PIE: New page: PIE session: ExampleMap (Dec 1, 2015, 7:44:08 AM)
[2015.12.01-23.44.08:235][124]LogPlayLevel: Creating play world package: /Game/RedCreek/Levels/UEDPIE_0_ExampleMap
[2015.12.01-23.44.08:237][124]LogPlayLevel: PIE: StaticDuplicateObject took: (0.002095s)
[2015.12.01-23.44.08:237][124]LogAIModule: Creating AISystem for world ExampleMap
[2015.12.01-23.44.08:237][124]LogPlayLevel: PIE: World Init took: (0.000635s)
[2015.12.01-23.44.08:238][124]LogPlayLevel: PIE: Created PIE world by copying editor world from /Game/RedCreek/Levels/ExampleMap.ExampleMap to /Game/RedCreek/Levels/UEDPIE_0_ExampleMap.ExampleMap (0.002942s)
[2015.12.01-23.44.08:268][124]LogInit: XAudio2 using 'Speakers (Jabra SPEAK 510 USB)' : 2 channels at 48 kHz using 16 bits per sample (channel mask 0x3)
[2015.12.01-23.44.08:273][124]LogInit: FAudioDevice initialized.
[2015.12.01-23.44.08:307][124]LogWorld: Game class is 'GameMode_Level_C'
[2015.12.01-23.44.08:311][124]LogWorld: Bringing World /Game/RedCreek/Levels/UEDPIE_0_ExampleMap.ExampleMap up for play (max tick rate 0) at 2015.12.01-15.44.08
[2015.12.01-23.44.08:311][124]LogActor:Warning: GameSession /Game/RedCreek/Levels/UEDPIE_0_ExampleMap.ExampleMap:PersistentLevel.GameSession_4 has natively added scene component(s), but none of them were set as the actor's RootComponent - picking one arbitrarily
[2015.12.01-23.44.08:311][124]LogActor:Warning: GameNetworkManager /Game/RedCreek/Levels/UEDPIE_0_ExampleMap.ExampleMap:PersistentLevel.GameNetworkManager_4 has natively added scene component(s), but none of them were set as the actor's RootComponent - picking one arbitrarily
[2015.12.01-23.44.08:311][124]LogWorld: Bringing up level for play took: 0.002963
[2015.12.01-23.44.08:318][124]PIE: Info Play in editor start time for /Game/RedCreek/Levels/UEDPIE_0_ExampleMap 0.104
[2015.12.01-23.44.08:318][124]LogBlueprintUserMessages: Late PlayInEditor Detection: Level '/Game/RedCreek/Levels/ExampleMap.ExampleMap:PersistentLevel' has LevelScriptBlueprint '/Game/RedCreek/Levels/ExampleMap.ExampleMap:PersistentLevel.ExampleMap' with GeneratedClass '/Game/RedCreek/Levels/ExampleMap.ExampleMap_C' with ClassGeneratedBy '/Game/RedCreek/Levels/ExampleMap.ExampleMap:PersistentLevel.ExampleMap'
[2015.12.01-23.44.09:170][226]LogBlueprintUserMessages: [BP_Interactable_C_1] Left Clicked
[2015.12.01-23.44.09:578][275]LogBlueprintUserMessages: [BP_Interactable_C_1] This is a small dinosaur
[2015.12.01-23.44.09:910][315]LogBlueprintUserMessages: Early EndPlayMap Detection: Level '/Game/RedCreek/Levels/ExampleMap.ExampleMap:PersistentLevel' has LevelScriptBlueprint '/Game/RedCreek/Levels/ExampleMap.ExampleMap:PersistentLevel.ExampleMap' with GeneratedClass '/Game/RedCreek/Levels/ExampleMap.ExampleMap_C' with ClassGeneratedBy '/Game/RedCreek/Levels/ExampleMap.ExampleMap:PersistentLevel.ExampleMap'
[2015.12.01-23.44.09:962][315]LogBlueprintUserMessages: Late EndPlayMap Detection: Level '/Game/RedCreek/Levels/ExampleMap.ExampleMap:PersistentLevel' has LevelScriptBlueprint '/Game/RedCreek/Levels/ExampleMap.ExampleMap:PersistentLevel.ExampleMap' with GeneratedClass '/Game/RedCreek/Levels/ExampleMap.ExampleMap_C' with ClassGeneratedBy '/Game/RedCreek/Levels/ExampleMap.ExampleMap:PersistentLevel.ExampleMap'
[2015.12.01-23.44.09:981][315]LogParticles: Destroying 0 GPU particle simulations for FXSystem 0x0000002FF53137E0
[2015.12.01-23.44.54:047][551]LogBlueprintUserMessages: Early PlayInEditor Detection: Level '/Game/RedCreek/Levels/ExampleMap.ExampleMap:PersistentLevel' has LevelScriptBlueprint '/Game/RedCreek/Levels/ExampleMap.ExampleMap:PersistentLevel.ExampleMap' with GeneratedClass '/Game/RedCreek/Levels/ExampleMap.ExampleMap_C' with ClassGeneratedBy '/Game/RedCreek/Levels/ExampleMap.ExampleMap:PersistentLevel.ExampleMap'
[2015.12.01-23.44.54:047][551]LogPlayLevel: PlayLevel: No blueprints needed recompiling
[2015.12.01-23.44.54:048][551]PIE: New page: PIE session: ExampleMap (Dec 1, 2015, 7:44:54 AM)
[2015.12.01-23.44.54:048][551]LogPlayLevel: Creating play world package: /Game/RedCreek/Levels/UEDPIE_0_ExampleMap
[2015.12.01-23.44.54:050][551]LogPlayLevel: PIE: StaticDuplicateObject took: (0.002109s)
[2015.12.01-23.44.54:050][551]LogAIModule: Creating AISystem for world ExampleMap
[2015.12.01-23.44.54:050][551]LogPlayLevel: PIE: World Init took: (0.000673s)
[2015.12.01-23.44.54:051][551]LogPlayLevel: PIE: Created PIE world by copying editor world from /Game/RedCreek/Levels/ExampleMap.ExampleMap to /Game/RedCreek/Levels/UEDPIE_0_ExampleMap.ExampleMap (0.002983s)
[2015.12.01-23.44.54:082][551]LogInit: XAudio2 using 'Speakers (Jabra SPEAK 510 USB)' : 2 channels at 48 kHz using 16 bits per sample (channel mask 0x3)
[2015.12.01-23.44.54:087][551]LogInit: FAudioDevice initialized.
[2015.12.01-23.44.54:122][551]LogWorld: Game class is 'GameMode_Level_C'
[2015.12.01-23.44.54:126][551]LogWorld: Bringing World /Game/RedCreek/Levels/UEDPIE_0_ExampleMap.ExampleMap up for play (max tick rate 0) at 2015.12.01-15.44.54
[2015.12.01-23.44.54:126][551]LogActor:Warning: GameSession /Game/RedCreek/Levels/UEDPIE_0_ExampleMap.ExampleMap:PersistentLevel.GameSession_5 has natively added scene component(s), but none of them were set as the actor's RootComponent - picking one arbitrarily
[2015.12.01-23.44.54:126][551]LogActor:Warning: GameNetworkManager /Game/RedCreek/Levels/UEDPIE_0_ExampleMap.ExampleMap:PersistentLevel.GameNetworkManager_5 has natively added scene component(s), but none of them were set as the actor's RootComponent - picking one arbitrarily
[2015.12.01-23.44.54:126][551]LogWorld: Bringing up level for play took: 0.003015
[2015.12.01-23.44.54:140][551]PIE: Info Play in editor start time for /Game/RedCreek/Levels/UEDPIE_0_ExampleMap -0.074
[2015.12.01-23.44.54:140][551]LogBlueprintUserMessages: Late PlayInEditor Detection: Level '/Game/RedCreek/Levels/ExampleMap.ExampleMap:PersistentLevel' has LevelScriptBlueprint '/Game/RedCreek/Levels/ExampleMap.ExampleMap:PersistentLevel.ExampleMap' with GeneratedClass '/Game/RedCreek/Levels/ExampleMap.ExampleMap_C' with ClassGeneratedBy '/Game/RedCreek/Levels/ExampleMap.ExampleMap:PersistentLevel.ExampleMap'
[2015.12.01-23.44.55:045][658]LogBlueprintUserMessages: [BP_PickUp_41] Left Clicked
[2015.12.01-23.44.55:421][703]LogBlueprintUserMessages: [BP_PickUp_41] ???
[2015.12.01-23.44.55:851][755]LogBlueprintUserMessages: Early EndPlayMap Detection: Level '/Game/RedCreek/Levels/ExampleMap.ExampleMap:PersistentLevel' has LevelScriptBlueprint '/Game/RedCreek/Levels/ExampleMap.ExampleMap:PersistentLevel.ExampleMap' with GeneratedClass '/Game/RedCreek/Levels/ExampleMap.ExampleMap_C' with ClassGeneratedBy '/Game/RedCreek/Levels/ExampleMap.ExampleMap:PersistentLevel.ExampleMap'
[2015.12.01-23.44.55:907][755]LogBlueprintUserMessages: Late EndPlayMap Detection: Level '/Game/RedCreek/Levels/ExampleMap.ExampleMap:PersistentLevel' has LevelScriptBlueprint '/Game/RedCreek/Levels/ExampleMap.ExampleMap:PersistentLevel.ExampleMap' with GeneratedClass '/Game/RedCreek/Levels/ExampleMap.ExampleMap_C' with ClassGeneratedBy '/Game/RedCreek/Levels/ExampleMap.ExampleMap:PersistentLevel.ExampleMap'
[2015.12.01-23.44.55:928][755]LogParticles: Destroying 0 GPU particle simulations for FXSystem 0x0000002FFEDBA8E0
[2015.12.01-23.46.52:942][192]BlueprintLog: New page: Compile BP_Interactable
[2015.12.01-23.46.53:066][192]BlueprintEditorCompileResults: Info [0303.99] Compile of BP_Interactable successful! [in 123 ms]
[2015.12.01-23.47.21:202][621]BlueprintLog: New page: Compile BP_Interactable
[2015.12.01-23.47.21:338][621]BlueprintEditorCompileResults: Info [0332.26] Compile of BP_Interactable successful! [in 136 ms]
[2015.12.01-23.48.45:975][490]BlueprintLog: New page: Compile BP_PickUp
[2015.12.01-23.48.46:044][490]BlueprintEditorCompileResults: Info [0416.97] Compile of BP_PickUp successful! [in 68 ms]
[2015.12.01-23.48.48:166][741]LogBlueprintUserMessages: Early PlayInEditor Detection: Level '/Game/RedCreek/Levels/ExampleMap.ExampleMap:PersistentLevel' has LevelScriptBlueprint '/Game/RedCreek/Levels/ExampleMap.ExampleMap:PersistentLevel.ExampleMap' with GeneratedClass '/Game/RedCreek/Levels/ExampleMap.ExampleMap_C' with ClassGeneratedBy '/Game/RedCreek/Levels/ExampleMap.ExampleMap:PersistentLevel.ExampleMap'
[2015.12.01-23.48.48:166][741]LogPlayLevel: PlayLevel: No blueprints needed recompiling
[2015.12.01-23.48.48:166][741]PIE: New page: PIE session: ExampleMap (Dec 1, 2015, 7:48:48 AM)
[2015.12.01-23.48.48:166][741]LogPlayLevel: Creating play world package: /Game/RedCreek/Levels/UEDPIE_0_ExampleMap
[2015.12.01-23.48.48:169][741]LogPlayLevel: PIE: StaticDuplicateObject took: (0.002089s)
[2015.12.01-23.48.48:169][741]LogAIModule: Creating AISystem for world ExampleMap
[2015.12.01-23.48.48:169][741]LogPlayLevel: PIE: World Init took: (0.000660s)
[2015.12.01-23.48.48:169][741]LogPlayLevel: PIE: Created PIE world by copying editor world from /Game/RedCreek/Levels/ExampleMap.ExampleMap to /Game/RedCreek/Levels/UEDPIE_0_ExampleMap.ExampleMap (0.002910s)
[2015.12.01-23.48.48:203][741]LogInit: XAudio2 using 'Speakers (Jabra SPEAK 510 USB)' : 2 channels at 48 kHz using 16 bits per sample (channel mask 0x3)
[2015.12.01-23.48.48:209][741]LogInit: FAudioDevice initialized.
[2015.12.01-23.48.48:247][741]LogWorld: Game class is 'GameMode_Level_C'
[2015.12.01-23.48.48:255][741]LogWorld: Bringing World /Game/RedCreek/Levels/UEDPIE_0_ExampleMap.ExampleMap up for play (max tick rate 0) at 2015.12.01-15.48.48
[2015.12.01-23.48.48:256][741]LogActor:Warning: GameSession /Game/RedCreek/Levels/UEDPIE_0_ExampleMap.ExampleMap:PersistentLevel.GameSession_6 has natively added scene component(s), but none of them were set as the actor's RootComponent - picking one arbitrarily
[2015.12.01-23.48.48:256][741]LogActor:Warning: GameNetworkManager /Game/RedCreek/Levels/UEDPIE_0_ExampleMap.ExampleMap:PersistentLevel.GameNetworkManager_6 has natively added scene component(s), but none of them were set as the actor's RootComponent - picking one arbitrarily
[2015.12.01-23.48.48:256][741]LogWorld: Bringing up level for play took: 0.007910
[2015.12.01-23.48.48:261][741]LogBlueprintUserMessages: [BP_PickUp_C_1] Test
[2015.12.01-23.48.48:279][741]PIE: Info Play in editor start time for /Game/RedCreek/Levels/UEDPIE_0_ExampleMap 0.065
[2015.12.01-23.48.48:280][741]LogBlueprintUserMessages: Late PlayInEditor Detection: Level '/Game/RedCreek/Levels/ExampleMap.ExampleMap:PersistentLevel' has LevelScriptBlueprint '/Game/RedCreek/Levels/ExampleMap.ExampleMap:PersistentLevel.ExampleMap' with GeneratedClass '/Game/RedCreek/Levels/ExampleMap.ExampleMap_C' with ClassGeneratedBy '/Game/RedCreek/Levels/ExampleMap.ExampleMap:PersistentLevel.ExampleMap'
[2015.12.01-23.48.48:976][824]LogBlueprintUserMessages: Early EndPlayMap Detection: Level '/Game/RedCreek/Levels/ExampleMap.ExampleMap:PersistentLevel' has LevelScriptBlueprint '/Game/RedCreek/Levels/ExampleMap.ExampleMap:PersistentLevel.ExampleMap' with GeneratedClass '/Game/RedCreek/Levels/ExampleMap.ExampleMap_C' with ClassGeneratedBy '/Game/RedCreek/Levels/ExampleMap.ExampleMap:PersistentLevel.ExampleMap'
[2015.12.01-23.48.49:028][824]LogBlueprintUserMessages: Late EndPlayMap Detection: Level '/Game/RedCreek/Levels/ExampleMap.ExampleMap:PersistentLevel' has LevelScriptBlueprint '/Game/RedCreek/Levels/ExampleMap.ExampleMap:PersistentLevel.ExampleMap' with GeneratedClass '/Game/RedCreek/Levels/ExampleMap.ExampleMap_C' with ClassGeneratedBy '/Game/RedCreek/Levels/ExampleMap.ExampleMap:PersistentLevel.ExampleMap'
[2015.12.01-23.48.49:069][825]LogParticles: Destroying 0 GPU particle simulations for FXSystem 0x0000002FF6F52E80
[2015.12.01-23.49.55:457][855]BlueprintLog: New page: Compile BP_PickUp
[2015.12.01-23.49.55:523][855]BlueprintEditorCompileResults: Info [0486.45] Compile of BP_PickUp successful! [in 66 ms]
[2015.12.01-23.49.56:314][948]LogBlueprintUserMessages: Early PlayInEditor Detection: Level '/Game/RedCreek/Levels/ExampleMap.ExampleMap:PersistentLevel' has LevelScriptBlueprint '/Game/RedCreek/Levels/ExampleMap.ExampleMap:PersistentLevel.ExampleMap' with GeneratedClass '/Game/RedCreek/Levels/ExampleMap.ExampleMap_C' with ClassGeneratedBy '/Game/RedCreek/Levels/ExampleMap.ExampleMap:PersistentLevel.ExampleMap'
[2015.12.01-23.49.56:314][948]LogPlayLevel: PlayLevel: No blueprints needed recompiling
[2015.12.01-23.49.56:314][948]PIE: New page: PIE session: ExampleMap (Dec 1, 2015, 7:49:56 AM)
[2015.12.01-23.49.56:314][948]LogPlayLevel: Creating play world package: /Game/RedCreek/Levels/UEDPIE_0_ExampleMap
[2015.12.01-23.49.56:316][948]LogPlayLevel: PIE: StaticDuplicateObject took: (0.002080s)
[2015.12.01-23.49.56:316][948]LogAIModule: Creating AISystem for world ExampleMap
[2015.12.01-23.49.56:317][948]LogPlayLevel: PIE: World Init took: (0.000593s)
[2015.12.01-23.49.56:317][948]LogPlayLevel: PIE: Created PIE world by copying editor world from /Game/RedCreek/Levels/ExampleMap.ExampleMap to /Game/RedCreek/Levels/UEDPIE_0_ExampleMap.ExampleMap (0.002832s)
[2015.12.01-23.49.56:349][948]LogInit: XAudio2 using 'Speakers (Jabra SPEAK 510 USB)' : 2 channels at 48 kHz using 16 bits per sample (channel mask 0x3)
[2015.12.01-23.49.56:354][948]LogInit: FAudioDevice initialized.
[2015.12.01-23.49.56:383][948]LogWorld: Game class is 'GameMode_Level_C'
[2015.12.01-23.49.56:387][948]LogWorld: Bringing World /Game/RedCreek/Levels/UEDPIE_0_ExampleMap.ExampleMap up for play (max tick rate 0) at 2015.12.01-15.49.56
[2015.12.01-23.49.56:387][948]LogActor:Warning: GameSession /Game/RedCreek/Levels/UEDPIE_0_ExampleMap.ExampleMap:PersistentLevel.GameSession_7 has natively added scene component(s), but none of them were set as the actor's RootComponent - picking one arbitrarily
[2015.12.01-23.49.56:387][948]LogActor:Warning: GameNetworkManager /Game/RedCreek/Levels/UEDPIE_0_ExampleMap.ExampleMap:PersistentLevel.GameNetworkManager_7 has natively added scene component(s), but none of them were set as the actor's RootComponent - picking one arbitrarily
[2015.12.01-23.49.56:387][948]LogWorld: Bringing up level for play took: 0.003080
[2015.12.01-23.49.56:395][948]PIE: Info Play in editor start time for /Game/RedCreek/Levels/UEDPIE_0_ExampleMap 0.18
[2015.12.01-23.49.56:395][948]LogBlueprintUserMessages: Late PlayInEditor Detection: Level '/Game/RedCreek/Levels/ExampleMap.ExampleMap:PersistentLevel' has LevelScriptBlueprint '/Game/RedCreek/Levels/ExampleMap.ExampleMap:PersistentLevel.ExampleMap' with GeneratedClass '/Game/RedCreek/Levels/ExampleMap.ExampleMap_C' with ClassGeneratedBy '/Game/RedCreek/Levels/ExampleMap.ExampleMap:PersistentLevel.ExampleMap'
[2015.12.01-23.49.57:608][ 93]LogBlueprintUserMessages: [BP_Interactable_C_0] This is a small dinosaur
[2015.12.01-23.49.58:999][260]LogBlueprintUserMessages: [BP_Interactable_C_0] This is a small dinosaur
[2015.12.01-23.49.59:741][349]LogBlueprintUserMessages: [BP_PickUp_C_1] Hello
[2015.12.01-23.50.00:257][411]LogBlueprintUserMessages: [BP_PickUp_C_1] Hello
[2015.12.01-23.50.00:714][466]LogBlueprintUserMessages: Early EndPlayMap Detection: Level '/Game/RedCreek/Levels/ExampleMap.ExampleMap:PersistentLevel' has LevelScriptBlueprint '/Game/RedCreek/Levels/ExampleMap.ExampleMap:PersistentLevel.ExampleMap' with GeneratedClass '/Game/RedCreek/Levels/ExampleMap.ExampleMap_C' with ClassGeneratedBy '/Game/RedCreek/Levels/ExampleMap.ExampleMap:PersistentLevel.ExampleMap'
[2015.12.01-23.50.00:767][466]LogBlueprintUserMessages: Late EndPlayMap Detection: Level '/Game/RedCreek/Levels/ExampleMap.ExampleMap:PersistentLevel' has LevelScriptBlueprint '/Game/RedCreek/Levels/ExampleMap.ExampleMap:PersistentLevel.ExampleMap' with GeneratedClass '/Game/RedCreek/Levels/ExampleMap.ExampleMap_C' with ClassGeneratedBy '/Game/RedCreek/Levels/ExampleMap.ExampleMap:PersistentLevel.ExampleMap'
[2015.12.01-23.50.00:807][467]LogParticles: Destroying 0 GPU particle simulations for FXSystem 0x0000002FF7A21E40
[2015.12.01-23.50.38:280][899]BlueprintLog: New page: Compile BP_Interactable
[2015.12.01-23.50.38:425][899]BlueprintEditorCompileResults: Info [0529.35] Compile of BP_Interactable successful! [in 144 ms]
[2015.12.01-23.50.47:809][ 22]BlueprintLog: New page: Compile BP_PickUp
[2015.12.01-23.50.47:875][ 22]BlueprintEditorCompileResults: Info [0538.80] Compile of BP_PickUp successful! [in 65 ms]
[2015.12.01-23.50.49:891][262]LogBlueprintUserMessages: Early PlayInEditor Detection: Level '/Game/RedCreek/Levels/ExampleMap.ExampleMap:PersistentLevel' has LevelScriptBlueprint '/Game/RedCreek/Levels/ExampleMap.ExampleMap:PersistentLevel.ExampleMap' with GeneratedClass '/Game/RedCreek/Levels/ExampleMap.ExampleMap_C' with ClassGeneratedBy '/Game/RedCreek/Levels/ExampleMap.ExampleMap:PersistentLevel.ExampleMap'
[2015.12.01-23.50.49:891][262]LogPlayLevel: PlayLevel: No blueprints needed recompiling
[2015.12.01-23.50.49:891][262]PIE: New page: PIE session: ExampleMap (Dec 1, 2015, 7:50:49 AM)
[2015.12.01-23.50.49:891][262]LogPlayLevel: Creating play world package: /Game/RedCreek/Levels/UEDPIE_0_ExampleMap
[2015.12.01-23.50.49:893][262]LogPlayLevel: PIE: StaticDuplicateObject took: (0.002057s)
[2015.12.01-23.50.49:894][262]LogAIModule: Creating AISystem for world ExampleMap
[2015.12.01-23.50.49:894][262]LogPlayLevel: PIE: World Init took: (0.000605s)
[2015.12.01-23.50.49:894][262]LogPlayLevel: PIE: Created PIE world by copying editor world from /Game/RedCreek/Levels/ExampleMap.ExampleMap to /Game/RedCreek/Levels/UEDPIE_0_ExampleMap.ExampleMap (0.002822s)
[2015.12.01-23.50.49:925][262]LogInit: XAudio2 using 'Speakers (Jabra SPEAK 510 USB)' : 2 channels at 48 kHz using 16 bits per sample (channel mask 0x3)
[2015.12.01-23.50.49:930][262]LogInit: FAudioDevice initialized.
[2015.12.01-23.50.49:959][262]LogWorld: Game class is 'GameMode_Level_C'
[2015.12.01-23.50.49:963][262]LogWorld: Bringing World /Game/RedCreek/Levels/UEDPIE_0_ExampleMap.ExampleMap up for play (max tick rate 0) at 2015.12.01-15.50.49
[2015.12.01-23.50.49:963][262]LogActor:Warning: GameSession /Game/RedCreek/Levels/UEDPIE_0_ExampleMap.ExampleMap:PersistentLevel.GameSession_8 has natively added scene component(s), but none of them were set as the actor's RootComponent - picking one arbitrarily
[2015.12.01-23.50.49:963][262]LogActor:Warning: GameNetworkManager /Game/RedCreek/Levels/UEDPIE_0_ExampleMap.ExampleMap:PersistentLevel.GameNetworkManager_8 has natively added scene component(s), but none of them were set as the actor's RootComponent - picking one arbitrarily
[2015.12.01-23.50.49:963][262]LogWorld: Bringing up level for play took: 0.003077
[2015.12.01-23.50.49:970][262]PIE: Info Play in editor start time for /Game/RedCreek/Levels/UEDPIE_0_ExampleMap -0.244
[2015.12.01-23.50.49:970][262]LogBlueprintUserMessages: Late PlayInEditor Detection: Level '/Game/RedCreek/Levels/ExampleMap.ExampleMap:PersistentLevel' has LevelScriptBlueprint '/Game/RedCreek/Levels/ExampleMap.ExampleMap:PersistentLevel.ExampleMap' with GeneratedClass '/Game/RedCreek/Levels/ExampleMap.ExampleMap_C' with ClassGeneratedBy '/Game/RedCreek/Levels/ExampleMap.ExampleMap:PersistentLevel.ExampleMap'
[2015.12.01-23.50.50:829][364]LogBlueprintUserMessages: [BP_PickUp_C_2] ???
[2015.12.01-23.50.51:347][426]LogBlueprintUserMessages: [BP_Interactable_C_1] This is a small dinosaur
[2015.12.01-23.50.53:636][701]LogBlueprintUserMessages: Early EndPlayMap Detection: Level '/Game/RedCreek/Levels/ExampleMap.ExampleMap:PersistentLevel' has LevelScriptBlueprint '/Game/RedCreek/Levels/ExampleMap.ExampleMap:PersistentLevel.ExampleMap' with GeneratedClass '/Game/RedCreek/Levels/ExampleMap.ExampleMap_C' with ClassGeneratedBy '/Game/RedCreek/Levels/ExampleMap.ExampleMap:PersistentLevel.ExampleMap'
[2015.12.01-23.50.53:694][701]LogBlueprintUserMessages: Late EndPlayMap Detection: Level '/Game/RedCreek/Levels/ExampleMap.ExampleMap:PersistentLevel' has LevelScriptBlueprint '/Game/RedCreek/Levels/ExampleMap.ExampleMap:PersistentLevel.ExampleMap' with GeneratedClass '/Game/RedCreek/Levels/ExampleMap.ExampleMap_C' with ClassGeneratedBy '/Game/RedCreek/Levels/ExampleMap.ExampleMap:PersistentLevel.ExampleMap'
[2015.12.01-23.50.53:715][701]LogParticles: Destroying 0 GPU particle simulations for FXSystem 0x0000002FF9AE0CC0
[2015.12.01-23.51.00:245][471]BlueprintLog: New page: Compile BP_PickUp
[2015.12.01-23.51.00:309][471]BlueprintEditorCompileResults: Info [0551.23] Compile of BP_PickUp successful! [in 63 ms]
[2015.12.01-23.51.05:078][ 43]BlueprintLog: New page: Compile BP_PickUp
[2015.12.01-23.51.05:141][ 43]BlueprintEditorCompileResults: Info [0556.07] Compile of BP_PickUp successful! [in 62 ms]
[2015.12.01-23.51.05:881][130]LogBlueprintUserMessages: Early PlayInEditor Detection: Level '/Game/RedCreek/Levels/ExampleMap.ExampleMap:PersistentLevel' has LevelScriptBlueprint '/Game/RedCreek/Levels/ExampleMap.ExampleMap:PersistentLevel.ExampleMap' with GeneratedClass '/Game/RedCreek/Levels/ExampleMap.ExampleMap_C' with ClassGeneratedBy '/Game/RedCreek/Levels/ExampleMap.ExampleMap:PersistentLevel.ExampleMap'
[2015.12.01-23.51.05:881][130]LogPlayLevel: PlayLevel: No blueprints needed recompiling
[2015.12.01-23.51.05:881][130]PIE: New page: PIE session: ExampleMap (Dec 1, 2015, 7:51:05 AM)
[2015.12.01-23.51.05:881][130]LogPlayLevel: Creating play world package: /Game/RedCreek/Levels/UEDPIE_0_ExampleMap
[2015.12.01-23.51.05:883][130]LogPlayLevel: PIE: StaticDuplicateObject took: (0.001979s)
[2015.12.01-23.51.05:883][130]LogAIModule: Creating AISystem for world ExampleMap
[2015.12.01-23.51.05:883][130]LogPlayLevel: PIE: World Init took: (0.000558s)
[2015.12.01-23.51.05:884][130]LogPlayLevel: PIE: Created PIE world by copying editor world from /Game/RedCreek/Levels/ExampleMap.ExampleMap to /Game/RedCreek/Levels/UEDPIE_0_ExampleMap.ExampleMap (0.002691s)
[2015.12.01-23.51.05:914][130]LogInit: XAudio2 using 'Speakers (Jabra SPEAK 510 USB)' : 2 channels at 48 kHz using 16 bits per sample (channel mask 0x3)
[2015.12.01-23.51.05:919][130]LogInit: FAudioDevice initialized.
[2015.12.01-23.51.05:950][130]LogWorld: Game class is 'GameMode_Level_C'
[2015.12.01-23.51.05:953][130]LogWorld: Bringing World /Game/RedCreek/Levels/UEDPIE_0_ExampleMap.ExampleMap up for play (max tick rate 0) at 2015.12.01-15.51.05
[2015.12.01-23.51.05:953][130]LogActor:Warning: GameSession /Game/RedCreek/Levels/UEDPIE_0_ExampleMap.ExampleMap:PersistentLevel.GameSession_9 has natively added scene component(s), but none of them were set as the actor's RootComponent - picking one arbitrarily
[2015.12.01-23.51.05:953][130]LogActor:Warning: GameNetworkManager /Game/RedCreek/Levels/UEDPIE_0_ExampleMap.ExampleMap:PersistentLevel.GameNetworkManager_9 has natively added scene component(s), but none of them were set as the actor's RootComponent - picking one arbitrarily
[2015.12.01-23.51.05:953][130]LogWorld: Bringing up level for play took: 0.002927
[2015.12.01-23.51.05:960][130]PIE: Info Play in editor start time for /Game/RedCreek/Levels/UEDPIE_0_ExampleMap -0.254
[2015.12.01-23.51.05:961][130]LogBlueprintUserMessages: Late PlayInEditor Detection: Level '/Game/RedCreek/Levels/ExampleMap.ExampleMap:PersistentLevel' has LevelScriptBlueprint '/Game/RedCreek/Levels/ExampleMap.ExampleMap:PersistentLevel.ExampleMap' with GeneratedClass '/Game/RedCreek/Levels/ExampleMap.ExampleMap_C' with ClassGeneratedBy '/Game/RedCreek/Levels/ExampleMap.ExampleMap:PersistentLevel.ExampleMap'
[2015.12.01-23.51.07:254][283]LogBlueprintUserMessages: [BP_PickUp_C_2] Left Clicked
[2015.12.01-23.51.07:762][344]LogBlueprintUserMessages: [BP_PickUp_C_2] Left Clicked
[2015.12.01-23.51.08:085][383]LogBlueprintUserMessages: Early EndPlayMap Detection: Level '/Game/RedCreek/Levels/ExampleMap.ExampleMap:PersistentLevel' has LevelScriptBlueprint '/Game/RedCreek/Levels/ExampleMap.ExampleMap:PersistentLevel.ExampleMap' with GeneratedClass '/Game/RedCreek/Levels/ExampleMap.ExampleMap_C' with ClassGeneratedBy '/Game/RedCreek/Levels/ExampleMap.ExampleMap:PersistentLevel.ExampleMap'
[2015.12.01-23.51.08:135][383]LogBlueprintUserMessages: Late EndPlayMap Detection: Level '/Game/RedCreek/Levels/ExampleMap.ExampleMap:PersistentLevel' has LevelScriptBlueprint '/Game/RedCreek/Levels/ExampleMap.ExampleMap:PersistentLevel.ExampleMap' with GeneratedClass '/Game/RedCreek/Levels/ExampleMap.ExampleMap_C' with ClassGeneratedBy '/Game/RedCreek/Levels/ExampleMap.ExampleMap:PersistentLevel.ExampleMap'
[2015.12.01-23.51.08:176][384]LogParticles: Destroying 0 GPU particle simulations for FXSystem 0x0000002F83DD42C0
[2015.12.01-23.51.16:847][274]Cmd: OBJ SAVEPACKAGE PACKAGE="/Game/RedCreek/Blueprints/BP_Interactable" FILE="../../../../../../Users/1/Documents/GitHub/RedCreek/RedCreek/Content/RedCreek/Blueprints/BP_Interactable.uasset" SILENT=true
[2015.12.01-23.51.16:889][274]LogSavePackage: Save=24.934542ms
[2015.12.01-23.51.16:889][274]LogSavePackage: Moving '../../../../../../Users/1/Documents/GitHub/RedCreek/RedCreek/Saved/BP_Interactable0A33D04E4FCCB083D8E7D4B6848F3535.tmp' to '../../../../../../Users/1/Documents/GitHub/RedCreek/RedCreek/Content/RedCreek/Blueprints/BP_Interactable.uasset'
[2015.12.01-23.51.16:892][274]LogSavePackage: Total save time: 43.570586ms
[2015.12.01-23.51.16:892][274]LogSavePackage:Display: Finished SavePackage ../../../../../../Users/1/Documents/GitHub/RedCreek/RedCreek/Content/RedCreek/Blueprints/BP_Interactable.uasset
[2015.12.01-23.51.16:899][274]Cmd: OBJ SAVEPACKAGE PACKAGE="/Game/RedCreek/Blueprints/BP_PickUp" FILE="../../../../../../Users/1/Documents/GitHub/RedCreek/RedCreek/Content/RedCreek/Blueprints/BP_PickUp.uasset" SILENT=true
[2015.12.01-23.51.16:917][274]LogSavePackage: Save=16.007204ms
[2015.12.01-23.51.16:917][274]LogSavePackage: Moving '../../../../../../Users/1/Documents/GitHub/RedCreek/RedCreek/Saved/BP_PickUpB5438D7642EC31166BD564913E00DF48.tmp' to '../../../../../../Users/1/Documents/GitHub/RedCreek/RedCreek/Content/RedCreek/Blueprints/BP_PickUp.uasset'
[2015.12.01-23.51.16:918][274]LogSavePackage: Total save time: 18.022329ms
[2015.12.01-23.51.16:918][274]LogSavePackage:Display: Finished SavePackage ../../../../../../Users/1/Documents/GitHub/RedCreek/RedCreek/Content/RedCreek/Blueprints/BP_PickUp.uasset
[2015.12.01-23.51.17:064][274]LogSavePackage: Save=60.224316ms
[2015.12.01-23.51.17:064][274]LogSavePackage: Moving '../../../../../../Users/1/Documents/GitHub/RedCreek/RedCreek/Saved/ExampleMap2C63AF724AEA75C3EEB6F5934AF74D77.tmp' to '../../../../../../Users/1/Documents/GitHub/RedCreek/RedCreek/Content/RedCreek/Levels/ExampleMap.umap'
[2015.12.01-23.51.17:067][274]LogSavePackage: Total save time: 71.873497ms
[2015.12.01-23.51.17:067][274]LogSavePackage:Display: Finished SavePackage ../../../../../../Users/1/Documents/GitHub/RedCreek/RedCreek/Content/RedCreek/Levels/ExampleMap.umap
[2015.12.01-23.51.17:095][274]LogFileHelpers: Saving map 'ExampleMap' took 0.175
[2015.12.01-23.54.45:574][592]LogSavePackage: Save=4.005865ms
[2015.12.01-23.54.45:574][592]LogSavePackage: Moving '../../../../../../Users/1/Documents/GitHub/RedCreek/RedCreek/Saved/Struct_PickUpInfo88456B87413AA3DE0843E5BFF06228A9.tmp' to '../../../../../../Users/1/Documents/GitHub/RedCreek/RedCreek/Content/RedCreek/Blueprints/Struct_PickUpInfo.uasset'
[2015.12.01-23.54.45:575][592]LogSavePackage: Total save time: 6.000519ms
[2015.12.01-23.54.45:575][592]LogSavePackage:Display: Finished SavePackage ../../../../../../Users/1/Documents/GitHub/RedCreek/RedCreek/Content/RedCreek/Blueprints/Struct_PickUpInfo.uasset
[2015.12.01-23.54.50:782][213]LogSavePackage: Save=3.547759ms
[2015.12.01-23.54.50:782][213]LogSavePackage: Moving '../../../../../../Users/1/Documents/GitHub/RedCreek/RedCreek/Saved/Struct_PickUpInfo473D7BCF43ABA5A960FD4E8868E07924.tmp' to '../../../../../../Users/1/Documents/GitHub/RedCreek/RedCreek/Content/RedCreek/Blueprints/Struct_PickUpInfo.uasset'
[2015.12.01-23.54.50:784][213]LogSavePackage: Total save time: 15.742034ms
[2015.12.01-23.54.50:784][213]LogSavePackage:Display: Finished SavePackage ../../../../../../Users/1/Documents/GitHub/RedCreek/RedCreek/Content/RedCreek/Blueprints/Struct_PickUpInfo.uasset
[2015.12.01-23.54.57:378][  1]LogSavePackage: Save=3.457161ms
[2015.12.01-23.54.57:378][  1]LogSavePackage: Moving '../../../../../../Users/1/Documents/GitHub/RedCreek/RedCreek/Saved/Struct_PickUpInfoA7AFFDAD4AC0D118F06E168FB49A2942.tmp' to '../../../../../../Users/1/Documents/GitHub/RedCreek/RedCreek/Content/RedCreek/Blueprints/Struct_PickUpInfo.uasset'
[2015.12.01-23.54.57:380][  1]LogSavePackage: Total save time: 12.360118ms
[2015.12.01-23.54.57:380][  1]LogSavePackage:Display: Finished SavePackage ../../../../../../Users/1/Documents/GitHub/RedCreek/RedCreek/Content/RedCreek/Blueprints/Struct_PickUpInfo.uasset
[2015.12.01-23.55.45:351][748]BlueprintLog: New page: Compile BP_PickUp
[2015.12.01-23.55.45:439][748]BlueprintEditorCompileResults: Info [0836.36] Compile of BP_PickUp successful! [in 87 ms]
[2015.12.01-23.55.53:791][748]LogEditorViewport: Clicking on Actor (LMB): BP_Interactable_C (NewBlueprint2)
[2015.12.01-23.55.56:031][ 14]LogEditorViewport: Clicking on Actor (LMB): BP_PickUp_C (BP_PickUp)
[2015.12.01-23.56.15:464][331]LogSavePackage: Save=57.066639ms
[2015.12.01-23.56.15:464][331]LogSavePackage: Moving '../../../../../../Users/1/Documents/GitHub/RedCreek/RedCreek/Saved/ExampleMapAE1D250344FA6211EA492F8361B8CE96.tmp' to '../../../../../../Users/1/Documents/GitHub/RedCreek/RedCreek/Content/RedCreek/Levels/ExampleMap.umap'
[2015.12.01-23.56.15:467][331]LogSavePackage: Total save time: 66.196844ms
[2015.12.01-23.56.15:467][331]LogSavePackage:Display: Finished SavePackage ../../../../../../Users/1/Documents/GitHub/RedCreek/RedCreek/Content/RedCreek/Levels/ExampleMap.umap
[2015.12.01-23.56.27:228][733]Cmd: OBJ SAVEPACKAGE PACKAGE="/Game/RedCreek/Blueprints/BP_PickUp" FILE="../../../../../../Users/1/Documents/GitHub/RedCreek/RedCreek/Content/RedCreek/Blueprints/BP_PickUp.uasset" SILENT=true
[2015.12.01-23.56.27:255][733]LogSavePackage: Save=13.921350ms
[2015.12.01-23.56.27:255][733]LogSavePackage: Moving '../../../../../../Users/1/Documents/GitHub/RedCreek/RedCreek/Saved/BP_PickUpCBBC107346BFC68D8EBA4E91EB366F48.tmp' to '../../../../../../Users/1/Documents/GitHub/RedCreek/RedCreek/Content/RedCreek/Blueprints/BP_PickUp.uasset'
[2015.12.01-23.56.27:257][733]LogSavePackage: Total save time: 27.980253ms
[2015.12.01-23.56.27:257][733]LogSavePackage:Display: Finished SavePackage ../../../../../../Users/1/Documents/GitHub/RedCreek/RedCreek/Content/RedCreek/Blueprints/BP_PickUp.uasset
[2015.12.01-23.56.27:384][733]LogActorComponent: UnregisterComponent: (/Engine/Transient.EditorFloorComp) Not registered. Aborting.
[2015.12.01-23.56.27:429][733]LogWindowsTextInputMethodSystem:Display: IME system now deactivated.
[2015.12.01-23.56.27:625][734]Cmd: QUIT_EDITOR
[2015.12.01-23.56.27:829][734]LogExit: Preparing to exit.
[2015.12.01-23.56.28:918][734]LogExit: Editor shut down
[2015.12.01-23.56.28:919][734]LogExit: Transaction tracking system shut down
[2015.12.01-23.56.28:920][734]LogParticles: Destroying 0 GPU particle simulations for FXSystem 0x0000002FD67FDEE0
[2015.12.01-23.56.28:920][734]LogParticles: Destroying 0 GPU particle simulations for FXSystem 0x0000002FD6B30900
[2015.12.01-23.56.28:922][734]LogParticles: Destroying 0 GPU particle simulations for FXSystem 0x0000002FD6B33740
[2015.12.01-23.56.28:925][734]LogParticles: Destroying 0 GPU particle simulations for FXSystem 0x0000002FF6F50400
[2015.12.01-23.56.28:925][734]LogParticles: Destroying 0 GPU particle simulations for FXSystem 0x0000002FF6F53E20
[2015.12.01-23.56.28:925][734]LogParticles: Destroying 0 GPU particle simulations for FXSystem 0x0000002FF85BF060
[2015.12.01-23.56.29:083][734]LogExit: Object subsystem successfully closed.
[2015.12.01-23.56.29:100][734]LogD3D11RHI: Shutdown
[2015.12.01-23.56.29:100][734]LogD3D11RHI: CleanupD3DDevice
[2015.12.01-23.56.29:129][734]LogD3D11RHI: ~FD3D11DynamicRHI
[2015.12.01-23.56.29:143][734]LogModuleManager: Shutting down and abandoning module CookingStats (200)
[2015.12.01-23.56.29:143][734]LogModuleManager: Shutting down and abandoning module BlueprintGraph (199)
[2015.12.01-23.56.29:143][734]LogModuleManager: Shutting down and abandoning module CrashTracker (198)
[2015.12.01-23.56.29:143][734]LogModuleManager: Shutting down and abandoning module SceneOutliner (197)
[2015.12.01-23.56.29:143][734]LogModuleManager: Shutting down and abandoning module SuperSearch (196)
[2015.12.01-23.56.29:143][734]LogModuleManager: Shutting down and abandoning module WidgetCarousel (195)
[2015.12.01-23.56.29:143][734]LogModuleManager: Shutting down and abandoning module AddContentDialog (194)
[2015.12.01-23.56.29:144][734]LogModuleManager: Shutting down and abandoning module EditorWidgets (193)
[2015.12.01-23.56.29:144][734]LogModuleManager: Shutting down and abandoning module CollectionManager (192)
[2015.12.01-23.56.29:144][734]LogModuleManager: Shutting down and abandoning module StatsViewer (191)
[2015.12.01-23.56.29:144][734]LogModuleManager: Shutting down and abandoning module FoliageEdit (190)
[2015.12.01-23.56.29:144][734]LogModuleManager: Shutting down and abandoning module LandscapeEditor (189)
[2015.12.01-23.56.29:145][734]LogModuleManager: Shutting down and abandoning module ActorPickerMode (188)
[2015.12.01-23.56.29:145][734]LogModuleManager: Shutting down and abandoning module GeometryMode (187)
[2015.12.01-23.56.29:145][734]LogModuleManager: Shutting down and abandoning module TextureAlignMode (186)
[2015.12.01-23.56.29:145][734]LogModuleManager: Shutting down and abandoning module BspMode (185)
[2015.12.01-23.56.29:145][734]LogModuleManager: Shutting down and abandoning module PlacementMode (184)
[2015.12.01-23.56.29:145][734]LogModuleManager: Shutting down and abandoning module AutomationWorker (183)
[2015.12.01-23.56.29:145][734]LogModuleManager: Shutting down and abandoning module CharacterAI (182)
[2015.12.01-23.56.29:145][734]LogModuleManager: Shutting down and abandoning module SmartSnapping (181)
[2015.12.01-23.56.29:145][734]LogModuleManager: Shutting down and abandoning module ViewportSnapping (180)
[2015.12.01-23.56.29:145][734]LogModuleManager: Shutting down and abandoning module LogVisualizer (179)
[2015.12.01-23.56.29:145][734]LogModuleManager: Shutting down and abandoning module GameProjectGeneration (178)
[2015.12.01-23.56.29:145][734]LogModuleManager: Shutting down and abandoning module IntroTutorials (177)
[2015.12.01-23.56.29:145][734]LogModuleManager: Shutting down and abandoning module EditorLiveStreaming (176)
[2015.12.01-23.56.29:145][734]LogModuleManager: Shutting down and abandoning module IOSPlatformEditor (175)
[2015.12.01-23.56.29:145][734]LogModuleManager: Shutting down and abandoning module HTML5PlatformEditor (174)
[2015.12.01-23.56.29:145][734]LogModuleManager: Shutting down and abandoning module AndroidDeviceDetection (173)
[2015.12.01-23.56.29:733][734]LogModuleManager: Shutting down and abandoning module AndroidPlatformEditor (172)
[2015.12.01-23.56.29:733][734]LogModuleManager: Shutting down and abandoning module IOSRuntimeSettings (171)
[2015.12.01-23.56.29:733][734]LogModuleManager: Shutting down and abandoning module AndroidRuntimeSettings (170)
[2015.12.01-23.56.29:733][734]LogModuleManager: Shutting down and abandoning module MergeActors (169)
[2015.12.01-23.56.29:733][734]LogModuleManager: Shutting down and abandoning module SizeMap (168)
[2015.12.01-23.56.29:733][734]LogModuleManager: Shutting down and abandoning module TreeMap (167)
[2015.12.01-23.56.29:733][734]LogModuleManager: Shutting down and abandoning module ReferenceViewer (166)
[2015.12.01-23.56.29:733][734]LogModuleManager: Shutting down and abandoning module LocalizationService (165)
[2015.12.01-23.56.29:733][734]LogModuleManager: Shutting down and abandoning module LocalizationDashboard (164)
[2015.12.01-23.56.29:733][734]LogModuleManager: Shutting down and abandoning module HardwareTargeting (163)
[2015.12.01-23.56.29:733][734]LogModuleManager: Shutting down and abandoning module DeviceProfileEditor (162)
[2015.12.01-23.56.29:733][734]LogModuleManager: Shutting down and abandoning module UndoHistory (161)
[2015.12.01-23.56.29:733][734]LogModuleManager: Shutting down and abandoning module GameplayTagsEditor (160)
[2015.12.01-23.56.29:733][734]LogModuleManager: Shutting down and abandoning module UserFeedback (159)
[2015.12.01-23.56.29:733][734]LogModuleManager: Shutting down and abandoning module XmlParser (158)
[2015.12.01-23.56.29:733][734]LogModuleManager: Shutting down and abandoning module Blutility (157)
[2015.12.01-23.56.29:733][734]LogModuleManager: Shutting down and abandoning module ProjectTargetPlatformEditor (156)
[2015.12.01-23.56.29:733][734]LogModuleManager: Shutting down and abandoning module ProjectSettingsViewer (155)
[2015.12.01-23.56.29:733][734]LogModuleManager: Shutting down and abandoning module InputBindingEditor (154)
[2015.12.01-23.56.29:733][734]LogModuleManager: Shutting down and abandoning module EditorSettingsViewer (153)
[2015.12.01-23.56.29:734][734]LogModuleManager: Shutting down and abandoning module SettingsEditor (152)
[2015.12.01-23.56.29:734][734]LogModuleManager: Shutting down and abandoning module ProjectLauncher (151)
[2015.12.01-23.56.29:734][734]LogModuleManager: Shutting down and abandoning module SessionFrontend (150)
[2015.12.01-23.56.29:734][734]LogModuleManager: Shutting down and abandoning module ProfilerClient (149)
[2015.12.01-23.56.29:734][734]LogModuleManager: Shutting down and abandoning module TargetDeviceServices (148)
[2015.12.01-23.56.29:734][734]LogModuleManager: Shutting down and abandoning module DeviceManager (147)
[2015.12.01-23.56.29:734][734]LogModuleManager: Shutting down and abandoning module AutomationController (146)
[2015.12.01-23.56.29:734][734]LogModuleManager: Shutting down and abandoning module AutomationWindow (145)
[2015.12.01-23.56.29:734][734]LogModuleManager: Shutting down and abandoning module Layers (144)
[2015.12.01-23.56.29:734][734]LogModuleManager: Shutting down and abandoning module ComponentVisualizers (143)
[2015.12.01-23.56.29:734][734]LogModuleManager: Shutting down and abandoning module DetailCustomizations (142)
[2015.12.01-23.56.29:734][734]LogModuleManager: Shutting down and abandoning module PackagesDialog (141)
[2015.12.01-23.56.29:734][734]LogModuleManager: Shutting down and abandoning module Persona (140)
[2015.12.01-23.56.29:734][734]LogModuleManager: Shutting down and abandoning module Kismet (139)
[2015.12.01-23.56.29:734][734]LogModuleManager: Shutting down and abandoning module GraphEditor (138)
[2015.12.01-23.56.29:734][734]LogModuleManager: Shutting down and abandoning module ClassViewer (137)
[2015.12.01-23.56.29:735][734]LogModuleManager: Shutting down and abandoning module Toolbox (136)
[2015.12.01-23.56.29:735][734]LogModuleManager: Shutting down and abandoning module ModuleUI (135)
[2015.12.01-23.56.29:735][734]LogModuleManager: Shutting down and abandoning module MovieSceneTools (134)
[2015.12.01-23.56.29:735][734]LogModuleManager: Shutting down and abandoning module OutputLog (133)
[2015.12.01-23.56.29:735][734]LogModuleManager: Shutting down and abandoning module GammaUI (132)
[2015.12.01-23.56.29:735][734]LogModuleManager: Shutting down and abandoning module Documentation (131)
[2015.12.01-23.56.29:735][734]LogModuleManager: Shutting down and abandoning module GameLiveStreaming (130)
[2015.12.01-23.56.29:735][734]LogModuleManager: Shutting down and abandoning module StreamingPauseRendering (129)
[2015.12.01-23.56.29:735][734]LogModuleManager: Shutting down and abandoning module AnalyticsET (128)
[2015.12.01-23.56.29:735][734]LogModuleManager: Shutting down and abandoning module Analytics (127)
[2015.12.01-23.56.29:735][734]LogModuleManager: Shutting down and abandoning module AITestSuite (126)
[2015.12.01-23.56.29:735][734]LogModuleManager: Shutting down and abandoning module GameplayDebugger (125)
[2015.12.01-23.56.29:735][734]LogModuleManager: Shutting down and abandoning module AIModule (124)
[2015.12.01-23.56.29:735][734]LogModuleManager: Shutting down and abandoning module ProfilerService (123)
[2015.12.01-23.56.29:847][734]LogModuleManager: Shutting down and abandoning module TaskGraph (122)
[2015.12.01-23.56.29:847][734]LogModuleManager: Shutting down and abandoning module SlateRemote (121)
[2015.12.01-23.56.29:847][734]LogModuleManager: Shutting down and abandoning module SteamVRController (120)
[2015.12.01-23.56.29:847][734]LogModuleManager: Shutting down and abandoning module SteamVR (119)
[2015.12.01-23.56.29:847][734]LogModuleManager: Shutting down and abandoning module ProceduralMeshComponent (118)
[2015.12.01-23.56.29:847][734]LogModuleManager: Shutting down and abandoning module OculusLibrary (117)
[2015.12.01-23.56.29:847][734]LogModuleManager: Shutting down and abandoning module OculusInput (116)
[2015.12.01-23.56.29:847][734]LogModuleManager: Shutting down and abandoning module LeapMotionController (115)
[2015.12.01-23.56.29:857][734]LogModuleManager: Shutting down and abandoning module CustomMeshComponent (114)
[2015.12.01-23.56.29:857][734]LogModuleManager: Shutting down and abandoning module CableComponent (113)
[2015.12.01-23.56.29:857][734]LogModuleManager: Shutting down and abandoning module ArchVisCharacter (112)
[2015.12.01-23.56.29:857][734]LogModuleManager: Shutting down and abandoning module MessagingDebugger (111)
[2015.12.01-23.56.29:857][734]LogModuleManager: Shutting down and abandoning module MediaPlayerEditor (110)
[2015.12.01-23.56.29:857][734]LogModuleManager: Shutting down and abandoning module HTML5Networking (109)
[2015.12.01-23.56.29:857][734]LogModuleManager: Shutting down and abandoning module SpeedTreeImporter (108)
[2015.12.01-23.56.29:857][734]LogModuleManager: Shutting down and abandoning module PluginBrowser (107)
[2015.12.01-23.56.29:857][734]LogModuleManager: Shutting down and abandoning module EpicSurvey (106)
[2015.12.01-23.56.29:857][734]LogModuleManager: Shutting down and abandoning module DesktopPlatform (105)
[2015.12.01-23.56.29:857][734]LogModuleManager: Shutting down and abandoning module VisualStudioSourceCodeAccess (104)
[2015.12.01-23.56.29:857][734]LogModuleManager: Shutting down and abandoning module UObjectPlugin (103)
[2015.12.01-23.56.29:857][734]LogModuleManager: Shutting down and abandoning module SubversionSourceControl (102)
[2015.12.01-23.56.29:857][734]LogModuleManager: Shutting down and abandoning module PerforceSourceControl (101)
[2015.12.01-23.56.29:857][734]LogModuleManager: Shutting down and abandoning module SourceControl (100)
[2015.12.01-23.56.29:857][734]LogModuleManager: Shutting down and abandoning module GitSourceControl (99)
[2015.12.01-23.56.29:857][734]LogModuleManager: Shutting down and abandoning module LightPropagationVolumeEditor (98)
[2015.12.01-23.56.29:857][734]LogModuleManager: Shutting down and abandoning module PaperTiledImporter (97)
[2015.12.01-23.56.29:857][734]LogModuleManager: Shutting down and abandoning module PaperSpriteSheetImporter (96)
[2015.12.01-23.56.29:857][734]LogModuleManager: Shutting down and abandoning module MeshPaint (95)
[2015.12.01-23.56.29:857][734]LogModuleManager: Shutting down and abandoning module SlateReflector (94)
[2015.12.01-23.56.29:857][734]LogModuleManager: Shutting down and abandoning module HotReload (93)
[2015.12.01-23.56.29:857][734]LogModuleManager: Shutting down and abandoning module MainFrame (92)
[2015.12.01-23.56.29:857][734]LogModuleManager: Shutting down and abandoning module LevelEditor (91)
[2015.12.01-23.56.29:858][734]LogModuleManager: Shutting down and abandoning module DirectoryWatcher (90)
[2015.12.01-23.56.29:859][734]LogModuleManager: Shutting down and abandoning module AssetRegistry (89)
[2015.12.01-23.56.29:893][734]LogModuleManager: Shutting down and abandoning module ContentBrowser (88)
[2015.12.01-23.56.29:893][734]LogModuleManager: Shutting down and abandoning module Paper2DEditor (87)
[2015.12.01-23.56.29:893][734]LogModuleManager: Shutting down and abandoning module UdpMessaging (86)
[2015.12.01-23.56.29:994][734]LogModuleManager: Shutting down and abandoning module LightPropagationVolumeRuntime (85)
[2015.12.01-23.56.29:994][734]LogModuleManager: Shutting down and abandoning module Paper2D (84)
[2015.12.01-23.56.29:994][734]LogModuleManager: Shutting down and abandoning module WindowsMoviePlayer (83)
[2015.12.01-23.56.29:996][734]LogModuleManager: Shutting down and abandoning module Media (82)
[2015.12.01-23.56.29:996][734]LogModuleManager: Shutting down and abandoning module WmfMedia (81)
[2015.12.01-23.56.29:996][734]LogModuleManager: Shutting down and abandoning module OnlineBlueprintSupport (80)
[2015.12.01-23.56.29:996][734]LogModuleManager: Shutting down and abandoning module GameplayTasksEditor (79)
[2015.12.01-23.56.29:996][734]LogModuleManager: Shutting down and abandoning module PropertyEditor (78)
[2015.12.01-23.56.29:996][734]LogModuleManager: Shutting down and abandoning module BehaviorTreeEditor (77)
[2015.12.01-23.56.29:996][734]LogModuleManager: Shutting down and abandoning module FunctionalTesting (76)
[2015.12.01-23.56.29:996][734]LogModuleManager: Shutting down and abandoning module CollisionAnalyzer (75)
[2015.12.01-23.56.29:996][734]LogModuleManager: Shutting down and abandoning module WorkspaceMenuStructure (74)
[2015.12.01-23.56.29:996][734]LogModuleManager: Shutting down and abandoning module MessageLog (73)
[2015.12.01-23.56.29:996][734]LogModuleManager: Shutting down and abandoning module Sequencer (72)
[2015.12.01-23.56.29:996][734]LogModuleManager: Shutting down and abandoning module AssetTools (71)
[2015.12.01-23.56.29:996][734]LogModuleManager: Shutting down and abandoning module UMGEditor (70)
[2015.12.01-23.56.29:996][734]LogModuleManager: Shutting down and abandoning module UMG (69)
[2015.12.01-23.56.29:996][734]LogModuleManager: Shutting down and abandoning module Slate (68)
[2015.12.01-23.56.29:996][734]LogModuleManager: Shutting down and abandoning module EditorStyle (67)
[2015.12.01-23.56.29:998][734]LogModuleManager: Shutting down and abandoning module SessionServices (66)
[2015.12.01-23.56.29:998][734]LogModuleManager: Shutting down and abandoning module SourceCodeAccess (65)
[2015.12.01-23.56.29:998][734]LogModuleManager: Shutting down and abandoning module HeadMountedDisplay (64)
[2015.12.01-23.56.29:998][734]LogModuleManager: Shutting down and abandoning module XAudio2 (63)
[2015.12.01-23.56.29:998][734]LogModuleManager: Shutting down and abandoning module Networking (61)
[2015.12.01-23.56.29:998][734]LogModuleManager: Shutting down and abandoning module Core (60)
[2015.12.01-23.56.29:998][734]LogModuleManager: Shutting down and abandoning module KismetCompiler (59)
[2015.12.01-23.56.29:998][734]LogModuleManager: Shutting down and abandoning module PhysXFormats (58)
[2015.12.01-23.56.29:998][734]LogModuleManager: Shutting down and abandoning module MeshUtilities (57)
[2015.12.01-23.56.29:998][734]LogModuleManager: Shutting down and abandoning module DerivedDataCache (56)
[2015.12.01-23.56.30:082][734]LogDerivedDataCache: Shutdown
[2015.12.01-23.56.30:082][734]LogModuleManager: Shutting down and abandoning module ShaderFormatOpenGL (55)
[2015.12.01-23.56.30:082][734]LogModuleManager: Shutting down and abandoning module ShaderFormatD3D (54)
[2015.12.01-23.56.30:082][734]LogModuleManager: Shutting down and abandoning module MetalShaderFormat (53)
[2015.12.01-23.56.30:082][734]LogModuleManager: Shutting down and abandoning module TextureFormatUncompressed (52)
[2015.12.01-23.56.30:082][734]LogModuleManager: Shutting down and abandoning module TextureFormatPVR (51)
[2015.12.01-23.56.30:082][734]LogModuleManager: Shutting down and abandoning module TextureFormatIntelISPCTexComp (50)
[2015.12.01-23.56.30:082][734]LogModuleManager: Shutting down and abandoning module TextureFormatDXT (49)
[2015.12.01-23.56.30:082][734]LogModuleManager: Shutting down and abandoning module ImageWrapper (48)
[2015.12.01-23.56.30:082][734]LogModuleManager: Shutting down and abandoning module TextureFormatASTC (47)
[2015.12.01-23.56.30:082][734]LogModuleManager: Shutting down and abandoning module TextureFormatAndroid (46)
[2015.12.01-23.56.30:082][734]LogModuleManager: Shutting down and abandoning module AudioFormatOpus (45)
[2015.12.01-23.56.30:082][734]LogModuleManager: Shutting down and abandoning module AudioFormatOgg (44)
[2015.12.01-23.56.30:082][734]LogModuleManager: Shutting down and abandoning module AudioFormatADPCM (43)
[2015.12.01-23.56.30:082][734]LogModuleManager: Shutting down and abandoning module LinuxTargetPlatform (42)
[2015.12.01-23.56.30:082][734]LogModuleManager: Shutting down and abandoning module LinuxServerTargetPlatform (41)
[2015.12.01-23.56.30:082][734]LogModuleManager: Shutting down and abandoning module LinuxNoEditorTargetPlatform (40)
[2015.12.01-23.56.30:082][734]LogModuleManager: Shutting down and abandoning module Messaging (39)
[2015.12.01-23.56.30:082][734]LogModuleManager: Shutting down and abandoning module IOSTargetPlatform (38)
[2015.12.01-23.56.30:082][734]LogModuleManager: Shutting down and abandoning module HTML5TargetPlatform (37)
[2015.12.01-23.56.30:082][734]LogModuleManager: Shutting down and abandoning module Android_PVRTCTargetPlatform (36)
[2015.12.01-23.56.30:082][734]LogModuleManager: Shutting down and abandoning module Android_MultiTargetPlatform (35)
[2015.12.01-23.56.30:082][734]LogModuleManager: Shutting down and abandoning module Android_ETC2TargetPlatform (34)
[2015.12.01-23.56.30:082][734]LogModuleManager: Shutting down and abandoning module Android_ETC1TargetPlatform (33)
[2015.12.01-23.56.30:082][734]LogModuleManager: Shutting down and abandoning module Android_DXTTargetPlatform (32)
[2015.12.01-23.56.30:082][734]LogModuleManager: Shutting down and abandoning module Android_ATCTargetPlatform (31)
[2015.12.01-23.56.30:082][734]LogModuleManager: Shutting down and abandoning module Android_ASTCTargetPlatform (30)
[2015.12.01-23.56.30:082][734]LogModuleManager: Shutting down and abandoning module AndroidTargetPlatform (29)
[2015.12.01-23.56.30:082][734]LogModuleManager: Shutting down and abandoning module WindowsTargetPlatform (28)
[2015.12.01-23.56.30:082][734]LogModuleManager: Shutting down and abandoning module WindowsServerTargetPlatform (27)
[2015.12.01-23.56.30:082][734]LogModuleManager: Shutting down and abandoning module WindowsNoEditorTargetPlatform (26)
[2015.12.01-23.56.30:082][734]LogModuleManager: Shutting down and abandoning module WindowsClientTargetPlatform (25)
[2015.12.01-23.56.30:082][734]LogModuleManager: Shutting down and abandoning module AllDesktopTargetPlatform (24)
[2015.12.01-23.56.30:082][734]LogModuleManager: Shutting down and abandoning module TargetPlatform (23)
[2015.12.01-23.56.30:082][734]LogModuleManager: Shutting down and abandoning module InputCore (22)
[2015.12.01-23.56.30:082][734]LogModuleManager: Shutting down and abandoning module Settings (21)
[2015.12.01-23.56.30:082][734]LogModuleManager: Shutting down and abandoning module OnlineSubsystem (19)
[2015.12.01-23.56.30:082][734]LogModuleManager: Shutting down and abandoning module HTTP (18)
[2015.12.01-23.56.32:085][734]LogModuleManager: Shutting down and abandoning module XMPP (17)
[2015.12.01-23.56.32:085][734]LogModuleManager: Shutting down and abandoning module OculusRift (16)
[2015.12.01-23.56.32:085][734]LogModuleManager: Shutting down and abandoning module ExampleDeviceProfileSelector (15)
[2015.12.01-23.56.32:085][734]LogModuleManager: Shutting down and abandoning module TextureCompressor (14)
[2015.12.01-23.56.32:085][734]LogModuleManager: Shutting down and abandoning module ShaderCore (13)
[2015.12.01-23.56.32:085][734]LogModuleManager: Shutting down and abandoning module Landscape (12)
[2015.12.01-23.56.32:085][734]LogModuleManager: Shutting down and abandoning module SlateRHIRenderer (11)
[2015.12.01-23.56.32:087][734]LogModuleManager: Shutting down and abandoning module OpenGLDrv (10)
[2015.12.01-23.56.32:087][734]LogModuleManager: Shutting down and abandoning module D3D11RHI (9)
[2015.12.01-23.56.32:087][734]LogModuleManager: Shutting down and abandoning module AnimGraphRuntime (8)
[2015.12.01-23.56.32:087][734]LogModuleManager: Shutting down and abandoning module Renderer (7)
[2015.12.01-23.56.32:087][734]LogModuleManager: Shutting down and abandoning module Engine (6)
[2015.12.01-23.56.32:087][734]LogModuleManager: Shutting down and abandoning module CoreUObject (5)
[2015.12.01-23.56.32:087][734]LogModuleManager: Shutting down and abandoning module NetworkFile (4)
[2015.12.01-23.56.32:087][734]LogModuleManager: Shutting down and abandoning module StreamingFile (3)
[2015.12.01-23.56.32:087][734]LogModuleManager: Shutting down and abandoning module SandboxFile (2)
[2015.12.01-23.56.32:087][734]LogModuleManager: Shutting down and abandoning module PakFile (1)
[2015.12.01-23.56.32:088][734]LogExit: Exiting.
[2015.12.01-23.56.32:089][734]Log file closed, 12/01/15 15:56:32
