[2015.12.04-19.36.01:091][  0]Log file open, 12/04/15 11:36:01
[2015.12.04-19.36.01:091][  0]LogInit:Display: Running engine for game: RedCreek
[2015.12.04-19.36.01:092][  0]LogPlatformFile: Not using cached read wrapper
[2015.12.04-19.36.01:092][  0]LogInit:Display: RandInit(428951908) SRandInit(428951910).
[2015.12.04-19.36.01:092][  0]LogTaskGraph: Started task graph with 4 named threads and 8 total threads.
[2015.12.04-19.36.01:092][  0]LogStats: Stats thread started at 0.563714
[2015.12.04-19.36.01:092][  0]LogInit: Version: 4.10.0-2758231+++depot+UE4-Releases+4.10
[2015.12.04-19.36.01:092][  0]LogInit: API Version: 2758231
[2015.12.04-19.36.01:092][  0]LogInit: Compiled (64-bit): Nov  7 2015 05:13:45
[2015.12.04-19.36.01:092][  0]LogInit: Compiled with Visual C++: 19.00.23026.00
[2015.12.04-19.36.01:092][  0]LogInit: Build Configuration: Development
[2015.12.04-19.36.01:092][  0]LogInit: Branch Name: ++depot+UE4-Releases+4.10
[2015.12.04-19.36.01:092][  0]LogInit: Command line:  
[2015.12.04-19.36.01:092][  0]LogInit: Base directory: C:/Program Files/Epic Games/4.10/Engine/Binaries/Win64/
[2015.12.04-19.36.01:092][  0]LogInit: Rocket: 1
[2015.12.04-19.36.01:136][  0]LogInit: Using libcurl 7.41.0
[2015.12.04-19.36.01:136][  0]LogInit:  - built for x86_64-pc-win32
[2015.12.04-19.36.01:136][  0]LogInit:  - supports SSL with WinSSL
[2015.12.04-19.36.01:136][  0]LogInit:  - other features:
[2015.12.04-19.36.01:136][  0]LogInit:      CURL_VERSION_SSL
[2015.12.04-19.36.01:136][  0]LogInit:      CURL_VERSION_IPV6
[2015.12.04-19.36.01:136][  0]LogInit:      CURL_VERSION_ASYNCHDNS
[2015.12.04-19.36.01:136][  0]LogInit:      CURL_VERSION_LARGEFILE
[2015.12.04-19.36.01:136][  0]LogInit:      CURL_VERSION_IDN
[2015.12.04-19.36.01:138][  0]LogInit:  CurlRequestOptions (configurable via config and command line):
[2015.12.04-19.36.01:138][  0]LogInit:  - bVerifyPeer = true  - Libcurl will verify peer certificate
[2015.12.04-19.36.01:138][  0]LogInit:  - bUseHttpProxy = false  - Libcurl will NOT use HTTP proxy
[2015.12.04-19.36.01:138][  0]LogInit:  - bDontReuseConnections = false  - Libcurl will reuse connections
[2015.12.04-19.36.01:138][  0]LogInit:  - CertBundlePath = nullptr  - Libcurl will use whatever was configured at build time.
[2015.12.04-19.36.01:180][  0]LogInit: Presizing for 0 objects not considered by GC, pre-allocating 0 bytes.
[2015.12.04-19.36.01:195][  0]LogInit: Object subsystem initialized
[2015.12.04-19.36.01:209][  0]LogInit: Selected Device Profile: [Windows]
[2015.12.04-19.36.01:209][  0]LogInit: Applying CVar settings loaded from the selected device profile: [Windows]
[2015.12.04-19.36.01:227][  0]LogInit: Computer: DESKTOP
[2015.12.04-19.36.01:227][  0]LogInit: User: 3
[2015.12.04-19.36.01:227][  0]LogInit: CPU Page size=4096, Cores=6
[2015.12.04-19.36.01:227][  0]LogInit: High frequency timer resolution =3.322368 MHz
[2015.12.04-19.36.01:227][  0]LogMemory: Memory total: Physical=31.9GB (32GB approx)
[2015.12.04-19.36.01:227][  0]LogMemory: Platform Memory Stats for Windows
[2015.12.04-19.36.01:227][  0]LogMemory: Process Physical Memory: 54.83 MB used, 54.83 MB peak
[2015.12.04-19.36.01:227][  0]LogMemory: Process Virtual Memory: 58.45 MB used, 58.45 MB peak
[2015.12.04-19.36.01:227][  0]LogMemory: Physical Memory: 4822.96 MB used, 32708.45 MB total
[2015.12.04-19.36.01:227][  0]LogMemory: Virtual Memory: 363.04 MB used, 134217728.00 MB total
[2015.12.04-19.36.01:486][  0]LogTextLocalizationManager: No specific translations for ('en-US') exist, so ('en') translations will be used.
[2015.12.04-19.36.01:961][  0]LogD3D11RHI: Found D3D11 adapter 0: AMD FirePro W7000 (FireGL V) (Feature Level 11_0)
[2015.12.04-19.36.01:961][  0]LogD3D11RHI: Adapter has 4078MB of dedicated video memory, 0MB of dedicated system memory, and 3840MB of shared system memory, 1 output[s]
[2015.12.04-19.36.01:961][  0]LogD3D11RHI: Found D3D11 adapter 1: Microsoft Basic Render Driver (Feature Level 11_0)
[2015.12.04-19.36.01:961][  0]LogD3D11RHI: Adapter has 0MB of dedicated video memory, 0MB of dedicated system memory, and 256MB of shared system memory, 0 output[s]
[2015.12.04-19.36.01:962][  0]LogD3D11RHI: Chosen D3D11 Adapter Id = 0
[2015.12.04-19.36.01:965][  0]LogD3D11RHI: !Direct3DDevice
[2015.12.04-19.36.01:965][  0]LogRHI: Texture pool is 1361 MB (70% of 1945 MB)
[2015.12.04-19.36.01:994][  0]LogD3D11RHI: Async texture creation disabled: no driver support
[2015.12.04-19.36.02:025][  0]LogShaderCompilers: Guid format shader working directory is -18 characters bigger than the processId version (../../../../../../Users/1/Documents/GitHub/RedCreek/RedCreek/Intermediate/Shaders/WorkingDirectory/7512/).
[2015.12.04-19.36.02:025][  0]LogShaderCompilers: Cleaned the shader compiler working directory 'C:/Users/1/AppData/Local/Temp/UnrealShaderWorkingDir/D251F7C942FC7C37C1F214A711D3E34D/'.
[2015.12.04-19.36.02:025][  0]LogShaderCompilers:Display: Using Local Shader Compiler.
[2015.12.04-19.36.03:535][  0]LogTemp:Display: Loaded TP AllDesktopTargetPlatform
[2015.12.04-19.36.03:540][  0]LogTemp:Display: Loaded TP WindowsClientTargetPlatform
[2015.12.04-19.36.03:544][  0]LogTemp:Display: Loaded TP WindowsNoEditorTargetPlatform
[2015.12.04-19.36.03:551][  0]LogTemp:Display: Loaded TP WindowsServerTargetPlatform
[2015.12.04-19.36.03:556][  0]LogTemp:Display: Loaded TP WindowsTargetPlatform
[2015.12.04-19.36.03:564][  0]LogTemp:Display: Loaded TP AndroidTargetPlatform
[2015.12.04-19.36.03:569][  0]LogTemp:Display: Loaded TP Android_ASTCTargetPlatform
[2015.12.04-19.36.03:573][  0]LogTemp:Display: Loaded TP Android_ATCTargetPlatform
[2015.12.04-19.36.03:576][  0]LogTemp:Display: Loaded TP Android_DXTTargetPlatform
[2015.12.04-19.36.03:580][  0]LogTemp:Display: Loaded TP Android_ETC1TargetPlatform
[2015.12.04-19.36.03:584][  0]LogTemp:Display: Loaded TP Android_ETC2TargetPlatform
[2015.12.04-19.36.03:591][  0]LogTemp:Display: Loaded TP Android_MultiTargetPlatform
[2015.12.04-19.36.03:591][  0]LogTemp:Display: Loaded TP Android_PVRTCTargetPlatform
[2015.12.04-19.36.03:592][  0]LogTemp:Display: Loaded TP HTML5TargetPlatform
[2015.12.04-19.36.03:637][  0]LogTemp:Display: Loaded TP IOSTargetPlatform
[2015.12.04-19.36.03:641][  0]LogTemp:Display: Loaded TP LinuxNoEditorTargetPlatform
[2015.12.04-19.36.03:644][  0]LogTemp:Display: Loaded TP LinuxServerTargetPlatform
[2015.12.04-19.36.03:649][  0]LogTemp:Display: Loaded TP LinuxTargetPlatform
[2015.12.04-19.36.03:649][  0]LogTargetPlatformManager:Display: Building Assets For Windows
[2015.12.04-19.36.03:971][  0]LogDerivedDataCache:Display: Max Cache Size: 512 MB
[2015.12.04-19.36.04:143][  0]LogDerivedDataCache: Loaded boot cache 0.17s 41MB C:/Users/1/AppData/Local/UnrealEngine/4.10/DerivedDataCache/Boot.ddc.
[2015.12.04-19.36.04:143][  0]LogDerivedDataCache:Display: Loaded Boot cache: C:/Users/1/AppData/Local/UnrealEngine/4.10/DerivedDataCache/Boot.ddc
[2015.12.04-19.36.04:143][  0]LogDerivedDataCache: FDerivedDataBackendGraph:  Pak pak cache file ../../../../../../Users/1/Documents/GitHub/RedCreek/RedCreek/DerivedDataCache/DDC.ddp not found, will not use a pak cache.
[2015.12.04-19.36.04:143][  0]LogDerivedDataCache: Unable to find inner node Pak for hierarchical cache Hierarchy.
[2015.12.04-19.36.04:143][  0]LogDerivedDataCache: FDerivedDataBackendGraph:  CompressedPak pak cache file ../../../../../../Users/1/Documents/GitHub/RedCreek/RedCreek/DerivedDataCache/Compressed.ddp not found, will not use a pak cache.
[2015.12.04-19.36.04:143][  0]LogDerivedDataCache: Unable to find inner node CompressedPak for hierarchical cache Hierarchy.
[2015.12.04-19.36.04:213][  0]LogDerivedDataCache:Display: Pak cache opened for reading ../../../Engine/DerivedDataCache/Compressed.ddp.
[2015.12.04-19.36.04:226][  0]LogDerivedDataCache: Using Local data cache path C:/Users/1/AppData/Local/UnrealEngine/Common/DerivedDataCache: Writable
[2015.12.04-19.36.07:153][  0]LogInit: Selected Device Profile: [Windows]
[2015.12.04-19.36.07:161][  0]LogContentStreaming: Texture pool size is 0.000000MB
[2015.12.04-19.36.07:395][  0]LogMeshUtilities: No automatic mesh reduction module available
[2015.12.04-19.36.07:395][  0]LogMeshUtilities: No automatic mesh merging module available
[2015.12.04-19.36.07:981][  0]LogInit: WinSock: version 1.1 (2.2), MaxSocks=32767, MaxUdp=65467
[2015.12.04-19.36.10:216][  0]UdpMessaging: Initializing bridge on interface 0.0.0.0:0 to multicast group 230.0.0.1:6666.
[2015.12.04-19.36.10:394][  0]LogAssetRegistry: FAssetRegistry took 0.0146 seconds to start up
[2015.12.04-19.36.10:718][  0]SourceControl: Info Source control is disabled
[2015.12.04-19.36.10:719][  0]SourceControl: Info Source control is disabled
[2015.12.04-19.36.10:737][  0]SourceControl: Info Source control is disabled
[2015.12.04-19.36.10:749][  0]SourceControl: Info Source control is disabled
[2015.12.04-19.36.11:166][  0]LogObj: 28633 objects as part of root set at end of initial load.
[2015.12.04-19.36.11:166][  0]LogUObjectAllocator: 6099752 out of 0 bytes used by permanent object pool.
[2015.12.04-19.36.11:308][  0]LogEngine: Initializing Engine...
[2015.12.04-19.36.11:311][  0]LogHMD: Can't find Oculus library dev build: is proper Runtime installed? Version: 0.8.0.0
[2015.12.04-19.36.11:328][  0]LogHMD: SteamVR failed to initialize.  Err: 110
[2015.12.04-19.36.11:544][  0]LogAIModule: Creating AISystem for world NewWorld
[2015.12.04-19.36.11:571][  0]LogInit: XAudio2 using 'Speakers (Jabra SPEAK 510 USB)' : 2 channels at 48 kHz using 16 bits per sample (channel mask 0x3)
[2015.12.04-19.36.11:592][  0]LogInit: FAudioDevice initialized.
[2015.12.04-19.36.11:609][  0]LogDerivedDataCache: Saved boot cache 0.02s 41MB C:/Users/1/AppData/Local/UnrealEngine/4.10/DerivedDataCache/Boot.ddc.
[2015.12.04-19.36.11:616][  0]LogInit: Texture streaming: Enabled
[2015.12.04-19.36.11:622][  0]LogAnalytics: Creating configured Analytics provider AnalyticsET
[2015.12.04-19.36.11:623][  0]LogAnalytics: [UEEditor.Rocket.Release] APIServer = http://et2.epicgames.com/ET2/. AppVersion = 4.10.0-2758231+++depot+UE4-Releases+4.10
[2015.12.04-19.36.11:623][  0]LogAnalytics: [UEEditor.Rocket.Release] SetUserId e1ce972148f56f7553608e884b891f05|f113f3cbb9d24d94ab3a8fb7882774bd|a1fd1e11-fe35-4c8e-8566-6d4e489db516
[2015.12.04-19.36.11:623][  0]LogAnalytics: [UEEditor.Rocket.Release] AnalyticsET::StartSession
[2015.12.04-19.36.11:687][  0]LogInit: Transaction tracking system initialized
[2015.12.04-19.36.11:751][  0]BlueprintLog: New page: Editor Load
[2015.12.04-19.36.11:946][  0]LocalizationService: Info Localization service is disabled
[2015.12.04-19.36.12:057][  0]LogLinker:Warning: Can't find file '/Game/ThirdPersonBP/ThirdPersonOverview'
[2015.12.04-19.36.12:057][  0]LogLinker:Warning: Can't find file '/Game/ThirdPersonBP/ThirdPersonOverview'
[2015.12.04-19.36.12:057][  0]LogUObjectGlobals:Warning: Failed to find object 'Class /Game/ThirdPersonBP/ThirdPersonOverview.ThirdPersonOverview_C'
[2015.12.04-19.36.12:060][  0]LogUObjectGlobals:Warning: Failed to find object 'Class /Engine/Tutorial/Mobile/SettingUpAndroidTutorial.SettingUpAndroidTutorial_C'
[2015.12.04-19.36.12:095][  0]LogConsoleResponse:Display: 
[2015.12.04-19.36.12:359][  0]LogCook:Display: Done creating registry. It took  0.00s.
[2015.12.04-19.36.12:465][  0]LogFileCache: Scanning file cache for directory 'C:/Users/1/Documents/GitHub/RedCreek/RedCreek/Content/' took 0.01s
[2015.12.04-19.36.12:465][  0]SourceControl: Info Source control is disabled
[2015.12.04-19.36.12:467][  0]Cmd: MAP LOAD FILE="../../../../../../Users/1/Documents/GitHub/RedCreek/RedCreek/Content/RedCreek/Levels/MainMenu.umap" TEMPLATE=0 SHOWPROGRESS=1 FEATURELEVEL=3
[2015.12.04-19.36.12:470][  0]LightingResults: New page: Lighting Build
[2015.12.04-19.36.12:479][  0]MapCheck: New page: Map Check
[2015.12.04-19.36.12:479][  0]LightingResults: New page: Lighting Build
[2015.12.04-19.36.12:494][  0]LogParticles: Destroying 0 GPU particle simulations for FXSystem 0x0000001B24532AC0
[2015.12.04-19.36.12:638][  0]LogAIModule: Creating AISystem for world MainMenu
[2015.12.04-19.36.12:642][  0]LogEditorServer: Finished looking for orphan Actors (0.000 secs)
[2015.12.04-19.36.12:644][  0]Cmd: MAP CHECKDEP NOCLEARLOG
[2015.12.04-19.36.12:684][  0]MapCheck: Info Map check complete: 0 Error(s), 0 Warning(s), took 40.481ms to complete.
[2015.12.04-19.36.12:684][  0]LogFileHelpers: Loading map 'MainMenu' took 0.218
[2015.12.04-19.36.12:854][  0]LogCollectionManager: Loaded 0 collections in 0.001891 seconds
[2015.12.04-19.36.12:912][  0]LogFileCache: Scanning file cache for directory 'C:/Users/1/Documents/GitHub/RedCreek/RedCreek/Saved/Collections/' took 0.01s
[2015.12.04-19.36.12:912][  0]LogFileCache: Scanning file cache for directory 'C:/Users/1/Documents/GitHub/RedCreek/RedCreek/Content/Developers/3/Collections/' took 0.01s
[2015.12.04-19.36.12:912][  0]LogFileCache: Scanning file cache for directory 'C:/Users/1/Documents/GitHub/RedCreek/RedCreek/Content/Collections/' took 0.01s
[2015.12.04-19.36.12:912][  0]LogCollectionManager: Rebuilt the GUID cache for 0 collections in 0.000007 seconds
[2015.12.04-19.36.12:922][  0]LogContentBrowser: Native class hierarchy populated in 0.0093 seconds. Added 1893 classes and 338 folders.
[2015.12.04-19.36.12:934][  0]LogContentBrowser: Native class hierarchy updated for 'WidgetCarousel' in 0.0007 seconds. Added 0 classes and 0 folders.
[2015.12.04-19.36.13:191][  0]LogContentBrowser: Native class hierarchy updated for 'AddContentDialog' in 0.0009 seconds. Added 0 classes and 0 folders.
[2015.12.04-19.36.13:203][  0]LogContentBrowser: Native class hierarchy updated for 'SceneOutliner' in 0.0008 seconds. Added 1 classes and 2 folders.
[2015.12.04-19.36.13:381][  0]LogCrashTracker: Crashtracker disabled due to settings.
[2015.12.04-19.36.13:396][  0]LogUObjectGlobals:Warning: Failed to find object 'Class None.'
[2015.12.04-19.36.13:421][  0]LogLoad: Full Startup: 13.84 seconds (BP compile: 0.10 seconds)
[2015.12.04-19.36.13:432][  0]LogOcInput: Can't find Oculus library dev build: is proper Runtime installed? Version: 0.8.0.0
[2015.12.04-19.36.13:503][  0]LogContentStreaming: Texture pool size now 1000 MB
[2015.12.04-19.36.13:639][  0]LogRenderer: Reallocating scene render targets to support 1424x556 (Frame:2).
[2015.12.04-19.36.13:777][  2]LogAssetRegistry: Asset discovery search completed in 3.3967 seconds
[2015.12.04-19.36.13:778][  2]LogCollectionManager: Rebuilt the object cache for 0 collections in 0.000001 seconds (found 0 objects)
[2015.12.04-19.36.13:778][  2]LogCollectionManager: Fixed up redirectors for 0 collections in 0.000246 seconds (updated 0 objects)
[2015.12.04-19.36.22:223][962]LogLinker:Warning: Asset '../../../Engine/Content/ArtTools/RenderToTexture/Macros/RenderToTextureMacros.uasset' has been saved with empty engine version. The asset will be loaded but may be incompatible.
[2015.12.04-19.36.22:689][962]LogContentBrowser: Native class hierarchy updated for 'BlueprintGraph' in 0.0011 seconds. Added 107 classes and 0 folders.
[2015.12.04-19.36.39:058][777]LogSavePackage: Save=5.390131ms
[2015.12.04-19.36.39:058][777]LogSavePackage: Moving '../../../../../../Users/1/Documents/GitHub/RedCreek/RedCreek/Saved/Struct_PickUpInfo8498535B4CD73EF615B8EB8D048C8986.tmp' to '../../../../../../Users/1/Documents/GitHub/RedCreek/RedCreek/Content/RedCreek/Blueprints/Struct_PickUpInfo.uasset'
[2015.12.04-19.36.39:065][777]LogSavePackage: Total save time: 29.590338ms
[2015.12.04-19.36.39:065][777]LogSavePackage:Display: Finished SavePackage ../../../../../../Users/1/Documents/GitHub/RedCreek/RedCreek/Content/RedCreek/Blueprints/Struct_PickUpInfo.uasset
[2015.12.04-19.36.40:848][980]LogActorComponent: UnregisterComponent: (/Engine/Transient.EditorFloorComp) Not registered. Aborting.
[2015.12.04-19.36.53:034][422]SourceControl:Error: Error Failed to enable Git source control. You need to initialize the project as a Git repository first.
[2015.12.04-19.39.37:205][  6]SourceControl:Error: Error Failed to enable Git source control. You need to initialize the project as a Git repository first.
[2015.12.04-19.43.43:233][160]SourceControl:Error: Error Failed to enable Git source control. You need to initialize the project as a Git repository first.
[2015.12.04-19.43.44:324][272]SourceControl: Info Source control is disabled
[2015.12.04-19.45.28:572][ 26]LogBlueprint:Warning: [InventoryPopUp] CreatePinForVariable: 'Inventory' variable not found. Base class was probably changed.
[2015.12.04-19.45.28:577][ 26]LogBlueprint:Warning: [compiler InventoryPopUp] Warning Could not find a variable named "Inventory" in 'BP_Camera_C'.
Make sure 'BP_Camera_C' has been compiled for  Get Inventory 
[2015.12.04-19.45.28:578][ 26]LogBlueprint:Error: [compiler InventoryPopUp] Error The property associated with  Inventory  could not be found
[2015.12.04-19.45.28:584][ 26]LogBlueprint:Warning: [compiler InventoryPopUp] Warning [0569.01] Compile of InventoryPopUp failed. 1 Fatal Issue(s) 1 Warning(s) [in 10 ms]
[2015.12.04-19.45.28:584][ 26]LogBlueprint:Warning: [compiler InventoryPopUp] Warning [0569.01] Compile of InventoryPopUp failed. 1 Fatal Issue(s) 2 Warning(s) [in 0 ms]
[2015.12.04-19.45.28:584][ 26]LogBlueprint:Warning: [compiler InventoryPopUp] Warning [0569.01] Compile of InventoryPopUp failed. 1 Fatal Issue(s) 3 Warning(s) [in 0 ms]
[2015.12.04-19.45.28:586][ 26]LogBlueprint:Warning: [InventoryPopUp] CreatePinForVariable: 'Inventory' variable not found. Base class was probably changed.
[2015.12.04-19.45.28:908][ 26]LoadErrors:Error: Error /Game/RedCreek/Blueprints/UserInterface/InventoryPopUp : Failed import for ArrayProperty /Game/RedCreek/Blueprints/BP_Camera.BP_Camera_C:Inventory
[2015.12.04-19.45.28:908][ 26]LoadErrors:Error: Error /Game/RedCreek/Blueprints/UserInterface/InventoryPopUp : Failed import for ObjectProperty /Game/RedCreek/Blueprints/Struct_PickUpInfo.Struct_PickUpInfo:Icon_20_999B67E54FF224F2D81C8AB8F795507E
[2015.12.04-19.46.13:383][219]LogClass:Warning: Type mismatch in Inventory of SKEL_BP_Camera_C - Previous (StructProperty) Current(ArrayProperty) for package:  FObjectReader
[2015.12.04-19.46.16:316][559]BlueprintLog: New page: Compile BP_Camera
[2015.12.04-19.46.16:396][559]LogParticles: Destroying 0 GPU particle simulations for FXSystem 0x0000001B30D1E2A0
[2015.12.04-19.46.16:556][559]BlueprintEditorCompileResults: Info [0616.98] Compile of BP_Camera successful! [in 239 ms]
[2015.12.04-19.46.18:965][840]BlueprintLog: New page: Compile BP_Camera
[2015.12.04-19.46.19:122][840]BlueprintEditorCompileResults: Info [0619.55] Compile of BP_Camera successful! [in 156 ms]
[2015.12.04-19.46.19:536][880]Cmd: OBJ SAVEPACKAGE PACKAGE="/Game/RedCreek/Blueprints/BP_Camera" FILE="../../../../../../Users/1/Documents/GitHub/RedCreek/RedCreek/Content/RedCreek/Blueprints/BP_Camera.uasset" SILENT=true
[2015.12.04-19.46.19:620][880]LogSavePackage: Save=67.621346ms
[2015.12.04-19.46.19:620][880]LogSavePackage: Moving '../../../../../../Users/1/Documents/GitHub/RedCreek/RedCreek/Saved/BP_Camera8CBE518A41E8F80E748AE1AABB176A80.tmp' to '../../../../../../Users/1/Documents/GitHub/RedCreek/RedCreek/Content/RedCreek/Blueprints/BP_Camera.uasset'
[2015.12.04-19.46.19:622][880]LogSavePackage: Total save time: 84.383186ms
[2015.12.04-19.46.19:622][880]LogSavePackage:Display: Finished SavePackage ../../../../../../Users/1/Documents/GitHub/RedCreek/RedCreek/Content/RedCreek/Blueprints/BP_Camera.uasset
[2015.12.04-19.48.01:219][830]BlueprintLog: New page: Compile BP_Camera
[2015.12.04-19.48.01:399][830]BlueprintEditorCompileResults: Info [0721.82] Compile of BP_Camera successful! [in 180 ms]
[2015.12.04-19.49.11:501][119]BlueprintLog: New page: Compile BP_Camera
[2015.12.04-19.49.11:677][119]BlueprintEditorCompileResults: Info [0792.10] Compile of BP_Camera successful! [in 175 ms]
[2015.12.04-19.49.12:618][223]BlueprintLog: New page: Pre-Play auto-recompile
[2015.12.04-19.49.12:619][223]LogPlayLevel: [PlayLevel] Compiling BP_PickUp before play...
[2015.12.04-19.49.12:659][223]LogPlayLevel: PlayLevel: Blueprint regeneration took 40 ms (1 blueprints)
[2015.12.04-19.49.12:689][223]PIE: New page: PIE session: MainMenu (Dec 4, 2015, 3:49:12 AM)
[2015.12.04-19.49.12:689][223]LogPlayLevel: Creating play world package: /Game/RedCreek/Levels/UEDPIE_0_MainMenu
[2015.12.04-19.49.12:689][223]LogPlayLevel: PIE: StaticDuplicateObject took: (0.000482s)
[2015.12.04-19.49.12:690][223]LogAIModule: Creating AISystem for world MainMenu
[2015.12.04-19.49.12:690][223]LogPlayLevel: PIE: World Init took: (0.000643s)
[2015.12.04-19.49.12:690][223]LogPlayLevel: PIE: Created PIE world by copying editor world from /Game/RedCreek/Levels/MainMenu.MainMenu to /Game/RedCreek/Levels/UEDPIE_0_MainMenu.MainMenu (0.001363s)
[2015.12.04-19.49.12:728][223]LogInit: XAudio2 using 'Speakers (Jabra SPEAK 510 USB)' : 2 channels at 48 kHz using 16 bits per sample (channel mask 0x3)
[2015.12.04-19.49.12:735][223]LogInit: FAudioDevice initialized.
[2015.12.04-19.49.12:784][223]LogWorld: Game class is 'GameMode_Menu_C'
[2015.12.04-19.49.12:786][223]LogWorld: Bringing World /Game/RedCreek/Levels/UEDPIE_0_MainMenu.MainMenu up for play (max tick rate 0) at 2015.12.04-11.49.12
[2015.12.04-19.49.12:786][223]LogActor:Warning: GameSession /Game/RedCreek/Levels/UEDPIE_0_MainMenu.MainMenu:PersistentLevel.GameSession_0 has natively added scene component(s), but none of them were set as the actor's RootComponent - picking one arbitrarily
[2015.12.04-19.49.12:786][223]LogActor:Warning: GameNetworkManager /Game/RedCreek/Levels/UEDPIE_0_MainMenu.MainMenu:PersistentLevel.GameNetworkManager_0 has natively added scene component(s), but none of them were set as the actor's RootComponent - picking one arbitrarily
[2015.12.04-19.49.12:787][223]LogWorld: Bringing up level for play took: 0.002481
[2015.12.04-19.49.12:789][223]LogGameMode: Warning - PATHS NOT DEFINED or NO PLAYERSTART with positive rating
[2015.12.04-19.49.12:819][223]PIE: Info Play in editor start time for /Game/RedCreek/Levels/UEDPIE_0_MainMenu -0.438
[2015.12.04-19.49.12:837][224]LogRenderer: Reallocating scene render targets to support 1424x720 (Frame:26499).
[2015.12.04-19.49.13:793][322]LogPackageName: SearchForPackageOnDisk took   0.052s to resolve ExampleMap.umap.
[2015.12.04-19.49.13:843][322]LogPackageName: SearchForPackageOnDisk took   0.049s to resolve ExampleMap.umap.
[2015.12.04-19.49.13:843][322]LogNet: Browse: /Game/RedCreek/Levels/ExampleMap
[2015.12.04-19.49.13:843][322]LogLoad: LoadMap: /Game/RedCreek/Levels/ExampleMap
[2015.12.04-19.49.13:882][322]LogParticles: Destroying 0 GPU particle simulations for FXSystem 0x0000001B3381A980
[2015.12.04-19.49.13:888][322]LogParticles: Destroying 0 GPU particle simulations for FXSystem 0x0000001B39981260
[2015.12.04-19.49.13:889][322]Cmd: MEM
[2015.12.04-19.49.13:913][322]LogMemory: Platform Memory Stats for Windows
[2015.12.04-19.49.13:913][322]LogMemory: Process Physical Memory: 904.40 MB used, 909.63 MB peak
[2015.12.04-19.49.13:913][322]LogMemory: Process Virtual Memory: 815.32 MB used, 822.42 MB peak
[2015.12.04-19.49.13:913][322]LogMemory: Physical Memory: 6019.31 MB used, 32708.45 MB total
[2015.12.04-19.49.13:913][322]LogMemory: Virtual Memory: 1467.11 MB used, 134217728.00 MB total
[2015.12.04-19.49.13:913][322]LogMemory: 
[2015.12.04-19.49.13:913][322]Allocator Stats for TBB: (not implemented)
[2015.12.04-19.49.14:082][322]LogAIModule: Creating AISystem for world ExampleMap
[2015.12.04-19.49.14:082][322]LogWorld: Game class is 'GameMode_Level_C'
[2015.12.04-19.49.14:088][322]LogWorld: Bringing World /Game/RedCreek/Levels/UEDPIE_0_ExampleMap.ExampleMap up for play (max tick rate 0) at 2015.12.04-11.49.14
[2015.12.04-19.49.14:088][322]LogActor:Warning: GameSession /Game/RedCreek/Levels/UEDPIE_0_ExampleMap.ExampleMap:PersistentLevel.GameSession_1 has natively added scene component(s), but none of them were set as the actor's RootComponent - picking one arbitrarily
[2015.12.04-19.49.14:088][322]LogActor:Warning: GameNetworkManager /Game/RedCreek/Levels/UEDPIE_0_ExampleMap.ExampleMap:PersistentLevel.GameNetworkManager_1 has natively added scene component(s), but none of them were set as the actor's RootComponent - picking one arbitrarily
[2015.12.04-19.49.14:089][322]LogWorld: Bringing up level for play took: 0.005064
[2015.12.04-19.49.19:886][  1]LogParticles: Destroying 0 GPU particle simulations for FXSystem 0x0000001B3C511440
[2015.12.04-19.50.17:770][387]BlueprintLog: New page: Compile InventoryPopUp
[2015.12.04-19.50.17:919][387]BlueprintEditorCompileResults: Info [0858.34] Compile of InventoryPopUp successful! [in 148 ms]
[2015.12.04-19.50.22:235][887]LogParticles: Destroying 0 GPU particle simulations for FXSystem 0x0000001B32E71620
[2015.12.04-19.50.22:235][887]LogParticles: Destroying 0 GPU particle simulations for FXSystem 0x0000001B339B7A60
[2015.12.04-19.50.23:306][887]Cmd: OBJ SAVEPACKAGE PACKAGE="/Game/RedCreek/Blueprints/BP_Camera" FILE="../../../../../../Users/1/Documents/GitHub/RedCreek/RedCreek/Content/RedCreek/Blueprints/BP_Camera.uasset" SILENT=true
[2015.12.04-19.50.23:395][887]LogSavePackage: Save=80.731575ms
[2015.12.04-19.50.23:395][887]LogSavePackage: Moving '../../../../../../Users/1/Documents/GitHub/RedCreek/RedCreek/Saved/BP_CameraF7F7D8B74301AF50B1763DA665DF4C9D.tmp' to '../../../../../../Users/1/Documents/GitHub/RedCreek/RedCreek/Content/RedCreek/Blueprints/BP_Camera.uasset'
[2015.12.04-19.50.23:398][887]LogSavePackage: Total save time: 90.924606ms
[2015.12.04-19.50.23:398][887]LogSavePackage:Display: Finished SavePackage ../../../../../../Users/1/Documents/GitHub/RedCreek/RedCreek/Content/RedCreek/Blueprints/BP_Camera.uasset
[2015.12.04-19.50.23:409][887]Cmd: OBJ SAVEPACKAGE PACKAGE="/Game/RedCreek/Blueprints/BP_PickUp" FILE="../../../../../../Users/1/Documents/GitHub/RedCreek/RedCreek/Content/RedCreek/Blueprints/BP_PickUp.uasset" SILENT=true
[2015.12.04-19.50.23:435][887]LogSavePackage: Save=14.348802ms
[2015.12.04-19.50.23:435][887]LogSavePackage: Moving '../../../../../../Users/1/Documents/GitHub/RedCreek/RedCreek/Saved/BP_PickUpFEBA19134182A179C6209DA4F549B71A.tmp' to '../../../../../../Users/1/Documents/GitHub/RedCreek/RedCreek/Content/RedCreek/Blueprints/BP_PickUp.uasset'
[2015.12.04-19.50.23:437][887]LogSavePackage: Total save time: 27.136669ms
[2015.12.04-19.50.23:437][887]LogSavePackage:Display: Finished SavePackage ../../../../../../Users/1/Documents/GitHub/RedCreek/RedCreek/Content/RedCreek/Blueprints/BP_PickUp.uasset
[2015.12.04-19.50.23:512][887]LogSavePackage: Save=52.977276ms
[2015.12.04-19.50.23:512][887]LogSavePackage: Moving '../../../../../../Users/1/Documents/GitHub/RedCreek/RedCreek/Saved/InventoryPopUp0653963A48BFCCAE14BC1587925207DD.tmp' to '../../../../../../Users/1/Documents/GitHub/RedCreek/RedCreek/Content/RedCreek/Blueprints/UserInterface/InventoryPopUp.uasset'
[2015.12.04-19.50.23:515][887]LogSavePackage: Total save time: 66.412270ms
[2015.12.04-19.50.23:515][887]LogSavePackage:Display: Finished SavePackage ../../../../../../Users/1/Documents/GitHub/RedCreek/RedCreek/Content/RedCreek/Blueprints/UserInterface/InventoryPopUp.uasset
[2015.12.04-19.50.27:978][406]LogWindowsTextInputMethodSystem:Display: IME system now deactivated.
[2015.12.04-19.50.28:196][407]Cmd: QUIT_EDITOR
[2015.12.04-19.50.29:339][407]LogExit: Preparing to exit.
[2015.12.04-19.50.29:726][407]LogExit: Editor shut down
[2015.12.04-19.50.29:726][407]LogExit: Transaction tracking system shut down
[2015.12.04-19.50.29:731][407]LogParticles: Destroying 0 GPU particle simulations for FXSystem 0x0000001B1A7F7380
[2015.12.04-19.50.29:731][407]LogParticles: Destroying 0 GPU particle simulations for FXSystem 0x0000001B17FD6700
[2015.12.04-19.50.29:735][407]LogParticles: Destroying 0 GPU particle simulations for FXSystem 0x0000001B355B7EC0
[2015.12.04-19.50.29:739][407]LogParticles: Destroying 0 GPU particle simulations for FXSystem 0x0000001B32E71BC0
[2015.12.04-19.50.29:906][407]LogExit: Object subsystem successfully closed.
[2015.12.04-19.50.29:920][407]LogD3D11RHI: Shutdown
[2015.12.04-19.50.29:920][407]LogD3D11RHI: CleanupD3DDevice
[2015.12.04-19.50.29:959][407]LogD3D11RHI: ~FD3D11DynamicRHI
[2015.12.04-19.50.29:994][407]LogModuleManager: Shutting down and abandoning module SequencerWidgets (202)
[2015.12.04-19.50.29:994][407]LogModuleManager: Shutting down and abandoning module ExternalImagePicker (201)
[2015.12.04-19.50.29:994][407]LogModuleManager: Shutting down and abandoning module CookingStats (200)
[2015.12.04-19.50.29:994][407]LogModuleManager: Shutting down and abandoning module BlueprintGraph (199)
[2015.12.04-19.50.29:994][407]LogModuleManager: Shutting down and abandoning module CrashTracker (198)
[2015.12.04-19.50.29:994][407]LogModuleManager: Shutting down and abandoning module SceneOutliner (197)
[2015.12.04-19.50.29:994][407]LogModuleManager: Shutting down and abandoning module SuperSearch (196)
[2015.12.04-19.50.29:994][407]LogModuleManager: Shutting down and abandoning module WidgetCarousel (195)
[2015.12.04-19.50.29:994][407]LogModuleManager: Shutting down and abandoning module AddContentDialog (194)
[2015.12.04-19.50.29:996][407]LogModuleManager: Shutting down and abandoning module EditorWidgets (193)
[2015.12.04-19.50.29:996][407]LogModuleManager: Shutting down and abandoning module CollectionManager (192)
[2015.12.04-19.50.29:997][407]LogModuleManager: Shutting down and abandoning module StatsViewer (191)
[2015.12.04-19.50.29:997][407]LogModuleManager: Shutting down and abandoning module FoliageEdit (190)
[2015.12.04-19.50.29:997][407]LogModuleManager: Shutting down and abandoning module LandscapeEditor (189)
[2015.12.04-19.50.29:998][407]LogModuleManager: Shutting down and abandoning module ActorPickerMode (188)
[2015.12.04-19.50.29:998][407]LogModuleManager: Shutting down and abandoning module GeometryMode (187)
[2015.12.04-19.50.29:998][407]LogModuleManager: Shutting down and abandoning module TextureAlignMode (186)
[2015.12.04-19.50.29:998][407]LogModuleManager: Shutting down and abandoning module BspMode (185)
[2015.12.04-19.50.29:998][407]LogModuleManager: Shutting down and abandoning module PlacementMode (184)
[2015.12.04-19.50.29:998][407]LogModuleManager: Shutting down and abandoning module AutomationWorker (183)
[2015.12.04-19.50.29:998][407]LogModuleManager: Shutting down and abandoning module CharacterAI (182)
[2015.12.04-19.50.29:998][407]LogModuleManager: Shutting down and abandoning module SmartSnapping (181)
[2015.12.04-19.50.29:998][407]LogModuleManager: Shutting down and abandoning module ViewportSnapping (180)
[2015.12.04-19.50.29:998][407]LogModuleManager: Shutting down and abandoning module LogVisualizer (179)
[2015.12.04-19.50.29:998][407]LogModuleManager: Shutting down and abandoning module GameProjectGeneration (178)
[2015.12.04-19.50.30:000][407]LogModuleManager: Shutting down and abandoning module IntroTutorials (177)
[2015.12.04-19.50.30:000][407]LogModuleManager: Shutting down and abandoning module EditorLiveStreaming (176)
[2015.12.04-19.50.30:000][407]LogModuleManager: Shutting down and abandoning module IOSPlatformEditor (175)
[2015.12.04-19.50.30:000][407]LogModuleManager: Shutting down and abandoning module HTML5PlatformEditor (174)
[2015.12.04-19.50.30:000][407]LogModuleManager: Shutting down and abandoning module AndroidDeviceDetection (173)
[2015.12.04-19.50.30:440][407]LogModuleManager: Shutting down and abandoning module AndroidPlatformEditor (172)
[2015.12.04-19.50.30:440][407]LogModuleManager: Shutting down and abandoning module IOSRuntimeSettings (171)
[2015.12.04-19.50.30:440][407]LogModuleManager: Shutting down and abandoning module AndroidRuntimeSettings (170)
[2015.12.04-19.50.30:440][407]LogModuleManager: Shutting down and abandoning module MergeActors (169)
[2015.12.04-19.50.30:441][407]LogModuleManager: Shutting down and abandoning module SizeMap (168)
[2015.12.04-19.50.30:441][407]LogModuleManager: Shutting down and abandoning module TreeMap (167)
[2015.12.04-19.50.30:441][407]LogModuleManager: Shutting down and abandoning module ReferenceViewer (166)
[2015.12.04-19.50.30:441][407]LogModuleManager: Shutting down and abandoning module LocalizationService (165)
[2015.12.04-19.50.30:441][407]LogModuleManager: Shutting down and abandoning module LocalizationDashboard (164)
[2015.12.04-19.50.30:441][407]LogModuleManager: Shutting down and abandoning module HardwareTargeting (163)
[2015.12.04-19.50.30:441][407]LogModuleManager: Shutting down and abandoning module DeviceProfileEditor (162)
[2015.12.04-19.50.30:441][407]LogModuleManager: Shutting down and abandoning module UndoHistory (161)
[2015.12.04-19.50.30:441][407]LogModuleManager: Shutting down and abandoning module GameplayTagsEditor (160)
[2015.12.04-19.50.30:441][407]LogModuleManager: Shutting down and abandoning module UserFeedback (159)
[2015.12.04-19.50.30:441][407]LogModuleManager: Shutting down and abandoning module XmlParser (158)
[2015.12.04-19.50.30:441][407]LogModuleManager: Shutting down and abandoning module Blutility (157)
[2015.12.04-19.50.30:441][407]LogModuleManager: Shutting down and abandoning module ProjectTargetPlatformEditor (156)
[2015.12.04-19.50.30:442][407]LogModuleManager: Shutting down and abandoning module ProjectSettingsViewer (155)
[2015.12.04-19.50.30:442][407]LogModuleManager: Shutting down and abandoning module InputBindingEditor (154)
[2015.12.04-19.50.30:442][407]LogModuleManager: Shutting down and abandoning module EditorSettingsViewer (153)
[2015.12.04-19.50.30:442][407]LogModuleManager: Shutting down and abandoning module SettingsEditor (152)
[2015.12.04-19.50.30:442][407]LogModuleManager: Shutting down and abandoning module ProjectLauncher (151)
[2015.12.04-19.50.30:443][407]LogModuleManager: Shutting down and abandoning module SessionFrontend (150)
[2015.12.04-19.50.30:443][407]LogModuleManager: Shutting down and abandoning module ProfilerClient (149)
[2015.12.04-19.50.30:444][407]LogModuleManager: Shutting down and abandoning module TargetDeviceServices (148)
[2015.12.04-19.50.30:445][407]LogModuleManager: Shutting down and abandoning module DeviceManager (147)
[2015.12.04-19.50.30:445][407]LogModuleManager: Shutting down and abandoning module AutomationController (146)
[2015.12.04-19.50.30:445][407]LogModuleManager: Shutting down and abandoning module AutomationWindow (145)
[2015.12.04-19.50.30:446][407]LogModuleManager: Shutting down and abandoning module Layers (144)
[2015.12.04-19.50.30:448][407]LogModuleManager: Shutting down and abandoning module ComponentVisualizers (143)
[2015.12.04-19.50.30:448][407]LogModuleManager: Shutting down and abandoning module DetailCustomizations (142)
[2015.12.04-19.50.30:448][407]LogModuleManager: Shutting down and abandoning module PackagesDialog (141)
[2015.12.04-19.50.30:448][407]LogModuleManager: Shutting down and abandoning module Persona (140)
[2015.12.04-19.50.30:449][407]LogModuleManager: Shutting down and abandoning module Kismet (139)
[2015.12.04-19.50.30:449][407]LogModuleManager: Shutting down and abandoning module GraphEditor (138)
[2015.12.04-19.50.30:450][407]LogModuleManager: Shutting down and abandoning module ClassViewer (137)
[2015.12.04-19.50.30:452][407]LogModuleManager: Shutting down and abandoning module Toolbox (136)
[2015.12.04-19.50.30:452][407]LogModuleManager: Shutting down and abandoning module ModuleUI (135)
[2015.12.04-19.50.30:453][407]LogModuleManager: Shutting down and abandoning module MovieSceneTools (134)
[2015.12.04-19.50.30:453][407]LogModuleManager: Shutting down and abandoning module OutputLog (133)
[2015.12.04-19.50.30:453][407]LogModuleManager: Shutting down and abandoning module GammaUI (132)
[2015.12.04-19.50.30:454][407]LogModuleManager: Shutting down and abandoning module Documentation (131)
[2015.12.04-19.50.30:454][407]LogModuleManager: Shutting down and abandoning module GameLiveStreaming (130)
[2015.12.04-19.50.30:454][407]LogModuleManager: Shutting down and abandoning module StreamingPauseRendering (129)
[2015.12.04-19.50.30:454][407]LogModuleManager: Shutting down and abandoning module AnalyticsET (128)
[2015.12.04-19.50.30:454][407]LogModuleManager: Shutting down and abandoning module Analytics (127)
[2015.12.04-19.50.30:454][407]LogModuleManager: Shutting down and abandoning module AITestSuite (126)
[2015.12.04-19.50.30:454][407]LogModuleManager: Shutting down and abandoning module GameplayDebugger (125)
[2015.12.04-19.50.30:454][407]LogModuleManager: Shutting down and abandoning module AIModule (124)
[2015.12.04-19.50.30:454][407]LogModuleManager: Shutting down and abandoning module ProfilerService (123)
[2015.12.04-19.50.30:678][407]LogModuleManager: Shutting down and abandoning module TaskGraph (122)
[2015.12.04-19.50.30:678][407]LogModuleManager: Shutting down and abandoning module SlateRemote (121)
[2015.12.04-19.50.30:679][407]LogModuleManager: Shutting down and abandoning module SteamVRController (120)
[2015.12.04-19.50.30:679][407]LogModuleManager: Shutting down and abandoning module SteamVR (119)
[2015.12.04-19.50.30:679][407]LogModuleManager: Shutting down and abandoning module ProceduralMeshComponent (118)
[2015.12.04-19.50.30:679][407]LogModuleManager: Shutting down and abandoning module OculusLibrary (117)
[2015.12.04-19.50.30:679][407]LogModuleManager: Shutting down and abandoning module OculusInput (116)
[2015.12.04-19.50.30:679][407]LogModuleManager: Shutting down and abandoning module LeapMotionController (115)
[2015.12.04-19.50.30:691][407]LogModuleManager: Shutting down and abandoning module CustomMeshComponent (114)
[2015.12.04-19.50.30:691][407]LogModuleManager: Shutting down and abandoning module CableComponent (113)
[2015.12.04-19.50.30:691][407]LogModuleManager: Shutting down and abandoning module ArchVisCharacter (112)
[2015.12.04-19.50.30:691][407]LogModuleManager: Shutting down and abandoning module MessagingDebugger (111)
[2015.12.04-19.50.30:692][407]LogModuleManager: Shutting down and abandoning module MediaPlayerEditor (110)
[2015.12.04-19.50.30:692][407]LogModuleManager: Shutting down and abandoning module HTML5Networking (109)
[2015.12.04-19.50.30:692][407]LogModuleManager: Shutting down and abandoning module SpeedTreeImporter (108)
[2015.12.04-19.50.30:692][407]LogModuleManager: Shutting down and abandoning module PluginBrowser (107)
[2015.12.04-19.50.30:693][407]LogModuleManager: Shutting down and abandoning module EpicSurvey (106)
[2015.12.04-19.50.30:693][407]LogModuleManager: Shutting down and abandoning module DesktopPlatform (105)
[2015.12.04-19.50.30:693][407]LogModuleManager: Shutting down and abandoning module VisualStudioSourceCodeAccess (104)
[2015.12.04-19.50.30:693][407]LogModuleManager: Shutting down and abandoning module UObjectPlugin (103)
[2015.12.04-19.50.30:693][407]LogModuleManager: Shutting down and abandoning module SubversionSourceControl (102)
[2015.12.04-19.50.30:693][407]LogModuleManager: Shutting down and abandoning module PerforceSourceControl (101)
[2015.12.04-19.50.30:693][407]LogModuleManager: Shutting down and abandoning module SourceControl (100)
[2015.12.04-19.50.30:693][407]LogModuleManager: Shutting down and abandoning module GitSourceControl (99)
[2015.12.04-19.50.30:693][407]LogModuleManager: Shutting down and abandoning module LightPropagationVolumeEditor (98)
[2015.12.04-19.50.30:693][407]LogModuleManager: Shutting down and abandoning module PaperTiledImporter (97)
[2015.12.04-19.50.30:693][407]LogModuleManager: Shutting down and abandoning module PaperSpriteSheetImporter (96)
[2015.12.04-19.50.30:693][407]LogModuleManager: Shutting down and abandoning module MeshPaint (95)
[2015.12.04-19.50.30:693][407]LogModuleManager: Shutting down and abandoning module SlateReflector (94)
[2015.12.04-19.50.30:693][407]LogModuleManager: Shutting down and abandoning module HotReload (93)
[2015.12.04-19.50.30:693][407]LogModuleManager: Shutting down and abandoning module MainFrame (92)
[2015.12.04-19.50.30:693][407]LogModuleManager: Shutting down and abandoning module LevelEditor (91)
[2015.12.04-19.50.30:694][407]LogModuleManager: Shutting down and abandoning module DirectoryWatcher (90)
[2015.12.04-19.50.30:695][407]LogModuleManager: Shutting down and abandoning module AssetRegistry (89)
[2015.12.04-19.50.30:747][407]LogModuleManager: Shutting down and abandoning module ContentBrowser (88)
[2015.12.04-19.50.30:748][407]LogModuleManager: Shutting down and abandoning module Paper2DEditor (87)
[2015.12.04-19.50.30:748][407]LogModuleManager: Shutting down and abandoning module UdpMessaging (86)
[2015.12.04-19.50.30:849][407]LogModuleManager: Shutting down and abandoning module LightPropagationVolumeRuntime (85)
[2015.12.04-19.50.30:849][407]LogModuleManager: Shutting down and abandoning module Paper2D (84)
[2015.12.04-19.50.30:849][407]LogModuleManager: Shutting down and abandoning module WindowsMoviePlayer (83)
[2015.12.04-19.50.30:854][407]LogModuleManager: Shutting down and abandoning module Media (82)
[2015.12.04-19.50.30:854][407]LogModuleManager: Shutting down and abandoning module WmfMedia (81)
[2015.12.04-19.50.30:854][407]LogModuleManager: Shutting down and abandoning module OnlineBlueprintSupport (80)
[2015.12.04-19.50.30:854][407]LogModuleManager: Shutting down and abandoning module GameplayTasksEditor (79)
[2015.12.04-19.50.30:854][407]LogModuleManager: Shutting down and abandoning module PropertyEditor (78)
[2015.12.04-19.50.30:855][407]LogModuleManager: Shutting down and abandoning module BehaviorTreeEditor (77)
[2015.12.04-19.50.30:856][407]LogModuleManager: Shutting down and abandoning module FunctionalTesting (76)
[2015.12.04-19.50.30:856][407]LogModuleManager: Shutting down and abandoning module CollisionAnalyzer (75)
[2015.12.04-19.50.30:856][407]LogModuleManager: Shutting down and abandoning module WorkspaceMenuStructure (74)
[2015.12.04-19.50.30:856][407]LogModuleManager: Shutting down and abandoning module MessageLog (73)
[2015.12.04-19.50.30:856][407]LogModuleManager: Shutting down and abandoning module Sequencer (72)
[2015.12.04-19.50.30:856][407]LogModuleManager: Shutting down and abandoning module AssetTools (71)
[2015.12.04-19.50.30:859][407]LogModuleManager: Shutting down and abandoning module UMGEditor (70)
[2015.12.04-19.50.30:859][407]LogModuleManager: Shutting down and abandoning module UMG (69)
[2015.12.04-19.50.30:859][407]LogModuleManager: Shutting down and abandoning module Slate (68)
[2015.12.04-19.50.30:859][407]LogModuleManager: Shutting down and abandoning module EditorStyle (67)
[2015.12.04-19.50.30:865][407]LogModuleManager: Shutting down and abandoning module SessionServices (66)
[2015.12.04-19.50.30:865][407]LogModuleManager: Shutting down and abandoning module SourceCodeAccess (65)
[2015.12.04-19.50.30:865][407]LogModuleManager: Shutting down and abandoning module HeadMountedDisplay (64)
[2015.12.04-19.50.30:865][407]LogModuleManager: Shutting down and abandoning module XAudio2 (63)
[2015.12.04-19.50.30:865][407]LogModuleManager: Shutting down and abandoning module Networking (61)
[2015.12.04-19.50.30:865][407]LogModuleManager: Shutting down and abandoning module Core (60)
[2015.12.04-19.50.30:865][407]LogModuleManager: Shutting down and abandoning module KismetCompiler (59)
[2015.12.04-19.50.30:865][407]LogModuleManager: Shutting down and abandoning module PhysXFormats (58)
[2015.12.04-19.50.30:865][407]LogModuleManager: Shutting down and abandoning module MeshUtilities (57)
[2015.12.04-19.50.30:866][407]LogModuleManager: Shutting down and abandoning module DerivedDataCache (56)
[2015.12.04-19.50.30:935][407]LogDerivedDataCache: Shutdown
[2015.12.04-19.50.30:935][407]LogModuleManager: Shutting down and abandoning module ShaderFormatOpenGL (55)
[2015.12.04-19.50.30:936][407]LogModuleManager: Shutting down and abandoning module ShaderFormatD3D (54)
[2015.12.04-19.50.30:936][407]LogModuleManager: Shutting down and abandoning module MetalShaderFormat (53)
[2015.12.04-19.50.30:937][407]LogModuleManager: Shutting down and abandoning module TextureFormatUncompressed (52)
[2015.12.04-19.50.30:937][407]LogModuleManager: Shutting down and abandoning module TextureFormatPVR (51)
[2015.12.04-19.50.30:937][407]LogModuleManager: Shutting down and abandoning module TextureFormatIntelISPCTexComp (50)
[2015.12.04-19.50.30:937][407]LogModuleManager: Shutting down and abandoning module TextureFormatDXT (49)
[2015.12.04-19.50.30:937][407]LogModuleManager: Shutting down and abandoning module ImageWrapper (48)
[2015.12.04-19.50.30:937][407]LogModuleManager: Shutting down and abandoning module TextureFormatASTC (47)
[2015.12.04-19.50.30:937][407]LogModuleManager: Shutting down and abandoning module TextureFormatAndroid (46)
[2015.12.04-19.50.30:937][407]LogModuleManager: Shutting down and abandoning module AudioFormatOpus (45)
[2015.12.04-19.50.30:937][407]LogModuleManager: Shutting down and abandoning module AudioFormatOgg (44)
[2015.12.04-19.50.30:937][407]LogModuleManager: Shutting down and abandoning module AudioFormatADPCM (43)
[2015.12.04-19.50.30:937][407]LogModuleManager: Shutting down and abandoning module LinuxTargetPlatform (42)
[2015.12.04-19.50.30:937][407]LogModuleManager: Shutting down and abandoning module LinuxServerTargetPlatform (41)
[2015.12.04-19.50.30:937][407]LogModuleManager: Shutting down and abandoning module LinuxNoEditorTargetPlatform (40)
[2015.12.04-19.50.30:937][407]LogModuleManager: Shutting down and abandoning module Messaging (39)
[2015.12.04-19.50.30:937][407]LogModuleManager: Shutting down and abandoning module IOSTargetPlatform (38)
[2015.12.04-19.50.30:937][407]LogModuleManager: Shutting down and abandoning module HTML5TargetPlatform (37)
[2015.12.04-19.50.30:937][407]LogModuleManager: Shutting down and abandoning module Android_PVRTCTargetPlatform (36)
[2015.12.04-19.50.30:937][407]LogModuleManager: Shutting down and abandoning module Android_MultiTargetPlatform (35)
[2015.12.04-19.50.30:937][407]LogModuleManager: Shutting down and abandoning module Android_ETC2TargetPlatform (34)
[2015.12.04-19.50.30:937][407]LogModuleManager: Shutting down and abandoning module Android_ETC1TargetPlatform (33)
[2015.12.04-19.50.30:937][407]LogModuleManager: Shutting down and abandoning module Android_DXTTargetPlatform (32)
[2015.12.04-19.50.30:937][407]LogModuleManager: Shutting down and abandoning module Android_ATCTargetPlatform (31)
[2015.12.04-19.50.30:937][407]LogModuleManager: Shutting down and abandoning module Android_ASTCTargetPlatform (30)
[2015.12.04-19.50.30:937][407]LogModuleManager: Shutting down and abandoning module AndroidTargetPlatform (29)
[2015.12.04-19.50.30:937][407]LogModuleManager: Shutting down and abandoning module WindowsTargetPlatform (28)
[2015.12.04-19.50.30:937][407]LogModuleManager: Shutting down and abandoning module WindowsServerTargetPlatform (27)
[2015.12.04-19.50.30:937][407]LogModuleManager: Shutting down and abandoning module WindowsNoEditorTargetPlatform (26)
[2015.12.04-19.50.30:937][407]LogModuleManager: Shutting down and abandoning module WindowsClientTargetPlatform (25)
[2015.12.04-19.50.30:938][407]LogModuleManager: Shutting down and abandoning module AllDesktopTargetPlatform (24)
[2015.12.04-19.50.30:938][407]LogModuleManager: Shutting down and abandoning module TargetPlatform (23)
[2015.12.04-19.50.30:938][407]LogModuleManager: Shutting down and abandoning module InputCore (22)
[2015.12.04-19.50.30:938][407]LogModuleManager: Shutting down and abandoning module Settings (21)
[2015.12.04-19.50.30:938][407]LogModuleManager: Shutting down and abandoning module OnlineSubsystem (19)
[2015.12.04-19.50.30:938][407]LogModuleManager: Shutting down and abandoning module HTTP (18)
[2015.12.04-19.50.31:939][407]LogModuleManager: Shutting down and abandoning module XMPP (17)
[2015.12.04-19.50.31:940][407]LogModuleManager: Shutting down and abandoning module OculusRift (16)
[2015.12.04-19.50.31:941][407]LogModuleManager: Shutting down and abandoning module ExampleDeviceProfileSelector (15)
[2015.12.04-19.50.31:941][407]LogModuleManager: Shutting down and abandoning module TextureCompressor (14)
[2015.12.04-19.50.31:941][407]LogModuleManager: Shutting down and abandoning module ShaderCore (13)
[2015.12.04-19.50.31:941][407]LogModuleManager: Shutting down and abandoning module Landscape (12)
[2015.12.04-19.50.31:941][407]LogModuleManager: Shutting down and abandoning module SlateRHIRenderer (11)
[2015.12.04-19.50.31:946][407]LogModuleManager: Shutting down and abandoning module OpenGLDrv (10)
[2015.12.04-19.50.31:947][407]LogModuleManager: Shutting down and abandoning module D3D11RHI (9)
[2015.12.04-19.50.31:947][407]LogModuleManager: Shutting down and abandoning module AnimGraphRuntime (8)
[2015.12.04-19.50.31:947][407]LogModuleManager: Shutting down and abandoning module Renderer (7)
[2015.12.04-19.50.31:947][407]LogModuleManager: Shutting down and abandoning module Engine (6)
[2015.12.04-19.50.31:947][407]LogModuleManager: Shutting down and abandoning module CoreUObject (5)
[2015.12.04-19.50.31:947][407]LogModuleManager: Shutting down and abandoning module NetworkFile (4)
[2015.12.04-19.50.31:947][407]LogModuleManager: Shutting down and abandoning module StreamingFile (3)
[2015.12.04-19.50.31:948][407]LogModuleManager: Shutting down and abandoning module SandboxFile (2)
[2015.12.04-19.50.31:948][407]LogModuleManager: Shutting down and abandoning module PakFile (1)
[2015.12.04-19.50.31:951][407]LogExit: Exiting.
[2015.12.04-19.50.31:953][407]Log file closed, 12/04/15 11:50:31
