Log file open, 05/09/16 02:01:01
LogInit:Display: Running engine for game: RedCreek
LogPlatformFile: Not using cached read wrapper
LogInit:Display: RandInit(-876267886) SRandInit(-876267885).
LogTaskGraph: Started task graph with 4 named threads and 9 total threads.
LogStats: Stats thread started at 0.092923
OCULUS: Info: [CAPI] LibOVR module is located at C:\Program Files\Oculus\Support\oculus-runtime\LibOVRRT64_1.dll
LogInit: Version: 4.11.2-2946394+++UE4+Release-4.11
LogInit: API Version: 2927265
LogInit: Compiled (64-bit): Apr 18 2016 02:18:46
LogInit: Compiled with Visual C++: 19.00.23026.00
LogInit: Build Configuration: Development
LogInit: Branch Name: ++UE4+Release-4.11
LogInit: Command line:  
LogInit: Base directory: C:/Program Files/Epic Games/4.11/Engine/Binaries/Win64/
LogInit: Installed Engine Build: 1
LogInit: Using libcurl 7.41.0
LogInit:  - built for x86_64-pc-win32
LogInit:  - supports SSL with WinSSL
LogInit:  - other features:
LogInit:      CURL_VERSION_SSL
LogInit:      CURL_VERSION_IPV6
LogInit:      CURL_VERSION_ASYNCHDNS
LogInit:      CURL_VERSION_LARGEFILE
LogInit:      CURL_VERSION_IDN
LogInit:  CurlRequestOptions (configurable via config and command line):
LogInit:  - bVerifyPeer = true  - Libcurl will verify peer certificate
LogInit:  - bUseHttpProxy = false  - Libcurl will NOT use HTTP proxy
LogInit:  - bDontReuseConnections = false  - Libcurl will reuse connections
LogInit:  - CertBundlePath = nullptr  - Libcurl will use whatever was configured at build time.
LogInit: Presizing for max 16777216 objects, including 0 objects not considered by GC, pre-allocating 0 bytes for permanent pool.
LogInit: Object subsystem initialized
[2016.05.09-09.01.01:608][  0]LogInit: Selected Device Profile: [Windows]
[2016.05.09-09.01.01:608][  0]LogInit: Applying CVar settings loaded from the selected device profile: [Windows]
[2016.05.09-09.01.01:617][  0]LogInit: Computer: DESKTOP
[2016.05.09-09.01.01:617][  0]LogInit: User: 3
[2016.05.09-09.01.01:617][  0]LogInit: CPU Page size=65536, Cores=6
[2016.05.09-09.01.01:617][  0]LogInit: High frequency timer resolution =3.322375 MHz
[2016.05.09-09.01.01:617][  0]LogMemory: Memory total: Physical=31.9GB (32GB approx)
[2016.05.09-09.01.01:617][  0]LogMemory: Platform Memory Stats for Windows
[2016.05.09-09.01.01:617][  0]LogMemory: Process Physical Memory: 315.37 MB used, 315.37 MB peak
[2016.05.09-09.01.01:617][  0]LogMemory: Process Virtual Memory: 319.42 MB used, 319.42 MB peak
[2016.05.09-09.01.01:617][  0]LogMemory: Physical Memory: 6828.19 MB used, 32708.45 MB total
[2016.05.09-09.01.01:617][  0]LogMemory: Virtual Memory: 673.42 MB used, 134217728.00 MB total
[2016.05.09-09.01.01:648][  0]LogTextLocalizationManager: No specific translations for ('en-US') exist, so ('en') translations will be used.
[2016.05.09-09.01.02:018][  0]LogD3D11RHI: D3D11 adapters:
[2016.05.09-09.01.02:041][  0]LogD3D11RHI:    0. 'AMD FirePro W7000 (FireGL V)' (Feature Level 11_0)
[2016.05.09-09.01.02:041][  0]LogD3D11RHI:       4078MB of dedicated video memory, 0MB of dedicated system memory, and 3840MB of shared system memory, 1 output[s]
[2016.05.09-09.01.02:042][  0]LogD3D11RHI:    1. 'Microsoft Basic Render Driver' (Feature Level 11_0)
[2016.05.09-09.01.02:042][  0]LogD3D11RHI:       0MB of dedicated video memory, 0MB of dedicated system memory, and 256MB of shared system memory, 0 output[s]
[2016.05.09-09.01.02:042][  0]LogD3D11RHI: Chosen D3D11 Adapter: 0
[2016.05.09-09.01.02:045][  0]LogD3D11RHI: Creating new Direct3DDevice
[2016.05.09-09.01.02:045][  0]LogD3D11RHI:     Adapter Name: AMD FirePro W7000 (FireGL V)
[2016.05.09-09.01.02:045][  0]LogD3D11RHI:   Driver Version: 14.301.1010.0 (internal 14.301.1010.0)
[2016.05.09-09.01.02:045][  0]LogD3D11RHI:      Driver Date: 11-1-2014
[2016.05.09-09.01.02:045][  0]LogRHI: Texture pool is 1361 MB (70% of 1945 MB)
[2016.05.09-09.01.02:072][  0]LogD3D11RHI: Async texture creation disabled: no driver support
[2016.05.09-09.01.02:084][  0]LogShaderCompilers: Guid format shader working directory is -26 characters bigger than the processId version (../../../../../../Users/1/Documents/GitHub/Spring-Red-Creek/RedCreek/Intermediate/Shaders/WorkingDirectory/4952/).
[2016.05.09-09.01.02:084][  0]LogShaderCompilers: Cleaned the shader compiler working directory 'C:/Users/1/AppData/Local/Temp/UnrealShaderWorkingDir/02042DA34EF0ECE7105D3E92AB2336C3/'.
[2016.05.09-09.01.02:084][  0]LogShaderCompilers:Display: Using Local Shader Compiler.
[2016.05.09-09.01.02:999][  0]LogTemp:Display: Loaded TP AllDesktopTargetPlatform
[2016.05.09-09.01.03:005][  0]LogTemp:Display: Loaded TP WindowsClientTargetPlatform
[2016.05.09-09.01.03:011][  0]LogTemp:Display: Loaded TP WindowsNoEditorTargetPlatform
[2016.05.09-09.01.03:015][  0]LogTemp:Display: Loaded TP WindowsServerTargetPlatform
[2016.05.09-09.01.03:019][  0]LogTemp:Display: Loaded TP WindowsTargetPlatform
[2016.05.09-09.01.03:022][  0]LogTemp:Display: Loaded TP AndroidTargetPlatform
[2016.05.09-09.01.03:024][  0]LogTemp:Display: Loaded TP Android_ASTCTargetPlatform
[2016.05.09-09.01.03:027][  0]LogTemp:Display: Loaded TP Android_ATCTargetPlatform
[2016.05.09-09.01.03:030][  0]LogTemp:Display: Loaded TP Android_DXTTargetPlatform
[2016.05.09-09.01.03:033][  0]LogTemp:Display: Loaded TP Android_ETC1TargetPlatform
[2016.05.09-09.01.03:035][  0]LogTemp:Display: Loaded TP Android_ETC2TargetPlatform
[2016.05.09-09.01.03:041][  0]LogTemp:Display: Loaded TP Android_MultiTargetPlatform
[2016.05.09-09.01.03:041][  0]LogTemp:Display: Loaded TP Android_PVRTCTargetPlatform
[2016.05.09-09.01.03:042][  0]LogTemp:Display: Loaded TP HTML5TargetPlatform
[2016.05.09-09.01.03:058][  0]LogTemp:Display: Loaded TP IOSTargetPlatform
[2016.05.09-09.01.03:062][  0]LogTemp:Display: Loaded TP TVOSTargetPlatform
[2016.05.09-09.01.03:065][  0]LogTemp:Display: Loaded TP LinuxNoEditorTargetPlatform
[2016.05.09-09.01.03:069][  0]LogTemp:Display: Loaded TP LinuxServerTargetPlatform
[2016.05.09-09.01.03:072][  0]LogTemp:Display: Loaded TP LinuxTargetPlatform
[2016.05.09-09.01.03:073][  0]LogTargetPlatformManager:Display: Building Assets For Windows
[2016.05.09-09.01.03:133][  0]LogDerivedDataCache:Display: Max Cache Size: 512 MB
[2016.05.09-09.01.03:196][  0]LogDerivedDataCache: Loaded boot cache 0.06s 58MB C:/Users/1/AppData/Local/UnrealEngine/4.11/DerivedDataCache/Boot.ddc.
[2016.05.09-09.01.03:197][  0]LogDerivedDataCache:Display: Loaded Boot cache: C:/Users/1/AppData/Local/UnrealEngine/4.11/DerivedDataCache/Boot.ddc
[2016.05.09-09.01.03:197][  0]LogDerivedDataCache: FDerivedDataBackendGraph:  Pak pak cache file ../../../../../../Users/1/Documents/GitHub/Spring-Red-Creek/RedCreek/DerivedDataCache/DDC.ddp not found, will not use a pak cache.
[2016.05.09-09.01.03:197][  0]LogDerivedDataCache: Unable to find inner node Pak for hierarchical cache Hierarchy.
[2016.05.09-09.01.03:197][  0]LogDerivedDataCache: FDerivedDataBackendGraph:  CompressedPak pak cache file ../../../../../../Users/1/Documents/GitHub/Spring-Red-Creek/RedCreek/DerivedDataCache/Compressed.ddp not found, will not use a pak cache.
[2016.05.09-09.01.03:197][  0]LogDerivedDataCache: Unable to find inner node CompressedPak for hierarchical cache Hierarchy.
[2016.05.09-09.01.03:211][  0]LogDerivedDataCache:Display: Pak cache opened for reading ../../../Engine/DerivedDataCache/Compressed.ddp.
[2016.05.09-09.01.03:223][  0]LogDerivedDataCache: Using Local data cache path C:/Users/1/AppData/Local/UnrealEngine/Common/DerivedDataCache: Writable
[2016.05.09-09.01.03:393][  0]LogInit: Selected Device Profile: [Windows]
[2016.05.09-09.01.03:394][  0]LogContentStreaming: Texture pool size is 0.00 MB
[2016.05.09-09.01.03:453][  0]LogMaterial: Uniform references updated for custom material expression Custom.
[2016.05.09-09.01.03:578][  0]LogMeshUtilities: No automatic mesh reduction module available
[2016.05.09-09.01.03:578][  0]LogMeshUtilities: No automatic mesh merging module available
[2016.05.09-09.01.03:578][  0]LogMeshUtilities: No distributed automatic mesh merging module available
[2016.05.09-09.01.03:780][  0]LogObj:Error: LoadConfig (/Script/Engine.Default__RecastNavMesh): import failed for RuntimeGeneration in: 
[2016.05.09-09.01.03:831][  0]LogUObjectArray: 27679 objects as part of root set at end of initial load.
[2016.05.09-09.01.03:831][  0]LogUObjectAllocator: 5591600 out of 0 bytes used by permanent object pool.
[2016.05.09-09.01.03:831][  0]LogUObjectArray: CloseDisregardForGC: 0/0 objects in disregard for GC pool
[2016.05.09-09.01.03:836][  0]LogInit: WinSock: version 1.1 (2.2), MaxSocks=32767, MaxUdp=65467
[2016.05.09-09.01.03:912][  0]LogSlate: SlateFontCache - WITH_FREETYPE: 1, WITH_HARFBUZZ: 1
[2016.05.09-09.01.03:912][  0]LogSlate: SlateFontCache - WITH_FREETYPE: 1, WITH_HARFBUZZ: 1
[2016.05.09-09.01.04:002][  0]LogStreaming:Warning: Failed to read file '../../../Engine/Content/Editor/Slate/Common/Selection_16x.png' error.
[2016.05.09-09.01.04:002][  0]LogSlate: Could not find file for Slate resource: ../../../Engine/Content/Editor/Slate/Common/Selection_16x.png
[2016.05.09-09.01.04:002][  0]LogStreaming:Warning: Failed to read file '../../../Engine/Content/Editor/Slate/Common/Selection_16x.png' error.
[2016.05.09-09.01.04:002][  0]LogSlate: Could not find file for Slate resource: ../../../Engine/Content/Editor/Slate/Common/Selection_16x.png
[2016.05.09-09.01.04:002][  0]LogStreaming:Warning: Failed to read file '../../../Engine/Content/Editor/Slate/Common/Selection_16x.png' error.
[2016.05.09-09.01.04:002][  0]LogSlate: Could not find file for Slate resource: ../../../Engine/Content/Editor/Slate/Common/Selection_16x.png
[2016.05.09-09.01.04:511][  0]LogUdpMessaging: Initializing bridge on interface 0.0.0.0:0 to multicast group 230.0.0.1:6666.
[2016.05.09-09.01.04:615][  0]LogAssetRegistry: FAssetRegistry took 0.0223 seconds to start up
[2016.05.09-09.01.04:747][  0]SourceControl: Info Source control is disabled
[2016.05.09-09.01.04:854][  0]LogHMD: Failed to initialize OpenVR with code 110
[2016.05.09-09.01.04:922][  0]LogEngine: Initializing Engine...
[2016.05.09-09.01.04:923][  0]LogHMD: Oculus plugin initialized. Version: 4.11.2-2946394+++UE4+Release-4.11, LibOVR: 1.3.2, SDK: 1.3.0, built Apr 18 2016, 02:19:44
[2016.05.09-09.01.05:059][  0]LogAIModule: Creating AISystem for world NewWorld
[2016.05.09-09.01.05:072][  0]LogInit: XAudio2 using 'Speakers (Jabra SPEAK 510 USB)' : 2 channels at 48 kHz using 16 bits per sample (channel mask 0x3)
[2016.05.09-09.01.05:084][  0]LogInit: FAudioDevice initialized.
[2016.05.09-09.01.05:114][  0]LogDerivedDataCache: Saved boot cache 0.03s 58MB C:/Users/1/AppData/Local/UnrealEngine/4.11/DerivedDataCache/Boot.ddc.
[2016.05.09-09.01.05:121][  0]LogInit: Texture streaming: Enabled
[2016.05.09-09.01.05:141][  0]LogInit: Transaction tracking system initialized
[2016.05.09-09.01.05:169][  0]BlueprintLog: New page: Editor Load
[2016.05.09-09.01.05:229][  0]LocalizationService: Info Localization service is disabled
[2016.05.09-09.01.05:279][  0]LogLinker:Warning: Can't find file '/Game/ThirdPersonBP/ThirdPersonOverview'
[2016.05.09-09.01.05:279][  0]LogLinker:Warning: Can't find file '/Game/ThirdPersonBP/ThirdPersonOverview'
[2016.05.09-09.01.05:279][  0]LogUObjectGlobals:Warning: Failed to find object 'Class /Game/ThirdPersonBP/ThirdPersonOverview.ThirdPersonOverview_C'
[2016.05.09-09.01.05:299][  0]LogConsoleResponse:Display: 
[2016.05.09-09.01.05:393][  0]LogCook:Display: Max memory allowance for cook 8192mb
[2016.05.09-09.01.05:393][  0]LogCook:Display: Mobile HDR setting 1
[2016.05.09-09.01.05:393][  0]LogCook:Display: Done creating registry. It took  0.00s.
[2016.05.09-09.01.05:430][  0]LogFileCache: Scanning file cache for directory 'C:/Users/1/Documents/GitHub/Spring-Red-Creek/RedCreek/Content/' took 0.02s
[2016.05.09-09.01.05:430][  0]Cmd: MAP LOAD FILE="../../../../../../Users/1/Documents/GitHub/Spring-Red-Creek/RedCreek/Content/RedCreek/Levels/AITests.umap" TEMPLATE=0 SHOWPROGRESS=1 FEATURELEVEL=3
[2016.05.09-09.01.05:431][  0]LightingResults: New page: Lighting Build
[2016.05.09-09.01.05:433][  0]MapCheck: New page: Map Check
[2016.05.09-09.01.05:433][  0]LightingResults: New page: Lighting Build
[2016.05.09-09.01.08:069][  0]Warning: Unknown property in Dialogue_TableItem: DataTable=None,RowName=) 
[2016.05.09-09.01.08:069][  0]Warning: Unknown property in Dialogue_TableItem: RowName=) 
[2016.05.09-09.01.09:756][  0]Warning: Unknown property in Dialogue_TableItem: DataTable=None,RowName=) 
[2016.05.09-09.01.09:756][  0]Warning: Unknown property in Dialogue_TableItem: RowName=) 
[2016.05.09-09.01.11:488][  0]LogAIModule: Creating AISystem for world AITests
[2016.05.09-09.01.11:498][  0]LogEditorServer: Finished looking for orphan Actors (0.000 secs)
[2016.05.09-09.01.11:499][  0]Cmd: MAP CHECKDEP NOCLEARLOG
[2016.05.09-09.01.11:556][  0]MapCheck: Info Map check complete: 0 Error(s), 0 Warning(s), took 56.741ms to complete.
[2016.05.09-09.01.11:556][  0]LogFileHelpers: Loading map 'AITests' took 6.125
[2016.05.09-09.01.11:660][  0]LogCollectionManager: Loaded 0 collections in 0.001333 seconds
[2016.05.09-09.01.11:699][  0]LogFileCache: Scanning file cache for directory 'C:/Users/1/Documents/GitHub/Spring-Red-Creek/RedCreek/Saved/Collections/' took 0.01s
[2016.05.09-09.01.11:699][  0]LogFileCache: Scanning file cache for directory 'C:/Users/1/Documents/GitHub/Spring-Red-Creek/RedCreek/Content/Developers/3/Collections/' took 0.01s
[2016.05.09-09.01.11:699][  0]LogFileCache: Scanning file cache for directory 'C:/Users/1/Documents/GitHub/Spring-Red-Creek/RedCreek/Content/Collections/' took 0.01s
[2016.05.09-09.01.11:699][  0]LogCollectionManager: Rebuilt the GUID cache for 0 collections in 0.000002 seconds
[2016.05.09-09.01.11:706][  0]LogContentBrowser: Native class hierarchy populated in 0.0072 seconds. Added 1979 classes and 343 folders.
[2016.05.09-09.01.11:709][  0]LogStats: UGameplayTagsManager::ConstructGameplayTagTree: Construct from data asset -  0.000 s
[2016.05.09-09.01.11:709][  0]LogStats: UGameplayTagsManager::ConstructGameplayTagTree: GameplayTagTreeChangedEvent.Broadcast -  0.000 s
[2016.05.09-09.01.11:709][  0]LogContentBrowser: Native class hierarchy updated for 'GameplayTags' in 0.0004 seconds. Added 12 classes and 0 folders.
[2016.05.09-09.01.11:713][  0]LogContentBrowser: Native class hierarchy updated for 'WidgetCarousel' in 0.0003 seconds. Added 0 classes and 0 folders.
[2016.05.09-09.01.11:718][  0]LogContentBrowser: Native class hierarchy updated for 'SuperSearch' in 0.0003 seconds. Added 1 classes and 2 folders.
[2016.05.09-09.01.11:748][  0]LogContentBrowser: Native class hierarchy updated for 'AddContentDialog' in 0.0003 seconds. Added 0 classes and 0 folders.
[2016.05.09-09.01.11:752][  0]LogContentBrowser: Native class hierarchy updated for 'SceneOutliner' in 0.0003 seconds. Added 1 classes and 2 folders.
[2016.05.09-09.01.11:839][  0]LogCrashTracker: Crashtracker disabled due to settings.
[2016.05.09-09.01.11:842][  0]LogUObjectGlobals:Warning: Failed to find object 'Class None.'
[2016.05.09-09.01.11:868][  0]LogContentBrowser: Native class hierarchy updated for 'HierarchicalLODOutliner' in 0.0004 seconds. Added 1 classes and 2 folders.
[2016.05.09-09.01.11:868][  0]LogLoad: Full Startup: 11.57 seconds (BP compile: 1.83 seconds)
[2016.05.09-09.01.11:868][  0]LogExternalProfiler: Found external profiler: VSPerf
[2016.05.09-09.01.11:868][  0]LogExternalProfiler: Using external profiler: VSPerf
[2016.05.09-09.01.11:877][  0]LogOcInput: OculusInput pre-init called
[2016.05.09-09.01.11:888][  0]LogOcInput: OculusInput is initialized. Init status 0. Runtime version: 1.3.2
[2016.05.09-09.01.11:933][  0]LogContentStreaming: Texture pool size now 1000 MB
[2016.05.09-09.01.12:082][  0]LogRenderer: Reallocating scene render targets to support 1208x576 (Frame:2).
[2016.05.09-09.01.12:352][  2]LogAssetRegistry: Asset discovery search completed in 7.7598 seconds
[2016.05.09-09.01.12:352][  2]LogCollectionManager: Rebuilt the object cache for 0 collections in 0.000001 seconds (found 0 objects)
[2016.05.09-09.01.12:352][  2]LogCollectionManager: Fixed up redirectors for 0 collections in 0.000022 seconds (updated 0 objects)
[2016.05.09-09.03.22:366][785]LogSavePackage: Save=4.18ms
[2016.05.09-09.03.22:366][785]LogSavePackage: Moving '../../../../../../Users/1/Documents/GitHub/Spring-Red-Creek/RedCreek/Saved/newDialogue_Act011F3D55014FF3BCE2613BEAA4F0D907D8.tmp' to '../../../../../../Users/1/Documents/GitHub/Spring-Red-Creek/RedCreek/Content/NewDialogue/BlueprintDialogues/Data/newDialogue_Act01.uasset'
[2016.05.09-09.03.22:368][785]LogSavePackage: Total save time: 6.19ms
[2016.05.09-09.03.22:368][785]LogSavePackage:Display: Finished SavePackage ../../../../../../Users/1/Documents/GitHub/Spring-Red-Creek/RedCreek/Content/NewDialogue/BlueprintDialogues/Data/newDialogue_Act01.uasset
[2016.05.09-09.03.22:379][785]LogSavePackage: Save=3.34ms
[2016.05.09-09.03.22:379][785]LogSavePackage: Moving '../../../../../../Users/1/Documents/GitHub/Spring-Red-Creek/RedCreek/Saved/newSpeakers_Act0111C33C8444E6B5A85214E6A91EBAA477.tmp' to '../../../../../../Users/1/Documents/GitHub/Spring-Red-Creek/RedCreek/Content/NewDialogue/BlueprintDialogues/Data/newSpeakers_Act01.uasset'
[2016.05.09-09.03.22:381][785]LogSavePackage: Total save time: 5.48ms
[2016.05.09-09.03.22:381][785]LogSavePackage:Display: Finished SavePackage ../../../../../../Users/1/Documents/GitHub/Spring-Red-Creek/RedCreek/Content/NewDialogue/BlueprintDialogues/Data/newSpeakers_Act01.uasset
[2016.05.09-09.05.19:546][665]LogSavePackage: Save=4.22ms
[2016.05.09-09.05.19:546][665]LogSavePackage: Moving '../../../../../../Users/1/Documents/GitHub/Spring-Red-Creek/RedCreek/Saved/Dialogue_Act0105AE28604E2E4C674BFD59A0A76E96B2.tmp' to '../../../../../../Users/1/Documents/GitHub/Spring-Red-Creek/RedCreek/Content/RedCreek/Dialogue/Dialogue_Act01.uasset'
[2016.05.09-09.05.19:549][665]LogSavePackage: Total save time: 30.02ms
[2016.05.09-09.05.19:549][665]LogSavePackage:Display: Finished SavePackage ../../../../../../Users/1/Documents/GitHub/Spring-Red-Creek/RedCreek/Content/RedCreek/Dialogue/Dialogue_Act01.uasset
[2016.05.09-09.05.19:583][665]LogSavePackage: Save=4.53ms
[2016.05.09-09.05.19:583][665]LogSavePackage: Moving '../../../../../../Users/1/Documents/GitHub/Spring-Red-Creek/RedCreek/Saved/DT_Dialogue_Main97EC9DBE4BE64C215BE18AAA4D08B4F1.tmp' to '../../../../../../Users/1/Documents/GitHub/Spring-Red-Creek/RedCreek/Content/NewDialogue/BlueprintDialogues/Data/DT_Dialogue_Main.uasset'
[2016.05.09-09.05.19:585][665]LogSavePackage: Total save time: 26.54ms
[2016.05.09-09.05.19:585][665]LogSavePackage:Display: Finished SavePackage ../../../../../../Users/1/Documents/GitHub/Spring-Red-Creek/RedCreek/Content/NewDialogue/BlueprintDialogues/Data/DT_Dialogue_Main.uasset
[2016.05.09-09.06.09:682][668]LogSavePackage: Save=4.31ms
[2016.05.09-09.06.09:682][668]LogSavePackage: Moving '../../../../../../Users/1/Documents/GitHub/Spring-Red-Creek/RedCreek/Saved/DT_DialogueSpeakerAttributes_MainE310DF74464C0FEDF84F72BEB806D08C.tmp' to '../../../../../../Users/1/Documents/GitHub/Spring-Red-Creek/RedCreek/Content/NewDialogue/BlueprintDialogues/Data/DT_DialogueSpeakerAttributes_Main.uasset'
[2016.05.09-09.06.09:685][668]LogSavePackage: Total save time: 34.94ms
[2016.05.09-09.06.09:685][668]LogSavePackage:Display: Finished SavePackage ../../../../../../Users/1/Documents/GitHub/Spring-Red-Creek/RedCreek/Content/NewDialogue/BlueprintDialogues/Data/DT_DialogueSpeakerAttributes_Main.uasset
[2016.05.09-09.06.59:402][395]LogSavePackage: Save=3.57ms
[2016.05.09-09.06.59:403][395]LogSavePackage: Moving '../../../../../../Users/1/Documents/GitHub/Spring-Red-Creek/RedCreek/Saved/newSpeakers_Act017F810E7941F3BD64F6B5D6B63AAA0924.tmp' to '../../../../../../Users/1/Documents/GitHub/Spring-Red-Creek/RedCreek/Content/NewDialogue/BlueprintDialogues/Data/newSpeakers_Act01.uasset'
[2016.05.09-09.06.59:405][395]LogSavePackage: Total save time: 25.76ms
[2016.05.09-09.06.59:405][395]LogSavePackage:Display: Finished SavePackage ../../../../../../Users/1/Documents/GitHub/Spring-Red-Creek/RedCreek/Content/NewDialogue/BlueprintDialogues/Data/newSpeakers_Act01.uasset
[2016.05.09-09.08.17:118][598