Log file open, 05/09/16 01:54:03
LogInit:Display: Running engine for game: RedCreek
LogPlatformFile: Not using cached read wrapper
LogInit:Display: RandInit(2030466308) SRandInit(2030466309).
LogTaskGraph: Started task graph with 4 named threads and 9 total threads.
LogStats: Stats thread started at 0.110170
OCULUS: Info: [CAPI] LibOVR module is located at C:\Program Files\Oculus\Support\oculus-runtime\LibOVRRT64_1.dll
LogInit: Version: 4.11.2-2946394+++UE4+Release-4.11
LogInit: API Version: 2927265
LogInit: Compiled (64-bit): Apr 18 2016 02:18:46
LogInit: Compiled with Visual C++: 19.00.23026.00
LogInit: Build Configuration: Development
LogInit: Branch Name: ++UE4+Release-4.11
LogInit: Command line:  
LogInit: Base directory: C:/Program Files/Epic Games/4.11/Engine/Binaries/Win64/
LogInit: Installed Engine Build: 1
LogInit: Using libcurl 7.41.0
LogInit:  - built for x86_64-pc-win32
LogInit:  - supports SSL with WinSSL
LogInit:  - other features:
LogInit:      CURL_VERSION_SSL
LogInit:      CURL_VERSION_IPV6
LogInit:      CURL_VERSION_ASYNCHDNS
LogInit:      CURL_VERSION_LARGEFILE
LogInit:      CURL_VERSION_IDN
LogInit:  CurlRequestOptions (configurable via config and command line):
LogInit:  - bVerifyPeer = true  - Libcurl will verify peer certificate
LogInit:  - bUseHttpProxy = false  - Libcurl will NOT use HTTP proxy
LogInit:  - bDontReuseConnections = false  - Libcurl will reuse connections
LogInit:  - CertBundlePath = nullptr  - Libcurl will use whatever was configured at build time.
LogInit: Presizing for max 16777216 objects, including 0 objects not considered by GC, pre-allocating 0 bytes for permanent pool.
LogInit: Object subsystem initialized
[2016.05.09-08.54.03:854][  0]LogInit: Selected Device Profile: [Windows]
[2016.05.09-08.54.03:854][  0]LogInit: Applying CVar settings loaded from the selected device profile: [Windows]
[2016.05.09-08.54.03:866][  0]LogInit: Computer: DESKTOP
[2016.05.09-08.54.03:866][  0]LogInit: User: 3
[2016.05.09-08.54.03:866][  0]LogInit: CPU Page size=65536, Cores=6
[2016.05.09-08.54.03:866][  0]LogInit: High frequency timer resolution =3.322375 MHz
[2016.05.09-08.54.03:866][  0]LogMemory: Memory total: Physical=31.9GB (32GB approx)
[2016.05.09-08.54.03:866][  0]LogMemory: Platform Memory Stats for Windows
[2016.05.09-08.54.03:866][  0]LogMemory: Process Physical Memory: 315.12 MB used, 315.12 MB peak
[2016.05.09-08.54.03:866][  0]LogMemory: Process Virtual Memory: 319.51 MB used, 319.51 MB peak
[2016.05.09-08.54.03:866][  0]LogMemory: Physical Memory: 7678.99 MB used, 32708.45 MB total
[2016.05.09-08.54.03:866][  0]LogMemory: Virtual Memory: 678.24 MB used, 134217728.00 MB total
[2016.05.09-08.54.03:901][  0]LogTextLocalizationManager: No specific translations for ('en-US') exist, so ('en') translations will be used.
[2016.05.09-08.54.04:262][  0]LogD3D11RHI: D3D11 adapters:
[2016.05.09-08.54.04:280][  0]LogD3D11RHI:    0. 'AMD FirePro W7000 (FireGL V)' (Feature Level 11_0)
[2016.05.09-08.54.04:280][  0]LogD3D11RHI:       4078MB of dedicated video memory, 0MB of dedicated system memory, and 3840MB of shared system memory, 1 output[s]
[2016.05.09-08.54.04:281][  0]LogD3D11RHI:    1. 'Microsoft Basic Render Driver' (Feature Level 11_0)
[2016.05.09-08.54.04:281][  0]LogD3D11RHI:       0MB of dedicated video memory, 0MB of dedicated system memory, and 256MB of shared system memory, 0 output[s]
[2016.05.09-08.54.04:281][  0]LogD3D11RHI: Chosen D3D11 Adapter: 0
[2016.05.09-08.54.04:285][  0]LogD3D11RHI: Creating new Direct3DDevice
[2016.05.09-08.54.04:285][  0]LogD3D11RHI:     Adapter Name: AMD FirePro W7000 (FireGL V)
[2016.05.09-08.54.04:285][  0]LogD3D11RHI:   Driver Version: 14.301.1010.0 (internal 14.301.1010.0)
[2016.05.09-08.54.04:285][  0]LogD3D11RHI:      Driver Date: 11-1-2014
[2016.05.09-08.54.04:285][  0]LogRHI: Texture pool is 1361 MB (70% of 1945 MB)
[2016.05.09-08.54.04:312][  0]LogD3D11RHI: Async texture creation disabled: no driver support
[2016.05.09-08.54.04:326][  0]LogShaderCompilers: Guid format shader working directory is -27 characters bigger than the processId version (../../../../../../Users/1/Documents/GitHub/Spring-Red-Creek/RedCreek/Intermediate/Shaders/WorkingDirectory/11412/).
[2016.05.09-08.54.04:327][  0]LogShaderCompilers: Cleaned the shader compiler working directory 'C:/Users/1/AppData/Local/Temp/UnrealShaderWorkingDir/537090EC496E73E4502397941562EFEB/'.
[2016.05.09-08.54.04:327][  0]LogShaderCompilers:Display: Using Local Shader Compiler.
[2016.05.09-08.54.05:353][  0]LogTemp:Display: Loaded TP AllDesktopTargetPlatform
[2016.05.09-08.54.05:358][  0]LogTemp:Display: Loaded TP WindowsClientTargetPlatform
[2016.05.09-08.54.05:363][  0]LogTemp:Display: Loaded TP WindowsNoEditorTargetPlatform
[2016.05.09-08.54.05:368][  0]LogTemp:Display: Loaded TP WindowsServerTargetPlatform
[2016.05.09-08.54.05:372][  0]LogTemp:Display: Loaded TP WindowsTargetPlatform
[2016.05.09-08.54.05:376][  0]LogTemp:Display: Loaded TP AndroidTargetPlatform
[2016.05.09-08.54.05:380][  0]LogTemp:Display: Loaded TP Android_ASTCTargetPlatform
[2016.05.09-08.54.05:383][  0]LogTemp:Display: Loaded TP Android_ATCTargetPlatform
[2016.05.09-08.54.05:386][  0]LogTemp:Display: Loaded TP Android_DXTTargetPlatform
[2016.05.09-08.54.05:389][  0]LogTemp:Display: Loaded TP Android_ETC1TargetPlatform
[2016.05.09-08.54.05:392][  0]LogTemp:Display: Loaded TP Android_ETC2TargetPlatform
[2016.05.09-08.54.05:398][  0]LogTemp:Display: Loaded TP Android_MultiTargetPlatform
[2016.05.09-08.54.05:398][  0]LogTemp:Display: Loaded TP Android_PVRTCTargetPlatform
[2016.05.09-08.54.05:398][  0]LogTemp:Display: Loaded TP HTML5TargetPlatform
[2016.05.09-08.54.05:415][  0]LogTemp:Display: Loaded TP IOSTargetPlatform
[2016.05.09-08.54.05:422][  0]LogTemp:Display: Loaded TP TVOSTargetPlatform
[2016.05.09-08.54.05:430][  0]LogTemp:Display: Loaded TP LinuxNoEditorTargetPlatform
[2016.05.09-08.54.05:438][  0]LogTemp:Display: Loaded TP LinuxServerTargetPlatform
[2016.05.09-08.54.05:443][  0]LogTemp:Display: Loaded TP LinuxTargetPlatform
[2016.05.09-08.54.05:443][  0]LogTargetPlatformManager:Display: Building Assets For Windows
[2016.05.09-08.54.05:516][  0]LogDerivedDataCache:Display: Max Cache Size: 512 MB
[2016.05.09-08.54.05:517][  0]LogDerivedDataCache:Display: Starting with empty Boot cache
[2016.05.09-08.54.05:517][  0]LogDerivedDataCache: FDerivedDataBackendGraph:  Pak pak cache file ../../../../../../Users/1/Documents/GitHub/Spring-Red-Creek/RedCreek/DerivedDataCache/DDC.ddp not found, will not use a pak cache.
[2016.05.09-08.54.05:517][  0]LogDerivedDataCache: Unable to find inner node Pak for hierarchical cache Hierarchy.
[2016.05.09-08.54.05:517][  0]LogDerivedDataCache: FDerivedDataBackendGraph:  CompressedPak pak cache file ../../../../../../Users/1/Documents/GitHub/Spring-Red-Creek/RedCreek/DerivedDataCache/Compressed.ddp not found, will not use a pak cache.
[2016.05.09-08.54.05:517][  0]LogDerivedDataCache: Unable to find inner node CompressedPak for hierarchical cache Hierarchy.
[2016.05.09-08.54.05:539][  0]LogDerivedDataCache:Display: Pak cache opened for reading ../../../Engine/DerivedDataCache/Compressed.ddp.
[2016.05.09-08.54.05:551][  0]LogDerivedDataCache: Using Local data cache path C:/Users/1/AppData/Local/UnrealEngine/Common/DerivedDataCache: Writable
[2016.05.09-08.54.05:746][  0]LogInit: Selected Device Profile: [Windows]
[2016.05.09-08.54.05:747][  0]LogTexture:Display: Building textures: S_Actor (BGRA8)
[2016.05.09-08.54.05:750][  0]LogContentStreaming: Texture pool size is 0.00 MB
[2016.05.09-08.54.05:752][  0]LogTexture:Display: Building textures: S_Emitter (BGRA8)
[2016.05.09-08.54.05:799][  0]LogMaterial: Uniform references updated for custom material expression Custom.
[2016.05.09-08.54.05:834][  0]LogTexture:Display: Building textures: DefaultDiffuse (AutoDXT)
[2016.05.09-08.54.06:350][  0]LogTexture:Display: Building textures: T_Default_Material_Grid_M (AutoDXT)
[2016.05.09-08.54.06:460][  0]LogTexture:Display: Building textures: T_Default_Material_Grid_N (BC5)
[2016.05.09-08.54.06:515][  0]LogTexture:Display: Building textures: WhiteSquareTexture (AutoDXT)
[2016.05.09-08.54.06:522][  0]LogTexture:Display: Building textures: DefaultTexture (DXT1)
[2016.05.09-08.54.06:561][  0]LogTexture:Display: Building textures: S_LevelSequence (BGRA8)
[2016.05.09-08.54.06:570][  0]LogTexture:Display: Building textures: Bad (BGRA8)
[2016.05.09-08.54.06:585][  0]LogMeshUtilities: No automatic mesh reduction module available
[2016.05.09-08.54.06:585][  0]LogMeshUtilities: No automatic mesh merging module available
[2016.05.09-08.54.06:585][  0]LogMeshUtilities: No distributed automatic mesh merging module available
[2016.05.09-08.54.06:608][  0]LogTexture:Display: Building textures: Default (BGRA8)
[2016.05.09-08.54.06:632][  0]LogTexture:Display: Building textures: Grid (AutoDXT)
[2016.05.09-08.54.06:684][  0]LogTexture:Display: Building textures: DaylightAmbientCubemap (RGBA16F)
[2016.05.09-08.54.13:935][  0]LogTexture:Display: Building textures: PSysThumbnail_NoImage (AutoDXT)
[2016.05.09-08.54.13:945][  0]LogTexture:Display: Building textures: PSysThumbnail_OOD (AutoDXT)
[2016.05.09-08.54.13:950][  0]LogTexture:Display: Building textures: S_DecalActorIcon (AutoDXT)
[2016.05.09-08.54.13:998][  0]LogTexture:Display: Building textures: S_Terrain (BGRA8)
[2016.05.09-08.54.14:012][  0]LogTexture:Display: Building textures: MatineeCam_D (AutoDXT)
[2016.05.09-08.54.14:074][  0]LogTexture:Display: Building textures: T_EditorHelp (AutoDXT)
[2016.05.09-08.54.14:541][  0]LogTexture:Display: Building textures: flipbook (AutoDXT)
[2016.05.09-08.54.14:550][  0]LogTexture:Display: Building textures: S_ExpoHeightFog (BGRA8)
[2016.05.09-08.54.14:556][  0]LogTexture:Display: Building textures: S_NavP (BGRA8)
[2016.05.09-08.54.14:563][  0]LogTexture:Display: Building textures: S_Player (BGRA8)
[2016.05.09-08.54.14:571][  0]LogTexture:Display: Building textures: SkyLight (BGRA8)
[2016.05.09-08.54.14:579][  0]LogTexture:Display: Building textures: S_WindDirectional (AutoDXT)
[2016.05.09-08.54.14:602][  0]LogTexture:Display: Building textures: S_LightDirectional (BGRA8)
[2016.05.09-08.54.14:609][  0]LogTexture:Display: Building textures: S_LightDirectionalMove (BGRA8)
[2016.05.09-08.54.14:616][  0]LogTexture:Display: Building textures: S_LightPoint (BGRA8)
[2016.05.09-08.54.14:623][  0]LogTexture:Display: Building textures: S_LightPointMove (BGRA8)
[2016.05.09-08.54.14:630][  0]LogTexture:Display: Building textures: S_LightSpot (BGRA8)
[2016.05.09-08.54.14:638][  0]LogTexture:Display: Building textures: S_LightSpotMove (BGRA8)
[2016.05.09-08.54.14:646][  0]LogTexture:Display: Building textures: S_PortalActorIcon2 (AutoDXT)
[2016.05.09-08.54.14:675][  0]LogTexture:Display: Building textures: MatInstActSprite (BGRA8)
[2016.05.09-08.54.14:679][  0]LogTexture:Display: Building textures: SceneManager (BGRA8)
[2016.05.09-08.54.14:686][  0]LogObj:Error: LoadConfig (/Script/Engine.Default__RecastNavMesh): import failed for RuntimeGeneration in: 
[2016.05.09-08.54.14:687][  0]LogTexture:Display: Building textures: S_NavLink (AutoDXT)
[2016.05.09-08.54.14:701][  0]LogTexture:Display: Building textures: S_Note (BGRA8)
[2016.05.09-08.54.14:711][  0]LogTexture:Display: Building textures: S_ReflActorIcon (AutoDXT)
[2016.05.09-08.54.14:740][  0]LogTexture:Display: Building textures: S_Thruster (BGRA8)
[2016.05.09-08.54.14:747][  0]LogTexture:Display: Building textures: S_RadForce (BGRA8)
[2016.05.09-08.54.14:753][  0]LogTexture:Display: Building textures: TargetIcon (BGRA8)
[2016.05.09-08.54.14:761][  0]LogTexture:Display: Building textures: RobotoDistanceField_PageA (G8)
[2016.05.09-08.54.14:771][  0]LogTexture:Display: Building textures: S_TextRenderActorIcon (AutoDXT)
[2016.05.09-08.54.14:787][  0]LogTexture:Display: Building textures: S_Trigger (BGRA8)
[2016.05.09-08.54.14:798][  0]LogTexture:Display: Building textures: S_VectorFieldVol (BGRA8)
[2016.05.09-08.54.14:802][  0]LogTexture:Display: Building textures: GradientTexture0 (BGRA8)
[2016.05.09-08.54.14:805][  0]LogTexture:Display: Building textures: Black (AutoDXT)
[2016.05.09-08.54.14:810][  0]LogTexture:Display: Building textures: MAT_Groups_Float (AutoDXT)
[2016.05.09-08.54.14:811][  0]LogTexture:Display: Building textures: MAT_Groups_Director (AutoDXT)
[2016.05.09-08.54.14:813][  0]LogTexture:Display: Building textures: MAT_Groups_Event (AutoDXT)
[2016.05.09-08.54.14:814][  0]LogTexture:Display: Building textures: MAT_Groups_Anim (AutoDXT)
[2016.05.09-08.54.14:815][  0]LogTexture:Display: Building textures: MAT_Groups_Fade (AutoDXT)
[2016.05.09-08.54.14:816][  0]LogTexture:Display: Building textures: MAT_Groups_Move (AutoDXT)
[2016.05.09-08.54.14:818][  0]LogTexture:Display: Building textures: MAT_Groups_Slomo (AutoDXT)
[2016.05.09-08.54.14:819][  0]LogTexture:Display: Building textures: MAT_ColorTrack (AutoDXT)
[2016.05.09-08.54.14:821][  0]LogTexture:Display: Building textures: MAT_Groups_Toggle (AutoDXT)
[2016.05.09-08.54.14:822][  0]LogTexture:Display: Building textures: MAT_Groups_AudioMaster (AutoDXT)
[2016.05.09-08.54.14:824][  0]LogTexture:Display: Building textures: MAT_Groups_Sound (AutoDXT)
[2016.05.09-08.54.14:825][  0]LogTexture:Display: Building textures: MAT_Groups_Vector (AutoDXT)
[2016.05.09-08.54.14:826][  0]LogTexture:Display: Building textures: MAT_Groups_Visibility (AutoDXT)
[2016.05.09-08.54.14:829][  0]LogTexture:Display: Building textures: DefaultTextureCube (DXT1)
[2016.05.09-08.54.15:422][  0]LogUObjectArray: 27679 objects as part of root set at end of initial load.
[2016.05.09-08.54.15:422][  0]LogUObjectAllocator: 5591600 out of 0 bytes used by permanent object pool.
[2016.05.09-08.54.15:422][  0]LogUObjectArray: CloseDisregardForGC: 0/0 objects in disregard for GC pool
[2016.05.09-08.54.15:427][  0]LogInit: WinSock: version 1.1 (2.2), MaxSocks=32767, MaxUdp=65467
[2016.05.09-08.54.15:492][  0]LogTexture:Display: Building textures: S_FTest (AutoDXT)
[2016.05.09-08.54.15:531][  0]LogSlate: SlateFontCache - WITH_FREETYPE: 1, WITH_HARFBUZZ: 1
[2016.05.09-08.54.15:531][  0]LogSlate: SlateFontCache - WITH_FREETYPE: 1, WITH_HARFBUZZ: 1
[2016.05.09-08.54.15:620][  0]LogStreaming:Warning: Failed to read file '../../../Engine/Content/Editor/Slate/Common/Selection_16x.png' error.
[2016.05.09-08.54.15:620][  0]LogSlate: Could not find file for Slate resource: ../../../Engine/Content/Editor/Slate/Common/Selection_16x.png
[2016.05.09-08.54.15:620][  0]LogStreaming:Warning: Failed to read file '../../../Engine/Content/Editor/Slate/Common/Selection_16x.png' error.
[2016.05.09-08.54.15:620][  0]LogSlate: Could not find file for Slate resource: ../../../Engine/Content/Editor/Slate/Common/Selection_16x.png
[2016.05.09-08.54.15:620][  0]LogStreaming:Warning: Failed to read file '../../../Engine/Content/Editor/Slate/Common/Selection_16x.png' error.
[2016.05.09-08.54.15:620][  0]LogSlate: Could not find file for Slate resource: ../../../Engine/Content/Editor/Slate/Common/Selection_16x.png
[2016.05.09-08.54.16:110][  0]LogTexture:Display: Building textures: DummySpriteTexture (AutoDXT)
[2016.05.09-08.54.16:139][  0]LogUdpMessaging: Initializing bridge on interface 0.0.0.0:0 to multicast group 230.0.0.1:6666.
[2016.05.09-08.54.16:245][  0]LogAssetRegistry: FAssetRegistry took 0.0222 seconds to start up
[2016.05.09-08.54.16:284][  0]LogTexture:Display: Building textures: MiniFont (AutoDXT)
[2016.05.09-08.54.16:383][  0]SourceControl: Info Source control is disabled
[2016.05.09-08.54.16:494][  0]LogHMD: Failed to initialize OpenVR with code 110
[2016.05.09-08.54.16:566][  0]LogEngine: Initializing Engine...
[2016.05.09-08.54.16:567][  0]LogHMD: Oculus plugin initialized. Version: 4.11.2-2946394+++UE4+Release-4.11, LibOVR: 1.3.2, SDK: 1.3.0, built Apr 18 2016, 02:19:44
[2016.05.09-08.54.16:615][  0]LogTexture:Display: Building textures: DefaultWhiteGrid (AutoDXT)
[2016.05.09-08.54.16:697][  0]LogTexture:Display: Building textures: InvalidLightmapSettings (AutoDXT)
[2016.05.09-08.54.16:753][  0]LogTexture:Display: Building textures: HeatmapGradient (BGRA8)
[2016.05.09-08.54.16:766][  0]LogTexture:Display: Building textures: PreviewShadowIndicator (BGRA8)
[2016.05.09-08.54.16:794][  0]LogTexture:Display: Building textures: BSPVertex (AutoDXT)
[2016.05.09-08.54.16:795][  0]LogTexture:Display: Building textures: Good64x64TilingNoiseHighFreq (G8)
[2016.05.09-08.54.16:796][  0]LogTexture:Display: Building textures: DefaultBokeh (BGRA8)
[2016.05.09-08.54.16:798][  0]LogTexture:Display: Building textures: PreintegratedSkinBRDF (BGRA8)
[2016.05.09-08.54.16:804][  0]LogTexture:Display: Building textures: WeightMapPlaceholderTexture (BGRA8)
[2016.05.09-08.54.16:813][  0]LogTexture:Display: Building textures: AICON-Red (AutoDXT)
[2016.05.09-08.54.16:821][  0]LogTexture:Display: Building textures: AICON-Green (AutoDXT)
[2016.05.09-08.54.16:832][  0]LogAIModule: Creating AISystem for world NewWorld
[2016.05.09-08.54.16:846][  0]LogInit: XAudio2 using 'Speakers (Jabra SPEAK 510 USB)' : 2 channels at 48 kHz using 16 bits per sample (channel mask 0x3)
[2016.05.09-08.54.16:858][  0]LogInit: FAudioDevice initialized.
[2016.05.09-08.54.16:880][  0]LogDerivedDataCache: Saved boot cache 0.02s 58MB C:/Users/1/AppData/Local/UnrealEngine/4.11/DerivedDataCache/Boot.ddc.
[2016.05.09-08.54.16:886][  0]LogInit: Texture streaming: Enabled
[2016.05.09-08.54.16:907][  0]LogInit: Transaction tracking system initialized
[2016.05.09-08.54.16:933][  0]BlueprintLog: New page: Editor Load
[2016.05.09-08.54.16:995][  0]LocalizationService: Info Localization service is disabled
[2016.05.09-08.54.17:041][  0]LogTexture:Display: Building textures: icon_tab_Levels_40x (BGRA8)
[2016.05.09-08.54.17:043][  0]LogTexture:Display: Building textures: Blueprint_64x (BGRA8)
[2016.05.09-08.54.17:045][  0]LogLinker:Warning: Can't find file '/Game/ThirdPersonBP/ThirdPersonOverview'
[2016.05.09-08.54.17:045][  0]LogLinker:Warning: Can't find file '/Game/ThirdPersonBP/ThirdPersonOverview'
[2016.05.09-08.54.17:045][  0]LogUObjectGlobals:Warning: Failed to find object 'Class /Game/ThirdPersonBP/ThirdPersonOverview.ThirdPersonOverview_C'
[2016.05.09-08.54.17:047][  0]LogTexture:Display: Building textures: android_Icon (BGRA8)
[2016.05.09-08.54.17:062][  0]LogConsoleResponse:Display: 
[2016.05.09-08.54.17:065][  0]LogTexture:Display: Building textures: Cross (AutoDXT)
[2016.05.09-08.54.17:081][  0]LogTexture:Display: Building textures: Tick (AutoDXT)
[2016.05.09-08.54.17:087][  0]LogTexture:Display: Building textures: WidgetGridVertexColorMaterial (AutoDXT)
[2016.05.09-08.54.17:127][  0]LogTexture:Display: Building textures: CASC_None (AutoDXT)
[2016.05.09-08.54.17:128][  0]LogTexture:Display: Building textures: CASC_Cross (AutoDXT)
[2016.05.09-08.54.17:136][  0]LogTexture:Display: Building textures: Texture2D_28 (AutoDXT)
[2016.05.09-08.54.17:145][  0]LogTexture:Display: Building textures: S_KBSJoint (BGRA8)
[2016.05.09-08.54.17:148][  0]LogTexture:Display: Building textures: S_KHinge (BGRA8)
[2016.05.09-08.54.17:151][  0]LogTexture:Display: Building textures: S_KPrismatic (BGRA8)
[2016.05.09-08.54.17:157][  0]LogTexture:Display: Building textures: S_LightError (BGRA8)
[2016.05.09-08.54.17:164][  0]LogTexture:Display: Building textures: T_Loft_Spline (AutoDXT)
[2016.05.09-08.54.17:209][  0]LogTexture:Display: Building textures: DefaultNormal (BC5)
[2016.05.09-08.54.17:290][  0]LogTexture:Display: Building textures: Grid_N (BC5)
[2016.05.09-08.54.17:314][  0]LogTexture:Display: Building textures: PaperDiffuse (AutoDXT)
[2016.05.09-08.54.17:411][  0]LogTexture:Display: Building textures: PaperNormal (BC5)
[2016.05.09-08.54.17:431][  0]LogTexture:Display: Building textures: Texture2D_28 (AutoDXT)
[2016.05.09-08.54.17:439][  0]LogTexture:Display: Building textures: Texture2D_29 (AutoDXT)
[2016.05.09-08.54.17:445][  0]LogTexture:Display: Building textures: StreamingPauseIcon (AutoDXT)
[2016.05.09-08.54.17:461][  0]LogCook:Display: Max memory allowance for cook 8192mb
[2016.05.09-08.54.17:461][  0]LogCook:Display: Mobile HDR setting 1
[2016.05.09-08.54.17:461][  0]LogCook:Display: Done creating registry. It took  0.00s.
[2016.05.09-08.54.17:495][  0]LogFileCache: Scanning file cache for directory 'C:/Users/1/Documents/GitHub/Spring-Red-Creek/RedCreek/Content/' took 0.01s
[2016.05.09-08.54.17:496][  0]LogTexture:Display: Building textures: DefaultAlphaTexture (BGRA8)
[2016.05.09-08.54.17:501][  0]Cmd: MAP LOAD FILE="../../../../../../Users/1/Documents/GitHub/Spring-Red-Creek/RedCreek/Content/RedCreek/Levels/AITests.umap" TEMPLATE=0 SHOWPROGRESS=1 FEATURELEVEL=3
[2016.05.09-08.54.17:501][  0]LightingResults: New page: Lighting Build
[2016.05.09-08.54.17:504][  0]MapCheck: New page: Map Check
[2016.05.09-08.54.17:504][  0]LightingResults: New page: Lighting Build
[2016.05.09-08.54.20:213][  0]Warning: Unknown property in Dialogue_TableItem: DataTable=None,RowName=) 
[2016.05.09-08.54.20:213][  0]Warning: Unknown property in Dialogue_TableItem: RowName=) 
[2016.05.09-08.54.21:983][  0]Warning: Unknown property in Dialogue_TableItem: DataTable=None,RowName=) 
[2016.05.09-08.54.21:983][  0]Warning: Unknown property in Dialogue_TableItem: RowName=) 
[2016.05.09-08.54.22:581][  0]LogMaterial: Missing cached shader map for material SceneTransitionMaterial, compiling. 
[2016.05.09-08.54.23:311][  0]LogTexture:Display: Building textures: T_Atlas_DialogueUI (AutoDXT)
[2016.05.09-08.54.23:934][  0]LogTexture:Display: Building textures: TinyDinosaur (BGRA8)
[2016.05.09-08.54.23:949][  0]LogTexture:Display: Building textures: Vaught_Sample_Sprite (BGRA8)
[2016.05.09-08.54.24:044][  0]LogAudioDerivedData:Display: Building compressed audio format OGG wave Red_Creek_sound_idea__2...
[2016.05.09-08.54.24:840][  0]LogMaterial: Missing cached shader map for material HoverOverSceneTransitionMaterial, compiling. 
[2016.05.09-08.54.24:852][  0]LogMaterial: Missing cached shader map for material M_Atlas_DialogueUI, compiling. 
[2016.05.09-08.54.25:444][  0]LogTexture:Display: Building textures: T_LeftClick (AutoDXT)
[2016.05.09-08.54.25:506][  0]LogTexture:Display: Building textures: a3_cargrave_puzzledoor (AutoDXT)
[2016.05.09-08.54.26:132][  0]LogTexture:Display: Building textures: a1_redCreekActual-s (BGRA8)
[2016.05.09-08.54.26:256][  0]LogTexture:Display: Building textures: HQ_Lightmap0_2 (AutoDXT)
[2016.05.09-08.54.26:259][  0]LogTexture:Display: Building textures: HQ_Lightmap1_1 (AutoDXT)
[2016.05.09-08.54.26:263][  0]LogTexture:Display: Building textures: LQ_Lightmap_0_2 (DXT1)
[2016.05.09-08.54.26:264][  0]LogTexture:Display: Building textures: LQ_Lightmap_1_1 (DXT1)
[2016.05.09-08.54.26:266][  0]LogTexture:Display: Building textures: ShadowMapTexture2D_0 (G8)
[2016.05.09-08.54.26:266][  0]LogTexture:Display: Building textures: ShadowMapTexture2D_1 (G8)
[2016.05.09-08.54.26:270][  0]LogAIModule: Creating AISystem for world AITests
[2016.05.09-08.54.26:274][  0]LogTexture:Display: Building textures: EmptyActor (BGRA8)
[2016.05.09-08.54.26:285][  0]LogTexture:Display: Building textures: S_AudioComponent_AutoActivate (BGRA8)
[2016.05.09-08.54.26:303][  0]LogEditorServer: Finished looking for orphan Actors (0.000 secs)
[2016.05.09-08.54.26:304][  0]Cmd: MAP CHECKDEP NOCLEARLOG
[2016.05.09-08.54.26:367][  0]MapCheck: Info Map check complete: 0 Error(s), 0 Warning(s), took 62.84ms to complete.
[2016.05.09-08.54.26:367][  0]LogFileHelpers: Loading map 'AITests' took 8.866
[2016.05.09-08.54.26:466][  0]LogCollectionManager: Loaded 0 collections in 0.001167 seconds
[2016.05.09-08.54.26:505][  0]LogFileCache: Scanning file cache for directory 'C:/Users/1/Documents/GitHub/Spring-Red-Creek/RedCreek/Saved/Collections/' took 0.01s
[2016.05.09-08.54.26:505][  0]LogFileCache: Scanning file cache for directory 'C:/Users/1/Documents/GitHub/Spring-Red-Creek/RedCreek/Content/Developers/3/Collections/' took 0.01s
[2016.05.09-08.54.26:505][  0]LogFileCache: Scanning file cache for directory 'C:/Users/1/Documents/GitHub/Spring-Red-Creek/RedCreek/Content/Collections/' took 0.01s
[2016.05.09-08.54.26:505][  0]LogCollectionManager: Rebuilt the GUID cache for 0 collections in 0.000007 seconds
[2016.05.09-08.54.26:513][  0]LogContentBrowser: Native class hierarchy populated in 0.0070 seconds. Added 1979 classes and 343 folders.
[2016.05.09-08.54.26:516][  0]LogStats: UGameplayTagsManager::ConstructGameplayTagTree: Construct from data asset -  0.000 s
[2016.05.09-08.54.26:516][  0]LogStats: UGameplayTagsManager::ConstructGameplayTagTree: GameplayTagTreeChangedEvent.Broadcast -  0.000 s
[2016.05.09-08.54.26:517][  0]LogContentBrowser: Native class hierarchy updated for 'GameplayTags' in 0.0004 seconds. Added 12 classes and 0 folders.
[2016.05.09-08.54.26:521][  0]LogContentBrowser: Native class hierarchy updated for 'WidgetCarousel' in 0.0003 seconds. Added 0 classes and 0 folders.
[2016.05.09-08.54.26:526][  0]LogContentBrowser: Native class hierarchy updated for 'SuperSearch' in 0.0003 seconds. Added 1 classes and 2 folders.
[2016.05.09-08.54.26:557][  0]LogContentBrowser: Native class hierarchy updated for 'AddContentDialog' in 0.0003 seconds. Added 0 classes and 0 folders.
[2016.05.09-08.54.26:560][  0]LogContentBrowser: Native class hierarchy updated for 'SceneOutliner' in 0.0003 seconds. Added 1 classes and 2 folders.
[2016.05.09-08.54.26:654][  0]LogCrashTracker: Crashtracker disabled due to settings.
[2016.05.09-08.54.26:659][  0]LogUObjectGlobals:Warning: Failed to find object 'Class None.'
[2016.05.09-08.54.26:685][  0]LogContentBrowser: Native class hierarchy updated for 'HierarchicalLODOutliner' in 0.0006 seconds. Added 1 classes and 2 folders.
[2016.05.09-08.54.26:685][  0]LogLoad: Full Startup: 24.24 seconds (BP compile: 1.91 seconds)
[2016.05.09-08.54.26:685][  0]LogExternalProfiler: Found external profiler: VSPerf
[2016.05.09-08.54.26:685][  0]LogExternalProfiler: Using external profiler: VSPerf
[2016.05.09-08.54.26:694][  0]LogOcInput: OculusInput pre-init called
[2016.05.09-08.54.26:703][  0]LogOcInput: OculusInput is initialized. Init status 0. Runtime version: 1.3.2
[2016.05.09-08.54.26:747][  0]LogContentStreaming: Texture pool size now 1000 MB
[2016.05.09-08.54.26:819][  0]LogTexture:Display: Building textures: LevelGrid1DStripes (BGRA8)
[2016.05.09-08.54.26:899][  0]LogRenderer: Reallocating scene render targets to support 1208x576 (Frame:2).
[2016.05.09-08.54.27:064][  1]LogAssetRegistry: Asset discovery search completed in 10.8415 seconds
[2016.05.09-08.54.27:064][  1]LogCollectionManager: Rebuilt the object cache for 0 collections in 0.000001 seconds (found 0 objects)
[2016.05.09-08.54.27:064][  1]LogCollectionManager: Fixed up redirectors for 0 collections in 0.000054 seconds (updated 0 objects)
[2016.05.09-08.55.45:665][688]OCULUS: Info: [HMDState] Requested to SetForegroundWindow(160740ll)
[2016.05.09-08.57.59:036][801]LogBlueprintUserMessages: Early PlayInEditor Detection: Level '/Game/RedCreek/Levels/AITests.AITests:PersistentLevel' has LevelScriptBlueprint '/Game/RedCreek/Levels/AITests.AITests:PersistentLevel.AITests' with GeneratedClass '/Game/RedCreek/Levels/AITests.AITests_C' with ClassGeneratedBy '/Game/RedCreek/Levels/AITests.AITests:PersistentLevel.AITests'
[2016.05.09-08.57.59:036][801]LogPlayLevel: PlayLevel: No blueprints needed recompiling
[2016.05.09-08.57.59:036][801]LogApp: UseVRFocus has changed to 1
[2016.05.09-08.57.59:036][801]LogApp: HasVRFocus has changed to 1
[2016.05.09-08.57.59:037][801]PIE: New page: PIE session: AITests (May 8, 2016, 5:57:59 PM)
[2016.05.09-08.57.59:037][801]LogPlayLevel: Creating play world package: /Game/RedCreek/Levels/UEDPIE_0_AITests
[2016.05.09-08.57.59:068][801]LogPlayLevel: PIE: StaticDuplicateObject took: (0.030786s)
[2016.05.09-08.57.59:069][801]LogAIModule: Creating AISystem for world AITests
[2016.05.09-08.57.59:069][801]LogPlayLevel: PIE: World Init took: (0.000573s)
[2016.05.09-08.57.59:069][801]LogPlayLevel: PIE: Created PIE world by copying editor world from /Game/RedCreek/Levels/AITests.AITests to /Game/RedCreek/Levels/UEDPIE_0_AITests.AITests (0.031577s)
[2016.05.09-08.57.59:274][801]LogInit: XAudio2 using 'Speakers (Jabra SPEAK 510 USB)' : 2 channels at 48 kHz using 16 bits per sample (channel mask 0x3)
[2016.05.09-08.57.59:279][801]LogInit: FAudioDevice initialized.
[2016.05.09-08.57.59:333][801]LogWorld: Game class is 'GameMode_Level_C'
[2016.05.09-08.57.59:338][801]LogWorld: Bringing World /Game/RedCreek/Levels/UEDPIE_0_AITests.AITests up for play (max tick rate 0) at 2016.05.09-01.57.59
[2016.05.09-08.57.59:339][801]LogWorld: Bringing up level for play took: 0.005060
[2016.05.09-08.57.59:343][801]LogContentBrowser: Native class hierarchy updated for 'MovieSceneCapture' in 0.0004 seconds. Added 9 classes and 0 folders.
[2016.05.09-08.57.59:353][801]PIE: Info Play in editor start time for /Game/RedCreek/Levels/UEDPIE_0_AITests 1.119
[2016.05.09-08.57.59:353][801]LogBlueprintUserMessages: Late PlayInEditor Detection: Level '/Game/RedCreek/Levels/AITests.AITests:PersistentLevel' has LevelScriptBlueprint '/Game/RedCreek/Levels/AITests.AITests:PersistentLevel.AITests' with GeneratedClass '/Game/RedCreek/Levels/AITests.AITests_C' with ClassGeneratedBy '/Game/RedCreek/Levels/AITests.AITests:PersistentLevel.AITests'
[2016.05.09-08.57.59:353][801]LogApp: UseVRFocus has changed to 0
[2016.05.09-08.57.59:353][801]LogApp: HasVRFocus has changed to 0
[2016.05.09-08.57.59:375][802]LogRenderer: Reallocating scene render targets to support 1280x720 (Frame:2962).
[2016.05.09-08.58.00:604][944]LogBlueprintUserMessages: [BP_Character_C_1] Dialogue Trigger
[2016.05.09-08.58.04:216][369]LogBlueprintUserMessages: Early EndPlayMap Detection: Level '/Game/RedCreek/Levels/AITests.AITests:PersistentLevel' has LevelScriptBlueprint '/Game/RedCreek/Levels/AITests.AITests:PersistentLevel.AITests' with GeneratedClass '/Game/RedCreek/Levels/AITests.AITests_C' with ClassGeneratedBy '/Game/RedCreek/Levels/AITests.AITests:PersistentLevel.AITests'
[2016.05.09-08.58.04:265][369]LogBlueprintUserMessages: Late EndPlayMap Detection: Level '/Game/RedCreek/Levels/AITests.AITests:PersistentLevel' has LevelScriptBlueprint '/Game/RedCreek/Levels/AITests.AITests:PersistentLevel.AITests' with GeneratedClass '/Game/RedCreek/Levels/AITests.AITests_C' with ClassGeneratedBy '/Game/RedCreek/Levels/AITests.AITests:PersistentLevel.AITests'
[2016.05.09-08.59.05:965][110]LogWindowsTextInputMethodSystem:Display: IME system now deactivated.
[2016.05.09-08.59.06:174][111]Cmd: QUIT_EDITOR
[2016.05.09-08.59.06:368][111]LogExit: Preparing to exit.
[2016.05.09-08.59.07:414][111]LogExit: Editor shut down
[2016.05.09-08.59.07:414][111]LogExit: Transaction tracking system shut down
[2016.05.09-08.59.07:554][111]LogObj: Freed 0b from 0 cluster array pools.
[2016.05.09-08.59.07:555][111]LogExit: Object subsystem successfully closed.
[2016.05.09-08.59.07:574][111]LogD3D11RHI: Shutdown
[2016.05.09-08.59.07:574][111]LogD3D11RHI: CleanupD3DDevice
[2016.05.09-08.59.07:609][111]LogD3D11RHI: ~FD3D11DynamicRHI
[2016.05.09-08.59.07:722][111]LogDerivedDataCache: Shutdown
[2016.05.09-08.59.07:723][111]LogModuleManager: Shutting down and abandoning module MovieSceneCapture (206)
[2016.05.09-08.59.07:723][111]LogModuleManager: Shutting down and abandoning module DataTableEditor (205)
[2016.05.09-08.59.07:723][111]LogModuleManager: Shutting down and abandoning module HierarchicalLODOutliner (204)
[2016.05.09-08.59.07:723][111]LogModuleManager: Shutting down and abandoning module CrashTracker (203)
[2016.05.09-08.59.07:723][111]LogModuleManager: Shutting down and abandoning module SceneOutliner (202)
[2016.05.09-08.59.07:723][111]LogModuleManager: Shutting down and abandoning module SuperSearch (201)
[2016.05.09-08.59.07:723][111]LogModuleManager: Shutting down and abandoning module WidgetCarousel (200)
[2016.05.09-08.59.07:723][111]LogModuleManager: Shutting down and abandoning module AddContentDialog (199)
[2016.05.09-08.59.07:724][111]LogModuleManager: Shutting down and abandoning module GameplayTags (198)
[2016.05.09-08.59.07:724][111]LogModuleManager: Shutting down and abandoning module EditorWidgets (197)
[2016.05.09-08.59.07:724][111]LogModuleManager: Shutting down and abandoning module CollectionManager (196)
[2016.05.09-08.59.07:724][111]LogModuleManager: Shutting down and abandoning module StatsViewer (195)
[2016.05.09-08.59.07:724][111]LogModuleManager: Shutting down and abandoning module FoliageEdit (194)
[2016.05.09-08.59.07:724][111]LogModuleManager: Shutting down and abandoning module LandscapeEditor (193)
[2016.05.09-08.59.07:724][111]LogModuleManager: Shutting down and abandoning module ActorPickerMode (192)
[2016.05.09-08.59.07:724][111]LogModuleManager: Shutting down and abandoning module GeometryMode (191)
[2016.05.09-08.59.07:724][111]LogModuleManager: Shutting down and abandoning module TextureAlignMode (190)
[2016.05.09-08.59.07:724][111]LogModuleManager: Shutting down and abandoning module BspMode (189)
[2016.05.09-08.59.07:724][111]LogModuleManager: Shutting down and abandoning module PlacementMode (188)
[2016.05.09-08.59.07:724][111]LogModuleManager: Shutting down and abandoning module AutomationWorker (187)
[2016.05.09-08.59.07:724][111]LogModuleManager: Shutting down and abandoning module CharacterAI (186)
[2016.05.09-08.59.07:724][111]LogModuleManager: Shutting down and abandoning module SmartSnapping (185)
[2016.05.09-08.59.07:724][111]LogModuleManager: Shutting down and abandoning module ViewportSnapping (184)
[2016.05.09-08.59.07:724][111]LogModuleManager: Shutting down and abandoning module LogVisualizer (183)
[2016.05.09-08.59.07:724][111]LogModuleManager: Shutting down and abandoning module GameProjectGeneration (182)
[2016.05.09-08.59.07:724][111]LogModuleManager: Shutting down and abandoning module IntroTutorials (181)
[2016.05.09-08.59.07:724][111]LogModuleManager: Shutting down and abandoning module EditorLiveStreaming (180)
[2016.05.09-08.59.07:724][111]LogModuleManager: Shutting down and abandoning module IOSPlatformEditor (179)
[2016.05.09-08.59.07:724][111]LogModuleManager: Shutting down and abandoning module HTML5PlatformEditor (178)
[2016.05.09-08.59.07:724][111]LogModuleManager: Shutting down and abandoning module AndroidDeviceDetection (177)
[2016.05.09-08.59.08:141][111]LogModuleManager: Shutting down and abandoning module AndroidPlatformEditor (176)
[2016.05.09-08.59.08:141][111]LogModuleManager: Shutting down and abandoning module IOSRuntimeSettings (175)
[2016.05.09-08.59.08:142][111]LogModuleManager: Shutting down and abandoning module AndroidRuntimeSettings (174)
[2016.05.09-08.59.08:142][111]LogModuleManager: Shutting down and abandoning module MergeActors (173)
[2016.05.09-08.59.08:142][111]LogModuleManager: Shutting down and abandoning module SizeMap (172)
[2016.05.09-08.59.08:142][111]LogModuleManager: Shutting down and abandoning module TreeMap (171)
[2016.05.09-08.59.08:142][111]LogModuleManager: Shutting down and abandoning module ReferenceViewer (170)
[2016.05.09-08.59.08:142][111]LogModuleManager: Shutting down and abandoning module LocalizationService (169)
[2016.05.09-08.59.08:142][111]LogModuleManager: Shutting down and abandoning module LocalizationDashboard (168)
[2016.05.09-08.59.08:142][111]LogModuleManager: Shutting down and abandoning module HardwareTargeting (167)
[2016.05.09-08.59.08:142][111]LogModuleManager: Shutting down and abandoning module DeviceProfileEditor (166)
[2016.05.09-08.59.08:142][111]LogModuleManager: Shutting down and abandoning module UndoHistory (165)
[2016.05.09-08.59.08:142][111]LogModuleManager: Shutting down and abandoning module UserFeedback (164)
[2016.05.09-08.59.08:142][111]LogModuleManager: Shutting down and abandoning module XmlParser (163)
[2016.05.09-08.59.08:142][111]LogModuleManager: Shutting down and abandoning module Blutility (162)
[2016.05.09-08.59.08:142][111]LogModuleManager: Shutting down and abandoning module ProjectTargetPlatformEditor (161)
[2016.05.09-08.59.08:142][111]LogModuleManager: Shutting down and abandoning module ProjectSettingsViewer (160)
[2016.05.09-08.59.08:142][111]LogModuleManager: Shutting down and abandoning module InputBindingEditor (159)
[2016.05.09-08.59.08:143][111]LogModuleManager: Shutting down and abandoning module EditorSettingsViewer (158)
[2016.05.09-08.59.08:143][111]LogModuleManager: Shutting down and abandoning module SettingsEditor (157)
[2016.05.09-08.59.08:143][111]LogModuleManager: Shutting down and abandoning module ProjectLauncher (156)
[2016.05.09-08.59.08:143][111]LogModuleManager: Shutting down and abandoning module SessionFrontend (155)
[2016.05.09-08.59.08:143][111]LogModuleManager: Shutting down and abandoning module ProfilerClient (154)
[2016.05.09-08.59.08:143][111]LogModuleManager: Shutting down and abandoning module TargetDeviceServices (153)
[2016.05.09-08.59.08:143][111]LogModuleManager: Shutting down and abandoning module DeviceManager (152)
[2016.05.09-08.59.08:176][111]LogModuleManager: Shutting down and abandoning module AutomationController (151)
[2016.05.09-08.59.08:176][111]LogModuleManager: Shutting down and abandoning module AutomationWindow (150)
[2016.05.09-08.59.08:176][111]LogModuleManager: Shutting down and abandoning module Layers (149)
[2016.05.09-08.59.08:176][111]LogModuleManager: Shutting down and abandoning module ComponentVisualizers (148)
[2016.05.09-08.59.08:176][111]LogModuleManager: Shutting down and abandoning module DetailCustomizations (147)
[2016.05.09-08.59.08:176][111]LogModuleManager: Shutting down and abandoning module PackagesDialog (146)
[2016.05.09-08.59.08:176][111]LogModuleManager: Shutting down and abandoning module Persona (145)
[2016.05.09-08.59.08:176][111]LogModuleManager: Shutting down and abandoning module Kismet (144)
[2016.05.09-08.59.08:176][111]LogModuleManager: Shutting down and abandoning module GraphEditor (143)
[2016.05.09-08.59.08:177][111]LogModuleManager: Shutting down and abandoning module ClassViewer (142)
[2016.05.09-08.59.08:177][111]LogModuleManager: Shutting down and abandoning module Toolbox (141)
[2016.05.09-08.59.08:177][111]LogModuleManager: Shutting down and abandoning module ModuleUI (140)
[2016.05.09-08.59.08:177][111]LogModuleManager: Shutting down and abandoning module MovieSceneTools (139)
[2016.05.09-08.59.08:177][111]LogModuleManager: Shutting down and abandoning module OutputLog (138)
[2016.05.09-08.59.08:177][111]LogModuleManager: Shutting down and abandoning module GammaUI (137)
[2016.05.09-08.59.08:177][111]LogModuleManager: Shutting down and abandoning module Documentation (136)
[2016.05.09-08.59.08:177][111]LogModuleManager: Shutting down and abandoning module StreamingPauseRendering (135)
[2016.05.09-08.59.08:177][111]LogModuleManager: Shutting down and abandoning module AnalyticsET (134)
[2016.05.09-08.59.08:177][111]LogModuleManager: Shutting down and abandoning module Analytics (133)
[2016.05.09-08.59.08:177][111]LogModuleManager: Shutting down and abandoning module PortalServices (132)
[2016.05.09-08.59.08:177][111]LogModuleManager: Shutting down and abandoning module PortalRpc (131)
[2016.05.09-08.59.08:177][111]LogModuleManager: Shutting down and abandoning module MessagingRpc (130)
[2016.05.09-08.59.08:177][111]LogModuleManager: Shutting down and abandoning module AITestSuite (129)
[2016.05.09-08.59.08:177][111]LogModuleManager: Shutting down and abandoning module GameplayDebugger (128)
[2016.05.09-08.59.08:177][111]LogModuleManager: Shutting down and abandoning module AIModule (127)
[2016.05.09-08.59.08:177][111]LogModuleManager: Shutting down and abandoning module ProfilerService (126)
[2016.05.09-08.59.08:265][111]LogModuleManager: Shutting down and abandoning module TaskGraph (125)
[2016.05.09-08.59.08:265][111]LogModuleManager: Shutting down and abandoning module SlateRemote (124)
[2016.05.09-08.59.08:265][111]LogModuleManager: Shutting down and abandoning module SteamVRController (123)
[2016.05.09-08.59.08:266][111]LogModuleManager: Shutting down and abandoning module SteamVR (122)
[2016.05.09-08.59.08:266][111]LogModuleManager: Shutting down and abandoning module ProceduralMeshComponent (121)
[2016.05.09-08.59.08:266][111]LogModuleManager: Shutting down and abandoning module OculusLibrary (120)
[2016.05.09-08.59.08:266][111]LogModuleManager: Shutting down and abandoning module OculusInput (119)
[2016.05.09-08.59.08:266][111]LogModuleManager: Shutting down and abandoning module CustomMeshComponent (118)
[2016.05.09-08.59.08:266][111]LogModuleManager: Shutting down and abandoning module CableComponent (117)
[2016.05.09-08.59.08:266][111]LogModuleManager: Shutting down and abandoning module ArchVisCharacter (116)
[2016.05.09-08.59.08:266][111]LogModuleManager: Shutting down and abandoning module MediaPlayerEditor (115)
[2016.05.09-08.59.08:266][111]LogModuleManager: Shutting down and abandoning module HTML5Networking (114)
[2016.05.09-08.59.08:266][111]LogModuleManager: Shutting down and abandoning module SpeedTreeImporter (113)
[2016.05.09-08.59.08:266][111]LogModuleManager: Shutting down and abandoning module PluginBrowser (112)
[2016.05.09-08.59.08:266][111]LogModuleManager: Shutting down and abandoning module EpicSurvey (111)
[2016.05.09-08.59.08:266][111]LogModuleManager: Shutting down and abandoning module DesktopPlatform (110)
[2016.05.09-08.59.08:266][111]LogModuleManager: Shutting down and abandoning module VisualStudioSourceCodeAccess (109)
[2016.05.09-08.59.08:266][111]LogModuleManager: Shutting down and abandoning module UObjectPlugin (108)
[2016.05.09-08.59.08:266][111]LogModuleManager: Shutting down and abandoning module SubversionSourceControl (107)
[2016.05.09-08.59.08:266][111]LogModuleManager: Shutting down and abandoning module PerforceSourceControl (106)
[2016.05.09-08.59.08:266][111]LogModuleManager: Shutting down and abandoning module SourceControl (105)
[2016.05.09-08.59.08:267][111]LogModuleManager: Shutting down and abandoning module GitSourceControl (104)
[2016.05.09-08.59.08:267][111]LogModuleManager: Shutting down and abandoning module LightPropagationVolumeEditor (103)
[2016.05.09-08.59.08:267][111]LogModuleManager: Shutting down and abandoning module PaperTiledImporter (102)
[2016.05.09-08.59.08:267][111]LogModuleManager: Shutting down and abandoning module PaperSpriteSheetImporter (101)
[2016.05.09-08.59.08:267][111]LogModuleManager: Shutting down and abandoning module MeshPaint (100)
[2016.05.09-08.59.08:267][111]LogModuleManager: Shutting down and abandoning module HotReload (99)
[2016.05.09-08.59.08:267][111]LogModuleManager: Shutting down and abandoning module MainFrame (98)
[2016.05.09-08.59.08:268][111]LogModuleManager: Shutting down and abandoning module LevelEditor (97)
[2016.05.09-08.59.08:268][111]LogModuleManager: Shutting down and abandoning module DirectoryWatcher (96)
[2016.05.09-08.59.08:269][111]LogModuleManager: Shutting down and abandoning module AssetRegistry (95)
[2016.05.09-08.59.08:499][111]LogModuleManager: Shutting down and abandoning module ContentBrowser (94)
[2016.05.09-08.59.08:500][111]LogModuleManager: Shutting down and abandoning module Paper2DEditor (93)
[2016.05.09-08.59.08:500][111]LogModuleManager: Shutting down and abandoning module UdpMessaging (92)
[2016.05.09-08.59.08:601][111]LogModuleManager: Shutting down and abandoning module LightPropagationVolumeRuntime (91)
[2016.05.09-08.59.08:601][111]LogModuleManager: Shutting down and abandoning module Paper2D (90)
[2016.05.09-08.59.08:601][111]LogModuleManager: Shutting down and abandoning module WindowsMoviePlayer (89)
[2016.05.09-08.59.08:601][111]LogModuleManager: Shutting down and abandoning module Media (88)
[2016.05.09-08.59.08:601][111]LogModuleManager: Shutting down and abandoning module WmfMedia (87)
[2016.05.09-08.59.08:601][111]LogModuleManager: Shutting down and abandoning module MediaAssets (86)
[2016.05.09-08.59.08:601][111]LogModuleManager: Shutting down and abandoning module GameLiveStreaming (85)
[2016.05.09-08.59.08:601][111]LogModuleManager: Shutting down and abandoning module GameplayTagsEditor (84)
[2016.05.09-08.59.08:601][111]LogModuleManager: Shutting down and abandoning module OnlineBlueprintSupport (83)
[2016.05.09-08.59.08:601][111]LogModuleManager: Shutting down and abandoning module GameplayTasksEditor (82)
[2016.05.09-08.59.08:601][111]LogModuleManager: Shutting down and abandoning module PropertyEditor (81)
[2016.05.09-08.59.08:601][111]LogModuleManager: Shutting down and abandoning module BehaviorTreeEditor (80)
[2016.05.09-08.59.08:601][111]LogModuleManager: Shutting down and abandoning module FunctionalTesting (79)
[2016.05.09-08.59.08:601][111]LogModuleManager: Shutting down and abandoning module CollisionAnalyzer (78)
[2016.05.09-08.59.08:601][111]LogModuleManager: Shutting down and abandoning module WorkspaceMenuStructure (77)
[2016.05.09-08.59.08:601][111]LogModuleManager: Shutting down and abandoning module MessageLog (76)
[2016.05.09-08.59.08:601][111]LogModuleManager: Shutting down and abandoning module Sequencer (75)
[2016.05.09-08.59.08:601][111]LogModuleManager: Shutting down and abandoning module AssetTools (74)
[2016.05.09-08.59.08:601][111]LogModuleManager: Shutting down and abandoning module UMGEditor (73)
[2016.05.09-08.59.08:601][111]LogModuleManager: Shutting down and abandoning module UMG (72)
[2016.05.09-08.59.08:601][111]LogModuleManager: Shutting down and abandoning module SlateReflector (71)
[2016.05.09-08.59.08:601][111]LogModuleManager: Shutting down and abandoning module Slate (70)
[2016.05.09-08.59.08:601][111]LogModuleManager: Shutting down and abandoning module EditorStyle (69)
[2016.05.09-08.59.08:603][111]LogModuleManager: Shutting down and abandoning module SessionServices (68)
[2016.05.09-08.59.08:603][111]LogModuleManager: Shutting down and abandoning module SourceCodeAccess (67)
[2016.05.09-08.59.08:603][111]LogModuleManager: Shutting down and abandoning module HeadMountedDisplay (66)
[2016.05.09-08.59.08:603][111]LogModuleManager: Shutting down and abandoning module XAudio2 (65)
[2016.05.09-08.59.08:603][111]LogModuleManager: Shutting down and abandoning module Networking (63)
[2016.05.09-08.59.08:603][111]LogModuleManager: Shutting down and abandoning module Core (62)
[2016.05.09-08.59.08:603][111]LogModuleManager: Shutting down and abandoning module KismetCompiler (61)
[2016.05.09-08.59.08:603][111]LogModuleManager: Shutting down and abandoning module PhysXFormats (60)
[2016.05.09-08.59.08:603][111]LogModuleManager: Shutting down and abandoning module MeshUtilities (59)
[2016.05.09-08.59.08:604][111]LogModuleManager: Shutting down and abandoning module CookingStats (58)
[2016.05.09-08.59.08:604][111]LogModuleManager: Shutting down and abandoning module DerivedDataCache (57)
[2016.05.09-08.59.08:604][111]LogDerivedDataCache: Shutdown
[2016.05.09-08.59.08:604][111]LogModuleManager: Shutting down and abandoning module ShaderFormatOpenGL (56)
[2016.05.09-08.59.08:604][111]LogModuleManager: Shutting down and abandoning module ShaderFormatD3D (55)
[2016.05.09-08.59.08:604][111]LogModuleManager: Shutting down and abandoning module MetalShaderFormat (54)
[2016.05.09-08.59.08:604][111]LogModuleManager: Shutting down and abandoning module TextureFormatUncompressed (53)
[2016.05.09-08.59.08:604][111]LogModuleManager: Shutting down and abandoning module TextureFormatPVR (52)
[2016.05.09-08.59.08:604][111]LogModuleManager: Shutting down and abandoning module TextureFormatIntelISPCTexComp (51)
[2016.05.09-08.59.08:604][111]LogModuleManager: Shutting down and abandoning module TextureFormatDXT (50)
[2016.05.09-08.59.08:604][111]LogModuleManager: Shutting down and abandoning module ImageWrapper (49)
[2016.05.09-08.59.08:604][111]LogModuleManager: Shutting down and abandoning module TextureFormatASTC (48)
[2016.05.09-08.59.08:604][111]LogModuleManager: Shutting down and abandoning module TextureFormatAndroid (47)
[2016.05.09-08.59.08:604][111]LogModuleManager: Shutting down and abandoning module AudioFormatOpus (46)
[2016.05.09-08.59.08:604][111]LogModuleManager: Shutting down and abandoning module AudioFormatOgg (45)
[2016.05.09-08.59.08:604][111]LogModuleManager: Shutting down and abandoning module AudioFormatADPCM (44)
[2016.05.09-08.59.08:604][111]LogModuleManager: Shutting down and abandoning module LinuxTargetPlatform (43)
[2016.05.09-08.59.08:604][111]LogModuleManager: Shutting down and abandoning module LinuxServerTargetPlatform (42)
[2016.05.09-08.59.08:604][111]LogModuleManager: Shutting down and abandoning module LinuxNoEditorTargetPlatform (41)
[2016.05.09-08.59.08:604][111]LogModuleManager: Shutting down and abandoning module TVOSTargetPlatform (40)
[2016.05.09-08.59.08:604][111]LogModuleManager: Shutting down and abandoning module Messaging (39)
[2016.05.09-08.59.08:604][111]LogModuleManager: Shutting down and abandoning module IOSTargetPlatform (38)
[2016.05.09-08.59.08:604][111]LogModuleManager: Shutting down and abandoning module HTML5TargetPlatform (37)
[2016.05.09-08.59.08:604][111]LogModuleManager: Shutting down and abandoning module Android_PVRTCTargetPlatform (36)
[2016.05.09-08.59.08:604][111]LogModuleManager: Shutting down and abandoning module Android_MultiTargetPlatform (35)
[2016.05.09-08.59.08:604][111]LogModuleManager: Shutting down and abandoning module Android_ETC2TargetPlatform (34)
[2016.05.09-08.59.08:604][111]LogModuleManager: Shutting down and abandoning module Android_ETC1TargetPlatform (33)
[2016.05.09-08.59.08:604][111]LogModuleManager: Shutting down and abandoning module Android_DXTTargetPlatform (32)
[2016.05.09-08.59.08:604][111]LogModuleManager: Shutting down and abandoning module Android_ATCTargetPlatform (31)
[2016.05.09-08.59.08:604][111]LogModuleManager: Shutting down and abandoning module Android_ASTCTargetPlatform (30)
[2016.05.09-08.59.08:604][111]LogModuleManager: Shutting down and abandoning module AndroidTargetPlatform (29)
[2016.05.09-08.59.08:604][111]LogModuleManager: Shutting down and abandoning module WindowsTargetPlatform (28)
[2016.05.09-08.59.08:604][111]LogModuleManager: Shutting down and abandoning module WindowsServerTargetPlatform (27)
[2016.05.09-08.59.08:604][111]LogModuleManager: Shutting down and abandoning module WindowsNoEditorTargetPlatform (26)
[2016.05.09-08.59.08:604][111]LogModuleManager: Shutting down and abandoning module WindowsClientTargetPlatform (25)
[2016.05.09-08.59.08:604][111]LogModuleManager: Shutting down and abandoning module AllDesktopTargetPlatform (24)
[2016.05.09-08.59.08:604][111]LogModuleManager: Shutting down and abandoning module TargetPlatform (23)
[2016.05.09-08.59.08:604][111]LogModuleManager: Shutting down and abandoning module InputCore (22)
[2016.05.09-08.59.08:604][111]LogModuleManager: Shutting down and abandoning module Settings (21)
[2016.05.09-08.59.08:604][111]LogModuleManager: Shutting down and abandoning module OnlineSubsystem (19)
[2016.05.09-08.59.08:604][111]LogModuleManager: Shutting down and abandoning module HTTP (18)
[2016.05.09-08.59.09:606][111]LogModuleManager: Shutting down and abandoning module XMPP (17)
[2016.05.09-08.59.09:606][111]LogModuleManager: Shutting down and abandoning module OculusRift (16)
[2016.05.09-08.59.09:610][111]LogHMD: Oculus shutdown.
[2016.05.09-08.59.09:610][111]LogModuleManager: Shutting down and abandoning module ExampleDeviceProfileSelector (15)
[2016.05.09-08.59.09:610][111]LogModuleManager: Shutting down and abandoning module TextureCompressor (14)
[2016.05.09-08.59.09:610][111]LogModuleManager: Shutting down and abandoning module ShaderCore (13)
[2016.05.09-08.59.09:610][111]LogModuleManager: Shutting down and abandoning module Landscape (12)
[2016.05.09-08.59.09:610][111]LogModuleManager: Shutting down and abandoning module SlateRHIRenderer (11)
[2016.05.09-08.59.09:611][111]LogModuleManager: Shutting down and abandoning module OpenGLDrv (10)
[2016.05.09-08.59.09:611][111]LogModuleManager: Shutting down and abandoning module D3D11RHI (9)
[2016.05.09-08.59.09:611][111]LogModuleManager: Shutting down and abandoning module AnimGraphRuntime (8)
[2016.05.09-08.59.09:611][111]LogModuleManager: Shutting down and abandoning module Renderer (7)
[2016.05.09-08.59.09:611][111]LogModuleManager: Shutting down and abandoning module Engine (6)
[2016.05.09-08.59.09:611][111]LogModuleManager: Shutting down and abandoning module CoreUObject (5)
[2016.05.09-08.59.09:611][111]LogModuleManager: Shutting down and abandoning module NetworkFile (4)
[2016.05.09-08.59.09:611][111]LogModuleManager: Shutting down and abandoning module StreamingFile (3)
[2016.05.09-08.59.09:611][111]LogModuleManager: Shutting down and abandoning module SandboxFile (2)
[2016.05.09-08.59.09:611][111]LogModuleManager: Shutting down and abandoning module PakFile (1)
[2016.05.09-08.59.09:613][111]LogExit: Exiting.
[2016.05.09-08.59.09:638][111]Log file closed, 05/09/16 01:59:09
