[2015.11.21-01.25.55:741][  0]Log file open, 11/20/15 17:25:55
[2015.11.21-01.25.55:741][  0]LogInit:Display: Running engine for game: WhateverAgain
[2015.11.21-01.25.55:741][  0]LogPlatformFile: Not using cached read wrapper
[2015.11.21-01.25.55:741][  0]LogInit:Display: RandInit(2135264664) SRandInit(2135264666).
[2015.11.21-01.25.55:741][  0]LogTaskGraph: Started task graph with 4 named threads and 5 total threads.
[2015.11.21-01.25.55:741][  0]LogStats: Stats thread started at 0.073073
[2015.11.21-01.25.55:741][  0]LogInit: Version: 4.10.0-2758231+++depot+UE4-Releases+4.10
[2015.11.21-01.25.55:741][  0]LogInit: API Version: 2758231
[2015.11.21-01.25.55:741][  0]LogInit: Compiled (64-bit): Nov  7 2015 05:13:45
[2015.11.21-01.25.55:741][  0]LogInit: Compiled with Visual C++: 19.00.23026.00
[2015.11.21-01.25.55:741][  0]LogInit: Build Configuration: Development
[2015.11.21-01.25.55:741][  0]LogInit: Branch Name: ++depot+UE4-Releases+4.10
[2015.11.21-01.25.55:741][  0]LogInit: Command line: 
[2015.11.21-01.25.55:741][  0]LogInit: Base directory: C:/Program Files/Epic Games/4.10/Engine/Binaries/Win64/
[2015.11.21-01.25.55:741][  0]LogInit: Rocket: 1
[2015.11.21-01.25.55:759][  0]LogInit: Using libcurl 7.41.0
[2015.11.21-01.25.55:759][  0]LogInit:  - built for x86_64-pc-win32
[2015.11.21-01.25.55:759][  0]LogInit:  - supports SSL with WinSSL
[2015.11.21-01.25.55:759][  0]LogInit:  - other features:
[2015.11.21-01.25.55:759][  0]LogInit:      CURL_VERSION_SSL
[2015.11.21-01.25.55:759][  0]LogInit:      CURL_VERSION_IPV6
[2015.11.21-01.25.55:759][  0]LogInit:      CURL_VERSION_ASYNCHDNS
[2015.11.21-01.25.55:759][  0]LogInit:      CURL_VERSION_LARGEFILE
[2015.11.21-01.25.55:759][  0]LogInit:      CURL_VERSION_IDN
[2015.11.21-01.25.55:759][  0]LogInit:  CurlRequestOptions (configurable via config and command line):
[2015.11.21-01.25.55:759][  0]LogInit:  - bVerifyPeer = true  - Libcurl will verify peer certificate
[2015.11.21-01.25.55:759][  0]LogInit:  - bUseHttpProxy = false  - Libcurl will NOT use HTTP proxy
[2015.11.21-01.25.55:759][  0]LogInit:  - bDontReuseConnections = false  - Libcurl will reuse connections
[2015.11.21-01.25.55:759][  0]LogInit:  - CertBundlePath = nullptr  - Libcurl will use whatever was configured at build time.
[2015.11.21-01.25.55:776][  0]LogInit: Presizing for 0 objects not considered by GC, pre-allocating 0 bytes.
[2015.11.21-01.25.55:789][  0]LogInit: Object subsystem initialized
[2015.11.21-01.25.55:791][  0]LogInit: Selected Device Profile: [Windows]
[2015.11.21-01.25.55:791][  0]LogInit: Applying CVar settings loaded from the selected device profile: [Windows]
[2015.11.21-01.25.55:807][  0]LogInit: Computer: DESKTOP-AIFE2MP
[2015.11.21-01.25.55:807][  0]LogInit: User: user
[2015.11.21-01.25.55:807][  0]LogInit: CPU Page size=4096, Cores=2
[2015.11.21-01.25.55:807][  0]LogInit: High frequency timer resolution =2.338336 MHz
[2015.11.21-01.25.55:807][  0]LogMemory: Memory total: Physical=15.9GB (16GB approx)
[2015.11.21-01.25.55:807][  0]LogMemory: Platform Memory Stats for Windows
[2015.11.21-01.25.55:807][  0]LogMemory: Process Physical Memory: 55.71 MB used, 55.71 MB peak
[2015.11.21-01.25.55:807][  0]LogMemory: Process Virtual Memory: 57.57 MB used, 57.57 MB peak
[2015.11.21-01.25.55:807][  0]LogMemory: Physical Memory: 4524.23 MB used, 16299.39 MB total
[2015.11.21-01.25.55:807][  0]LogMemory: Virtual Memory: 378.41 MB used, 134217728.00 MB total
[2015.11.21-01.25.55:858][  0]LogTextLocalizationManager: No specific translations for ('en-US') exist, so ('en') translations will be used.
[2015.11.21-01.25.56:502][  0]LogD3D11RHI: Found D3D11 adapter 0: NVIDIA GeForce 940M          (Feature Level 11_0)
[2015.11.21-01.25.56:502][  0]LogD3D11RHI: Adapter has 1996MB of dedicated video memory, 0MB of dedicated system memory, and 8149MB of shared system memory, 1 output[s]
[2015.11.21-01.25.56:510][  0]LogD3D11RHI: Found D3D11 adapter 1: Intel(R) HD Graphics 5500 (Feature Level 11_0)
[2015.11.21-01.25.56:510][  0]LogD3D11RHI: Adapter has 128MB of dedicated video memory, 0MB of dedicated system memory, and 8149MB of shared system memory, 0 output[s]
[2015.11.21-01.25.56:512][  0]LogD3D11RHI: Found D3D11 adapter 2: Microsoft Basic Render Driver (Feature Level 11_0)
[2015.11.21-01.25.56:512][  0]LogD3D11RHI: Adapter has 0MB of dedicated video memory, 0MB of dedicated system memory, and 8149MB of shared system memory, 0 output[s]
[2015.11.21-01.25.56:512][  0]LogD3D11RHI: Chosen D3D11 Adapter Id = 0
[2015.11.21-01.25.56:521][  0]LogD3D11RHI: !Direct3DDevice
[2015.11.21-01.25.56:522][  0]LogRHI: Texture pool is 1361 MB (70% of 1945 MB)
[2015.11.21-01.25.56:537][  0]LogD3D11RHI: Async texture creation enabled
[2015.11.21-01.25.56:552][  0]LogShaderCompilers: Guid format shader working directory is -24 characters bigger than the processId version (../../../../../../Users/user/Documents/Unreal Projects/WhateverAgain/Intermediate/Shaders/WorkingDirectory/20240/).
[2015.11.21-01.25.56:552][  0]LogShaderCompilers: Cleaned the shader compiler working directory 'C:/Users/user/AppData/Local/Temp/UnrealShaderWorkingDir/A6D67F164B8629B604373895446F0A49/'.
[2015.11.21-01.25.56:552][  0]LogShaderCompilers:Display: Using Local Shader Compiler.
[2015.11.21-01.25.57:681][  0]LogTemp:Display: Loaded TP AllDesktopTargetPlatform
[2015.11.21-01.25.57:689][  0]LogTemp:Display: Loaded TP WindowsClientTargetPlatform
[2015.11.21-01.25.57:699][  0]LogTemp:Display: Loaded TP WindowsNoEditorTargetPlatform
[2015.11.21-01.25.57:707][  0]LogTemp:Display: Loaded TP WindowsServerTargetPlatform
[2015.11.21-01.25.57:714][  0]LogTemp:Display: Loaded TP WindowsTargetPlatform
[2015.11.21-01.25.57:720][  0]LogTemp:Display: Loaded TP AndroidTargetPlatform
[2015.11.21-01.25.57:724][  0]LogTemp:Display: Loaded TP Android_ASTCTargetPlatform
[2015.11.21-01.25.57:728][  0]LogTemp:Display: Loaded TP Android_ATCTargetPlatform
[2015.11.21-01.25.57:734][  0]LogTemp:Display: Loaded TP Android_DXTTargetPlatform
[2015.11.21-01.25.57:738][  0]LogTemp:Display: Loaded TP Android_ETC1TargetPlatform
[2015.11.21-01.25.57:742][  0]LogTemp:Display: Loaded TP Android_ETC2TargetPlatform
[2015.11.21-01.25.57:753][  0]LogTemp:Display: Loaded TP Android_MultiTargetPlatform
[2015.11.21-01.25.57:753][  0]LogTemp:Display: Loaded TP Android_PVRTCTargetPlatform
[2015.11.21-01.25.57:754][  0]LogTemp:Display: Loaded TP HTML5TargetPlatform
[2015.11.21-01.25.57:775][  0]LogTemp:Display: Loaded TP IOSTargetPlatform
[2015.11.21-01.25.57:780][  0]LogTemp:Display: Loaded TP LinuxNoEditorTargetPlatform
[2015.11.21-01.25.57:785][  0]LogTemp:Display: Loaded TP LinuxServerTargetPlatform
[2015.11.21-01.25.57:790][  0]LogTemp:Display: Loaded TP LinuxTargetPlatform
[2015.11.21-01.25.57:790][  0]LogTargetPlatformManager:Display: Building Assets For Windows
[2015.11.21-01.25.57:915][  0]LogDerivedDataCache:Display: Max Cache Size: 512 MB
[2015.11.21-01.25.57:975][  0]LogDerivedDataCache: Loaded boot cache 0.06s 41MB C:/Users/user/AppData/Local/UnrealEngine/4.10/DerivedDataCache/Boot.ddc.
[2015.11.21-01.25.57:975][  0]LogDerivedDataCache:Display: Loaded Boot cache: C:/Users/user/AppData/Local/UnrealEngine/4.10/DerivedDataCache/Boot.ddc
[2015.11.21-01.25.57:975][  0]LogDerivedDataCache: FDerivedDataBackendGraph:  Pak pak cache file ../../../../../../Users/user/Documents/Unreal Projects/WhateverAgain/DerivedDataCache/DDC.ddp not found, will not use a pak cache.
[2015.11.21-01.25.57:975][  0]LogDerivedDataCache: Unable to find inner node Pak for hierarchical cache Hierarchy.
[2015.11.21-01.25.57:975][  0]LogDerivedDataCache: FDerivedDataBackendGraph:  CompressedPak pak cache file ../../../../../../Users/user/Documents/Unreal Projects/WhateverAgain/DerivedDataCache/Compressed.ddp not found, will not use a pak cache.
[2015.11.21-01.25.57:975][  0]LogDerivedDataCache: Unable to find inner node CompressedPak for hierarchical cache Hierarchy.
[2015.11.21-01.25.58:056][  0]LogDerivedDataCache:Display: Pak cache opened for reading ../../../Engine/DerivedDataCache/Compressed.ddp.
[2015.11.21-01.25.58:069][  0]LogDerivedDataCache: Using Local data cache path C:/Users/user/AppData/Local/UnrealEngine/Common/DerivedDataCache: Writable
[2015.11.21-01.25.58:304][  0]LogInit: Selected Device Profile: [Windows]
[2015.11.21-01.25.58:309][  0]LogContentStreaming: Texture pool size is 0.000000MB
[2015.11.21-01.25.58:468][  0]LogMeshUtilities: No automatic mesh reduction module available
[2015.11.21-01.25.58:468][  0]LogMeshUtilities: No automatic mesh merging module available
[2015.11.21-01.25.58:756][  0]LogInit: WinSock: version 1.1 (2.2), MaxSocks=32767, MaxUdp=65467
[2015.11.21-01.25.59:745][  0]UdpMessaging: Initializing bridge on interface 0.0.0.0:0 to multicast group 230.0.0.1:6666.
[2015.11.21-01.25.59:857][  0]LogAssetRegistry: FAssetRegistry took 0.0109 seconds to start up
[2015.11.21-01.26.00:094][  0]SourceControl: Info Source control is disabled
[2015.11.21-01.26.00:095][  0]SourceControl: Info Source control is disabled
[2015.11.21-01.26.00:117][  0]SourceControl: Info Source control is disabled
[2015.11.21-01.26.00:137][  0]SourceControl: Info Source control is disabled
[2015.11.21-01.26.00:528][  0]LogObj: 28633 objects as part of root set at end of initial load.
[2015.11.21-01.26.00:528][  0]LogUObjectAllocator: 6099752 out of 0 bytes used by permanent object pool.
[2015.11.21-01.26.00:608][  0]LogEngine: Initializing Engine...
[2015.11.21-01.26.00:610][  0]LogHMD: Can't find Oculus library dev build: is proper Runtime installed? Version: 0.8.0.0
[2015.11.21-01.26.00:611][  0]LogHMD: SteamVR failed to initialize.  Err: 110
[2015.11.21-01.26.00:746][  0]LogAIModule: Creating AISystem for world NewWorld
[2015.11.21-01.26.00:750][  0]LogInit: XAudio2 using 'Speaker/HP (Realtek High Definition Audio)' : 2 channels at 48 kHz using 32 bits per sample (channel mask 0x3)
[2015.11.21-01.26.00:764][  0]LogInit: FAudioDevice initialized.
[2015.11.21-01.26.00:793][  0]LogDerivedDataCache: Saved boot cache 0.03s 41MB C:/Users/user/AppData/Local/UnrealEngine/4.10/DerivedDataCache/Boot.ddc.
[2015.11.21-01.26.00:798][  0]LogInit: Texture streaming: Enabled
[2015.11.21-01.26.00:807][  0]LogAnalytics: Creating configured Analytics provider AnalyticsET
[2015.11.21-01.26.00:807][  0]LogAnalytics: [UEEditor.Rocket.Release] APIServer = http://et2.epicgames.com/ET2/. AppVersion = 4.10.0-2758231+++depot+UE4-Releases+4.10
[2015.11.21-01.26.00:807][  0]LogAnalytics: [UEEditor.Rocket.Release] SetUserId cc11cd49456e4638e8179a9d8902c9ea|8db268487d5840bfb460c01a8b90b86b|b07610a0-74d9-49b5-86a3-531b5f67b9cf
[2015.11.21-01.26.00:807][  0]LogAnalytics: [UEEditor.Rocket.Release] AnalyticsET::StartSession
[2015.11.21-01.26.00:832][  0]LogWindowsTextInputMethodSystem:Display: IME system now deactivated.
[2015.11.21-01.26.00:832][  0]LogWindowsTextInputMethodSystem:Display: IME system now deactivated.
[2015.11.21-01.26.00:860][  0]LogInit: Transaction tracking system initialized
[2015.11.21-01.26.00:907][  0]BlueprintLog: New page: Editor Load
[2015.11.21-01.26.01:048][  0]LocalizationService: Info Localization service is disabled
[2015.11.21-01.26.01:162][  0]LogConsoleResponse:Display: 
[2015.11.21-01.26.01:369][  0]LogCook:Display: Done creating registry. It took  0.00s.
[2015.11.21-01.26.01:470][  0]LogFileCache: Scanning file cache for directory 'C:/Users/user/Documents/Unreal Projects/WhateverAgain/Content/' took 0.02s
[2015.11.21-01.26.01:470][  0]SourceControl: Info Source control is disabled
[2015.11.21-01.26.01:470][  0]Cmd: MAP LOAD FILE="../../../../../../Users/user/Documents/Unreal Projects/WhateverAgain/Content/2DSideScrollerBP/Maps/2DSideScrollerExampleMap.umap" TEMPLATE=0 SHOWPROGRESS=1 FEATURELEVEL=3
[2015.11.21-01.26.01:504][  0]LightingResults: New page: Lighting Build
[2015.11.21-01.26.01:508][  0]MapCheck: New page: Map Check
[2015.11.21-01.26.01:508][  0]LightingResults: New page: Lighting Build
[2015.11.21-01.26.01:531][  0]LogParticles: Destroying 0 GPU particle simulations for FXSystem 0x000000D461777420
[2015.11.21-01.26.02:423][  0]LogAIModule: Creating AISystem for world 2DSideScrollerExampleMap
[2015.11.21-01.26.02:427][  0]LogEditorServer: Finished looking for orphan Actors (0.000 secs)
[2015.11.21-01.26.02:427][  0]Cmd: MAP CHECKDEP NOCLEARLOG
[2015.11.21-01.26.02:507][  0]MapCheck: Info Map check complete: 0 Error(s), 0 Warning(s), took 79.022ms to complete.
[2015.11.21-01.26.02:507][  0]LogFileHelpers: Loading map '2DSideScrollerExampleMap' took 1.037
[2015.11.21-01.26.02:745][  0]LogCollectionManager: Loaded 0 collections in 0.004341 seconds
[2015.11.21-01.26.02:789][  0]LogFileCache: Scanning file cache for directory 'C:/Users/user/Documents/Unreal Projects/WhateverAgain/Saved/Collections/' took 0.01s
[2015.11.21-01.26.02:789][  0]LogFileCache: Scanning file cache for directory 'C:/Users/user/Documents/Unreal Projects/WhateverAgain/Content/Developers/user/Collections/' took 0.01s
[2015.11.21-01.26.02:789][  0]LogFileCache: Scanning file cache for directory 'C:/Users/user/Documents/Unreal Projects/WhateverAgain/Content/Collections/' took 0.01s
[2015.11.21-01.26.02:789][  0]LogCollectionManager: Rebuilt the GUID cache for 0 collections in 0.000003 seconds
[2015.11.21-01.26.02:806][  0]LogContentBrowser: Native class hierarchy populated in 0.0169 seconds. Added 1893 classes and 338 folders.
[2015.11.21-01.26.02:822][  0]LogContentBrowser: Native class hierarchy updated for 'WidgetCarousel' in 0.0007 seconds. Added 0 classes and 0 folders.
[2015.11.21-01.26.03:840][  0]LogContentBrowser: Native class hierarchy updated for 'AddContentDialog' in 0.0006 seconds. Added 0 classes and 0 folders.
[2015.11.21-01.26.03:848][  0]LogContentBrowser: Native class hierarchy updated for 'SceneOutliner' in 0.0005 seconds. Added 1 classes and 2 folders.
[2015.11.21-01.26.04:020][  0]LogCrashTracker: Crashtracker disabled due to settings.
[2015.11.21-01.26.04:026][  0]LogUObjectGlobals:Warning: Failed to find object 'Class None.'
[2015.11.21-01.26.04:052][  0]LogLoad: Full Startup: 9.24 seconds (BP compile: 0.06 seconds)
[2015.11.21-01.26.04:078][  0]LogOcInput: Can't find Oculus library dev build: is proper Runtime installed? Version: 0.8.0.0
[2015.11.21-01.26.04:133][  0]LogContentStreaming: Texture pool size now 1000 MB
[2015.11.21-01.26.04:311][  0]LogRenderer: Reallocating scene render targets to support 1204x572 (Frame:2).
[2015.11.21-01.26.04:587][  3]LogAssetRegistry: Asset discovery search completed in 4.7402 seconds
[2015.11.21-01.26.04:587][  3]LogCollectionManager: Rebuilt the object cache for 0 collections in 0.000001 seconds (found 0 objects)
[2015.11.21-01.26.04:587][  3]LogCollectionManager: Fixed up redirectors for 0 collections in 0.000031 seconds (updated 0 objects)
[2015.11.21-01.34.46:533][121]LogMetaData: Removing '/Game/2DSideScrollerBP/BP_HUD.BP_HUD:UserConstructionScript.K2Node_FunctionEntry_27' ref from Metadata '/Game/2DSideScrollerBP/NewBlueprint.PackageMetaData'
[2015.11.21-01.34.46:533][121]LogMetaData: Removing '/Game/2DSideScrollerBP/BP_HUD.SKEL_BP_HUD_C' ref from Metadata '/Game/2DSideScrollerBP/NewBlueprint.PackageMetaData'
[2015.11.21-01.34.46:533][121]LogMetaData: Removing '/Game/2DSideScrollerBP/BP_HUD.BP_HUD_C' ref from Metadata '/Game/2DSideScrollerBP/NewBlueprint.PackageMetaData'
[2015.11.21-01.34.46:533][121]LogMetaData: Removing '/Game/2DSideScrollerBP/BP_HUD.BP_HUD:EventGraph.K2Node_Event_18' ref from Metadata '/Game/2DSideScrollerBP/NewBlueprint.PackageMetaData'
[2015.11.21-01.34.46:533][121]LogMetaData: Removing '/Game/2DSideScrollerBP/BP_HUD.BP_HUD:EventGraph.K2Node_Event_19' ref from Metadata '/Game/2DSideScrollerBP/NewBlueprint.PackageMetaData'
[2015.11.21-01.34.46:533][121]LogMetaData: Removing '/Game/2DSideScrollerBP/BP_HUD.BP_HUD:EventGraph.K2Node_Event_20' ref from Metadata '/Game/2DSideScrollerBP/NewBlueprint.PackageMetaData'
[2015.11.21-01.34.46:607][121]Cmd: OBJ SAVEPACKAGE PACKAGE="/Game/2DSideScrollerBP/BP_HUD" FILE="../../../../../../Users/user/Documents/Unreal Projects/WhateverAgain/Content/2DSideScrollerBP/BP_HUD.uasset" SILENT=true
[2015.11.21-01.34.46:626][121]LogSavePackage: Save=11.677107ms
[2015.11.21-01.34.46:626][121]LogSavePackage: Moving '../../../../../../Users/user/Documents/Unreal Projects/WhateverAgain/Saved/BP_HUDC2BC72F74C899D64051096B9513E5A13.tmp' to '../../../../../../Users/user/Documents/Unreal Projects/WhateverAgain/Content/2DSideScrollerBP/BP_HUD.uasset'
[2015.11.21-01.34.46:629][121]LogSavePackage: Total save time: 20.713449ms
[2015.11.21-01.34.46:629][121]LogSavePackage:Display: Finished SavePackage ../../../../../../Users/user/Documents/Unreal Projects/WhateverAgain/Content/2DSideScrollerBP/BP_HUD.uasset
[2015.11.21-01.35.23:682][445]LogLinker:Warning: Asset '../../../Engine/Content/ArtTools/RenderToTexture/Macros/RenderToTextureMacros.uasset' has been saved with empty engine version. The asset will be loaded but may be incompatible.
[2015.11.21-01.35.24:159][445]LogContentBrowser: Native class hierarchy updated for 'BlueprintGraph' in 0.0009 seconds. Added 107 classes and 0 folders.
[2015.11.21-01.35.27:964][607]LogRenderer: Reallocating scene render targets to support 1204x580 (Frame:2341).
[2015.11.21-01.36.29:315][801]LogFileHelpers: Editor autosave (incl. sublevels) for '/Game/2DSideScrollerBP/Maps/2DSideScrollerExampleMap' took 0.052
[2015.11.21-01.36.29:322][801]LogSavePackage: Save=1.389022ms
[2015.11.21-01.36.29:322][801]LogSavePackage: Moving '../../../../../../Users/user/Documents/Unreal Projects/WhateverAgain/Saved/NewBlueprint_Auto1F8DBDCE04D5137C904B73AB92B3482F7.tmp' to '../../../../../../Users/user/Documents/Unreal Projects/WhateverAgain/Saved/Autosaves/Game/2DSideScrollerBP/NewBlueprint_Auto1.uasset'
[2015.11.21-01.36.29:324][801]LogSavePackage: Total save time: 3.941268ms
[2015.11.21-01.36.29:324][801]LogSavePackage:Display: Finished SavePackage ../../../../../../Users/user/Documents/Unreal Projects/WhateverAgain/Saved/Autosaves/Game/2DSideScrollerBP/NewBlueprint_Auto1.uasset
[2015.11.21-01.36.29:324][801]LogFileHelpers: Auto-saving content packages took 0.009
[2015.11.21-01.36.56:890][889]LogRenderer: Reallocating scene render targets to support 1204x880 (Frame:3659).
[2015.11.21-01.38.27:544][ 47]BlueprintLog: New page: Compile BP_HUD
[2015.11.21-01.38.27:628][ 47]BlueprintEditorCompileResults: Info [0752.81] Compile of BP_HUD successful! [in 83 ms]
[2015.11.21-01.38.28:973][125]Cmd: OBJ SAVEPACKAGE PACKAGE="/Game/2DSideScrollerBP/BP_HUD" FILE="../../../../../../Users/user/Documents/Unreal Projects/WhateverAgain/Content/2DSideScrollerBP/BP_HUD.uasset" SILENT=true
[2015.11.21-01.38.29:014][125]LogSavePackage: Save=10.492077ms
[2015.11.21-01.38.29:014][125]LogSavePackage: Moving '../../../../../../Users/user/Documents/Unreal Projects/WhateverAgain/Saved/BP_HUD195719384C864BCA8587AB9D10282395.tmp' to '../../../../../../Users/user/Documents/Unreal Projects/WhateverAgain/Content/2DSideScrollerBP/BP_HUD.uasset'
[2015.11.21-01.38.29:017][125]LogSavePackage: Total save time: 42.920262ms
[2015.11.21-01.38.29:017][125]LogSavePackage:Display: Finished SavePackage ../../../../../../Users/user/Documents/Unreal Projects/WhateverAgain/Content/2DSideScrollerBP/BP_HUD.uasset
[2015.11.21-01.44.58:633][421]BlueprintLog: New page: Compile BP_HUD
[2015.11.21-01.44.58:725][421]BlueprintEditorCompileResults: Info [1143.91] Compile of BP_HUD successful! [in 91 ms]
[2015.11.21-01.45.13:814][322]LogSlate:Warning: Prevented a slow task dialog from being summoned while a context menu was open
[2015.11.21-01.45.56:348][101]LogSavePackage: Save=64.885033ms
[2015.11.21-01.45.56:348][101]LogSavePackage: Moving '../../../../../../Users/user/Documents/Unreal Projects/WhateverAgain/Saved/2DSideScrollerExampleMap488C57194365887D38B7BC9D0C1CFA22.tmp' to '../../../../../../Users/user/Documents/Unreal Projects/WhateverAgain/Content/2DSideScrollerBP/Maps/2DSideScrollerExampleMap.umap'
[2015.11.21-01.45.56:351][101]LogSavePackage: Total save time: 72.109398ms
[2015.11.21-01.45.56:351][101]LogSavePackage:Display: Finished SavePackage ../../../../../../Users/user/Documents/Unreal Projects/WhateverAgain/Content/2DSideScrollerBP/Maps/2DSideScrollerExampleMap.umap
[2015.11.21-01.46.14:732][835]LogBlueprintUserMessages: Early PlayInEditor Detection: Level '/Game/2DSideScrollerBP/Maps/2DSideScrollerExampleMap.2DSideScrollerExampleMap:PersistentLevel' has LevelScriptBlueprint '/Game/2DSideScrollerBP/Maps/2DSideScrollerExampleMap.2DSideScrollerExampleMap:PersistentLevel.2DSideScrollerExampleMap' with GeneratedClass '/Game/2DSideScrollerBP/Maps/2DSideScrollerExampleMap.2DSideScrollerExampleMap_C' with ClassGeneratedBy '/Game/2DSideScrollerBP/Maps/2DSideScrollerExampleMap.2DSideScrollerExampleMap:PersistentLevel.2DSideScrollerExampleMap'
[2015.11.21-01.46.14:732][835]LogPlayLevel: PlayLevel: No blueprints needed recompiling
[2015.11.21-01.46.14:733][835]PIE: New page: PIE session: 2DSideScrollerExampleMap (Nov 20, 2015, 9:46:14 AM)
[2015.11.21-01.46.14:733][835]LogPlayLevel: Creating play world package: /Game/2DSideScrollerBP/Maps/UEDPIE_0_2DSideScrollerExampleMap
[2015.11.21-01.46.14:735][835]LogPlayLevel: PIE: StaticDuplicateObject took: (0.002270s)
[2015.11.21-01.46.14:736][835]LogAIModule: Creating AISystem for world 2DSideScrollerExampleMap
[2015.11.21-01.46.14:736][835]LogPlayLevel: PIE: World Init took: (0.001122s)
[2015.11.21-01.46.14:736][835]LogPlayLevel: PIE: Created PIE world by copying editor world from /Game/2DSideScrollerBP/Maps/2DSideScrollerExampleMap.2DSideScrollerExampleMap to /Game/2DSideScrollerBP/Maps/UEDPIE_0_2DSideScrollerExampleMap.2DSideScrollerExampleMap (0.003646s)
[2015.11.21-01.46.14:778][835]LogInit: XAudio2 using 'Speaker/HP (Realtek High Definition Audio)' : 2 channels at 48 kHz using 32 bits per sample (channel mask 0x3)
[2015.11.21-01.46.14:786][835]LogInit: FAudioDevice initialized.
[2015.11.21-01.46.14:854][835]LogWorld: Game class is '2DSideScrollerGameMode_C'
[2015.11.21-01.46.14:857][835]LogWorld: Bringing World /Game/2DSideScrollerBP/Maps/UEDPIE_0_2DSideScrollerExampleMap.2DSideScrollerExampleMap up for play (max tick rate 60) at 2015.11.20-17.46.14
[2015.11.21-01.46.14:857][835]LogActor:Warning: GameSession /Game/2DSideScrollerBP/Maps/UEDPIE_0_2DSideScrollerExampleMap.2DSideScrollerExampleMap:PersistentLevel.GameSession_0 has natively added scene component(s), but none of them were set as the actor's RootComponent - picking one arbitrarily
[2015.11.21-01.46.14:857][835]LogActor:Warning: GameNetworkManager /Game/2DSideScrollerBP/Maps/UEDPIE_0_2DSideScrollerExampleMap.2DSideScrollerExampleMap:PersistentLevel.GameNetworkManager_0 has natively added scene component(s), but none of them were set as the actor's RootComponent - picking one arbitrarily
[2015.11.21-01.46.14:858][835]LogWorld: Bringing up level for play took: 0.002997
[2015.11.21-01.46.14:880][835]PIE: Info Play in editor start time for /Game/2DSideScrollerBP/Maps/UEDPIE_0_2DSideScrollerExampleMap 1.051
[2015.11.21-01.46.14:881][835]LogBlueprintUserMessages: Late PlayInEditor Detection: Level '/Game/2DSideScrollerBP/Maps/2DSideScrollerExampleMap.2DSideScrollerExampleMap:PersistentLevel' has LevelScriptBlueprint '/Game/2DSideScrollerBP/Maps/2DSideScrollerExampleMap.2DSideScrollerExampleMap:PersistentLevel.2DSideScrollerExampleMap' with GeneratedClass '/Game/2DSideScrollerBP/Maps/2DSideScrollerExampleMap.2DSideScrollerExampleMap_C' with ClassGeneratedBy '/Game/2DSideScrollerBP/Maps/2DSideScrollerExampleMap.2DSideScrollerExampleMap:PersistentLevel.2DSideScrollerExampleMap'
[2015.11.21-01.47.37:136][532]LogBlueprintUserMessages: Early EndPlayMap Detection: Level '/Game/2DSideScrollerBP/Maps/2DSideScrollerExampleMap.2DSideScrollerExampleMap:PersistentLevel' has LevelScriptBlueprint '/Game/2DSideScrollerBP/Maps/2DSideScrollerExampleMap.2DSideScrollerExampleMap:PersistentLevel.2DSideScrollerExampleMap' with GeneratedClass '/Game/2DSideScrollerBP/Maps/2DSideScrollerExampleMap.2DSideScrollerExampleMap_C' with ClassGeneratedBy '/Game/2DSideScrollerBP/Maps/2DSideScrollerExampleMap.2DSideScrollerExampleMap:PersistentLevel.2DSideScrollerExampleMap'
[2015.11.21-01.47.37:207][532]LogBlueprintUserMessages: Late EndPlayMap Detection: Level '/Game/2DSideScrollerBP/Maps/2DSideScrollerExampleMap.2DSideScrollerExampleMap:PersistentLevel' has LevelScriptBlueprint '/Game/2DSideScrollerBP/Maps/2DSideScrollerExampleMap.2DSideScrollerExampleMap:PersistentLevel.2DSideScrollerExampleMap' with GeneratedClass '/Game/2DSideScrollerBP/Maps/2DSideScrollerExampleMap.2DSideScrollerExampleMap_C' with ClassGeneratedBy '/Game/2DSideScrollerBP/Maps/2DSideScrollerExampleMap.2DSideScrollerExampleMap:PersistentLevel.2DSideScrollerExampleMap'
[2015.11.21-01.47.37:270][532]LogParticles: Destroying 0 GPU particle simulations for FXSystem 0x000000D428AFA0C0
[2015.11.21-01.57.37:794][616]LogFileHelpers: Editor autosave (incl. sublevels) for '/Game/2DSideScrollerBP/Maps/2DSideScrollerExampleMap' took 0.056
[2015.11.21-01.57.37:801][616]OBJ SavePackage: Generating thumbnails for [0] asset(s) in package [/Game/2DSideScrollerBP/2DSideScrollerGameMode] ([1] browsable assets)...
[2015.11.21-01.57.37:801][616]OBJ SavePackage: Finished generating thumbnails for package [/Game/2DSideScrollerBP/2DSideScrollerGameMode]
[2015.11.21-01.57.37:818][616]LogSavePackage: Save=9.319020ms
[2015.11.21-01.57.37:818][616]LogSavePackage: Moving '../../../../../../Users/user/Documents/Unreal Projects/WhateverAgain/Saved/2DSideScrollerGameMode_Auto2D9C5329048BC1F1E35A43E8DEA37458B.tmp' to '../../../../../../Users/user/Documents/Unreal Projects/WhateverAgain/Saved/Autosaves/Game/2DSideScrollerBP/2DSideScrollerGameMode_Auto2.uasset'
[2015.11.21-01.57.37:820][616]LogSavePackage: Total save time: 17.811812ms
[2015.11.21-01.57.37:820][616]LogSavePackage:Display: Finished SavePackage ../../../../../../Users/user/Documents/Unreal Projects/WhateverAgain/Saved/Autosaves/Game/2DSideScrollerBP/2DSideScrollerGameMode_Auto2.uasset
[2015.11.21-01.57.37:825][616]OBJ SavePackage: Generating thumbnails for [0] asset(s) in package [/Game/2DSideScrollerBP/BP_HUD] ([1] browsable assets)...
[2015.11.21-01.57.37:825][616]OBJ SavePackage: Finished generating thumbnails for package [/Game/2DSideScrollerBP/BP_HUD]
[2015.11.21-01.57.37:851][616]LogSavePackage: Save=21.865549ms
[2015.11.21-01.57.37:851][616]LogSavePackage: Moving '../../../../../../Users/user/Documents/Unreal Projects/WhateverAgain/Saved/BP_HUD_Auto256E84EC34BA57D77F3F0BFAA3EA3E5BF.tmp' to '../../../../../../Users/user/Documents/Unreal Projects/WhateverAgain/Saved/Autosaves/Game/2DSideScrollerBP/BP_HUD_Auto2.uasset'
[2015.11.21-01.57.37:854][616]LogSavePackage: Total save time: 27.842022ms
[2015.11.21-01.57.37:854][616]LogSavePackage:Display: Finished SavePackage ../../../../../../Users/user/Documents/Unreal Projects/WhateverAgain/Saved/Autosaves/Game/2DSideScrollerBP/BP_HUD_Auto2.uasset
[2015.11.21-01.57.37:854][616]LogFileHelpers: Auto-saving content packages took 0.059
[2015.11.21-02.49.21:599][108]LogFactory: FactoryCreateBinary: Texture with ReimportTextureFactory (0 0 C:\Users\user\Pictures\Screenshots\Cylinder.png)
[2015.11.21-02.49.21:640][108]LogTexture:Display: Building textures: Cylinder (AutoDXT)
[2015.11.21-02.49.37:918][157]LogFactory: FactoryCreateBinary: Texture with ReimportTextureFactory (0 0 C:\Users\user\Pictures\Screenshots\Sphere.png)
[2015.11.21-02.49.37:922][157]LogTexture:Display: Building textures: Sphere (AutoDXT)
[2015.11.21-02.49.45:584][324]LogFactory: FactoryCreateBinary: Texture with ReimportTextureFactory (0 0 C:\Users\user\Pictures\Screenshots\Pipe.png)
[2015.11.21-02.49.45:587][324]LogTexture:Display: Building textures: Pipe (BGRA8)
[2015.11.21-02.49.52:913][346]LogFactory: FactoryCreateBinary: Texture with ReimportTextureFactory (0 0 C:\Users\user\Pictures\Screenshots\White.png)
[2015.11.21-02.49.52:916][346]LogTexture:Display: Building textures: White (AutoDXT)
[2015.11.21-02.50.28:966][538]LogSavePackage: Save=59.680901ms
[2015.11.21-02.50.28:966][538]LogSavePackage: Moving '../../../../../../Users/user/Documents/Unreal Projects/WhateverAgain/Saved/2DSideScrollerExampleMap8FD2F3B74D01D0C71DD37B8ED050A09F.tmp' to '../../../../../../Users/user/Documents/Unreal Projects/WhateverAgain/Content/2DSideScrollerBP/Maps/2DSideScrollerExampleMap.umap'
[2015.11.21-02.50.28:968][538]LogSavePackage: Total save time: 65.522235ms
[2015.11.21-02.50.28:968][538]LogSavePackage:Display: Finished SavePackage ../../../../../../Users/user/Documents/Unreal Projects/WhateverAgain/Content/2DSideScrollerBP/Maps/2DSideScrollerExampleMap.umap
[2015.11.21-02.50.32:113][709]LogSavePackage: Save=55.645981ms
[2015.11.21-02.50.32:113][709]LogSavePackage: Moving '../../../../../../Users/user/Documents/Unreal Projects/WhateverAgain/Saved/2DSideScrollerExampleMapD9751D7A4FAA294B831E68A8A46A9E37.tmp' to '../../../../../../Users/user/Documents/Unreal Projects/WhateverAgain/Content/2DSideScrollerBP/Maps/2DSideScrollerExampleMap.umap'
[2015.11.21-02.50.32:115][709]LogSavePackage: Total save time: 60.011052ms
[2015.11.21-02.50.32:115][709]LogSavePackage:Display: Finished SavePackage ../../../../../../Users/user/Documents/Unreal Projects/WhateverAgain/Content/2DSideScrollerBP/Maps/2DSideScrollerExampleMap.umap
[2015.11.21-02.50.43:501][820]LogSavePackage: Save=60.568283ms
[2015.11.21-02.50.43:501][820]LogSavePackage: Moving '../../../../../../Users/user/Documents/Unreal Projects/WhateverAgain/Saved/2DSideScrollerExampleMapC3C170FD4B8FD465D3E034B3D53C4CAB.tmp' to '../../../../../../Users/user/Documents/Unreal Projects/WhateverAgain/Content/2DSideScrollerBP/Maps/2DSideScrollerExampleMap.umap'
[2015.11.21-02.50.43:503][820]LogSavePackage: Total save time: 64.908125ms
[2015.11.21-02.50.43:503][820]LogSavePackage:Display: Finished SavePackage ../../../../../../Users/user/Documents/Unreal Projects/WhateverAgain/Content/2DSideScrollerBP/Maps/2DSideScrollerExampleMap.umap
[2015.11.21-02.50.48:425][917]LogSavePackage: Save=32.643299ms
[2015.11.21-02.50.48:425][917]LogSavePackage: Moving '../../../../../../Users/user/Documents/Unreal Projects/WhateverAgain/Saved/CylinderF406C02244AB66075FE6FE9E13AF4A01.tmp' to '../../../../../../Users/user/Documents/Unreal Projects/WhateverAgain/Content/2DSideScroller/Textures/Cylinder.uasset'
[2015.11.21-02.50.48:428][917]LogSavePackage: Total save time: 36.118418ms
[2015.11.21-02.50.48:428][917]LogSavePackage:Display: Finished SavePackage ../../../../../../Users/user/Documents/Unreal Projects/WhateverAgain/Content/2DSideScroller/Textures/Cylinder.uasset
[2015.11.21-02.50.48:446][917]Cmd: OBJ SAVEPACKAGE PACKAGE="/Game/2DSideScroller/Textures/Pipe" FILE="../../../../../../Users/user/Documents/Unreal Projects/WhateverAgain/Content/2DSideScroller/Textures/Pipe.uasset" SILENT=true
[2015.11.21-02.50.48:449][917]LogSavePackage: Save=2.075408ms
[2015.11.21-02.50.48:449][917]LogSavePackage: Moving '../../../../../../Users/user/Documents/Unreal Projects/WhateverAgain/Saved/PipeF1723F9B487D650159DB1FB37D97233F.tmp' to '../../../../../../Users/user/Documents/Unreal Projects/WhateverAgain/Content/2DSideScroller/Textures/Pipe.uasset'
[2015.11.21-02.50.48:452][917]LogSavePackage: Total save time: 5.294792ms
[2015.11.21-02.50.48:452][917]LogSavePackage:Display: Finished SavePackage ../../../../../../Users/user/Documents/Unreal Projects/WhateverAgain/Content/2DSideScroller/Textures/Pipe.uasset
[2015.11.21-02.50.48:474][917]Cmd: OBJ SAVEPACKAGE PACKAGE="/Game/2DSideScroller/Textures/Sphere" FILE="../../../../../../Users/user/Documents/Unreal Projects/WhateverAgain/Content/2DSideScroller/Textures/Sphere.uasset" SILENT=true
[2015.11.21-02.50.48:478][917]LogSavePackage: Save=2.965357ms
[2015.11.21-02.50.48:478][917]LogSavePackage: Moving '../../../../../../Users/user/Documents/Unreal Projects/WhateverAgain/Saved/Sphere1EF86A884B13C8971C7CD2BF96D23587.tmp' to '../../../../../../Users/user/Documents/Unreal Projects/WhateverAgain/Content/2DSideScroller/Textures/Sphere.uasset'
[2015.11.21-02.50.48:481][917]LogSavePackage: Total save time: 6.333135ms
[2015.11.21-02.50.48:481][917]LogSavePackage:Display: Finished SavePackage ../../../../../../Users/user/Documents/Unreal Projects/WhateverAgain/Content/2DSideScroller/Textures/Sphere.uasset
[2015.11.21-02.50.48:490][917]Cmd: OBJ SAVEPACKAGE PACKAGE="/Game/2DSideScroller/Textures/White" FILE="../../../../../../Users/user/Documents/Unreal Projects/WhateverAgain/Content/2DSideScroller/Textures/White.uasset" SILENT=true
[2015.11.21-02.50.48:494][917]LogSavePackage: Save=2.544972ms
[2015.11.21-02.50.48:494][917]LogSavePackage: Moving '../../../../../../Users/user/Documents/Unreal Projects/WhateverAgain/Saved/White26B8D19B4C84728B5FCB46A3168D4384.tmp' to '../../../../../../Users/user/Documents/Unreal Projects/WhateverAgain/Content/2DSideScroller/Textures/White.uasset'
[2015.11.21-02.50.48:497][917]LogSavePackage: Total save time: 5.696360ms
[2015.11.21-02.50.48:497][917]LogSavePackage:Display: Finished SavePackage ../../../../../../Users/user/Documents/Unreal Projects/WhateverAgain/Content/2DSideScroller/Textures/White.uasset
[2015.11.21-02.50.48:521][917]LogSavePackage: Save=10.315455ms
[2015.11.21-02.50.48:521][917]LogSavePackage: Moving '../../../../../../Users/user/Documents/Unreal Projects/WhateverAgain/Saved/2DSideScrollerGameMode8BDBAABB49B011036B23A2A8122D1339.tmp' to '../../../../../../Users/user/Documents/Unreal Projects/WhateverAgain/Content/2DSideScrollerBP/2DSideScrollerGameMode.uasset'
[2015.11.21-02.50.48:527][917]LogSavePackage: Total save time: 20.452149ms
[2015.11.21-02.50.48:527][917]LogSavePackage:Display: Finished SavePackage ../../../../../../Users/user/Documents/Unreal Projects/WhateverAgain/Content/2DSideScrollerBP/2DSideScrollerGameMode.uasset
[2015.11.21-02.50.48:535][917]Cmd: OBJ SAVEPACKAGE PACKAGE="/Game/2DSideScrollerBP/BP_HUD" FILE="../../../../../../Users/user/Documents/Unreal Projects/WhateverAgain/Content/2DSideScrollerBP/BP_HUD.uasset" SILENT=true
[2015.11.21-02.50.48:564][917]LogSavePackage: Save=25.480513ms
[2015.11.21-02.50.48:564][917]LogSavePackage: Moving '../../../../../../Users/user/Documents/Unreal Projects/WhateverAgain/Saved/BP_HUD388644A040C3B6F4FBA97FA88C0DB10E.tmp' to '../../../../../../Users/user/Documents/Unreal Projects/WhateverAgain/Content/2DSideScrollerBP/BP_HUD.uasset'
[2015.11.21-02.50.48:568][917]LogSavePackage: Total save time: 32.017212ms
[2015.11.21-02.50.48:568][917]LogSavePackage:Display: Finished SavePackage ../../../../../../Users/user/Documents/Unreal Projects/WhateverAgain/Content/2DSideScrollerBP/BP_HUD.uasset
[2015.11.21-02.50.48:579][917]Cmd: OBJ SAVEPACKAGE PACKAGE="/Game/2DSideScrollerBP/NewBlueprint" FILE="../../../../../../Users/user/Documents/Unreal Projects/WhateverAgain/Content/2DSideScrollerBP/NewBlueprint.uasset" SILENT=true
[2015.11.21-02.50.48:583][917]LogSavePackage: Save=1.092230ms
[2015.11.21-02.50.48:583][917]LogSavePackage: Moving '../../../../../../Users/user/Documents/Unreal Projects/WhateverAgain/Saved/NewBlueprintD51FFCAB49C3D089FB32AB9FE1910F74.tmp' to '../../../../../../Users/user/Documents/Unreal Projects/WhateverAgain/Content/2DSideScrollerBP/NewBlueprint.uasset'
[2015.11.21-02.50.48:586][917]LogSavePackage: Total save time: 6.135132ms
[2015.11.21-02.50.48:586][917]LogSavePackage:Display: Finished SavePackage ../../../../../../Users/user/Documents/Unreal Projects/WhateverAgain/Content/2DSideScrollerBP/NewBlueprint.uasset
[2015.11.21-02.59.01:714][604]LogParticles: Destroying 0 GPU particle simulations for FXSystem 0x000000D455FD40E0
[2015.11.21-03.00.16:365][622]LogContentBrowser: Native class hierarchy updated for 'TextureEditor' in 0.0006 seconds. Added 1 classes and 2 folders.
[2015.11.21-03.00.26:316][205]LogActorComponent: UnregisterComponent: (/Engine/Transient.EditorFloorComp) Not registered. Aborting.
[2015.11.21-03.02.07:410][680]LogObjectTools:Warning: ForceReplaceReferences replaced references for a transient object 'DEADCLASS_BP_HUD_C_0' or package '/Engine/Transient'.
[2015.11.21-03.02.07:410][680]LogObjectTools:Warning: ForceReplaceReferences replaced references for a transient object 'DEADCLASS_BP_HUD_C_1' or package '/Engine/Transient'.
[2015.11.21-03.02.07:410][680]LogObjectTools:Warning: ForceReplaceReferences replaced references for a transient object 'REINST_SKEL_BP_HUD_C_83' or package '/Engine/Transient'.
[2015.11.21-03.02.07:410][680]LogObjectTools:Warning: ForceReplaceReferences replaced references for a transient object 'REINST_BP_HUD_C_82' or package '/Engine/Transient'.
[2015.11.21-03.02.12:970][979]LogBlueprintUserMessages: Early PlayInEditor Detection: Level '/Game/2DSideScrollerBP/Maps/2DSideScrollerExampleMap.2DSideScrollerExampleMap:PersistentLevel' has LevelScriptBlueprint '/Game/2DSideScrollerBP/Maps/2DSideScrollerExampleMap.2DSideScrollerExampleMap:PersistentLevel.2DSideScrollerExampleMap' with GeneratedClass '/Game/2DSideScrollerBP/Maps/2DSideScrollerExampleMap.2DSideScrollerExampleMap_C' with ClassGeneratedBy '/Game/2DSideScrollerBP/Maps/2DSideScrollerExampleMap.2DSideScrollerExampleMap:PersistentLevel.2DSideScrollerExampleMap'
[2015.11.21-03.02.12:970][979]BlueprintLog: New page: Pre-Play auto-recompile
[2015.11.21-03.02.12:971][979]LogPlayLevel: [PlayLevel] Compiling 2DSideScrollerCharacter before play...
[2015.11.21-03.02.13:031][979]LogPlayLevel: PlayLevel: Blueprint regeneration took 61 ms (2 blueprints)
[2015.11.21-03.02.13:031][979]LogPlayLevel: [PlayLevel] Compiling UI before play...
[2015.11.21-03.02.13:078][979]LogPlayLevel: PlayLevel: Blueprint regeneration took 108 ms (2 blueprints)
[2015.11.21-03.02.13:120][979]PIE: New page: PIE session: 2DSideScrollerExampleMap (Nov 20, 2015, 11:02:13 AM)
[2015.11.21-03.02.13:120][979]LogPlayLevel: Creating play world package: /Game/2DSideScrollerBP/Maps/UEDPIE_0_2DSideScrollerExampleMap
[2015.11.21-03.02.13:123][979]LogPlayLevel: PIE: StaticDuplicateObject took: (0.002396s)
[2015.11.21-03.02.13:123][979]LogAIModule: Creating AISystem for world 2DSideScrollerExampleMap
[2015.11.21-03.02.13:123][979]LogPlayLevel: PIE: World Init took: (0.000839s)
[2015.11.21-03.02.13:124][979]LogPlayLevel: PIE: Created PIE world by copying editor world from /Game/2DSideScrollerBP/Maps/2DSideScrollerExampleMap.2DSideScrollerExampleMap to /Game/2DSideScrollerBP/Maps/UEDPIE_0_2DSideScrollerExampleMap.2DSideScrollerExampleMap (0.003430s)
[2015.11.21-03.02.13:166][979]LogInit: XAudio2 using 'Speaker/HP (Realtek High Definition Audio)' : 2 channels at 48 kHz using 32 bits per sample (channel mask 0x3)
[2015.11.21-03.02.13:176][979]LogInit: FAudioDevice initialized.
[2015.11.21-03.02.13:213][979]LogWorld: Game class is '2DSideScrollerGameMode_C'
[2015.11.21-03.02.13:216][979]LogWorld: Bringing World /Game/2DSideScrollerBP/Maps/UEDPIE_0_2DSideScrollerExampleMap.2DSideScrollerExampleMap up for play (max tick rate 60) at 2015.11.20-19.02.13
[2015.11.21-03.02.13:216][979]LogActor:Warning: GameSession /Game/2DSideScrollerBP/Maps/UEDPIE_0_2DSideScrollerExampleMap.2DSideScrollerExampleMap:PersistentLevel.GameSession_1 has natively added scene component(s), but none of them were set as the actor's RootComponent - picking one arbitrarily
[2015.11.21-03.02.13:217][979]LogActor:Warning: GameNetworkManager /Game/2DSideScrollerBP/Maps/UEDPIE_0_2DSideScrollerExampleMap.2DSideScrollerExampleMap:PersistentLevel.GameNetworkManager_1 has natively added scene component(s), but none of them were set as the actor's RootComponent - picking one arbitrarily
[2015.11.21-03.02.13:217][979]LogWorld: Bringing up level for play took: 0.003432
[2015.11.21-03.02.13:243][979]LogSpawn:Warning: SpawnActor failed because no class was specified
[2015.11.21-03.02.13:245][979]PIE: Info Play in editor start time for /Game/2DSideScrollerBP/Maps/UEDPIE_0_2DSideScrollerExampleMap -0.584
[2015.11.21-03.02.13:245][979]LogBlueprintUserMessages: Late PlayInEditor Detection: Level '/Game/2DSideScrollerBP/Maps/2DSideScrollerExampleMap.2DSideScrollerExampleMap:PersistentLevel' has LevelScriptBlueprint '/Game/2DSideScrollerBP/Maps/2DSideScrollerExampleMap.2DSideScrollerExampleMap:PersistentLevel.2DSideScrollerExampleMap' with GeneratedClass '/Game/2DSideScrollerBP/Maps/2DSideScrollerExampleMap.2DSideScrollerExampleMap_C' with ClassGeneratedBy '/Game/2DSideScrollerBP/Maps/2DSideScrollerExampleMap.2DSideScrollerExampleMap:PersistentLevel.2DSideScrollerExampleMap'
[2015.11.21-03.02.32:007][100]Cmd: SELECT NONE
[2015.11.21-03.02.34:948][272]Cmd: SELECT NONE
[2015.11.21-03.02.38:156][463]LogBlueprintUserMessages: Early EndPlayMap Detection: Level '/Game/2DSideScrollerBP/Maps/2DSideScrollerExampleMap.2DSideScrollerExampleMap:PersistentLevel' has LevelScriptBlueprint '/Game/2DSideScrollerBP/Maps/2DSideScrollerExampleMap.2DSideScrollerExampleMap:PersistentLevel.2DSideScrollerExampleMap' with GeneratedClass '/Game/2DSideScrollerBP/Maps/2DSideScrollerExampleMap.2DSideScrollerExampleMap_C' with ClassGeneratedBy '/Game/2DSideScrollerBP/Maps/2DSideScrollerExampleMap.2DSideScrollerExampleMap:PersistentLevel.2DSideScrollerExampleMap'
[2015.11.21-03.02.38:189][463]LogBlueprintUserMessages: Late EndPlayMap Detection: Level '/Game/2DSideScrollerBP/Maps/2DSideScrollerExampleMap.2DSideScrollerExampleMap:PersistentLevel' has LevelScriptBlueprint '/Game/2DSideScrollerBP/Maps/2DSideScrollerExampleMap.2DSideScrollerExampleMap:PersistentLevel.2DSideScrollerExampleMap' with GeneratedClass '/Game/2DSideScrollerBP/Maps/2DSideScrollerExampleMap.2DSideScrollerExampleMap_C' with ClassGeneratedBy '/Game/2DSideScrollerBP/Maps/2DSideScrollerExampleMap.2DSideScrollerExampleMap:PersistentLevel.2DSideScrollerExampleMap'
[2015.11.21-03.02.38:248][464]LogParticles: Destroying 0 GPU particle simulations for FXSystem 0x000000D429B41B20
[2015.11.21-03.03.31:279][569]LogParticles: Destroying 0 GPU particle simulations for FXSystem 0x000000D436435DA0
[2015.11.21-03.03.31:284][569]LogParticles: Destroying 0 GPU particle simulations for FXSystem 0x000000D4364344A0
[2015.11.21-03.03.31:284][569]LogFileHelpers: Editor autosave (incl. sublevels) for '/Game/2DSideScrollerBP/Maps/2DSideScrollerExampleMap' took 0.046
[2015.11.21-03.03.31:291][569]OBJ SavePackage: Generating thumbnails for [0] asset(s) in package [/Game/2DSideScrollerBP/2DSideScrollerGameMode] ([1] browsable assets)...
[2015.11.21-03.03.31:291][569]OBJ SavePackage: Finished generating thumbnails for package [/Game/2DSideScrollerBP/2DSideScrollerGameMode]
[2015.11.21-03.03.31:304][569]LogSavePackage: Save=8.831066ms
[2015.11.21-03.03.31:304][569]LogSavePackage: Moving '../../../../../../Users/user/Documents/Unreal Projects/WhateverAgain/Saved/2DSideScrollerGameMode_Auto37D3350A641E04D92458F08B795712D95.tmp' to '../../../../../../Users/user/Documents/Unreal Projects/WhateverAgain/Saved/Autosaves/Game/2DSideScrollerBP/2DSideScrollerGameMode_Auto3.uasset'
[2015.11.21-03.03.31:306][569]LogSavePackage: Total save time: 14.697202ms
[2015.11.21-03.03.31:306][569]LogSavePackage:Display: Finished SavePackage ../../../../../../Users/user/Documents/Unreal Projects/WhateverAgain/Saved/Autosaves/Game/2DSideScrollerBP/2DSideScrollerGameMode_Auto3.uasset
[2015.11.21-03.03.31:310][569]OBJ SavePackage: Generating thumbnails for [0] asset(s) in package [/Game/2DSideScrollerBP/2DSideScrollerCharacter] ([1] browsable assets)...
[2015.11.21-03.03.31:310][569]OBJ SavePackage: Finished generating thumbnails for package [/Game/2DSideScrollerBP/2DSideScrollerCharacter]
[2015.11.21-03.03.31:346][569]LogSavePackage: Save=31.235888ms
[2015.11.21-03.03.31:346][569]LogSavePackage: Moving '../../../../../../Users/user/Documents/Unreal Projects/WhateverAgain/Saved/2DSideScrollerCharacter_Auto3628322D3471ACD586A880295CE035A6C.tmp' to '../../../../../../Users/user/Documents/Unreal Projects/WhateverAgain/Saved/Autosaves/Game/2DSideScrollerBP/2DSideScrollerCharacter_Auto3.uasset'
[2015.11.21-03.03.31:348][569]LogSavePackage: Total save time: 37.009653ms
[2015.11.21-03.03.31:349][569]LogSavePackage:Display: Finished SavePackage ../../../../../../Users/user/Documents/Unreal Projects/WhateverAgain/Saved/Autosaves/Game/2DSideScrollerBP/2DSideScrollerCharacter_Auto3.uasset
[2015.11.21-03.03.31:349][569]LogFileHelpers: Auto-saving content packages took 0.064
[2015.11.21-03.12.48:316][384]Cmd: QUIT_EDITOR
[2015.11.21-03.12.49:217][384]LogWindowsTextInputMethodSystem:Display: IME system now deactivated.
[2015.11.21-03.12.49:218][384]LogWindowsTextInputMethodSystem:Display: IME system now deactivated.
[2015.11.21-03.12.49:301][384]LogExit: Preparing to exit.
[2015.11.21-03.12.50:254][384]LogExit: Editor shut down
[2015.11.21-03.12.50:254][384]LogExit: Transaction tracking system shut down
[2015.11.21-03.12.50:258][384]LogParticles: Destroying 0 GPU particle simulations for FXSystem 0x000000D45609D440
[2015.11.21-03.12.50:258][384]LogParticles: Destroying 0 GPU particle simulations for FXSystem 0x000000D455088B80
[2015.11.21-03.12.50:258][384]LogParticles: Destroying 0 GPU particle simulations for FXSystem 0x000000D46F065E40
[2015.11.21-03.12.50:261][384]LogParticles: Destroying 0 GPU particle simulations for FXSystem 0x000000D433054680
[2015.11.21-03.12.50:467][384]LogExit: Object subsystem successfully closed.
[2015.11.21-03.12.50:477][384]LogD3D11RHI: Shutdown
[2015.11.21-03.12.50:477][384]LogD3D11RHI: CleanupD3DDevice
[2015.11.21-03.12.50:559][384]LogD3D11RHI: ~FD3D11DynamicRHI
[2015.11.21-03.12.50:576][384]LogModuleManager: Shutting down and abandoning module SequencerWidgets (202)
[2015.11.21-03.12.50:576][384]LogModuleManager: Shutting down and abandoning module TextureEditor (201)
[2015.11.21-03.12.50:576][384]LogModuleManager: Shutting down and abandoning module BlueprintGraph (200)
[2015.11.21-03.12.50:576][384]LogModuleManager: Shutting down and abandoning module CookingStats (199)
[2015.11.21-03.12.50:576][384]LogModuleManager: Shutting down and abandoning module CrashTracker (198)
[2015.11.21-03.12.50:576][384]LogModuleManager: Shutting down and abandoning module SceneOutliner (197)
[2015.11.21-03.12.50:576][384]LogModuleManager: Shutting down and abandoning module SuperSearch (196)
[2015.11.21-03.12.50:576][384]LogModuleManager: Shutting down and abandoning module WidgetCarousel (195)
[2015.11.21-03.12.50:576][384]LogModuleManager: Shutting down and abandoning module AddContentDialog (194)
[2015.11.21-03.12.50:578][384]LogModuleManager: Shutting down and abandoning module EditorWidgets (193)
[2015.11.21-03.12.50:578][384]LogModuleManager: Shutting down and abandoning module CollectionManager (192)
[2015.11.21-03.12.50:579][384]LogModuleManager: Shutting down and abandoning module StatsViewer (191)
[2015.11.21-03.12.50:579][384]LogModuleManager: Shutting down and abandoning module FoliageEdit (190)
[2015.11.21-03.12.50:579][384]LogModuleManager: Shutting down and abandoning module LandscapeEditor (189)
[2015.11.21-03.12.50:579][384]LogModuleManager: Shutting down and abandoning module ActorPickerMode (188)
[2015.11.21-03.12.50:579][384]LogModuleManager: Shutting down and abandoning module GeometryMode (187)
[2015.11.21-03.12.50:579][384]LogModuleManager: Shutting down and abandoning module TextureAlignMode (186)
[2015.11.21-03.12.50:579][384]LogModuleManager: Shutting down and abandoning module BspMode (185)
[2015.11.21-03.12.50:579][384]LogModuleManager: Shutting down and abandoning module PlacementMode (184)
[2015.11.21-03.12.50:579][384]LogModuleManager: Shutting down and abandoning module AutomationWorker (183)
[2015.11.21-03.12.50:579][384]LogModuleManager: Shutting down and abandoning module CharacterAI (182)
[2015.11.21-03.12.50:579][384]LogModuleManager: Shutting down and abandoning module SmartSnapping (181)
[2015.11.21-03.12.50:579][384]LogModuleManager: Shutting down and abandoning module ViewportSnapping (180)
[2015.11.21-03.12.50:579][384]LogModuleManager: Shutting down and abandoning module LogVisualizer (179)
[2015.11.21-03.12.50:579][384]LogModuleManager: Shutting down and abandoning module GameProjectGeneration (178)
[2015.11.21-03.12.50:579][384]LogModuleManager: Shutting down and abandoning module IntroTutorials (177)
[2015.11.21-03.12.50:579][384]LogModuleManager: Shutting down and abandoning module EditorLiveStreaming (176)
[2015.11.21-03.12.50:579][384]LogModuleManager: Shutting down and abandoning module IOSPlatformEditor (175)
[2015.11.21-03.12.50:579][384]LogModuleManager: Shutting down and abandoning module HTML5PlatformEditor (174)
[2015.11.21-03.12.50:579][384]LogModuleManager: Shutting down and abandoning module AndroidDeviceDetection (173)
[2015.11.21-03.12.50:825][384]LogModuleManager: Shutting down and abandoning module AndroidPlatformEditor (172)
[2015.11.21-03.12.50:825][384]LogModuleManager: Shutting down and abandoning module IOSRuntimeSettings (171)
[2015.11.21-03.12.50:825][384]LogModuleManager: Shutting down and abandoning module AndroidRuntimeSettings (170)
[2015.11.21-03.12.50:825][384]LogModuleManager: Shutting down and abandoning module MergeActors (169)
[2015.11.21-03.12.50:825][384]LogModuleManager: Shutting down and abandoning module SizeMap (168)
[2015.11.21-03.12.50:825][384]LogModuleManager: Shutting down and abandoning module TreeMap (167)
[2015.11.21-03.12.50:825][384]LogModuleManager: Shutting down and abandoning module ReferenceViewer (166)
[2015.11.21-03.12.50:825][384]LogModuleManager: Shutting down and abandoning module LocalizationService (165)
[2015.11.21-03.12.50:825][384]LogModuleManager: Shutting down and abandoning module LocalizationDashboard (164)
[2015.11.21-03.12.50:825][384]LogModuleManager: Shutting down and abandoning module HardwareTargeting (163)
[2015.11.21-03.12.50:825][384]LogModuleManager: Shutting down and abandoning module DeviceProfileEditor (162)
[2015.11.21-03.12.50:825][384]LogModuleManager: Shutting down and abandoning module UndoHistory (161)
[2015.11.21-03.12.50:825][384]LogModuleManager: Shutting down and abandoning module GameplayTagsEditor (160)
[2015.11.21-03.12.50:825][384]LogModuleManager: Shutting down and abandoning module UserFeedback (159)
[2015.11.21-03.12.50:825][384]LogModuleManager: Shutting down and abandoning module XmlParser (158)
[2015.11.21-03.12.50:825][384]LogModuleManager: Shutting down and abandoning module Blutility (157)
[2015.11.21-03.12.50:825][384]LogModuleManager: Shutting down and abandoning module ProjectTargetPlatformEditor (156)
[2015.11.21-03.12.50:826][384]LogModuleManager: Shutting down and abandoning module ProjectSettingsViewer (155)
[2015.11.21-03.12.50:826][384]LogModuleManager: Shutting down and abandoning module InputBindingEditor (154)
[2015.11.21-03.12.50:826][384]LogModuleManager: Shutting down and abandoning module EditorSettingsViewer (153)
[2015.11.21-03.12.50:826][384]LogModuleManager: Shutting down and abandoning module SettingsEditor (152)
[2015.11.21-03.12.50:826][384]LogModuleManager: Shutting down and abandoning module ProjectLauncher (151)
[2015.11.21-03.12.50:826][384]LogModuleManager: Shutting down and abandoning module SessionFrontend (150)
[2015.11.21-03.12.50:826][384]LogModuleManager: Shutting down and abandoning module ProfilerClient (149)
[2015.11.21-03.12.50:826][384]LogModuleManager: Shutting down and abandoning module TargetDeviceServices (148)
[2015.11.21-03.12.50:826][384]LogModuleManager: Shutting down and abandoning module DeviceManager (147)
[2015.11.21-03.12.50:826][384]LogModuleManager: Shutting down and abandoning module AutomationController (146)
[2015.11.21-03.12.50:826][384]LogModuleManager: Shutting down and abandoning module AutomationWindow (145)
[2015.11.21-03.12.50:826][384]LogModuleManager: Shutting down and abandoning module Layers (144)
[2015.11.21-03.12.50:826][384]LogModuleManager: Shutting down and abandoning module ComponentVisualizers (143)
[2015.11.21-03.12.50:826][384]LogModuleManager: Shutting down and abandoning module DetailCustomizations (142)
[2015.11.21-03.12.50:826][384]LogModuleManager: Shutting down and abandoning module PackagesDialog (141)
[2015.11.21-03.12.50:826][384]LogModuleManager: Shutting down and abandoning module Persona (140)
[2015.11.21-03.12.50:826][384]LogModuleManager: Shutting down and abandoning module Kismet (139)
[2015.11.21-03.12.50:826][384]LogModuleManager: Shutting down and abandoning module GraphEditor (138)
[2015.11.21-03.12.50:826][384]LogModuleManager: Shutting down and abandoning module ClassViewer (137)
[2015.11.21-03.12.50:827][384]LogModuleManager: Shutting down and abandoning module Toolbox (136)
[2015.11.21-03.12.50:827][384]LogModuleManager: Shutting down and abandoning module ModuleUI (135)
[2015.11.21-03.12.50:827][384]LogModuleManager: Shutting down and abandoning module MovieSceneTools (134)
[2015.11.21-03.12.50:827][384]LogModuleManager: Shutting down and abandoning module OutputLog (133)
[2015.11.21-03.12.50:828][384]LogModuleManager: Shutting down and abandoning module GammaUI (132)
[2015.11.21-03.12.50:828][384]LogModuleManager: Shutting down and abandoning module Documentation (131)
[2015.11.21-03.12.50:828][384]LogModuleManager: Shutting down and abandoning module GameLiveStreaming (130)
[2015.11.21-03.12.50:828][384]LogModuleManager: Shutting down and abandoning module StreamingPauseRendering (129)
[2015.11.21-03.12.50:828][384]LogModuleManager: Shutting down and abandoning module AnalyticsET (128)
[2015.11.21-03.12.50:828][384]LogModuleManager: Shutting down and abandoning module Analytics (127)
[2015.11.21-03.12.50:828][384]LogModuleManager: Shutting down and abandoning module AITestSuite (126)
[2015.11.21-03.12.50:828][384]LogModuleManager: Shutting down and abandoning module GameplayDebugger (125)
[2015.11.21-03.12.50:828][384]LogModuleManager: Shutting down and abandoning module AIModule (124)
[2015.11.21-03.12.50:828][384]LogModuleManager: Shutting down and abandoning module ProfilerService (123)
[2015.11.21-03.12.50:899][384]LogModuleManager: Shutting down and abandoning module TaskGraph (122)
[2015.11.21-03.12.50:899][384]LogModuleManager: Shutting down and abandoning module SlateRemote (121)
[2015.11.21-03.12.50:899][384]LogModuleManager: Shutting down and abandoning module SteamVRController (120)
[2015.11.21-03.12.50:899][384]LogModuleManager: Shutting down and abandoning module SteamVR (119)
[2015.11.21-03.12.50:899][384]LogModuleManager: Shutting down and abandoning module ProceduralMeshComponent (118)
[2015.11.21-03.12.50:899][384]LogModuleManager: Shutting down and abandoning module OculusLibrary (117)
[2015.11.21-03.12.50:899][384]LogModuleManager: Shutting down and abandoning module OculusInput (116)
[2015.11.21-03.12.50:899][384]LogModuleManager: Shutting down and abandoning module LeapMotionController (115)
[2015.11.21-03.12.50:934][384]LogModuleManager: Shutting down and abandoning module CustomMeshComponent (114)
[2015.11.21-03.12.50:934][384]LogModuleManager: Shutting down and abandoning module CableComponent (113)
[2015.11.21-03.12.50:934][384]LogModuleManager: Shutting down and abandoning module ArchVisCharacter (112)
[2015.11.21-03.12.50:934][384]LogModuleManager: Shutting down and abandoning module MessagingDebugger (111)
[2015.11.21-03.12.50:934][384]LogModuleManager: Shutting down and abandoning module MediaPlayerEditor (110)
[2015.11.21-03.12.50:935][384]LogModuleManager: Shutting down and abandoning module HTML5Networking (109)
[2015.11.21-03.12.50:935][384]LogModuleManager: Shutting down and abandoning module SpeedTreeImporter (108)
[2015.11.21-03.12.50:935][384]LogModuleManager: Shutting down and abandoning module PluginBrowser (107)
[2015.11.21-03.12.50:935][384]LogModuleManager: Shutting down and abandoning module EpicSurvey (106)
[2015.11.21-03.12.50:935][384]LogModuleManager: Shutting down and abandoning module DesktopPlatform (105)
[2015.11.21-03.12.50:935][384]LogModuleManager: Shutting down and abandoning module VisualStudioSourceCodeAccess (104)
[2015.11.21-03.12.50:935][384]LogModuleManager: Shutting down and abandoning module UObjectPlugin (103)
[2015.11.21-03.12.50:935][384]LogModuleManager: Shutting down and abandoning module SubversionSourceControl (102)
[2015.11.21-03.12.50:935][384]LogModuleManager: Shutting down and abandoning module PerforceSourceControl (101)
[2015.11.21-03.12.50:935][384]LogModuleManager: Shutting down and abandoning module SourceControl (100)
[2015.11.21-03.12.50:936][384]LogModuleManager: Shutting down and abandoning module GitSourceControl (99)
[2015.11.21-03.12.50:936][384]LogModuleManager: Shutting down and abandoning module LightPropagationVolumeEditor (98)
[2015.11.21-03.12.50:936][384]LogModuleManager: Shutting down and abandoning module PaperTiledImporter (97)
[2015.11.21-03.12.50:936][384]LogModuleManager: Shutting down and abandoning module PaperSpriteSheetImporter (96)
[2015.11.21-03.12.50:936][384]LogModuleManager: Shutting down and abandoning module MeshPaint (95)
[2015.11.21-03.12.50:936][384]LogModuleManager: Shutting down and abandoning module SlateReflector (94)
[2015.11.21-03.12.50:936][384]LogModuleManager: Shutting down and abandoning module HotReload (93)
[2015.11.21-03.12.50:936][384]LogModuleManager: Shutting down and abandoning module MainFrame (92)
[2015.11.21-03.12.50:936][384]LogModuleManager: Shutting down and abandoning module LevelEditor (91)
[2015.11.21-03.12.50:937][384]LogModuleManager: Shutting down and abandoning module DirectoryWatcher (90)
[2015.11.21-03.12.50:939][384]LogModuleManager: Shutting down and abandoning module AssetRegistry (89)
[2015.11.21-03.12.50:991][384]LogModuleManager: Shutting down and abandoning module ContentBrowser (88)
[2015.11.21-03.12.50:991][384]LogModuleManager: Shutting down and abandoning module Paper2DEditor (87)
[2015.11.21-03.12.50:991][384]LogModuleManager: Shutting down and abandoning module UdpMessaging (86)
[2015.11.21-03.12.51:093][384]LogModuleManager: Shutting down and abandoning module LightPropagationVolumeRuntime (85)
[2015.11.21-03.12.51:093][384]LogModuleManager: Shutting down and abandoning module Paper2D (84)
[2015.11.21-03.12.51:093][384]LogModuleManager: Shutting down and abandoning module WindowsMoviePlayer (83)
[2015.11.21-03.12.51:099][384]LogModuleManager: Shutting down and abandoning module Media (82)
[2015.11.21-03.12.51:099][384]LogModuleManager: Shutting down and abandoning module WmfMedia (81)
[2015.11.21-03.12.51:099][384]LogModuleManager: Shutting down and abandoning module OnlineBlueprintSupport (80)
[2015.11.21-03.12.51:099][384]LogModuleManager: Shutting down and abandoning module GameplayTasksEditor (79)
[2015.11.21-03.12.51:099][384]LogModuleManager: Shutting down and abandoning module PropertyEditor (78)
[2015.11.21-03.12.51:120][384]LogModuleManager: Shutting down and abandoning module BehaviorTreeEditor (77)
[2015.11.21-03.12.51:121][384]LogModuleManager: Shutting down and abandoning module FunctionalTesting (76)
[2015.11.21-03.12.51:121][384]LogModuleManager: Shutting down and abandoning module CollisionAnalyzer (75)
[2015.11.21-03.12.51:121][384]LogModuleManager: Shutting down and abandoning module WorkspaceMenuStructure (74)
[2015.11.21-03.12.51:121][384]LogModuleManager: Shutting down and abandoning module MessageLog (73)
[2015.11.21-03.12.51:121][384]LogModuleManager: Shutting down and abandoning module Sequencer (72)
[2015.11.21-03.12.51:121][384]LogModuleManager: Shutting down and abandoning module AssetTools (71)
[2015.11.21-03.12.51:121][384]LogModuleManager: Shutting down and abandoning module UMGEditor (70)
[2015.11.21-03.12.51:121][384]LogModuleManager: Shutting down and abandoning module UMG (69)
[2015.11.21-03.12.51:122][384]LogModuleManager: Shutting down and abandoning module Slate (68)
[2015.11.21-03.12.51:122][384]LogModuleManager: Shutting down and abandoning module EditorStyle (67)
[2015.11.21-03.12.51:129][384]LogModuleManager: Shutting down and abandoning module SessionServices (66)
[2015.11.21-03.12.51:129][384]LogModuleManager: Shutting down and abandoning module SourceCodeAccess (65)
[2015.11.21-03.12.51:129][384]LogModuleManager: Shutting down and abandoning module HeadMountedDisplay (64)
[2015.11.21-03.12.51:129][384]LogModuleManager: Shutting down and abandoning module XAudio2 (63)
[2015.11.21-03.12.51:129][384]LogModuleManager: Shutting down and abandoning module Networking (61)
[2015.11.21-03.12.51:129][384]LogModuleManager: Shutting down and abandoning module Core (60)
[2015.11.21-03.12.51:129][384]LogModuleManager: Shutting down and abandoning module KismetCompiler (59)
[2015.11.21-03.12.51:129][384]LogModuleManager: Shutting down and abandoning module PhysXFormats (58)
[2015.11.21-03.12.51:129][384]LogModuleManager: Shutting down and abandoning module MeshUtilities (57)
[2015.11.21-03.12.51:129][384]LogModuleManager: Shutting down and abandoning module DerivedDataCache (56)
[2015.11.21-03.12.51:153][384]LogDerivedDataCache: Shutdown
[2015.11.21-03.12.51:153][384]LogModuleManager: Shutting down and abandoning module ShaderFormatOpenGL (55)
[2015.11.21-03.12.51:153][384]LogModuleManager: Shutting down and abandoning module ShaderFormatD3D (54)
[2015.11.21-03.12.51:153][384]LogModuleManager: Shutting down and abandoning module MetalShaderFormat (53)
[2015.11.21-03.12.51:153][384]LogModuleManager: Shutting down and abandoning module TextureFormatUncompressed (52)
[2015.11.21-03.12.51:153][384]LogModuleManager: Shutting down and abandoning module TextureFormatPVR (51)
[2015.11.21-03.12.51:153][384]LogModuleManager: Shutting down and abandoning module TextureFormatIntelISPCTexComp (50)
[2015.11.21-03.12.51:153][384]LogModuleManager: Shutting down and abandoning module TextureFormatDXT (49)
[2015.11.21-03.12.51:153][384]LogModuleManager: Shutting down and abandoning module ImageWrapper (48)
[2015.11.21-03.12.51:153][384]LogModuleManager: Shutting down and abandoning module TextureFormatASTC (47)
[2015.11.21-03.12.51:153][384]LogModuleManager: Shutting down and abandoning module TextureFormatAndroid (46)
[2015.11.21-03.12.51:153][384]LogModuleManager: Shutting down and abandoning module AudioFormatOpus (45)
[2015.11.21-03.12.51:153][384]LogModuleManager: Shutting down and abandoning module AudioFormatOgg (44)
[2015.11.21-03.12.51:153][384]LogModuleManager: Shutting down and abandoning module AudioFormatADPCM (43)
[2015.11.21-03.12.51:153][384]LogModuleManager: Shutting down and abandoning module LinuxTargetPlatform (42)
[2015.11.21-03.12.51:153][384]LogModuleManager: Shutting down and abandoning module LinuxServerTargetPlatform (41)
[2015.11.21-03.12.51:153][384]LogModuleManager: Shutting down and abandoning module LinuxNoEditorTargetPlatform (40)
[2015.11.21-03.12.51:153][384]LogModuleManager: Shutting down and abandoning module Messaging (39)
[2015.11.21-03.12.51:153][384]LogModuleManager: Shutting down and abandoning module IOSTargetPlatform (38)
[2015.11.21-03.12.51:153][384]LogModuleManager: Shutting down and abandoning module HTML5TargetPlatform (37)
[2015.11.21-03.12.51:153][384]LogModuleManager: Shutting down and abandoning module Android_PVRTCTargetPlatform (36)
[2015.11.21-03.12.51:153][384]LogModuleManager: Shutting down and abandoning module Android_MultiTargetPlatform (35)
[2015.11.21-03.12.51:153][384]LogModuleManager: Shutting down and abandoning module Android_ETC2TargetPlatform (34)
[2015.11.21-03.12.51:153][384]LogModuleManager: Shutting down and abandoning module Android_ETC1TargetPlatform (33)
[2015.11.21-03.12.51:153][384]LogModuleManager: Shutting down and abandoning module Android_DXTTargetPlatform (32)
[2015.11.21-03.12.51:153][384]LogModuleManager: Shutting down and abandoning module Android_ATCTargetPlatform (31)
[2015.11.21-03.12.51:153][384]LogModuleManager: Shutting down and abandoning module Android_ASTCTargetPlatform (30)
[2015.11.21-03.12.51:153][384]LogModuleManager: Shutting down and abandoning module AndroidTargetPlatform (29)
[2015.11.21-03.12.51:153][384]LogModuleManager: Shutting down and abandoning module WindowsTargetPlatform (28)
[2015.11.21-03.12.51:153][384]LogModuleManager: Shutting down and abandoning module WindowsServerTargetPlatform (27)
[2015.11.21-03.12.51:153][384]LogModuleManager: Shutting down and abandoning module WindowsNoEditorTargetPlatform (26)
[2015.11.21-03.12.51:153][384]LogModuleManager: Shutting down and abandoning module WindowsClientTargetPlatform (25)
[2015.11.21-03.12.51:153][384]LogModuleManager: Shutting down and abandoning module AllDesktopTargetPlatform (24)
[2015.11.21-03.12.51:154][384]LogModuleManager: Shutting down and abandoning module TargetPlatform (23)
[2015.11.21-03.12.51:154][384]LogModuleManager: Shutting down and abandoning module InputCore (22)
[2015.11.21-03.12.51:154][384]LogModuleManager: Shutting down and abandoning module Settings (21)
[2015.11.21-03.12.51:154][384]LogModuleManager: Shutting down and abandoning module OnlineSubsystem (19)
[2015.11.21-03.12.51:154][384]LogModuleManager: Shutting down and abandoning module HTTP (18)
[2015.11.21-03.12.52:156][384]LogModuleManager: Shutting down and abandoning module XMPP (17)
[2015.11.21-03.12.52:156][384]LogModuleManager: Shutting down and abandoning module OculusRift (16)
[2015.11.21-03.12.52:156][384]LogModuleManager: Shutting down and abandoning module ExampleDeviceProfileSelector (15)
[2015.11.21-03.12.52:156][384]LogModuleManager: Shutting down and abandoning module TextureCompressor (14)
[2015.11.21-03.12.52:156][384]LogModuleManager: Shutting down and abandoning module ShaderCore (13)
[2015.11.21-03.12.52:156][384]LogModuleManager: Shutting down and abandoning module Landscape (12)
[2015.11.21-03.12.52:156][384]LogModuleManager: Shutting down and abandoning module SlateRHIRenderer (11)
[2015.11.21-03.12.52:161][384]LogModuleManager: Shutting down and abandoning module OpenGLDrv (10)
[2015.11.21-03.12.52:161][384]LogModuleManager: Shutting down and abandoning module D3D11RHI (9)
[2015.11.21-03.12.52:161][384]LogModuleManager: Shutting down and abandoning module AnimGraphRuntime (8)
[2015.11.21-03.12.52:161][384]LogModuleManager: Shutting down and abandoning module Renderer (7)
[2015.11.21-03.12.52:161][384]LogModuleManager: Shutting down and abandoning module Engine (6)
[2015.11.21-03.12.52:161][384]LogModuleManager: Shutting down and abandoning module CoreUObject (5)
[2015.11.21-03.12.52:161][384]LogModuleManager: Shutting down and abandoning module NetworkFile (4)
[2015.11.21-03.12.52:161][384]LogModuleManager: Shutting down and abandoning module StreamingFile (3)
[2015.11.21-03.12.52:161][384]LogModuleManager: Shutting down and abandoning module SandboxFile (2)
[2015.11.21-03.12.52:161][384]LogModuleManager: Shutting down and abandoning module PakFile (1)
[2015.11.21-03.12.52:163][384]LogExit: Exiting.
[2015.11.21-03.12.52:181][384]Log file closed, 11/20/15 19:12:52
