[2015.11.21-04.31.41:877][  0]Log file open, 11/20/15 20:31:41
[2015.11.21-04.31.41:877][  0]LogInit:Display: Running engine for game: WhateverAgain
[2015.11.21-04.31.41:877][  0]LogPlatformFile: Not using cached read wrapper
[2015.11.21-04.31.41:877][  0]LogInit:Display: RandInit(1115857266) SRandInit(1115857267).
[2015.11.21-04.31.41:877][  0]LogTaskGraph: Started task graph with 4 named threads and 5 total threads.
[2015.11.21-04.31.41:877][  0]LogStats: Stats thread started at 0.763211
[2015.11.21-04.31.41:877][  0]LogInit: Version: 4.10.0-2758231+++depot+UE4-Releases+4.10
[2015.11.21-04.31.41:877][  0]LogInit: API Version: 2758231
[2015.11.21-04.31.41:877][  0]LogInit: Compiled (64-bit): Nov  7 2015 05:13:45
[2015.11.21-04.31.41:877][  0]LogInit: Compiled with Visual C++: 19.00.23026.00
[2015.11.21-04.31.41:877][  0]LogInit: Build Configuration: Development
[2015.11.21-04.31.41:877][  0]LogInit: Branch Name: ++depot+UE4-Releases+4.10
[2015.11.21-04.31.41:877][  0]LogInit: Command line:  
[2015.11.21-04.31.41:877][  0]LogInit: Base directory: C:/Program Files/Epic Games/4.10/Engine/Binaries/Win64/
[2015.11.21-04.31.41:877][  0]LogInit: Rocket: 1
[2015.11.21-04.31.41:888][  0]LogInit: Using libcurl 7.41.0
[2015.11.21-04.31.41:888][  0]LogInit:  - built for x86_64-pc-win32
[2015.11.21-04.31.41:888][  0]LogInit:  - supports SSL with WinSSL
[2015.11.21-04.31.41:888][  0]LogInit:  - other features:
[2015.11.21-04.31.41:888][  0]LogInit:      CURL_VERSION_SSL
[2015.11.21-04.31.41:888][  0]LogInit:      CURL_VERSION_IPV6
[2015.11.21-04.31.41:888][  0]LogInit:      CURL_VERSION_ASYNCHDNS
[2015.11.21-04.31.41:888][  0]LogInit:      CURL_VERSION_LARGEFILE
[2015.11.21-04.31.41:888][  0]LogInit:      CURL_VERSION_IDN
[2015.11.21-04.31.41:888][  0]LogInit:  CurlRequestOptions (configurable via config and command line):
[2015.11.21-04.31.41:888][  0]LogInit:  - bVerifyPeer = true  - Libcurl will verify peer certificate
[2015.11.21-04.31.41:888][  0]LogInit:  - bUseHttpProxy = false  - Libcurl will NOT use HTTP proxy
[2015.11.21-04.31.41:888][  0]LogInit:  - bDontReuseConnections = false  - Libcurl will reuse connections
[2015.11.21-04.31.41:888][  0]LogInit:  - CertBundlePath = nullptr  - Libcurl will use whatever was configured at build time.
[2015.11.21-04.31.41:900][  0]LogInit: Presizing for 0 objects not considered by GC, pre-allocating 0 bytes.
[2015.11.21-04.31.41:911][  0]LogInit: Object subsystem initialized
[2015.11.21-04.31.41:913][  0]LogInit: Selected Device Profile: [Windows]
[2015.11.21-04.31.41:913][  0]LogInit: Applying CVar settings loaded from the selected device profile: [Windows]
[2015.11.21-04.31.41:940][  0]LogInit: Computer: DESKTOP-AIFE2MP
[2015.11.21-04.31.41:940][  0]LogInit: User: user
[2015.11.21-04.31.41:940][  0]LogInit: CPU Page size=4096, Cores=2
[2015.11.21-04.31.41:940][  0]LogInit: High frequency timer resolution =2.338335 MHz
[2015.11.21-04.31.41:940][  0]LogMemory: Memory total: Physical=15.9GB (16GB approx)
[2015.11.21-04.31.41:940][  0]LogMemory: Platform Memory Stats for Windows
[2015.11.21-04.31.41:940][  0]LogMemory: Process Physical Memory: 57.23 MB used, 57.23 MB peak
[2015.11.21-04.31.41:940][  0]LogMemory: Process Virtual Memory: 57.63 MB used, 57.63 MB peak
[2015.11.21-04.31.41:940][  0]LogMemory: Physical Memory: 4273.05 MB used, 16299.39 MB total
[2015.11.21-04.31.41:940][  0]LogMemory: Virtual Memory: 378.87 MB used, 134217728.00 MB total
[2015.11.21-04.31.41:995][  0]LogTextLocalizationManager: No specific translations for ('en-US') exist, so ('en') translations will be used.
[2015.11.21-04.31.42:662][  0]LogD3D11RHI: Found D3D11 adapter 0: NVIDIA GeForce 940M          (Feature Level 11_0)
[2015.11.21-04.31.42:662][  0]LogD3D11RHI: Adapter has 1996MB of dedicated video memory, 0MB of dedicated system memory, and 8149MB of shared system memory, 1 output[s]
[2015.11.21-04.31.42:668][  0]LogD3D11RHI: Found D3D11 adapter 1: Intel(R) HD Graphics 5500 (Feature Level 11_0)
[2015.11.21-04.31.42:669][  0]LogD3D11RHI: Adapter has 128MB of dedicated video memory, 0MB of dedicated system memory, and 8149MB of shared system memory, 0 output[s]
[2015.11.21-04.31.42:671][  0]LogD3D11RHI: Found D3D11 adapter 2: Microsoft Basic Render Driver (Feature Level 11_0)
[2015.11.21-04.31.42:671][  0]LogD3D11RHI: Adapter has 0MB of dedicated video memory, 0MB of dedicated system memory, and 8149MB of shared system memory, 0 output[s]
[2015.11.21-04.31.42:671][  0]LogD3D11RHI: Chosen D3D11 Adapter Id = 0
[2015.11.21-04.31.42:680][  0]LogD3D11RHI: !Direct3DDevice
[2015.11.21-04.31.42:680][  0]LogRHI: Texture pool is 1361 MB (70% of 1945 MB)
[2015.11.21-04.31.42:699][  0]LogD3D11RHI: Async texture creation enabled
[2015.11.21-04.31.42:715][  0]LogShaderCompilers: Guid format shader working directory is -23 characters bigger than the processId version (../../../../../../Users/user/Documents/Unreal Projects/WhateverAgain/Intermediate/Shaders/WorkingDirectory/6380/).
[2015.11.21-04.31.42:715][  0]LogShaderCompilers: Cleaned the shader compiler working directory 'C:/Users/user/AppData/Local/Temp/UnrealShaderWorkingDir/4D8A25DD47E5953D8C2DE79FEFA68996/'.
[2015.11.21-04.31.42:715][  0]LogShaderCompilers:Display: Using Local Shader Compiler.
[2015.11.21-04.31.45:291][  0]LogTemp:Display: Loaded TP AllDesktopTargetPlatform
[2015.11.21-04.31.45:298][  0]LogTemp:Display: Loaded TP WindowsClientTargetPlatform
[2015.11.21-04.31.45:307][  0]LogTemp:Display: Loaded TP WindowsNoEditorTargetPlatform
[2015.11.21-04.31.45:315][  0]LogTemp:Display: Loaded TP WindowsServerTargetPlatform
[2015.11.21-04.31.45:322][  0]LogTemp:Display: Loaded TP WindowsTargetPlatform
[2015.11.21-04.31.45:328][  0]LogTemp:Display: Loaded TP AndroidTargetPlatform
[2015.11.21-04.31.45:334][  0]LogTemp:Display: Loaded TP Android_ASTCTargetPlatform
[2015.11.21-04.31.45:341][  0]LogTemp:Display: Loaded TP Android_ATCTargetPlatform
[2015.11.21-04.31.45:347][  0]LogTemp:Display: Loaded TP Android_DXTTargetPlatform
[2015.11.21-04.31.45:353][  0]LogTemp:Display: Loaded TP Android_ETC1TargetPlatform
[2015.11.21-04.31.45:359][  0]LogTemp:Display: Loaded TP Android_ETC2TargetPlatform
[2015.11.21-04.31.45:367][  0]LogTemp:Display: Loaded TP Android_MultiTargetPlatform
[2015.11.21-04.31.45:367][  0]LogTemp:Display: Loaded TP Android_PVRTCTargetPlatform
[2015.11.21-04.31.45:368][  0]LogTemp:Display: Loaded TP HTML5TargetPlatform
[2015.11.21-04.31.45:387][  0]LogTemp:Display: Loaded TP IOSTargetPlatform
[2015.11.21-04.31.45:391][  0]LogTemp:Display: Loaded TP LinuxNoEditorTargetPlatform
[2015.11.21-04.31.45:397][  0]LogTemp:Display: Loaded TP LinuxServerTargetPlatform
[2015.11.21-04.31.45:403][  0]LogTemp:Display: Loaded TP LinuxTargetPlatform
[2015.11.21-04.31.45:403][  0]LogTargetPlatformManager:Display: Building Assets For Windows
[2015.11.21-04.31.45:537][  0]LogDerivedDataCache:Display: Max Cache Size: 512 MB
[2015.11.21-04.31.46:084][  0]LogDerivedDataCache: Loaded boot cache 0.55s 41MB C:/Users/user/AppData/Local/UnrealEngine/4.10/DerivedDataCache/Boot.ddc.
[2015.11.21-04.31.46:084][  0]LogDerivedDataCache:Display: Loaded Boot cache: C:/Users/user/AppData/Local/UnrealEngine/4.10/DerivedDataCache/Boot.ddc
[2015.11.21-04.31.46:084][  0]LogDerivedDataCache: FDerivedDataBackendGraph:  Pak pak cache file ../../../../../../Users/user/Documents/Unreal Projects/WhateverAgain/DerivedDataCache/DDC.ddp not found, will not use a pak cache.
[2015.11.21-04.31.46:084][  0]LogDerivedDataCache: Unable to find inner node Pak for hierarchical cache Hierarchy.
[2015.11.21-04.31.46:084][  0]LogDerivedDataCache: FDerivedDataBackendGraph:  CompressedPak pak cache file ../../../../../../Users/user/Documents/Unreal Projects/WhateverAgain/DerivedDataCache/Compressed.ddp not found, will not use a pak cache.
[2015.11.21-04.31.46:084][  0]LogDerivedDataCache: Unable to find inner node CompressedPak for hierarchical cache Hierarchy.
[2015.11.21-04.31.46:223][  0]LogDerivedDataCache:Display: Pak cache opened for reading ../../../Engine/DerivedDataCache/Compressed.ddp.
[2015.11.21-04.31.46:236][  0]LogDerivedDataCache: Using Local data cache path C:/Users/user/AppData/Local/UnrealEngine/Common/DerivedDataCache: Writable
[2015.11.21-04.31.46:520][  0]LogInit: Selected Device Profile: [Windows]
[2015.11.21-04.31.46:524][  0]LogContentStreaming: Texture pool size is 0.000000MB
[2015.11.21-04.31.46:678][  0]LogMeshUtilities: No automatic mesh reduction module available
[2015.11.21-04.31.46:678][  0]LogMeshUtilities: No automatic mesh merging module available
[2015.11.21-04.31.47:111][  0]LogInit: WinSock: version 1.1 (2.2), MaxSocks=32767, MaxUdp=65467
[2015.11.21-04.31.57:565][  0]UdpMessaging: Initializing bridge on interface 0.0.0.0:0 to multicast group 230.0.0.1:6666.
[2015.11.21-04.31.57:969][  0]LogAssetRegistry: FAssetRegistry took 0.0108 seconds to start up
[2015.11.21-04.31.58:214][  0]SourceControl: Info Source control is disabled
[2015.11.21-04.31.58:215][  0]SourceControl: Info Source control is disabled
[2015.11.21-04.31.58:235][  0]SourceControl: Info Source control is disabled
[2015.11.21-04.31.58:254][  0]SourceControl: Info Source control is disabled
[2015.11.21-04.31.58:586][  0]LogObj: 28633 objects as part of root set at end of initial load.
[2015.11.21-04.31.58:586][  0]LogUObjectAllocator: 6099744 out of 0 bytes used by permanent object pool.
[2015.11.21-04.31.58:661][  0]LogEngine: Initializing Engine...
[2015.11.21-04.31.58:665][  0]LogHMD: Can't find Oculus library dev build: is proper Runtime installed? Version: 0.8.0.0
[2015.11.21-04.31.58:666][  0]LogHMD: SteamVR failed to initialize.  Err: 110
[2015.11.21-04.31.58:842][  0]LogAIModule: Creating AISystem for world NewWorld
[2015.11.21-04.31.58:848][  0]LogInit: XAudio2 using 'Speaker/HP (Realtek High Definition Audio)' : 2 channels at 48 kHz using 32 bits per sample (channel mask 0x3)
[2015.11.21-04.31.59:083][  0]LogInit: FAudioDevice initialized.
[2015.11.21-04.31.59:113][  0]LogDerivedDataCache: Saved boot cache 0.03s 41MB C:/Users/user/AppData/Local/UnrealEngine/4.10/DerivedDataCache/Boot.ddc.
[2015.11.21-04.31.59:117][  0]LogInit: Texture streaming: Enabled
[2015.11.21-04.31.59:129][  0]LogAnalytics: Creating configured Analytics provider AnalyticsET
[2015.11.21-04.31.59:129][  0]LogAnalytics: [UEEditor.Rocket.Release] APIServer = http://et2.epicgames.com/ET2/. AppVersion = 4.10.0-2758231+++depot+UE4-Releases+4.10
[2015.11.21-04.31.59:129][  0]LogAnalytics: [UEEditor.Rocket.Release] SetUserId cc11cd49456e4638e8179a9d8902c9ea|8db268487d5840bfb460c01a8b90b86b|b07610a0-74d9-49b5-86a3-531b5f67b9cf
[2015.11.21-04.31.59:129][  0]LogAnalytics: [UEEditor.Rocket.Release] AnalyticsET::StartSession
[2015.11.21-04.31.59:159][  0]LogWindowsTextInputMethodSystem:Display: IME system now deactivated.
[2015.11.21-04.31.59:159][  0]LogWindowsTextInputMethodSystem:Display: IME system now deactivated.
[2015.11.21-04.31.59:204][  0]LogInit: Transaction tracking system initialized
[2015.11.21-04.31.59:267][  0]BlueprintLog: New page: Editor Load
[2015.11.21-04.31.59:439][  0]LocalizationService: Info Localization service is disabled
[2015.11.21-04.31.59:589][  0]LogConsoleResponse:Display: 
[2015.11.21-04.32.01:258][  0]LogCook:Display: Done creating registry. It took  0.00s.
[2015.11.21-04.32.01:382][  0]LogFileCache: Scanning file cache for directory 'C:/Users/user/Documents/Unreal Projects/WhateverAgain/Content/' took 0.02s
[2015.11.21-04.32.01:382][  0]SourceControl: Info Source control is disabled
[2015.11.21-04.32.01:382][  0]Cmd: MAP LOAD FILE="../../../../../../Users/user/Documents/Unreal Projects/WhateverAgain/Content/2DSideScrollerBP/Maps/2DSideScrollerExampleMap.umap" TEMPLATE=0 SHOWPROGRESS=1 FEATURELEVEL=3
[2015.11.21-04.32.01:418][  0]LightingResults: New page: Lighting Build
[2015.11.21-04.32.01:424][  0]MapCheck: New page: Map Check
[2015.11.21-04.32.01:424][  0]LightingResults: New page: Lighting Build
[2015.11.21-04.32.01:459][  0]LogParticles: Destroying 0 GPU particle simulations for FXSystem 0x000000C417432AC0
[2015.11.21-04.32.02:073][  0]LogLinker:Warning: Can't find file '/Game/2DSideScrollerBP/BP_HUD'
[2015.11.21-04.32.02:073][  0]LogLinker:Warning: Can't find file for asset '/Game/2DSideScrollerBP/BP_HUD' while loading ../../../../../../Users/user/Documents/Unreal Projects/WhateverAgain/Content/2DSideScrollerBP/2DSideScrollerGameMode.uasset.
[2015.11.21-04.32.02:087][  0]LoadErrors:Error: Error /Game/2DSideScrollerBP/2DSideScrollerGameMode : Can't find file for asset. /Game/2DSideScrollerBP/BP_HUD
[2015.11.21-04.32.02:089][  0]LogLinker:Warning: Can't find file '/Game/2DSideScrollerBP/BP_HUD'
[2015.11.21-04.32.02:089][  0]LogLinker:Warning: Can't find file for asset '/Game/2DSideScrollerBP/BP_HUD' while loading ../../../../../../Users/user/Documents/Unreal Projects/WhateverAgain/Content/2DSideScrollerBP/2DSideScrollerGameMode.uasset.
[2015.11.21-04.32.02:089][  0]LoadErrors:Error: Error /Game/2DSideScrollerBP/2DSideScrollerGameMode : Can't find file for asset. /Game/2DSideScrollerBP/BP_HUD
[2015.11.21-04.32.02:090][  0]LogLinker:Warning: Can't find file '/Game/2DSideScrollerBP/BP_HUD'
[2015.11.21-04.32.02:090][  0]LogLinker:Warning: Can't find file for asset '/Game/2DSideScrollerBP/BP_HUD' while loading ../../../../../../Users/user/Documents/Unreal Projects/WhateverAgain/Content/2DSideScrollerBP/Maps/2DSideScrollerExampleMap.umap.
[2015.11.21-04.32.02:090][  0]LoadErrors:Error: Error /Game/2DSideScrollerBP/Maps/2DSideScrollerExampleMap : Can't find file for asset. /Game/2DSideScrollerBP/BP_HUD
[2015.11.21-04.32.02:091][  0]LogLinker:Warning: Can't find file '/Game/2DSideScrollerBP/BP_HUD'
[2015.11.21-04.32.02:091][  0]LogLinker:Warning: Can't find file for asset '/Game/2DSideScrollerBP/BP_HUD' while loading ../../../../../../Users/user/Documents/Unreal Projects/WhateverAgain/Content/2DSideScrollerBP/Maps/2DSideScrollerExampleMap.umap.
[2015.11.21-04.32.02:091][  0]LoadErrors:Error: Error /Game/2DSideScrollerBP/Maps/2DSideScrollerExampleMap : Can't find file for asset. /Game/2DSideScrollerBP/BP_HUD
[2015.11.21-04.32.02:091][  0]LogLinker:Warning: Can't find file '/Game/2DSideScrollerBP/BP_HUD'
[2015.11.21-04.32.02:091][  0]LogLinker:Warning: Can't find file for asset '/Game/2DSideScrollerBP/BP_HUD' while loading ../../../../../../Users/user/Documents/Unreal Projects/WhateverAgain/Content/2DSideScrollerBP/Maps/2DSideScrollerExampleMap.umap.
[2015.11.21-04.32.02:091][  0]LoadErrors:Error: Error /Game/2DSideScrollerBP/Maps/2DSideScrollerExampleMap : Can't find file for asset. /Game/2DSideScrollerBP/BP_HUD
[2015.11.21-04.32.03:083][  0]LogAIModule: Creating AISystem for world 2DSideScrollerExampleMap
[2015.11.21-04.32.03:088][  0]LogEditorServer: Finished looking for orphan Actors (0.000 secs)
[2015.11.21-04.32.03:088][  0]Cmd: MAP CHECKDEP NOCLEARLOG
[2015.11.21-04.32.03:156][  0]MapCheck: Info Map check complete: 0 Error(s), 0 Warning(s), took 67.668ms to complete.
[2015.11.21-04.32.03:156][  0]LogFileHelpers: Loading map '2DSideScrollerExampleMap' took 1.774
[2015.11.21-04.32.03:419][  0]LogCollectionManager: Loaded 0 collections in 0.004253 seconds
[2015.11.21-04.32.03:465][  0]LogFileCache: Scanning file cache for directory 'C:/Users/user/Documents/Unreal Projects/WhateverAgain/Saved/Collections/' took 0.01s
[2015.11.21-04.32.03:465][  0]LogFileCache: Scanning file cache for directory 'C:/Users/user/Documents/Unreal Projects/WhateverAgain/Content/Developers/user/Collections/' took 0.01s
[2015.11.21-04.32.03:465][  0]LogFileCache: Scanning file cache for directory 'C:/Users/user/Documents/Unreal Projects/WhateverAgain/Content/Collections/' took 0.01s
[2015.11.21-04.32.03:465][  0]LogCollectionManager: Rebuilt the GUID cache for 0 collections in 0.000002 seconds
[2015.11.21-04.32.03:479][  0]LogContentBrowser: Native class hierarchy populated in 0.0144 seconds. Added 1893 classes and 338 folders.
[2015.11.21-04.32.03:488][  0]LogContentBrowser: Native class hierarchy updated for 'WidgetCarousel' in 0.0006 seconds. Added 0 classes and 0 folders.
[2015.11.21-04.32.06:446][  0]LogContentBrowser: Native class hierarchy updated for 'AddContentDialog' in 0.0003 seconds. Added 0 classes and 0 folders.
[2015.11.21-04.32.06:452][  0]LogContentBrowser: Native class hierarchy updated for 'SceneOutliner' in 0.0009 seconds. Added 1 classes and 2 folders.
[2015.11.21-04.32.06:612][  0]LogCrashTracker: Crashtracker disabled due to settings.
[2015.11.21-04.32.06:673][  0]LogUObjectGlobals:Warning: Failed to find object 'Class None.'
[2015.11.21-04.32.06:697][  0]LogLoad: Full Startup: 26.45 seconds (BP compile: 0.14 seconds)
[2015.11.21-04.32.06:719][  0]LogOcInput: Can't find Oculus library dev build: is proper Runtime installed? Version: 0.8.0.0
[2015.11.21-04.32.06:769][  0]LogContentStreaming: Texture pool size now 1000 MB
[2015.11.21-04.32.06:988][  2]LogRenderer: Reallocating scene render targets to support 812x372 (Frame:2).
[2015.11.21-04.32.07:235][  3]LogAssetRegistry: Asset discovery search completed in 9.2765 seconds
[2015.11.21-04.32.07:235][  3]LogCollectionManager: Rebuilt the object cache for 0 collections in 0.000000 seconds (found 0 objects)
[2015.11.21-04.32.07:235][  3]LogCollectionManager: Fixed up redirectors for 0 collections in 0.000031 seconds (updated 0 objects)
[2015.11.21-04.32.24:063][821]LogRenderer: Reallocating scene render targets to support 1204x572 (Frame:800).
[2015.11.21-04.32.25:814][916]LogBlueprintUserMessages: Early PlayInEditor Detection: Level '/Game/2DSideScrollerBP/Maps/2DSideScrollerExampleMap.2DSideScrollerExampleMap:PersistentLevel' has LevelScriptBlueprint '/Game/2DSideScrollerBP/Maps/2DSideScrollerExampleMap.2DSideScrollerExampleMap:PersistentLevel.2DSideScrollerExampleMap' with GeneratedClass '/Game/2DSideScrollerBP/Maps/2DSideScrollerExampleMap.2DSideScrollerExampleMap_C' with ClassGeneratedBy '/Game/2DSideScrollerBP/Maps/2DSideScrollerExampleMap.2DSideScrollerExampleMap:PersistentLevel.2DSideScrollerExampleMap'
[2015.11.21-04.32.25:814][916]LogPlayLevel: PlayLevel: No blueprints needed recompiling
[2015.11.21-04.32.25:815][916]PIE: New page: PIE session: 2DSideScrollerExampleMap (Nov 20, 2015, 12:32:25 PM)
[2015.11.21-04.32.25:815][916]LogPlayLevel: Creating play world package: /Game/2DSideScrollerBP/Maps/UEDPIE_0_2DSideScrollerExampleMap
[2015.11.21-04.32.25:819][916]LogPlayLevel: PIE: StaticDuplicateObject took: (0.003758s)
[2015.11.21-04.32.25:820][916]LogAIModule: Creating AISystem for world 2DSideScrollerExampleMap
[2015.11.21-04.32.25:820][916]LogPlayLevel: PIE: World Init took: (0.001156s)
[2015.11.21-04.32.25:820][916]LogPlayLevel: PIE: Created PIE world by copying editor world from /Game/2DSideScrollerBP/Maps/2DSideScrollerExampleMap.2DSideScrollerExampleMap to /Game/2DSideScrollerBP/Maps/UEDPIE_0_2DSideScrollerExampleMap.2DSideScrollerExampleMap (0.005210s)
[2015.11.21-04.32.25:864][916]LogInit: XAudio2 using 'Speaker/HP (Realtek High Definition Audio)' : 2 channels at 48 kHz using 32 bits per sample (channel mask 0x3)
[2015.11.21-04.32.25:875][916]LogInit: FAudioDevice initialized.
[2015.11.21-04.32.25:944][916]LogWorld: Game class is '2DSideScrollerGameMode_C'
[2015.11.21-04.32.25:949][916]LogWorld: Bringing World /Game/2DSideScrollerBP/Maps/UEDPIE_0_2DSideScrollerExampleMap.2DSideScrollerExampleMap up for play (max tick rate 60) at 2015.11.20-20.32.25
[2015.11.21-04.32.25:949][916]LogActor:Warning: GameSession /Game/2DSideScrollerBP/Maps/UEDPIE_0_2DSideScrollerExampleMap.2DSideScrollerExampleMap:PersistentLevel.GameSession_0 has natively added scene component(s), but none of them were set as the actor's RootComponent - picking one arbitrarily
[2015.11.21-04.32.25:949][916]LogActor:Warning: GameNetworkManager /Game/2DSideScrollerBP/Maps/UEDPIE_0_2DSideScrollerExampleMap.2DSideScrollerExampleMap:PersistentLevel.GameNetworkManager_0 has natively added scene component(s), but none of them were set as the actor's RootComponent - picking one arbitrarily
[2015.11.21-04.32.25:949][916]LogWorld: Bringing up level for play took: 0.004558
[2015.11.21-04.32.25:962][916]LogSpawn:Warning: SpawnActor failed because no class was specified
[2015.11.21-04.32.25:982][916]PIE: Info Play in editor start time for /Game/2DSideScrollerBP/Maps/UEDPIE_0_2DSideScrollerExampleMap 0.961
[2015.11.21-04.32.25:983][916]LogBlueprintUserMessages: Late PlayInEditor Detection: Level '/Game/2DSideScrollerBP/Maps/2DSideScrollerExampleMap.2DSideScrollerExampleMap:PersistentLevel' has LevelScriptBlueprint '/Game/2DSideScrollerBP/Maps/2DSideScrollerExampleMap.2DSideScrollerExampleMap:PersistentLevel.2DSideScrollerExampleMap' with GeneratedClass '/Game/2DSideScrollerBP/Maps/2DSideScrollerExampleMap.2DSideScrollerExampleMap_C' with ClassGeneratedBy '/Game/2DSideScrollerBP/Maps/2DSideScrollerExampleMap.2DSideScrollerExampleMap:PersistentLevel.2DSideScrollerExampleMap'
[2015.11.21-04.36.05:800][122]LogBlueprintUserMessages: Early EndPlayMap Detection: Level '/Game/2DSideScrollerBP/Maps/2DSideScrollerExampleMap.2DSideScrollerExampleMap:PersistentLevel' has LevelScriptBlueprint '/Game/2DSideScrollerBP/Maps/2DSideScrollerExampleMap.2DSideScrollerExampleMap:PersistentLevel.2DSideScrollerExampleMap' with GeneratedClass '/Game/2DSideScrollerBP/Maps/2DSideScrollerExampleMap.2DSideScrollerExampleMap_C' with ClassGeneratedBy '/Game/2DSideScrollerBP/Maps/2DSideScrollerExampleMap.2DSideScrollerExampleMap:PersistentLevel.2DSideScrollerExampleMap'
[2015.11.21-04.36.05:865][122]LogBlueprintUserMessages: Late EndPlayMap Detection: Level '/Game/2DSideScrollerBP/Maps/2DSideScrollerExampleMap.2DSideScrollerExampleMap:PersistentLevel' has LevelScriptBlueprint '/Game/2DSideScrollerBP/Maps/2DSideScrollerExampleMap.2DSideScrollerExampleMap:PersistentLevel.2DSideScrollerExampleMap' with GeneratedClass '/Game/2DSideScrollerBP/Maps/2DSideScrollerExampleMap.2DSideScrollerExampleMap_C' with ClassGeneratedBy '/Game/2DSideScrollerBP/Maps/2DSideScrollerExampleMap.2DSideScrollerExampleMap:PersistentLevel.2DSideScrollerExampleMap'
[2015.11.21-04.36.05:898][122]LogParticles: Destroying 0 GPU particle simulations for FXSystem 0x000000C4266A67A0
[2015.11.21-04.36.12:488][496]LogLinker:Warning: Asset '../../../Engine/Content/ArtTools/RenderToTexture/Macros/RenderToTextureMacros.uasset' has been saved with empty engine version. The asset will be loaded but may be incompatible.
[2015.11.21-04.36.13:232][496]LogContentBrowser: Native class hierarchy updated for 'BlueprintGraph' in 0.0009 seconds. Added 107 classes and 0 folders.
[2015.11.21-04.45.30:076][340]LogD3D11RHI: Timed out while waiting for GPU to catch up. (500 ms)
[2015.11.21-04.56.34:885][445]LogDirectoryWatcher:Warning: Failed to begin reading directory changes for ../../../../../../Users/user/Documents/Unreal Projects/WhateverAgain/Plugins/. Error: 0
[2015.11.21-05.01.08:991][886]LogSourceControl:Error: P4ERROR: Invalid connection to server.
[2015.11.21-05.01.08:991][886]LogSourceControl:Error: Connect to server failed; check $P4PORT.
TCP connect to perforce:1666 failed.
No such host is known. 

[2015.11.21-05.01.59:584][584]LogBlueprintUserMessages: Early PlayInEditor Detection: Level '/Game/2DSideScrollerBP/Maps/2DSideScrollerExampleMap.2DSideScrollerExampleMap:PersistentLevel' has LevelScriptBlueprint '/Game/2DSideScrollerBP/Maps/2DSideScrollerExampleMap.2DSideScrollerExampleMap:PersistentLevel.2DSideScrollerExampleMap' with GeneratedClass '/Game/2DSideScrollerBP/Maps/2DSideScrollerExampleMap.2DSideScrollerExampleMap_C' with ClassGeneratedBy '/Game/2DSideScrollerBP/Maps/2DSideScrollerExampleMap.2DSideScrollerExampleMap:PersistentLevel.2DSideScrollerExampleMap'
[2015.11.21-05.01.59:584][584]LogPlayLevel: PlayLevel: No blueprints needed recompiling
[2015.11.21-05.01.59:585][584]PIE: New page: PIE session: 2DSideScrollerExampleMap (Nov 20, 2015, 1:01:59 PM)
[2015.11.21-05.01.59:585][584]LogPlayLevel: Creating play world package: /Game/2DSideScrollerBP/Maps/UEDPIE_0_2DSideScrollerExampleMap
[2015.11.21-05.01.59:588][584]LogPlayLevel: PIE: StaticDuplicateObject took: (0.003513s)
[2015.11.21-05.01.59:589][584]LogAIModule: Creating AISystem for world 2DSideScrollerExampleMap
[2015.11.21-05.01.59:589][584]LogPlayLevel: PIE: World Init took: (0.001141s)
[2015.11.21-05.01.59:590][584]LogPlayLevel: PIE: Created PIE world by copying editor world from /Game/2DSideScrollerBP/Maps/2DSideScrollerExampleMap.2DSideScrollerExampleMap to /Game/2DSideScrollerBP/Maps/UEDPIE_0_2DSideScrollerExampleMap.2DSideScrollerExampleMap (0.004970s)
[2015.11.21-05.01.59:651][584]LogInit: XAudio2 using 'Speaker/HP (Realtek High Definition Audio)' : 2 channels at 48 kHz using 32 bits per sample (channel mask 0x3)
[2015.11.21-05.01.59:659][584]LogInit: FAudioDevice initialized.
[2015.11.21-05.01.59:693][584]LogWorld: Game class is '2DSideScrollerGameMode_C'
[2015.11.21-05.01.59:696][584]LogWorld: Bringing World /Game/2DSideScrollerBP/Maps/UEDPIE_0_2DSideScrollerExampleMap.2DSideScrollerExampleMap up for play (max tick rate 0) at 2015.11.20-21.01.59
[2015.11.21-05.01.59:696][584]LogActor:Warning: GameSession /Game/2DSideScrollerBP/Maps/UEDPIE_0_2DSideScrollerExampleMap.2DSideScrollerExampleMap:PersistentLevel.GameSession_1 has natively added scene component(s), but none of them were set as the actor's RootComponent - picking one arbitrarily
[2015.11.21-05.01.59:697][584]LogActor:Warning: GameNetworkManager /Game/2DSideScrollerBP/Maps/UEDPIE_0_2DSideScrollerExampleMap.2DSideScrollerExampleMap:PersistentLevel.GameNetworkManager_1 has natively added scene component(s), but none of them were set as the actor's RootComponent - picking one arbitrarily
[2015.11.21-05.01.59:697][584]LogWorld: Bringing up level for play took: 0.003581
[2015.11.21-05.01.59:698][584]LogSpawn:Warning: SpawnActor failed because no class was specified
[2015.11.21-05.01.59:700][584]PIE: Info Play in editor start time for /Game/2DSideScrollerBP/Maps/UEDPIE_0_2DSideScrollerExampleMap 0.686
[2015.11.21-05.01.59:700][584]LogBlueprintUserMessages: Late PlayInEditor Detection: Level '/Game/2DSideScrollerBP/Maps/2DSideScrollerExampleMap.2DSideScrollerExampleMap:PersistentLevel' has LevelScriptBlueprint '/Game/2DSideScrollerBP/Maps/2DSideScrollerExampleMap.2DSideScrollerExampleMap:PersistentLevel.2DSideScrollerExampleMap' with GeneratedClass '/Game/2DSideScrollerBP/Maps/2DSideScrollerExampleMap.2DSideScrollerExampleMap_C' with ClassGeneratedBy '/Game/2DSideScrollerBP/Maps/2DSideScrollerExampleMap.2DSideScrollerExampleMap:PersistentLevel.2DSideScrollerExampleMap'
[2015.11.21-05.02.03:585][780]LogBlueprintUserMessages: Early EndPlayMap Detection: Level '/Game/2DSideScrollerBP/Maps/2DSideScrollerExampleMap.2DSideScrollerExampleMap:PersistentLevel' has LevelScriptBlueprint '/Game/2DSideScrollerBP/Maps/2DSideScrollerExampleMap.2DSideScrollerExampleMap:PersistentLevel.2DSideScrollerExampleMap' with GeneratedClass '/Game/2DSideScrollerBP/Maps/2DSideScrollerExampleMap.2DSideScrollerExampleMap_C' with ClassGeneratedBy '/Game/2DSideScrollerBP/Maps/2DSideScrollerExampleMap.2DSideScrollerExampleMap:PersistentLevel.2DSideScrollerExampleMap'
[2015.11.21-05.02.03:627][780]LogBlueprintUserMessages: Late EndPlayMap Detection: Level '/Game/2DSideScrollerBP/Maps/2DSideScrollerExampleMap.2DSideScrollerExampleMap:PersistentLevel' has LevelScriptBlueprint '/Game/2DSideScrollerBP/Maps/2DSideScrollerExampleMap.2DSideScrollerExampleMap:PersistentLevel.2DSideScrollerExampleMap' with GeneratedClass '/Game/2DSideScrollerBP/Maps/2DSideScrollerExampleMap.2DSideScrollerExampleMap_C' with ClassGeneratedBy '/Game/2DSideScrollerBP/Maps/2DSideScrollerExampleMap.2DSideScrollerExampleMap:PersistentLevel.2DSideScrollerExampleMap'
[2015.11.21-05.02.03:675][780]LogParticles: Destroying 0 GPU particle simulations for FXSystem 0x000000C44AD971A0
[2015.11.21-05.07.16:071][ 58]SourceControl:Error: Error Failed to enable Git source control. You need to initialize the project as a Git repository first.
[2015.11.21-05.09.05:577][302]SourceControl:Error: Error Failed to enable Git source control. You need to initialize the project as a Git repository first.
[2015.11.21-05.17.14:279][402]LogWindowsTextInputMethodSystem:Display: IME system now deactivated.
[2015.11.21-05.17.14:280][402]LogWindowsTextInputMethodSystem:Display: IME system now deactivated.
[2015.11.21-05.17.14:515][403]Cmd: QUIT_EDITOR
[2015.11.21-05.17.15:054][403]LogExit: Preparing to exit.
[2015.11.21-05.17.15:369][403]LogExit: Editor shut down
[2015.11.21-05.17.15:370][403]LogExit: Transaction tracking system shut down
[2015.11.21-05.17.15:376][403]LogParticles: Destroying 0 GPU particle simulations for FXSystem 0x000000C4083B6700
[2015.11.21-05.17.15:376][403]LogParticles: Destroying 0 GPU particle simulations for FXSystem 0x000000C4077B3880
[2015.11.21-05.17.15:377][403]LogParticles: Destroying 0 GPU particle simulations for FXSystem 0x000000C4079F5D00
[2015.11.21-05.17.15:378][403]LogParticles: Destroying 0 GPU particle simulations for FXSystem 0x000000C417407240
[2015.11.21-05.17.15:632][403]LogExit: Object subsystem successfully closed.
[2015.11.21-05.17.15:643][403]LogD3D11RHI: Shutdown
[2015.11.21-05.17.15:643][403]LogD3D11RHI: CleanupD3DDevice
[2015.11.21-05.17.15:739][403]LogD3D11RHI: ~FD3D11DynamicRHI
[2015.11.21-05.17.15:759][403]LogModuleManager: Shutting down and abandoning module BlueprintGraph (200)
[2015.11.21-05.17.15:759][403]LogModuleManager: Shutting down and abandoning module ExternalImagePicker (199)
[2015.11.21-05.17.15:759][403]LogModuleManager: Shutting down and abandoning module CrashTracker (198)
[2015.11.21-05.17.15:759][403]LogModuleManager: Shutting down and abandoning module SceneOutliner (197)
[2015.11.21-05.17.15:759][403]LogModuleManager: Shutting down and abandoning module SuperSearch (196)
[2015.11.21-05.17.15:759][403]LogModuleManager: Shutting down and abandoning module WidgetCarousel (195)
[2015.11.21-05.17.15:759][403]LogModuleManager: Shutting down and abandoning module AddContentDialog (194)
[2015.11.21-05.17.15:762][403]LogModuleManager: Shutting down and abandoning module EditorWidgets (193)
[2015.11.21-05.17.15:762][403]LogModuleManager: Shutting down and abandoning module CollectionManager (192)
[2015.11.21-05.17.15:762][403]LogModuleManager: Shutting down and abandoning module StatsViewer (191)
[2015.11.21-05.17.15:762][403]LogModuleManager: Shutting down and abandoning module FoliageEdit (190)
[2015.11.21-05.17.15:762][403]LogModuleManager: Shutting down and abandoning module LandscapeEditor (189)
[2015.11.21-05.17.15:762][403]LogModuleManager: Shutting down and abandoning module ActorPickerMode (188)
[2015.11.21-05.17.15:762][403]LogModuleManager: Shutting down and abandoning module GeometryMode (187)
[2015.11.21-05.17.15:762][403]LogModuleManager: Shutting down and abandoning module TextureAlignMode (186)
[2015.11.21-05.17.15:762][403]LogModuleManager: Shutting down and abandoning module BspMode (185)
[2015.11.21-05.17.15:762][403]LogModuleManager: Shutting down and abandoning module PlacementMode (184)
[2015.11.21-05.17.15:762][403]LogModuleManager: Shutting down and abandoning module AutomationWorker (183)
[2015.11.21-05.17.15:762][403]LogModuleManager: Shutting down and abandoning module CharacterAI (182)
[2015.11.21-05.17.15:762][403]LogModuleManager: Shutting down and abandoning module SmartSnapping (181)
[2015.11.21-05.17.15:762][403]LogModuleManager: Shutting down and abandoning module ViewportSnapping (180)
[2015.11.21-05.17.15:762][403]LogModuleManager: Shutting down and abandoning module LogVisualizer (179)
[2015.11.21-05.17.15:763][403]LogModuleManager: Shutting down and abandoning module GameProjectGeneration (178)
[2015.11.21-05.17.15:763][403]LogModuleManager: Shutting down and abandoning module IntroTutorials (177)
[2015.11.21-05.17.15:763][403]LogModuleManager: Shutting down and abandoning module EditorLiveStreaming (176)
[2015.11.21-05.17.15:763][403]LogModuleManager: Shutting down and abandoning module IOSPlatformEditor (175)
[2015.11.21-05.17.15:763][403]LogModuleManager: Shutting down and abandoning module HTML5PlatformEditor (174)
[2015.11.21-05.17.15:763][403]LogModuleManager: Shutting down and abandoning module AndroidDeviceDetection (173)
[2015.11.21-05.17.16:574][403]LogModuleManager: Shutting down and abandoning module AndroidPlatformEditor (172)
[2015.11.21-05.17.16:574][403]LogModuleManager: Shutting down and abandoning module IOSRuntimeSettings (171)
[2015.11.21-05.17.16:574][403]LogModuleManager: Shutting down and abandoning module AndroidRuntimeSettings (170)
[2015.11.21-05.17.16:574][403]LogModuleManager: Shutting down and abandoning module MergeActors (169)
[2015.11.21-05.17.16:574][403]LogModuleManager: Shutting down and abandoning module SizeMap (168)
[2015.11.21-05.17.16:574][403]LogModuleManager: Shutting down and abandoning module TreeMap (167)
[2015.11.21-05.17.16:574][403]LogModuleManager: Shutting down and abandoning module ReferenceViewer (166)
[2015.11.21-05.17.16:574][403]LogModuleManager: Shutting down and abandoning module LocalizationService (165)
[2015.11.21-05.17.16:574][403]LogModuleManager: Shutting down and abandoning module LocalizationDashboard (164)
[2015.11.21-05.17.16:574][403]LogModuleManager: Shutting down and abandoning module HardwareTargeting (163)
[2015.11.21-05.17.16:574][403]LogModuleManager: Shutting down and abandoning module DeviceProfileEditor (162)
[2015.11.21-05.17.16:574][403]LogModuleManager: Shutting down and abandoning module UndoHistory (161)
[2015.11.21-05.17.16:574][403]LogModuleManager: Shutting down and abandoning module GameplayTagsEditor (160)
[2015.11.21-05.17.16:574][403]LogModuleManager: Shutting down and abandoning module UserFeedback (159)
[2015.11.21-05.17.16:574][403]LogModuleManager: Shutting down and abandoning module XmlParser (158)
[2015.11.21-05.17.16:574][403]LogModuleManager: Shutting down and abandoning module Blutility (157)
[2015.11.21-05.17.16:574][403]LogModuleManager: Shutting down and abandoning module ProjectTargetPlatformEditor (156)
[2015.11.21-05.17.16:574][403]LogModuleManager: Shutting down and abandoning module ProjectSettingsViewer (155)
[2015.11.21-05.17.16:575][403]LogModuleManager: Shutting down and abandoning module InputBindingEditor (154)
[2015.11.21-05.17.16:575][403]LogModuleManager: Shutting down and abandoning module EditorSettingsViewer (153)
[2015.11.21-05.17.16:575][403]LogModuleManager: Shutting down and abandoning module SettingsEditor (152)
[2015.11.21-05.17.16:575][403]LogModuleManager: Shutting down and abandoning module ProjectLauncher (151)
[2015.11.21-05.17.16:575][403]LogModuleManager: Shutting down and abandoning module SessionFrontend (150)
[2015.11.21-05.17.16:575][403]LogModuleManager: Shutting down and abandoning module ProfilerClient (149)
[2015.11.21-05.17.16:575][403]LogModuleManager: Shutting down and abandoning module TargetDeviceServices (148)
[2015.11.21-05.17.16:575][403]LogModuleManager: Shutting down and abandoning module DeviceManager (147)
[2015.11.21-05.17.16:576][403]LogModuleManager: Shutting down and abandoning module AutomationController (146)
[2015.11.21-05.17.16:576][403]LogModuleManager: Shutting down and abandoning module AutomationWindow (145)
[2015.11.21-05.17.16:576][403]LogModuleManager: Shutting down and abandoning module Layers (144)
[2015.11.21-05.17.16:576][403]LogModuleManager: Shutting down and abandoning module ComponentVisualizers (143)
[2015.11.21-05.17.16:576][403]LogModuleManager: Shutting down and abandoning module DetailCustomizations (142)
[2015.11.21-05.17.16:576][403]LogModuleManager: Shutting down and abandoning module PackagesDialog (141)
[2015.11.21-05.17.16:576][403]LogModuleManager: Shutting down and abandoning module Persona (140)
[2015.11.21-05.17.16:576][403]LogModuleManager: Shutting down and abandoning module Kismet (139)
[2015.11.21-05.17.16:576][403]LogModuleManager: Shutting down and abandoning module GraphEditor (138)
[2015.11.21-05.17.16:576][403]LogModuleManager: Shutting down and abandoning module ClassViewer (137)
[2015.11.21-05.17.16:576][403]LogModuleManager: Shutting down and abandoning module Toolbox (136)
[2015.11.21-05.17.16:576][403]LogModuleManager: Shutting down and abandoning module ModuleUI (135)
[2015.11.21-05.17.16:576][403]LogModuleManager: Shutting down and abandoning module MovieSceneTools (134)
[2015.11.21-05.17.16:576][403]LogModuleManager: Shutting down and abandoning module OutputLog (133)
[2015.11.21-05.17.16:576][403]LogModuleManager: Shutting down and abandoning module GammaUI (132)
[2015.11.21-05.17.16:576][403]LogModuleManager: Shutting down and abandoning module Documentation (131)
[2015.11.21-05.17.16:576][403]LogModuleManager: Shutting down and abandoning module GameLiveStreaming (130)
[2015.11.21-05.17.16:577][403]LogModuleManager: Shutting down and abandoning module StreamingPauseRendering (129)
[2015.11.21-05.17.16:577][403]LogModuleManager: Shutting down and abandoning module AnalyticsET (128)
[2015.11.21-05.17.16:577][403]LogModuleManager: Shutting down and abandoning module Analytics (127)
[2015.11.21-05.17.16:577][403]LogModuleManager: Shutting down and abandoning module AITestSuite (126)
[2015.11.21-05.17.16:577][403]LogModuleManager: Shutting down and abandoning module GameplayDebugger (125)
[2015.11.21-05.17.16:577][403]LogModuleManager: Shutting down and abandoning module AIModule (124)
[2015.11.21-05.17.16:577][403]LogModuleManager: Shutting down and abandoning module ProfilerService (123)
[2015.11.21-05.17.16:782][403]LogModuleManager: Shutting down and abandoning module TaskGraph (122)
[2015.11.21-05.17.16:782][403]LogModuleManager: Shutting down and abandoning module SlateRemote (121)
[2015.11.21-05.17.16:782][403]LogModuleManager: Shutting down and abandoning module SteamVRController (120)
[2015.11.21-05.17.16:782][403]LogModuleManager: Shutting down and abandoning module SteamVR (119)
[2015.11.21-05.17.16:782][403]LogModuleManager: Shutting down and abandoning module ProceduralMeshComponent (118)
[2015.11.21-05.17.16:782][403]LogModuleManager: Shutting down and abandoning module OculusLibrary (117)
[2015.11.21-05.17.16:782][403]LogModuleManager: Shutting down and abandoning module OculusInput (116)
[2015.11.21-05.17.16:782][403]LogModuleManager: Shutting down and abandoning module LeapMotionController (115)
[2015.11.21-05.17.16:818][403]LogModuleManager: Shutting down and abandoning module CustomMeshComponent (114)
[2015.11.21-05.17.16:818][403]LogModuleManager: Shutting down and abandoning module CableComponent (113)
[2015.11.21-05.17.16:818][403]LogModuleManager: Shutting down and abandoning module ArchVisCharacter (112)
[2015.11.21-05.17.16:818][403]LogModuleManager: Shutting down and abandoning module MessagingDebugger (111)
[2015.11.21-05.17.16:818][403]LogModuleManager: Shutting down and abandoning module MediaPlayerEditor (110)
[2015.11.21-05.17.16:818][403]LogModuleManager: Shutting down and abandoning module HTML5Networking (109)
[2015.11.21-05.17.16:818][403]LogModuleManager: Shutting down and abandoning module SpeedTreeImporter (108)
[2015.11.21-05.17.16:818][403]LogModuleManager: Shutting down and abandoning module PluginBrowser (107)
[2015.11.21-05.17.16:818][403]LogModuleManager: Shutting down and abandoning module EpicSurvey (106)
[2015.11.21-05.17.16:818][403]LogModuleManager: Shutting down and abandoning module DesktopPlatform (105)
[2015.11.21-05.17.16:818][403]LogModuleManager: Shutting down and abandoning module VisualStudioSourceCodeAccess (104)
[2015.11.21-05.17.16:818][403]LogModuleManager: Shutting down and abandoning module UObjectPlugin (103)
[2015.11.21-05.17.16:819][403]LogModuleManager: Shutting down and abandoning module SubversionSourceControl (102)
[2015.11.21-05.17.16:819][403]LogModuleManager: Shutting down and abandoning module PerforceSourceControl (101)
[2015.11.21-05.17.16:819][403]LogModuleManager: Shutting down and abandoning module SourceControl (100)
[2015.11.21-05.17.16:819][403]LogModuleManager: Shutting down and abandoning module GitSourceControl (99)
[2015.11.21-05.17.16:819][403]LogModuleManager: Shutting down and abandoning module LightPropagationVolumeEditor (98)
[2015.11.21-05.17.16:819][403]LogModuleManager: Shutting down and abandoning module PaperTiledImporter (97)
[2015.11.21-05.17.16:819][403]LogModuleManager: Shutting down and abandoning module PaperSpriteSheetImporter (96)
[2015.11.21-05.17.16:819][403]LogModuleManager: Shutting down and abandoning module MeshPaint (95)
[2015.11.21-05.17.16:819][403]LogModuleManager: Shutting down and abandoning module SlateReflector (94)
[2015.11.21-05.17.16:819][403]LogModuleManager: Shutting down and abandoning module HotReload (93)
[2015.11.21-05.17.16:819][403]LogModuleManager: Shutting down and abandoning module MainFrame (92)
[2015.11.21-05.17.16:819][403]LogModuleManager: Shutting down and abandoning module LevelEditor (91)
[2015.11.21-05.17.16:820][403]LogModuleManager: Shutting down and abandoning module DirectoryWatcher (90)
[2015.11.21-05.17.16:823][403]LogModuleManager: Shutting down and abandoning module AssetRegistry (89)
[2015.11.21-05.17.16:907][403]LogModuleManager: Shutting down and abandoning module ContentBrowser (88)
[2015.11.21-05.17.16:908][403]LogModuleManager: Shutting down and abandoning module Paper2DEditor (87)
[2015.11.21-05.17.16:908][403]LogModuleManager: Shutting down and abandoning module UdpMessaging (86)
[2015.11.21-05.17.17:009][403]LogModuleManager: Shutting down and abandoning module LightPropagationVolumeRuntime (85)
[2015.11.21-05.17.17:009][403]LogModuleManager: Shutting down and abandoning module Paper2D (84)
[2015.11.21-05.17.17:009][403]LogModuleManager: Shutting down and abandoning module WindowsMoviePlayer (83)
[2015.11.21-05.17.17:013][403]LogModuleManager: Shutting down and abandoning module Media (82)
[2015.11.21-05.17.17:013][403]LogModuleManager: Shutting down and abandoning module WmfMedia (81)
[2015.11.21-05.17.17:013][403]LogModuleManager: Shutting down and abandoning module OnlineBlueprintSupport (80)
[2015.11.21-05.17.17:013][403]LogModuleManager: Shutting down and abandoning module GameplayTasksEditor (79)
[2015.11.21-05.17.17:013][403]LogModuleManager: Shutting down and abandoning module PropertyEditor (78)
[2015.11.21-05.17.17:013][403]LogModuleManager: Shutting down and abandoning module BehaviorTreeEditor (77)
[2015.11.21-05.17.17:013][403]LogModuleManager: Shutting down and abandoning module FunctionalTesting (76)
[2015.11.21-05.17.17:013][403]LogModuleManager: Shutting down and abandoning module CollisionAnalyzer (75)
[2015.11.21-05.17.17:013][403]LogModuleManager: Shutting down and abandoning module WorkspaceMenuStructure (74)
[2015.11.21-05.17.17:013][403]LogModuleManager: Shutting down and abandoning module MessageLog (73)
[2015.11.21-05.17.17:013][403]LogModuleManager: Shutting down and abandoning module Sequencer (72)
[2015.11.21-05.17.17:013][403]LogModuleManager: Shutting down and abandoning module AssetTools (71)
[2015.11.21-05.17.17:013][403]LogModuleManager: Shutting down and abandoning module UMGEditor (70)
[2015.11.21-05.17.17:013][403]LogModuleManager: Shutting down and abandoning module UMG (69)
[2015.11.21-05.17.17:013][403]LogModuleManager: Shutting down and abandoning module Slate (68)
[2015.11.21-05.17.17:013][403]LogModuleManager: Shutting down and abandoning module EditorStyle (67)
[2015.11.21-05.17.17:017][403]LogModuleManager: Shutting down and abandoning module SessionServices (66)
[2015.11.21-05.17.17:017][403]LogModuleManager: Shutting down and abandoning module SourceCodeAccess (65)
[2015.11.21-05.17.17:017][403]LogModuleManager: Shutting down and abandoning module HeadMountedDisplay (64)
[2015.11.21-05.17.17:017][403]LogModuleManager: Shutting down and abandoning module XAudio2 (63)
[2015.11.21-05.17.17:017][403]LogModuleManager: Shutting down and abandoning module Networking (61)
[2015.11.21-05.17.17:017][403]LogModuleManager: Shutting down and abandoning module Core (60)
[2015.11.21-05.17.17:017][403]LogModuleManager: Shutting down and abandoning module KismetCompiler (59)
[2015.11.21-05.17.17:017][403]LogModuleManager: Shutting down and abandoning module PhysXFormats (58)
[2015.11.21-05.17.17:017][403]LogModuleManager: Shutting down and abandoning module MeshUtilities (57)
[2015.11.21-05.17.17:018][403]LogModuleManager: Shutting down and abandoning module DerivedDataCache (56)
[2015.11.21-05.17.17:067][403]LogDerivedDataCache: Shutdown
[2015.11.21-05.17.17:067][403]LogModuleManager: Shutting down and abandoning module ShaderFormatOpenGL (55)
[2015.11.21-05.17.17:067][403]LogModuleManager: Shutting down and abandoning module ShaderFormatD3D (54)
[2015.11.21-05.17.17:067][403]LogModuleManager: Shutting down and abandoning module MetalShaderFormat (53)
[2015.11.21-05.17.17:067][403]LogModuleManager: Shutting down and abandoning module TextureFormatUncompressed (52)
[2015.11.21-05.17.17:067][403]LogModuleManager: Shutting down and abandoning module TextureFormatPVR (51)
[2015.11.21-05.17.17:067][403]LogModuleManager: Shutting down and abandoning module TextureFormatIntelISPCTexComp (50)
[2015.11.21-05.17.17:067][403]LogModuleManager: Shutting down and abandoning module TextureFormatDXT (49)
[2015.11.21-05.17.17:067][403]LogModuleManager: Shutting down and abandoning module ImageWrapper (48)
[2015.11.21-05.17.17:067][403]LogModuleManager: Shutting down and abandoning module TextureFormatASTC (47)
[2015.11.21-05.17.17:067][403]LogModuleManager: Shutting down and abandoning module TextureFormatAndroid (46)
[2015.11.21-05.17.17:067][403]LogModuleManager: Shutting down and abandoning module AudioFormatOpus (45)
[2015.11.21-05.17.17:067][403]LogModuleManager: Shutting down and abandoning module AudioFormatOgg (44)
[2015.11.21-05.17.17:067][403]LogModuleManager: Shutting down and abandoning module AudioFormatADPCM (43)
[2015.11.21-05.17.17:067][403]LogModuleManager: Shutting down and abandoning module LinuxTargetPlatform (42)
[2015.11.21-05.17.17:067][403]LogModuleManager: Shutting down and abandoning module LinuxServerTargetPlatform (41)
[2015.11.21-05.17.17:067][403]LogModuleManager: Shutting down and abandoning module LinuxNoEditorTargetPlatform (40)
[2015.11.21-05.17.17:067][403]LogModuleManager: Shutting down and abandoning module Messaging (39)
[2015.11.21-05.17.17:067][403]LogModuleManager: Shutting down and abandoning module IOSTargetPlatform (38)
[2015.11.21-05.17.17:067][403]LogModuleManager: Shutting down and abandoning module HTML5TargetPlatform (37)
[2015.11.21-05.17.17:067][403]LogModuleManager: Shutting down and abandoning module Android_PVRTCTargetPlatform (36)
[2015.11.21-05.17.17:067][403]LogModuleManager: Shutting down and abandoning module Android_MultiTargetPlatform (35)
[2015.11.21-05.17.17:067][403]LogModuleManager: Shutting down and abandoning module Android_ETC2TargetPlatform (34)
[2015.11.21-05.17.17:067][403]LogModuleManager: Shutting down and abandoning module Android_ETC1TargetPlatform (33)
[2015.11.21-05.17.17:068][403]LogModuleManager: Shutting down and abandoning module Android_DXTTargetPlatform (32)
[2015.11.21-05.17.17:068][403]LogModuleManager: Shutting down and abandoning module Android_ATCTargetPlatform (31)
[2015.11.21-05.17.17:068][403]LogModuleManager: Shutting down and abandoning module Android_ASTCTargetPlatform (30)
[2015.11.21-05.17.17:068][403]LogModuleManager: Shutting down and abandoning module AndroidTargetPlatform (29)
[2015.11.21-05.17.17:068][403]LogModuleManager: Shutting down and abandoning module WindowsTargetPlatform (28)
[2015.11.21-05.17.17:068][403]LogModuleManager: Shutting down and abandoning module WindowsServerTargetPlatform (27)
[2015.11.21-05.17.17:068][403]LogModuleManager: Shutting down and abandoning module WindowsNoEditorTargetPlatform (26)
[2015.11.21-05.17.17:068][403]LogModuleManager: Shutting down and abandoning module WindowsClientTargetPlatform (25)
[2015.11.21-05.17.17:068][403]LogModuleManager: Shutting down and abandoning module AllDesktopTargetPlatform (24)
[2015.11.21-05.17.17:068][403]LogModuleManager: Shutting down and abandoning module TargetPlatform (23)
[2015.11.21-05.17.17:068][403]LogModuleManager: Shutting down and abandoning module InputCore (22)
[2015.11.21-05.17.17:068][403]LogModuleManager: Shutting down and abandoning module Settings (21)
[2015.11.21-05.17.17:068][403]LogModuleManager: Shutting down and abandoning module OnlineSubsystem (19)
[2015.11.21-05.17.17:068][403]LogModuleManager: Shutting down and abandoning module HTTP (18)
[2015.11.21-05.17.19:071][403]LogModuleManager: Shutting down and abandoning module XMPP (17)
[2015.11.21-05.17.19:071][403]LogModuleManager: Shutting down and abandoning module OculusRift (16)
[2015.11.21-05.17.19:071][403]LogModuleManager: Shutting down and abandoning module ExampleDeviceProfileSelector (15)
[2015.11.21-05.17.19:071][403]LogModuleManager: Shutting down and abandoning module TextureCompressor (14)
[2015.11.21-05.17.19:072][403]LogModuleManager: Shutting down and abandoning module ShaderCore (13)
[2015.11.21-05.17.19:072][403]LogModuleManager: Shutting down and abandoning module Landscape (12)
[2015.11.21-05.17.19:072][403]LogModuleManager: Shutting down and abandoning module SlateRHIRenderer (11)
[2015.11.21-05.17.19:080][403]LogModuleManager: Shutting down and abandoning module OpenGLDrv (10)
[2015.11.21-05.17.19:080][403]LogModuleManager: Shutting down and abandoning module D3D11RHI (9)
[2015.11.21-05.17.19:080][403]LogModuleManager: Shutting down and abandoning module AnimGraphRuntime (8)
[2015.11.21-05.17.19:080][403]LogModuleManager: Shutting down and abandoning module Renderer (7)
[2015.11.21-05.17.19:080][403]LogModuleManager: Shutting down and abandoning module Engine (6)
[2015.11.21-05.17.19:080][403]LogModuleManager: Shutting down and abandoning module CoreUObject (5)
[2015.11.21-05.17.19:080][403]LogModuleManager: Shutting down and abandoning module NetworkFile (4)
[2015.11.21-05.17.19:081][403]LogModuleManager: Shutting down and abandoning module StreamingFile (3)
[2015.11.21-05.17.19:081][403]LogModuleManager: Shutting down and abandoning module SandboxFile (2)
[2015.11.21-05.17.19:081][403]LogModuleManager: Shutting down and abandoning module PakFile (1)
[2015.11.21-05.17.19:083][403]LogExit: Exiting.
[2015.11.21-05.17.19:122][403]Log file closed, 11/20/15 21:17:19
