[2015.11.21-05.25.31:121][  0]Log file open, 11/20/15 21:25:31
[2015.11.21-05.25.31:121][  0]LogInit:Display: Running engine for game: WhateverAgain
[2015.11.21-05.25.31:121][  0]LogPlatformFile: Not using cached read wrapper
[2015.11.21-05.25.31:121][  0]LogInit:Display: RandInit(77874013) SRandInit(77874014).
[2015.11.21-05.25.31:121][  0]LogTaskGraph: Started task graph with 4 named threads and 5 total threads.
[2015.11.21-05.25.31:121][  0]LogStats: Stats thread started at 0.072354
[2015.11.21-05.25.31:121][  0]LogInit: Version: 4.10.0-2758231+++depot+UE4-Releases+4.10
[2015.11.21-05.25.31:121][  0]LogInit: API Version: 2758231
[2015.11.21-05.25.31:121][  0]LogInit: Compiled (64-bit): Nov  7 2015 05:13:45
[2015.11.21-05.25.31:121][  0]LogInit: Compiled with Visual C++: 19.00.23026.00
[2015.11.21-05.25.31:121][  0]LogInit: Build Configuration: Development
[2015.11.21-05.25.31:121][  0]LogInit: Branch Name: ++depot+UE4-Releases+4.10
[2015.11.21-05.25.31:121][  0]LogInit: Command line: 
[2015.11.21-05.25.31:121][  0]LogInit: Base directory: C:/Program Files/Epic Games/4.10/Engine/Binaries/Win64/
[2015.11.21-05.25.31:121][  0]LogInit: Rocket: 1
[2015.11.21-05.25.31:129][  0]LogInit: Using libcurl 7.41.0
[2015.11.21-05.25.31:129][  0]LogInit:  - built for x86_64-pc-win32
[2015.11.21-05.25.31:129][  0]LogInit:  - supports SSL with WinSSL
[2015.11.21-05.25.31:129][  0]LogInit:  - other features:
[2015.11.21-05.25.31:129][  0]LogInit:      CURL_VERSION_SSL
[2015.11.21-05.25.31:129][  0]LogInit:      CURL_VERSION_IPV6
[2015.11.21-05.25.31:129][  0]LogInit:      CURL_VERSION_ASYNCHDNS
[2015.11.21-05.25.31:129][  0]LogInit:      CURL_VERSION_LARGEFILE
[2015.11.21-05.25.31:129][  0]LogInit:      CURL_VERSION_IDN
[2015.11.21-05.25.31:129][  0]LogInit:  CurlRequestOptions (configurable via config and command line):
[2015.11.21-05.25.31:129][  0]LogInit:  - bVerifyPeer = true  - Libcurl will verify peer certificate
[2015.11.21-05.25.31:129][  0]LogInit:  - bUseHttpProxy = false  - Libcurl will NOT use HTTP proxy
[2015.11.21-05.25.31:129][  0]LogInit:  - bDontReuseConnections = false  - Libcurl will reuse connections
[2015.11.21-05.25.31:129][  0]LogInit:  - CertBundlePath = nullptr  - Libcurl will use whatever was configured at build time.
[2015.11.21-05.25.31:138][  0]LogInit: Presizing for 0 objects not considered by GC, pre-allocating 0 bytes.
[2015.11.21-05.25.31:144][  0]LogInit: Object subsystem initialized
[2015.11.21-05.25.31:145][  0]LogInit: Selected Device Profile: [Windows]
[2015.11.21-05.25.31:145][  0]LogInit: Applying CVar settings loaded from the selected device profile: [Windows]
[2015.11.21-05.25.31:156][  0]LogInit: Computer: DESKTOP-AIFE2MP
[2015.11.21-05.25.31:156][  0]LogInit: User: user
[2015.11.21-05.25.31:156][  0]LogInit: CPU Page size=4096, Cores=2
[2015.11.21-05.25.31:156][  0]LogInit: High frequency timer resolution =2.338335 MHz
[2015.11.21-05.25.31:156][  0]LogMemory: Memory total: Physical=15.9GB (16GB approx)
[2015.11.21-05.25.31:156][  0]LogMemory: Platform Memory Stats for Windows
[2015.11.21-05.25.31:156][  0]LogMemory: Process Physical Memory: 55.65 MB used, 55.65 MB peak
[2015.11.21-05.25.31:156][  0]LogMemory: Process Virtual Memory: 57.54 MB used, 57.54 MB peak
[2015.11.21-05.25.31:156][  0]LogMemory: Physical Memory: 5150.03 MB used, 16299.39 MB total
[2015.11.21-05.25.31:156][  0]LogMemory: Virtual Memory: 378.40 MB used, 134217728.00 MB total
[2015.11.21-05.25.31:202][  0]LogTextLocalizationManager: No specific translations for ('en-US') exist, so ('en') translations will be used.
[2015.11.21-05.25.31:854][  0]LogD3D11RHI: Found D3D11 adapter 0: NVIDIA GeForce 940M          (Feature Level 11_0)
[2015.11.21-05.25.31:854][  0]LogD3D11RHI: Adapter has 1996MB of dedicated video memory, 0MB of dedicated system memory, and 8149MB of shared system memory, 1 output[s]
[2015.11.21-05.25.31:861][  0]LogD3D11RHI: Found D3D11 adapter 1: Intel(R) HD Graphics 5500 (Feature Level 11_0)
[2015.11.21-05.25.31:861][  0]LogD3D11RHI: Adapter has 128MB of dedicated video memory, 0MB of dedicated system memory, and 8149MB of shared system memory, 0 output[s]
[2015.11.21-05.25.31:864][  0]LogD3D11RHI: Found D3D11 adapter 2: Microsoft Basic Render Driver (Feature Level 11_0)
[2015.11.21-05.25.31:864][  0]LogD3D11RHI: Adapter has 0MB of dedicated video memory, 0MB of dedicated system memory, and 8149MB of shared system memory, 0 output[s]
[2015.11.21-05.25.31:864][  0]LogD3D11RHI: Chosen D3D11 Adapter Id = 0
[2015.11.21-05.25.31:872][  0]LogD3D11RHI: !Direct3DDevice
[2015.11.21-05.25.31:872][  0]LogRHI: Texture pool is 1361 MB (70% of 1945 MB)
[2015.11.21-05.25.31:890][  0]LogD3D11RHI: Async texture creation enabled
[2015.11.21-05.25.31:904][  0]LogShaderCompilers: Guid format shader working directory is -18 characters bigger than the processId version (../../../../../../Users/user/Documents/GitHub/Tet/WhateverAgain/Intermediate/Shaders/WorkingDirectory/1136/).
[2015.11.21-05.25.31:904][  0]LogShaderCompilers: Cleaned the shader compiler working directory 'C:/Users/user/AppData/Local/Temp/UnrealShaderWorkingDir/96F3B1944D74C49D7F85DF9CE3BE6EB9/'.
[2015.11.21-05.25.31:904][  0]LogShaderCompilers:Display: Using Local Shader Compiler.
[2015.11.21-05.25.34:101][  0]LogTemp:Display: Loaded TP AllDesktopTargetPlatform
[2015.11.21-05.25.34:108][  0]LogTemp:Display: Loaded TP WindowsClientTargetPlatform
[2015.11.21-05.25.34:116][  0]LogTemp:Display: Loaded TP WindowsNoEditorTargetPlatform
[2015.11.21-05.25.34:123][  0]LogTemp:Display: Loaded TP WindowsServerTargetPlatform
[2015.11.21-05.25.34:129][  0]LogTemp:Display: Loaded TP WindowsTargetPlatform
[2015.11.21-05.25.34:134][  0]LogTemp:Display: Loaded TP AndroidTargetPlatform
[2015.11.21-05.25.34:138][  0]LogTemp:Display: Loaded TP Android_ASTCTargetPlatform
[2015.11.21-05.25.34:142][  0]LogTemp:Display: Loaded TP Android_ATCTargetPlatform
[2015.11.21-05.25.34:148][  0]LogTemp:Display: Loaded TP Android_DXTTargetPlatform
[2015.11.21-05.25.34:152][  0]LogTemp:Display: Loaded TP Android_ETC1TargetPlatform
[2015.11.21-05.25.34:157][  0]LogTemp:Display: Loaded TP Android_ETC2TargetPlatform
[2015.11.21-05.25.34:168][  0]LogTemp:Display: Loaded TP Android_MultiTargetPlatform
[2015.11.21-05.25.34:168][  0]LogTemp:Display: Loaded TP Android_PVRTCTargetPlatform
[2015.11.21-05.25.34:170][  0]LogTemp:Display: Loaded TP HTML5TargetPlatform
[2015.11.21-05.25.34:189][  0]LogTemp:Display: Loaded TP IOSTargetPlatform
[2015.11.21-05.25.34:195][  0]LogTemp:Display: Loaded TP LinuxNoEditorTargetPlatform
[2015.11.21-05.25.34:199][  0]LogTemp:Display: Loaded TP LinuxServerTargetPlatform
[2015.11.21-05.25.34:203][  0]LogTemp:Display: Loaded TP LinuxTargetPlatform
[2015.11.21-05.25.34:203][  0]LogTargetPlatformManager:Display: Building Assets For Windows
[2015.11.21-05.25.34:329][  0]LogDerivedDataCache:Display: Max Cache Size: 512 MB
[2015.11.21-05.25.34:390][  0]LogDerivedDataCache: Loaded boot cache 0.06s 41MB C:/Users/user/AppData/Local/UnrealEngine/4.10/DerivedDataCache/Boot.ddc.
[2015.11.21-05.25.34:390][  0]LogDerivedDataCache:Display: Loaded Boot cache: C:/Users/user/AppData/Local/UnrealEngine/4.10/DerivedDataCache/Boot.ddc
[2015.11.21-05.25.34:391][  0]LogDerivedDataCache: FDerivedDataBackendGraph:  Pak pak cache file ../../../../../../Users/user/Documents/GitHub/Tet/WhateverAgain/DerivedDataCache/DDC.ddp not found, will not use a pak cache.
[2015.11.21-05.25.34:391][  0]LogDerivedDataCache: Unable to find inner node Pak for hierarchical cache Hierarchy.
[2015.11.21-05.25.34:391][  0]LogDerivedDataCache: FDerivedDataBackendGraph:  CompressedPak pak cache file ../../../../../../Users/user/Documents/GitHub/Tet/WhateverAgain/DerivedDataCache/Compressed.ddp not found, will not use a pak cache.
[2015.11.21-05.25.34:391][  0]LogDerivedDataCache: Unable to find inner node CompressedPak for hierarchical cache Hierarchy.
[2015.11.21-05.25.34:490][  0]LogDerivedDataCache:Display: Pak cache opened for reading ../../../Engine/DerivedDataCache/Compressed.ddp.
[2015.11.21-05.25.34:502][  0]LogDerivedDataCache: Using Local data cache path C:/Users/user/AppData/Local/UnrealEngine/Common/DerivedDataCache: Writable
[2015.11.21-05.25.34:745][  0]LogInit: Selected Device Profile: [Windows]
[2015.11.21-05.25.34:750][  0]LogContentStreaming: Texture pool size is 0.000000MB
[2015.11.21-05.25.34:907][  0]LogMeshUtilities: No automatic mesh reduction module available
[2015.11.21-05.25.34:907][  0]LogMeshUtilities: No automatic mesh merging module available
[2015.11.21-05.25.35:223][  0]LogInit: WinSock: version 1.1 (2.2), MaxSocks=32767, MaxUdp=65467
[2015.11.21-05.25.36:192][  0]UdpMessaging: Initializing bridge on interface 0.0.0.0:0 to multicast group 230.0.0.1:6666.
[2015.11.21-05.25.36:309][  0]LogAssetRegistry: FAssetRegistry took 0.0116 seconds to start up
[2015.11.21-05.25.36:577][  0]SourceControl: Info Source control is disabled
[2015.11.21-05.25.37:143][  0]LogObj: 28633 objects as part of root set at end of initial load.
[2015.11.21-05.25.37:143][  0]LogUObjectAllocator: 6099752 out of 0 bytes used by permanent object pool.
[2015.11.21-05.25.37:229][  0]LogEngine: Initializing Engine...
[2015.11.21-05.25.37:233][  0]LogHMD: Can't find Oculus library dev build: is proper Runtime installed? Version: 0.8.0.0
[2015.11.21-05.25.37:234][  0]LogHMD: SteamVR failed to initialize.  Err: 110
[2015.11.21-05.25.37:410][  0]LogAIModule: Creating AISystem for world NewWorld
[2015.11.21-05.25.37:417][  0]LogInit: XAudio2 using 'Speaker/HP (Realtek High Definition Audio)' : 2 channels at 48 kHz using 32 bits per sample (channel mask 0x3)
[2015.11.21-05.25.37:493][  0]LogInit: FAudioDevice initialized.
[2015.11.21-05.25.37:521][  0]LogDerivedDataCache: Saved boot cache 0.03s 41MB C:/Users/user/AppData/Local/UnrealEngine/4.10/DerivedDataCache/Boot.ddc.
[2015.11.21-05.25.37:525][  0]LogInit: Texture streaming: Enabled
[2015.11.21-05.25.37:535][  0]LogAnalytics: Creating configured Analytics provider AnalyticsET
[2015.11.21-05.25.37:535][  0]LogAnalytics: [UEEditor.Rocket.Release] APIServer = http://et2.epicgames.com/ET2/. AppVersion = 4.10.0-2758231+++depot+UE4-Releases+4.10
[2015.11.21-05.25.37:535][  0]LogAnalytics: [UEEditor.Rocket.Release] SetUserId cc11cd49456e4638e8179a9d8902c9ea|8db268487d5840bfb460c01a8b90b86b|b07610a0-74d9-49b5-86a3-531b5f67b9cf
[2015.11.21-05.25.37:535][  0]LogAnalytics: [UEEditor.Rocket.Release] AnalyticsET::StartSession
[2015.11.21-05.25.37:560][  0]LogWindowsTextInputMethodSystem:Display: IME system now deactivated.
[2015.11.21-05.25.37:560][  0]LogWindowsTextInputMethodSystem:Display: IME system now deactivated.
[2015.11.21-05.25.37:590][  0]LogInit: Transaction tracking system initialized
[2015.11.21-05.25.37:654][  0]BlueprintLog: New page: Editor Load
[2015.11.21-05.25.37:830][  0]LocalizationService: Info Localization service is disabled
[2015.11.21-05.25.37:962][  0]LogConsoleResponse:Display: 
[2015.11.21-05.25.38:160][  0]LogFileCache: Scanning file cache for directory 'C:/Users/user/Documents/GitHub/Tet/WhateverAgain/Content/' took 0.02s
[2015.11.21-05.25.38:163][  0]LogCook:Display: Done creating registry. It took  0.00s.
[2015.11.21-05.25.38:340][  0]Cmd: MAP LOAD FILE="../../../../../../Users/user/Documents/GitHub/Tet/WhateverAgain/Content/2DSideScrollerBP/Maps/2DSideScrollerExampleMap.umap" TEMPLATE=0 SHOWPROGRESS=1 FEATURELEVEL=3
[2015.11.21-05.25.38:340][  0]LightingResults: New page: Lighting Build
[2015.11.21-05.25.38:345][  0]MapCheck: New page: Map Check
[2015.11.21-05.25.38:345][  0]LightingResults: New page: Lighting Build
[2015.11.21-05.25.38:379][  0]LogParticles: Destroying 0 GPU particle simulations for FXSystem 0x000000BA9A9AEAC0
[2015.11.21-05.25.38:454][  0]LogLinker:Warning: Can't find file '/Game/2DSideScrollerBP/BP_HUD'
[2015.11.21-05.25.38:455][  0]LogLinker:Warning: Can't find file for asset '/Game/2DSideScrollerBP/BP_HUD' while loading ../../../../../../Users/user/Documents/GitHub/Tet/WhateverAgain/Content/2DSideScrollerBP/2DSideScrollerGameMode.uasset.
[2015.11.21-05.25.38:455][  0]LoadErrors:Error: Error /Game/2DSideScrollerBP/2DSideScrollerGameMode : Can't find file for asset. /Game/2DSideScrollerBP/BP_HUD
[2015.11.21-05.25.38:456][  0]LogLinker:Warning: Can't find file '/Game/2DSideScrollerBP/BP_HUD'
[2015.11.21-05.25.38:456][  0]LogLinker:Warning: Can't find file for asset '/Game/2DSideScrollerBP/BP_HUD' while loading ../../../../../../Users/user/Documents/GitHub/Tet/WhateverAgain/Content/2DSideScrollerBP/2DSideScrollerGameMode.uasset.
[2015.11.21-05.25.38:456][  0]LoadErrors:Error: Error /Game/2DSideScrollerBP/2DSideScrollerGameMode : Can't find file for asset. /Game/2DSideScrollerBP/BP_HUD
[2015.11.21-05.25.38:457][  0]LogLinker:Warning: Can't find file '/Game/2DSideScrollerBP/BP_HUD'
[2015.11.21-05.25.38:457][  0]LogLinker:Warning: Can't find file for asset '/Game/2DSideScrollerBP/BP_HUD' while loading ../../../../../../Users/user/Documents/GitHub/Tet/WhateverAgain/Content/2DSideScrollerBP/Maps/2DSideScrollerExampleMap.umap.
[2015.11.21-05.25.38:457][  0]LoadErrors:Error: Error /Game/2DSideScrollerBP/Maps/2DSideScrollerExampleMap : Can't find file for asset. /Game/2DSideScrollerBP/BP_HUD
[2015.11.21-05.25.38:458][  0]LogLinker:Warning: Can't find file '/Game/2DSideScrollerBP/BP_HUD'
[2015.11.21-05.25.38:458][  0]LogLinker:Warning: Can't find file for asset '/Game/2DSideScrollerBP/BP_HUD' while loading ../../../../../../Users/user/Documents/GitHub/Tet/WhateverAgain/Content/2DSideScrollerBP/Maps/2DSideScrollerExampleMap.umap.
[2015.11.21-05.25.38:458][  0]LoadErrors:Error: Error /Game/2DSideScrollerBP/Maps/2DSideScrollerExampleMap : Can't find file for asset. /Game/2DSideScrollerBP/BP_HUD
[2015.11.21-05.25.38:458][  0]LogLinker:Warning: Can't find file '/Game/2DSideScrollerBP/BP_HUD'
[2015.11.21-05.25.38:458][  0]LogLinker:Warning: Can't find file for asset '/Game/2DSideScrollerBP/BP_HUD' while loading ../../../../../../Users/user/Documents/GitHub/Tet/WhateverAgain/Content/2DSideScrollerBP/Maps/2DSideScrollerExampleMap.umap.
[2015.11.21-05.25.38:458][  0]LoadErrors:Error: Error /Game/2DSideScrollerBP/Maps/2DSideScrollerExampleMap : Can't find file for asset. /Game/2DSideScrollerBP/BP_HUD
[2015.11.21-05.25.38:532][  0]LogAIModule: Creating AISystem for world 2DSideScrollerExampleMap
[2015.11.21-05.25.38:536][  0]LogEditorServer: Finished looking for orphan Actors (0.000 secs)
[2015.11.21-05.25.38:537][  0]Cmd: MAP CHECKDEP NOCLEARLOG
[2015.11.21-05.25.38:596][  0]MapCheck: Info Map check complete: 0 Error(s), 0 Warning(s), took 58.848ms to complete.
[2015.11.21-05.25.38:596][  0]LogFileHelpers: Loading map '2DSideScrollerExampleMap' took 0.257
[2015.11.21-05.25.38:734][  0]LogCollectionManager: Loaded 0 collections in 0.004162 seconds
[2015.11.21-05.25.38:791][  0]LogFileCache: Scanning file cache for directory 'C:/Users/user/Documents/GitHub/Tet/WhateverAgain/Saved/Collections/' took 0.01s
[2015.11.21-05.25.38:791][  0]LogFileCache: Scanning file cache for directory 'C:/Users/user/Documents/GitHub/Tet/WhateverAgain/Content/Developers/user/Collections/' took 0.01s
[2015.11.21-05.25.38:791][  0]LogFileCache: Scanning file cache for directory 'C:/Users/user/Documents/GitHub/Tet/WhateverAgain/Content/Collections/' took 0.02s
[2015.11.21-05.25.38:791][  0]LogCollectionManager: Rebuilt the GUID cache for 0 collections in 0.000003 seconds
[2015.11.21-05.25.38:811][  0]LogContentBrowser: Native class hierarchy populated in 0.0191 seconds. Added 1893 classes and 338 folders.
[2015.11.21-05.25.38:847][  0]LogContentBrowser: Native class hierarchy updated for 'WidgetCarousel' in 0.0006 seconds. Added 0 classes and 0 folders.
[2015.11.21-05.25.38:933][  0]LogContentBrowser: Native class hierarchy updated for 'AddContentDialog' in 0.0006 seconds. Added 0 classes and 0 folders.
[2015.11.21-05.25.38:941][  0]LogContentBrowser: Native class hierarchy updated for 'SceneOutliner' in 0.0006 seconds. Added 1 classes and 2 folders.
[2015.11.21-05.25.39:018][  0]LogCrashTracker: Crashtracker disabled due to settings.
[2015.11.21-05.25.39:024][  0]LogUObjectGlobals:Warning: Failed to find object 'Class None.'
[2015.11.21-05.25.39:049][  0]LogLoad: Full Startup: 8.49 seconds (BP compile: 0.04 seconds)
[2015.11.21-05.25.39:075][  0]LogOcInput: Can't find Oculus library dev build: is proper Runtime installed? Version: 0.8.0.0
[2015.11.21-05.25.39:137][  0]SourceControl: Info On branch master
[2015.11.21-05.25.39:137][  0]SourceControl: Info Changes not staged for commit:
[2015.11.21-05.25.39:137][  0]SourceControl: Info   (use "git add <file>..." to update what will be committed)
[2015.11.21-05.25.39:137][  0]SourceControl: Info   (use "git checkout -- <file>..." to discard changes in working directory)
[2015.11.21-05.25.39:138][  0]SourceControl: Info 	modified:   WhateverAgain/Intermediate/Config/CoalescedSourceConfigs/Engine.ini
[2015.11.21-05.25.39:138][  0]SourceControl: Info 	modified:   WhateverAgain/Intermediate/Config/CoalescedSourceConfigs/Game.ini
[2015.11.21-05.25.39:138][  0]SourceControl: Info 	modified:   WhateverAgain/Saved/Config/Windows/Editor.ini
[2015.11.21-05.25.39:138][  0]SourceControl: Info 	modified:   WhateverAgain/Saved/Config/Windows/Engine.ini
[2015.11.21-05.25.39:138][  0]SourceControl: Info 	modified:   WhateverAgain/Saved/Logs/WhateverAgain.log
[2015.11.21-05.25.39:138][  0]SourceControl: Info Untracked files:
[2015.11.21-05.25.39:138][  0]SourceControl: Info   (use "git add <file>..." to include in what will be committed)
[2015.11.21-05.25.39:138][  0]SourceControl: Info 	WhateverAgain/Saved/Logs/WhateverAgain-backup-2015.11.20-21.25.31.log
[2015.11.21-05.25.39:138][  0]SourceControl: Info no changes added to commit (use "git add" and/or "git commit -a")
[2015.11.21-05.25.39:138][  0]LogContentStreaming: Texture pool size now 1000 MB
[2015.11.21-05.25.39:400][  0]LogRenderer: Reallocating scene render targets to support 1204x572 (Frame:2).
[2015.11.21-05.25.40:241][  3]LogAssetRegistry: Asset discovery search completed in 3.9434 seconds
[2015.11.21-05.25.40:241][  3]LogCollectionManager: Rebuilt the object cache for 0 collections in 0.000001 seconds (found 0 objects)
[2015.11.21-05.25.40:241][  3]LogCollectionManager: Fixed up redirectors for 0 collections in 0.000030 seconds (updated 0 objects)
[2015.11.21-05.27.02:957][729]SourceControl: Info On branch master
[2015.11.21-05.27.02:957][729]SourceControl: Info Changes not staged for commit:
[2015.11.21-05.27.02:957][729]SourceControl: Info   (use "git add <file>..." to update what will be committed)
[2015.11.21-05.27.02:957][729]SourceControl: Info   (use "git checkout -- <file>..." to discard changes in working directory)
[2015.11.21-05.27.02:957][729]SourceControl: Info 	modified:   WhateverAgain/Intermediate/Config/CoalescedSourceConfigs/Engine.ini
[2015.11.21-05.27.02:957][729]SourceControl: Info 	modified:   WhateverAgain/Intermediate/Config/CoalescedSourceConfigs/Game.ini
[2015.11.21-05.27.02:957][729]SourceControl: Info 	modified:   WhateverAgain/Saved/Config/Windows/Editor.ini
[2015.11.21-05.27.02:957][729]SourceControl: Info 	modified:   WhateverAgain/Saved/Config/Windows/EditorPerProjectUserSettings.ini
[2015.11.21-05.27.02:957][729]SourceControl: Info 	modified:   WhateverAgain/Saved/Config/Windows/Engine.ini
[2015.11.21-05.27.02:957][729]SourceControl: Info 	modified:   WhateverAgain/Saved/Logs/WhateverAgain.log
[2015.11.21-05.27.02:957][729]SourceControl: Info Untracked files:
[2015.11.21-05.27.02:958][729]SourceControl: Info   (use "git add <file>..." to include in what will be committed)
[2015.11.21-05.27.02:958][729]SourceControl: Info 	WhateverAgain/Saved/Logs/WhateverAgain-backup-2015.11.20-21.25.31.log
[2015.11.21-05.27.02:958][729]SourceControl: Info no changes added to commit (use "git add" and/or "git commit -a")
[2015.11.21-05.27.33:530][470]SourceControl: Info fatal: C:/Program Files/Epic Games/4.10/Engine/Content/ArtTools/RenderToTexture/Blueprints/PhysMesh.uasset: 'C:/Program Files/Epic Games/4.10/Engine/Content/ArtTools/RenderToTexture/Blueprints/PhysMesh.uasset' is outside repository
[2015.11.21-05.27.33:530][470]SourceControl: Info fatal: C:/Program Files/Epic Games/4.10/Engine/Content/ArtTools/RenderToTexture/Enums/EFloatTypes.uasset: 'C:/Program Files/Epic Games/4.10/Engine/Content/ArtTools/RenderToTexture/Enums/EFloatTypes.uasset' is outside repository
[2015.11.21-05.27.33:531][470]SourceControl: Info fatal: C:/Program Files/Epic Games/4.10/Engine/Content/ArtTools/RenderToTexture/Macros/RenderToTextureMacros.uasset: 'C:/Program Files/Epic Games/4.10/Engine/Content/ArtTools/RenderToTexture/Macros/RenderToTextureMacros.uasset' is outside repository
[2015.11.21-05.27.33:531][470]SourceControl: Info fatal: C:/Program Files/Epic Games/4.10/Engine/Content/ArtTools/RenderToTexture/MaterialFunctions/BoundingSphereBased_0-1_UVW.uasset: 'C:/Program Files/Epic Games/4.10/Engine/Content/ArtTools/RenderToTexture/MaterialFunctions/BoundingSphereBased_0-1_UVW.uasset' is outside repository
[2015.11.21-05.27.33:531][470]SourceControl: Info fatal: C:/Program Files/Epic Games/4.10/Engine/Content/ArtTools/RenderToTexture/Materials/MPC_R2T.uasset: 'C:/Program Files/Epic Games/4.10/Engine/Content/ArtTools/RenderToTexture/Materials/MPC_R2T.uasset' is outside repository
[2015.11.21-05.27.33:531][470]SourceControl: Info fatal: C:/Program Files/Epic Games/4.10/Engine/Content/ArtTools/RenderToTexture/Materials/Debug/M_2sidedLit.uasset: 'C:/Program Files/Epic Games/4.10/Engine/Content/ArtTools/RenderToTexture/Materials/Debug/M_2sidedLit.uasset' is outside repository
[2015.11.21-05.27.33:531][470]SourceControl: Info fatal: C:/Program Files/Epic Games/4.10/Engine/Content/ArtTools/RenderToTexture/Materials/Flipbooks/M_FlipBookCounter_01.uasset: 'C:/Program Files/Epic Games/4.10/Engine/Content/ArtTools/RenderToTexture/Materials/Flipbooks/M_FlipBookCounter_01.uasset' is outside repository
[2015.11.21-05.27.33:531][470]SourceControl: Info fatal: C:/Program Files/Epic Games/4.10/Engine/Content/ArtTools/RenderToTexture/Materials/Imposters/M_ImposterTest_01.uasset: 'C:/Program Files/Epic Games/4.10/Engine/Content/ArtTools/RenderToTexture/Materials/Imposters/M_ImposterTest_01.uasset' is outside repository
[2015.11.21-05.27.33:531][470]SourceControl: Info fatal: C:/Program Files/Epic Games/4.10/Engine/Content/ArtTools/RenderToTexture/Meshes/ShadowTestMesh.uasset: 'C:/Program Files/Epic Games/4.10/Engine/Content/ArtTools/RenderToTexture/Meshes/ShadowTestMesh.uasset' is outside repository
[2015.11.21-05.27.33:531][470]SourceControl: Info fatal: C:/Program Files/Epic Games/4.10/Engine/Content/ArtTools/RenderToTexture/Textures/127grey.uasset: 'C:/Program Files/Epic Games/4.10/Engine/Content/ArtTools/RenderToTexture/Textures/127grey.uasset' is outside repository
[2015.11.21-05.27.33:531][470]SourceControl: Info fatal: C:/Program Files/Epic Games/4.10/Engine/Content/ArtTools/RenderToTexture/Textures/FlipbookMotionVectors/Position1.uasset: 'C:/Program Files/Epic Games/4.10/Engine/Content/ArtTools/RenderToTexture/Textures/FlipbookMotionVectors/Position1.uasset' is outside repository
[2015.11.21-05.27.33:531][470]SourceControl: Info fatal: C:/Program Files/Epic Games/4.10/Engine/Content/BasicShapes/BasicShapeMaterial.uasset: 'C:/Program Files/Epic Games/4.10/Engine/Content/BasicShapes/BasicShapeMaterial.uasset' is outside repository
[2015.11.21-05.27.33:531][470]SourceControl: Info fatal: C:/Program Files/Epic Games/4.10/Engine/Content/BufferVisualization/AmbientOcclusion.uasset: 'C:/Program Files/Epic Games/4.10/Engine/Content/BufferVisualization/AmbientOcclusion.uasset' is outside repository
[2015.11.21-05.27.33:531][470]SourceControl: Info fatal: C:/Program Files/Epic Games/4.10/Engine/Content/Editor/Slate/Icons/AssetIcons/Cone_16x.uasset: 'C:/Program Files/Epic Games/4.10/Engine/Content/Editor/Slate/Icons/AssetIcons/Cone_16x.uasset' is outside repository
[2015.11.21-05.27.33:531][470]SourceControl: Info fatal: C:/Program Files/Epic Games/4.10/Engine/Content/EditorBlueprintResources/ActorMacros.uasset: 'C:/Program Files/Epic Games/4.10/Engine/Content/EditorBlueprintResources/ActorMacros.uasset' is outside repository
[2015.11.21-05.27.33:531][470]SourceControl: Info fatal: C:/Program Files/Epic Games/4.10/Engine/Content/EditorKismetResources/StandardMacros.uasset: 'C:/Program Files/Epic Games/4.10/Engine/Content/EditorKismetResources/StandardMacros.uasset' is outside repository
[2015.11.21-05.27.33:531][470]SourceControl: Info fatal: C:/Program Files/Epic Games/4.10/Engine/Content/EditorLandscapeResources/AlphaBrushMaterial.uasset: 'C:/Program Files/Epic Games/4.10/Engine/Content/EditorLandscapeResources/AlphaBrushMaterial.uasset' is outside repository
[2015.11.21-05.27.33:531][470]SourceControl: Info fatal: C:/Program Files/Epic Games/4.10/Engine/Content/EditorMaterials/Anchor.uasset: 'C:/Program Files/Epic Games/4.10/Engine/Content/EditorMaterials/Anchor.uasset' is outside repository
[2015.11.21-05.27.33:531][470]SourceControl: Info fatal: C:/Program Files/Epic Games/4.10/Engine/Content/EditorMaterials/TreeArrow_ExpandedRealtimePreview.uasset: 'C:/Program Files/Epic Games/4.10/Engine/Content/EditorMaterials/TreeArrow_ExpandedRealtimePreview.uasset' is outside repository
[2015.11.21-05.27.33:531][470]SourceControl: Info fatal: C:/Program Files/Epic Games/4.10/Engine/Content/EditorMaterials/Cascade/CASC_BackgroundCube_MAT.uasset: 'C:/Program Files/Epic Games/4.10/Engine/Content/EditorMaterials/Cascade/CASC_BackgroundCube_MAT.uasset' is outside repository
[2015.11.21-05.27.33:531][470]SourceControl: Info fatal: C:/Program Files/Epic Games/4.10/Engine/Content/EditorMaterials/Matinee/MAT_EnableTrack_Mat.uasset: 'C:/Program Files/Epic Games/4.10/Engine/Content/EditorMaterials/Matinee/MAT_EnableTrack_Mat.uasset' is outside repository
[2015.11.21-05.27.33:531][470]SourceControl: Info fatal: C:/Program Files/Epic Games/4.10/Engine/Content/EditorMaterials/MatineeGroups/MAT_ColorTrack.uasset: 'C:/Program Files/Epic Games/4.10/Engine/Content/EditorMaterials/MatineeGroups/MAT_ColorTrack.uasset' is outside repository
[2015.11.21-05.27.33:531][470]SourceControl: Info fatal: C:/Program Files/Epic Games/4.10/Engine/Content/EditorMaterials/ParticleSystems/PSysThumbnail_NoImage.uasset: 'C:/Program Files/Epic Games/4.10/Engine/Content/EditorMaterials/ParticleSystems/PSysThumbnail_NoImage.uasset' is outside repository
[2015.11.21-05.27.33:531][470]SourceControl: Info fatal: C:/Program Files/Epic Games/4.10/Engine/Content/EditorMaterials/Thumbnails/FloorPlaneMaterial.uasset: 'C:/Program Files/Epic Games/4.10/Engine/Content/EditorMaterials/Thumbnails/FloorPlaneMaterial.uasset' is outside repository
[2015.11.21-05.27.33:531][470]SourceControl: Info fatal: C:/Program Files/Epic Games/4.10/Engine/Content/EditorMaterials/Utilities/ImageReflectionPreview.uasset: 'C:/Program Files/Epic Games/4.10/Engine/Content/EditorMaterials/Utilities/ImageReflectionPreview.uasset' is outside repository
[2015.11.21-05.27.33:531][470]SourceControl: Info fatal: C:/Program Files/Epic Games/4.10/Engine/Content/EditorMeshes/AnimTreeEd_PreviewFloor.uasset: 'C:/Program Files/Epic Games/4.10/Engine/Content/EditorMeshes/AnimTreeEd_PreviewFloor.uasset' is outside repository
[2015.11.21-05.27.33:531][470]SourceControl: Info fatal: C:/Program Files/Epic Games/4.10/Engine/Content/EditorMeshes/Cascade/BackgroundCube.uasset: 'C:/Program Files/Epic Games/4.10/Engine/Content/EditorMeshes/Cascade/BackgroundCube.uasset' is outside repository
[2015.11.21-05.27.33:531][470]SourceControl: Info fatal: C:/Program Files/Epic Games/4.10/Engine/Content/EditorMeshes/ColorCalibrator/M_ChromeBall.uasset: 'C:/Program Files/Epic Games/4.10/Engine/Content/EditorMeshes/ColorCalibrator/M_ChromeBall.uasset' is outside repository
[2015.11.21-05.27.33:531][470]SourceControl: Info fatal: C:/Program Files/Epic Games/4.10/Engine/Content/EditorMeshes/SkeletalMesh/DefaultSkeletalMesh.uasset: 'C:/Program Files/Epic Games/4.10/Engine/Content/EditorMeshes/SkeletalMesh/DefaultSkeletalMesh.uasset' is outside repository
[2015.11.21-05.27.33:531][470]SourceControl: Info fatal: C:/Program Files/Epic Games/4.10/Engine/Content/EditorResources/Ai_Spawnpoint.uasset: 'C:/Program Files/Epic Games/4.10/Engine/Content/EditorResources/Ai_Spawnpoint.uasset' is outside repository
[2015.11.21-05.27.33:531][470]SourceControl: Info fatal: C:/Program Files/Epic Games/4.10/Engine/Content/EditorResources/S_Trigger.uasset: 'C:/Program Files/Epic Games/4.10/Engine/Content/EditorResources/S_Trigger.uasset' is outside repository
[2015.11.21-05.27.33:531][470]SourceControl: Info fatal: C:/Program Files/Epic Games/4.10/Engine/Content/EditorResources/AI/S_NavLink.uasset: 'C:/Program Files/Epic Games/4.10/Engine/Content/EditorResources/AI/S_NavLink.uasset' is outside repository
[2015.11.21-05.27.33:531][470]SourceControl: Info fatal: C:/Program Files/Epic Games/4.10/Engine/Content/EditorResources/AudioIcons/S_Ambient_Sound_Moveable.uasset: 'C:/Program Files/Epic Games/4.10/Engine/Content/EditorResources/AudioIcons/S_Ambient_Sound_Moveable.uasset' is outside repository
[2015.11.21-05.27.33:531][470]SourceControl: Info fatal: C:/Program Files/Epic Games/4.10/Engine/Content/EditorResources/Crowd/T_Crowd_Spline.uasset: 'C:/Program Files/Epic Games/4.10/Engine/Content/EditorResources/Crowd/T_Crowd_Spline.uasset' is outside repository
[2015.11.21-05.27.33:532][470]SourceControl: Info fatal: C:/Program Files/Epic Games/4.10/Engine/Content/EditorResources/LightIcons/Light_Point_Stationary_Statics.uasset: 'C:/Program Files/Epic Games/4.10/Engine/Content/EditorResources/LightIcons/Light_Point_Stationary_Statics.uasset' is outside repository
[2015.11.21-05.27.33:532][470]SourceControl: Info fatal: C:/Program Files/Epic Games/4.10/Engine/Content/EditorResources/Spline/T_Loft_Spline.uasset: 'C:/Program Files/Epic Games/4.10/Engine/Content/EditorResources/Spline/T_Loft_Spline.uasset' is outside repository
[2015.11.21-05.27.33:532][470]SourceControl: Info fatal: C:/Program Files/Epic Games/4.10/Engine/Content/EditorShapes/Materials/MI_ShapeInstance.uasset: 'C:/Program Files/Epic Games/4.10/Engine/Content/EditorShapes/Materials/MI_ShapeInstance.uasset' is outside repository
[2015.11.21-05.27.33:532][470]SourceControl: Info fatal: C:/Program Files/Epic Games/4.10/Engine/Content/EditorShapes/Textures/T_ShapeDiffuse.uasset: 'C:/Program Files/Epic Games/4.10/Engine/Content/EditorShapes/Textures/T_ShapeDiffuse.uasset' is outside repository
[2015.11.21-05.27.33:532][470]SourceControl: Info fatal: C:/Program Files/Epic Games/4.10/Engine/Content/EditorShellMaterials/MI_BaseFlat.uasset: 'C:/Program Files/Epic Games/4.10/Engine/Content/EditorShellMaterials/MI_BaseFlat.uasset' is outside repository
[2015.11.21-05.27.33:532][470]SourceControl: Info fatal: C:/Program Files/Epic Games/4.10/Engine/Content/EditorShellMaterials/ManualUVs/MI_BaseGrid_MUV.uasset: 'C:/Program Files/Epic Games/4.10/Engine/Content/EditorShellMaterials/ManualUVs/MI_BaseGrid_MUV.uasset' is outside repository
[2015.11.21-05.27.33:532][470]SourceControl: Info fatal: C:/Program Files/Epic Games/4.10/Engine/Content/EditorShellMaterials/SketchUp/MI_BaseGrid_WUV_SketchUp.uasset: 'C:/Program Files/Epic Games/4.10/Engine/Content/EditorShellMaterials/SketchUp/MI_BaseGrid_WUV_SketchUp.uasset' is outside repository
[2015.11.21-05.27.33:532][470]SourceControl: Info fatal: C:/Program Files/Epic Games/4.10/Engine/Content/EditorShellMaterials/WorldUVs/MI_BaseGrid_WUV.uasset: 'C:/Program Files/Epic Games/4.10/Engine/Content/EditorShellMaterials/WorldUVs/MI_BaseGrid_WUV.uasset' is outside repository
[2015.11.21-05.27.33:532][470]SourceControl: Info fatal: C:/Program Files/Epic Games/4.10/Engine/Content/EditorSounds/GamePreview/EjectFromPlayer.uasset: 'C:/Program Files/Epic Games/4.10/Engine/Content/EditorSounds/GamePreview/EjectFromPlayer.uasset' is outside repository
[2015.11.21-05.27.33:532][470]SourceControl: Info fatal: C:/Program Files/Epic Games/4.10/Engine/Content/EditorSounds/Notifications/CompileFailed.uasset: 'C:/Program Files/Epic Games/4.10/Engine/Content/EditorSounds/Notifications/CompileFailed.uasset' is outside repository
[2015.11.21-05.27.33:532][470]SourceControl: Info fatal: C:/Program Files/Epic Games/4.10/Engine/Content/EngineAnimNotifies/AnimNotify_PlayParticleEffect.uasset: 'C:/Program Files/Epic Games/4.10/Engine/Content/EngineAnimNotifies/AnimNotify_PlayParticleEffect.uasset' is outside repository
[2015.11.21-05.27.33:532][470]SourceControl: Info fatal: C:/Program Files/Epic Games/4.10/Engine/Content/EngineDamageTypes/DmgTypeBP_Environmental.uasset: 'C:/Program Files/Epic Games/4.10/Engine/Content/EngineDamageTypes/DmgTypeBP_Environmental.uasset' is outside repository
[2015.11.21-05.27.33:532][470]SourceControl: Info fatal: C:/Program Files/Epic Games/4.10/Engine/Content/EngineDebugMaterials/BlackUnlitMaterial.uasset: 'C:/Program Files/Epic Games/4.10/Engine/Content/EngineDebugMaterials/BlackUnlitMaterial.uasset' is outside repository
[2015.11.21-05.27.33:532][470]SourceControl: Info fatal: C:/Program Files/Epic Games/4.10/Engine/Content/EngineDebugMaterials/LightingModels/M_TextureDefinedSpecularReflecti.uasset: 'C:/Program Files/Epic Games/4.10/Engine/Content/EngineDebugMaterials/LightingModels/M_TextureDefinedSpecularReflecti.uasset' is outside repository
[2015.11.21-05.27.33:532][470]SourceControl: Info fatal: C:/Program Files/Epic Games/4.10/Engine/Content/EngineFonts/Roboto.uasset: 'C:/Program Files/Epic Games/4.10/Engine/Content/EngineFonts/Roboto.uasset' is outside repository
[2015.11.21-05.27.33:532][470]SourceControl: Info fatal: C:/Program Files/Epic Games/4.10/Engine/Content/EngineLightProfiles/180Degree_IES.uasset: 'C:/Program Files/Epic Games/4.10/Engine/Content/EngineLightProfiles/180Degree_IES.uasset' is outside repository
[2015.11.21-05.27.33:532][470]SourceControl: Info fatal: C:/Program Files/Epic Games/4.10/Engine/Content/EngineMaterials/AntiAliasedTextMaterialTranslucent.uasset: 'C:/Program Files/Epic Games/4.10/Engine/Content/EngineMaterials/AntiAliasedTextMaterialTranslucent.uasset' is outside repository
[2015.11.21-05.27.33:532][470]SourceControl: Info fatal: C:/Program Files/Epic Games/4.10/Engine/Content/EngineMaterials/RandomMirrorDisc.uasset: 'C:/Program Files/Epic Games/4.10/Engine/Content/EngineMaterials/RandomMirrorDisc.uasset' is outside repository
[2015.11.21-05.27.33:532][470]SourceControl: Info fatal: C:/Program Files/Epic Games/4.10/Engine/Content/EngineMeshes/BackgroundCube.uasset: 'C:/Program Files/Epic Games/4.10/Engine/Content/EngineMeshes/BackgroundCube.uasset' is outside repository
[2015.11.21-05.27.33:532][470]SourceControl: Info fatal: C:/Program Files/Epic Games/4.10/Engine/Content/EngineProduction/ReferenceNormalMap.uasset: 'C:/Program Files/Epic Games/4.10/Engine/Content/EngineProduction/ReferenceNormalMap.uasset' is outside repository
[2015.11.21-05.27.33:532][470]SourceControl: Info fatal: C:/Program Files/Epic Games/4.10/Engine/Content/EngineResources/AICON-Green.uasset: 'C:/Program Files/Epic Games/4.10/Engine/Content/EngineResources/AICON-Green.uasset' is outside repository
[2015.11.21-05.27.33:532][470]SourceControl: Info fatal: C:/Program Files/Epic Games/4.10/Engine/Content/EngineResources/Cursors/Arrow.uasset: 'C:/Program Files/Epic Games/4.10/Engine/Content/EngineResources/Cursors/Arrow.uasset' is outside repository
[2015.11.21-05.27.33:532][470]SourceControl: Info fatal: C:/Program Files/Epic Games/4.10/Engine/Content/EngineSky/BP_Sky_Shere.uasset: 'C:/Program Files/Epic Games/4.10/Engine/Content/EngineSky/BP_Sky_Shere.uasset' is outside repository
[2015.11.21-05.27.33:532][470]SourceControl: Info fatal: C:/Program Files/Epic Games/4.10/Engine/Content/EngineSounds/Duck_Normal_Attack_MixMod.uasset: 'C:/Program Files/Epic Games/4.10/Engine/Content/EngineSounds/Duck_Normal_Attack_MixMod.uasset' is outside repository
[2015.11.21-05.27.33:532][470]SourceControl: Info fatal: C:/Program Files/Epic Games/4.10/Engine/Content/EngineSounds/ReverbSettings/Alley.uasset: 'C:/Program Files/Epic Games/4.10/Engine/Content/EngineSounds/ReverbSettings/Alley.uasset' is outside repository
[2015.11.21-05.27.33:532][470]SourceControl: Info fatal: C:/Program Files/Epic Games/4.10/Engine/Content/EngineTireTypes/DefaultTireType.uasset: 'C:/Program Files/Epic Games/4.10/Engine/Content/EngineTireTypes/DefaultTireType.uasset' is outside repository
[2015.11.21-05.27.33:532][470]SourceControl: Info fatal: C:/Program Files/Epic Games/4.10/Engine/Content/EngineVolumetrics/FalloffSphere/Materials/M_EV_FalloffSphere_Master_01.uasset: 'C:/Program Files/Epic Games/4.10/Engine/Content/EngineVolumetrics/FalloffSphere/Materials/M_EV_FalloffSphere_Master_01.uasset' is outside repository
[2015.11.21-05.27.33:532][470]SourceControl: Info fatal: C:/Program Files/Epic Games/4.10/Engine/Content/EngineVolumetrics/FalloffSphere/Mesh/S_EV_FalloffSphere_Mesh_01.uasset: 'C:/Program Files/Epic Games/4.10/Engine/Content/EngineVolumetrics/FalloffSphere/Mesh/S_EV_FalloffSphere_Mesh_01.uasset' is outside repository
[2015.11.21-05.27.33:532][470]SourceControl: Info fatal: C:/Program Files/Epic Games/4.10/Engine/Content/EngineVolumetrics/FogEnvironment/Materials/M_EV_FogEnvironment_Master_01.uasset: 'C:/Program Files/Epic Games/4.10/Engine/Content/EngineVolumetrics/FogEnvironment/Materials/M_EV_FogEnvironment_Master_01.uasset' is outside repository
[2015.11.21-05.27.33:532][470]SourceControl: Info fatal: C:/Program Files/Epic Games/4.10/Engine/Content/EngineVolumetrics/FogEnvironment/Mesh/S_EV_FogEnvironment_01_Mesh.uasset: 'C:/Program Files/Epic Games/4.10/Engine/Content/EngineVolumetrics/FogEnvironment/Mesh/S_EV_FogEnvironment_01_Mesh.uasset' is outside repository
[2015.11.21-05.27.33:532][470]SourceControl: Info fatal: C:/Program Files/Epic Games/4.10/Engine/Content/EngineVolumetrics/Fogsheet/T_EV_Fogsheet_FlareColors_01.uasset: 'C:/Program Files/Epic Games/4.10/Engine/Content/EngineVolumetrics/Fogsheet/T_EV_Fogsheet_FlareColors_01.uasset' is outside repository
[2015.11.21-05.27.33:532][470]SourceControl: Info fatal: C:/Program Files/Epic Games/4.10/Engine/Content/EngineVolumetrics/Fogsheet/Materials/M_EV_FogSheet_1sided_Master_01.uasset: 'C:/Program Files/Epic Games/4.10/Engine/Content/EngineVolumetrics/Fogsheet/Materials/M_EV_FogSheet_1sided_Master_01.uasset' is outside repository
[2015.11.21-05.27.33:532][470]SourceControl: Info fatal: C:/Program Files/Epic Games/4.10/Engine/Content/EngineVolumetrics/Fogsheet/Mesh/MI_Fogsheet_HideClose.uasset: 'C:/Program Files/Epic Games/4.10/Engine/Content/EngineVolumetrics/Fogsheet/Mesh/MI_Fogsheet_HideClose.uasset' is outside repository
[2015.11.21-05.27.33:532][470]SourceControl: Info fatal: C:/Program Files/Epic Games/4.10/Engine/Content/EngineVolumetrics/LightBeam/Materials/M_EV_Lightbeam_Master_01.uasset: 'C:/Program Files/Epic Games/4.10/Engine/Content/EngineVolumetrics/LightBeam/Materials/M_EV_Lightbeam_Master_01.uasset' is outside repository
[2015.11.21-05.27.33:532][470]SourceControl: Info fatal: C:/Program Files/Epic Games/4.10/Engine/Content/EngineVolumetrics/LightBeam/Mesh/S_EV_SimpleLightBeam_01.uasset: 'C:/Program Files/Epic Games/4.10/Engine/Content/EngineVolumetrics/LightBeam/Mesh/S_EV_SimpleLightBeam_01.uasset' is outside repository
[2015.11.21-05.27.33:533][470]SourceControl: Info fatal: C:/Program Files/Epic Games/4.10/Engine/Content/Engine_MI_Shaders/MI_Shader_BaseTileEx.uasset: 'C:/Program Files/Epic Games/4.10/Engine/Content/Engine_MI_Shaders/MI_Shader_BaseTileEx.uasset' is outside repository
[2015.11.21-05.27.33:533][470]SourceControl: Info fatal: C:/Program Files/Epic Games/4.10/Engine/Content/Engine_MI_Shaders/Instances/M_ES_Phong_Opaque_INST_01.uasset: 'C:/Program Files/Epic Games/4.10/Engine/Content/Engine_MI_Shaders/Instances/M_ES_Phong_Opaque_INST_01.uasset' is outside repository
[2015.11.21-05.27.33:533][470]SourceControl: Info fatal: C:/Program Files/Epic Games/4.10/Engine/Content/Engine_MI_Shaders/Textures/Bokeh.uasset: 'C:/Program Files/Epic Games/4.10/Engine/Content/Engine_MI_Shaders/Textures/Bokeh.uasset' is outside repository
[2015.11.21-05.27.33:533][470]SourceControl: Info fatal: C:/Program Files/Epic Games/4.10/Engine/Content/FunctionalTesting/Blueprints/AITesting_MoveGoal.uasset: 'C:/Program Files/Epic Games/4.10/Engine/Content/FunctionalTesting/Blueprints/AITesting_MoveGoal.uasset' is outside repository
[2015.11.21-05.27.33:533][470]SourceControl: Info fatal: C:/Program Files/Epic Games/4.10/Engine/Content/Functions/DistanceFields/Combiners/DistanceField_Intersection.uasset: 'C:/Program Files/Epic Games/4.10/Engine/Content/Functions/DistanceFields/Combiners/DistanceField_Intersection.uasset' is outside repository
[2015.11.21-05.27.33:533][470]SourceControl: Info fatal: C:/Program Files/Epic Games/4.10/Engine/Content/Functions/DistanceFields/Shapes/DistanceField_Capsule.uasset: 'C:/Program Files/Epic Games/4.10/Engine/Content/Functions/DistanceFields/Shapes/DistanceField_Capsule.uasset' is outside repository
[2015.11.21-05.27.33:533][470]SourceControl: Info fatal: C:/Program Files/Epic Games/4.10/Engine/Content/Functions/Engine_MaterialFunctions01/AlphaBlend/World_Aligned_Blend.uasset: 'C:/Program Files/Epic Games/4.10/Engine/Content/Functions/Engine_MaterialFunctions01/AlphaBlend/World_Aligned_Blend.uasset' is outside repository
[2015.11.21-05.27.33:533][470]SourceControl: Info fatal: C:/Program Files/Epic Games/4.10/Engine/Content/Functions/Engine_MaterialFunctions01/Coordinates/DrawLine-2D.uasset: 'C:/Program Files/Epic Games/4.10/Engine/Content/Functions/Engine_MaterialFunctions01/Coordinates/DrawLine-2D.uasset' is outside repository
[2015.11.21-05.27.33:533][470]SourceControl: Info fatal: C:/Program Files/Epic Games/4.10/Engine/Content/Functions/Engine_MaterialFunctions01/Debug/FunctionGraphSetup.uasset: 'C:/Program Files/Epic Games/4.10/Engine/Content/Functions/Engine_MaterialFunctions01/Debug/FunctionGraphSetup.uasset' is outside repository
[2015.11.21-05.27.33:533][470]SourceControl: Info fatal: C:/Program Files/Epic Games/4.10/Engine/Content/Functions/Engine_MaterialFunctions01/Density/ExponentialDensity.uasset: 'C:/Program Files/Epic Games/4.10/Engine/Content/Functions/Engine_MaterialFunctions01/Density/ExponentialDensity.uasset' is outside repository
[2015.11.21-05.27.33:533][470]SourceControl: Info fatal: C:/Program Files/Epic Games/4.10/Engine/Content/Functions/Engine_MaterialFunctions01/Gradient/BellCurve.uasset: 'C:/Program Files/Epic Games/4.10/Engine/Content/Functions/Engine_MaterialFunctions01/Gradient/BellCurve.uasset' is outside repository
[2015.11.21-05.27.33:533][470]SourceControl: Info fatal: C:/Program Files/Epic Games/4.10/Engine/Content/Functions/Engine_MaterialFunctions01/ImageAdjustment/3ColorBlend.uasset: 'C:/Program Files/Epic Games/4.10/Engine/Content/Functions/Engine_MaterialFunctions01/ImageAdjustment/3ColorBlend.uasset' is outside repository
[2015.11.21-05.27.33:533][470]SourceControl: Info fatal: C:/Program Files/Epic Games/4.10/Engine/Content/Functions/Engine_MaterialFunctions01/Lighting/PixelDepthOffset_Foliage.uasset: 'C:/Program Files/Epic Games/4.10/Engine/Content/Functions/Engine_MaterialFunctions01/Lighting/PixelDepthOffset_Foliage.uasset' is outside repository
[2015.11.21-05.27.33:533][470]SourceControl: Info fatal: C:/Program Files/Epic Games/4.10/Engine/Content/Functions/Engine_MaterialFunctions01/Opacity/AlphaOffset.uasset: 'C:/Program Files/Epic Games/4.10/Engine/Content/Functions/Engine_MaterialFunctions01/Opacity/AlphaOffset.uasset' is outside repository
[2015.11.21-05.27.33:533][470]SourceControl: Info fatal: C:/Program Files/Epic Games/4.10/Engine/Content/Functions/Engine_MaterialFunctions01/Reflections/ReflectionVectorSoft.uasset: 'C:/Program Files/Epic Games/4.10/Engine/Content/Functions/Engine_MaterialFunctions01/Reflections/ReflectionVectorSoft.uasset' is outside repository
[2015.11.21-05.27.33:533][470]SourceControl: Info fatal: C:/Program Files/Epic Games/4.10/Engine/Content/Functions/Engine_MaterialFunctions01/Shading/CalcLightsourceAngle.uasset: 'C:/Program Files/Epic Games/4.10/Engine/Content/Functions/Engine_MaterialFunctions01/Shading/CalcLightsourceAngle.uasset' is outside repository
[2015.11.21-05.27.33:533][470]SourceControl: Info fatal: C:/Program Files/Epic Games/4.10/Engine/Content/Functions/Engine_MaterialFunctions01/SpeedTree/SpeedTreeColorVariation.uasset: 'C:/Program Files/Epic Games/4.10/Engine/Content/Functions/Engine_MaterialFunctions01/SpeedTree/SpeedTreeColorVariation.uasset' is outside repository
[2015.11.21-05.27.33:533][470]SourceControl: Info fatal: C:/Program Files/Epic Games/4.10/Engine/Content/Functions/Engine_MaterialFunctions01/Texturing/BakedDisplacement.uasset: 'C:/Program Files/Epic Games/4.10/Engine/Content/Functions/Engine_MaterialFunctions01/Texturing/BakedDisplacement.uasset' is outside repository
[2015.11.21-05.27.33:533][470]SourceControl: Info fatal: C:/Program Files/Epic Games/4.10/Engine/Content/Functions/Engine_MaterialFunctions01/Vectors/MF_RotateVector_90.uasset: 'C:/Program Files/Epic Games/4.10/Engine/Content/Functions/Engine_MaterialFunctions01/Vectors/MF_RotateVector_90.uasset' is outside repository
[2015.11.21-05.27.33:533][470]SourceControl: Info fatal: C:/Program Files/Epic Games/4.10/Engine/Content/Functions/Engine_MaterialFunctions01/WorldPositionOffset/ConstantScalebyDistance.uasset: 'C:/Program Files/Epic Games/4.10/Engine/Content/Functions/Engine_MaterialFunctions01/WorldPositionOffset/ConstantScalebyDistance.uasset' is outside repository
[2015.11.21-05.27.33:533][470]SourceControl: Info fatal: C:/Program Files/Epic Games/4.10/Engine/Content/Functions/Engine_MaterialFunctions02/3PointLevels.uasset: 'C:/Program Files/Epic Games/4.10/Engine/Content/Functions/Engine_MaterialFunctions02/3PointLevels.uasset' is outside repository
[2015.11.21-05.27.33:533][470]SourceControl: Info fatal: C:/Program Files/Epic Games/4.10/Engine/Content/Functions/Engine_MaterialFunctions02/ExampleContent/3dParticleOpacityInstance.uasset: 'C:/Program Files/Epic Games/4.10/Engine/Content/Functions/Engine_MaterialFunctions02/ExampleContent/3dParticleOpacityInstance.uasset' is outside repository
[2015.11.21-05.27.33:533][470]SourceControl: Info fatal: C:/Program Files/Epic Games/4.10/Engine/Content/Functions/Engine_MaterialFunctions02/ExampleContent/MacroUVs/MacroUVs.uasset: 'C:/Program Files/Epic Games/4.10/Engine/Content/Functions/Engine_MaterialFunctions02/ExampleContent/MacroUVs/MacroUVs.uasset' is outside repository
[2015.11.21-05.27.33:533][470]SourceControl: Info fatal: C:/Program Files/Epic Games/4.10/Engine/Content/Functions/Engine_MaterialFunctions02/ExampleContent/TextureBasedWPO/DemoBox.uasset: 'C:/Program Files/Epic Games/4.10/Engine/Content/Functions/Engine_MaterialFunctions02/ExampleContent/TextureBasedWPO/DemoBox.uasset' is outside repository
[2015.11.21-05.27.33:533][470]SourceControl: Info fatal: C:/Program Files/Epic Games/4.10/Engine/Content/Functions/Engine_MaterialFunctions02/ExampleContent/Textures/DebugNumberPeriod.uasset: 'C:/Program Files/Epic Games/4.10/Engine/Content/Functions/Engine_MaterialFunctions02/ExampleContent/Textures/DebugNumberPeriod.uasset' is outside repository
[2015.11.21-05.27.33:533][470]SourceControl: Info fatal: C:/Program Files/Epic Games/4.10/Engine/Content/Functions/Engine_MaterialFunctions02/Gradients/GradientMap_Multi.uasset: 'C:/Program Files/Epic Games/4.10/Engine/Content/Functions/Engine_MaterialFunctions02/Gradients/GradientMap_Multi.uasset' is outside repository
[2015.11.21-05.27.33:533][470]SourceControl: Info fatal: C:/Program Files/Epic Games/4.10/Engine/Content/Functions/Engine_MaterialFunctions02/Math/AddComponents.uasset: 'C:/Program Files/Epic Games/4.10/Engine/Content/Functions/Engine_MaterialFunctions02/Math/AddComponents.uasset' is outside repository
[2015.11.21-05.27.33:533][470]SourceControl: Info fatal: C:/Program Files/Epic Games/4.10/Engine/Content/Functions/Engine_MaterialFunctions02/MAXScripts/MeshSequenceFlipbook_Script.uasset: 'C:/Program Files/Epic Games/4.10/Engine/Content/Functions/Engine_MaterialFunctions02/MAXScripts/MeshSequenceFlipbook_Script.uasset' is outside repository
[2015.11.21-05.27.33:533][470]SourceControl: Info fatal: C:/Program Files/Epic Games/4.10/Engine/Content/Functions/Engine_MaterialFunctions02/Normals/RotateNormalWhileMasking.uasset: 'C:/Program Files/Epic Games/4.10/Engine/Content/Functions/Engine_MaterialFunctions02/Normals/RotateNormalWhileMasking.uasset' is outside repository
[2015.11.21-05.27.33:534][470]SourceControl: Info fatal: C:/Program Files/Epic Games/4.10/Engine/Content/Functions/Engine_MaterialFunctions02/NotInUse/WorldAlignedNormals_HighQuality_optimizationAttempt.uasset: 'C:/Program Files/Epic Games/4.10/Engine/Content/Functions/Engine_MaterialFunctions02/NotInUse/WorldAlignedNormals_HighQuality_optimizationAttempt.uasset' is outside repository
[2015.11.21-05.27.33:534][470]SourceControl: Info fatal: C:/Program Files/Epic Games/4.10/Engine/Content/Functions/Engine_MaterialFunctions02/PivotPainter/PivotPainter_HierarchyData.uasset: 'C:/Program Files/Epic Games/4.10/Engine/Content/Functions/Engine_MaterialFunctions02/PivotPainter/PivotPainter_HierarchyData.uasset' is outside repository
[2015.11.21-05.27.33:534][470]SourceControl: Info fatal: C:/Program Files/Epic Games/4.10/Engine/Content/Functions/Engine_MaterialFunctions02/Texturing/3dParticleOpacity.uasset: 'C:/Program Files/Epic Games/4.10/Engine/Content/Functions/Engine_MaterialFunctions02/Texturing/3dParticleOpacity.uasset' is outside repository
[2015.11.21-05.27.33:534][470]SourceControl: Info fatal: C:/Program Files/Epic Games/4.10/Engine/Content/Functions/Engine_MaterialFunctions02/Utility/Append4.uasset: 'C:/Program Files/Epic Games/4.10/Engine/Content/Functions/Engine_MaterialFunctions02/Utility/Append4.uasset' is outside repository
[2015.11.21-05.27.33:534][470]SourceControl: Info fatal: C:/Program Files/Epic Games/4.10/Engine/Content/Functions/Engine_MaterialFunctions02/UVs/BoundingBoxBased_0-1_UVW.uasset: 'C:/Program Files/Epic Games/4.10/Engine/Content/Functions/Engine_MaterialFunctions02/UVs/BoundingBoxBased_0-1_UVW.uasset' is outside repository
[2015.11.21-05.27.33:534][470]SourceControl: Info fatal: C:/Program Files/Epic Games/4.10/Engine/Content/Functions/Engine_MaterialFunctions02/WorldPositionOffset/AdjustNormalsToCompensateForRotateAboutAxisOffset.uasset: 'C:/Program Files/Epic Games/4.10/Engine/Content/Functions/Engine_MaterialFunctions02/WorldPositionOffset/AdjustNormalsToCompensateForRotateAboutAxisOffset.uasset' is outside repository
[2015.11.21-05.27.33:534][470]SourceControl: Info fatal: C:/Program Files/Epic Games/4.10/Engine/Content/Functions/Engine_MaterialFunctions03/Blends/Blend_ColorBurn.uasset: 'C:/Program Files/Epic Games/4.10/Engine/Content/Functions/Engine_MaterialFunctions03/Blends/Blend_ColorBurn.uasset' is outside repository
[2015.11.21-05.27.33:534][470]SourceControl: Info fatal: C:/Program Files/Epic Games/4.10/Engine/Content/Functions/Engine_MaterialFunctions03/ComplexMotion/Motion_4WayChaos.uasset: 'C:/Program Files/Epic Games/4.10/Engine/Content/Functions/Engine_MaterialFunctions03/ComplexMotion/Motion_4WayChaos.uasset' is outside repository
[2015.11.21-05.27.33:534][470]SourceControl: Info fatal: C:/Program Files/Epic Games/4.10/Engine/Content/Functions/Engine_MaterialFunctions03/Particles/Distance_Blend.uasset: 'C:/Program Files/Epic Games/4.10/Engine/Content/Functions/Engine_MaterialFunctions03/Particles/Distance_Blend.uasset' is outside repository
[2015.11.21-05.27.33:534][470]SourceControl: Info fatal: C:/Program Files/Epic Games/4.10/Engine/Content/Functions/Engine_MaterialFunctions03/Procedurals/ComputeFilterWidth.uasset: 'C:/Program Files/Epic Games/4.10/Engine/Content/Functions/Engine_MaterialFunctions03/Procedurals/ComputeFilterWidth.uasset' is outside repository
[2015.11.21-05.27.33:534][470]SourceControl: Info fatal: C:/Program Files/Epic Games/4.10/Engine/Content/Functions/Engine_MaterialFunctions03/Texturing/CameraWorldBlend.uasset: 'C:/Program Files/Epic Games/4.10/Engine/Content/Functions/Engine_MaterialFunctions03/Texturing/CameraWorldBlend.uasset' is outside repository
[2015.11.21-05.27.33:534][470]SourceControl: Info fatal: C:/Program Files/Epic Games/4.10/Engine/Content/Functions/GetPostProcessFunctions/GetAmbientCubemapIntensity.uasset: 'C:/Program Files/Epic Games/4.10/Engine/Content/Functions/GetPostProcessFunctions/GetAmbientCubemapIntensity.uasset' is outside repository
[2015.11.21-05.27.33:534][470]SourceControl: Info fatal: C:/Program Files/Epic Games/4.10/Engine/Content/Functions/MaterialLayerFunctions/MatLayerBlend_AddWorldPositionOffset.uasset: 'C:/Program Files/Epic Games/4.10/Engine/Content/Functions/MaterialLayerFunctions/MatLayerBlend_AddWorldPositionOffset.uasset' is outside repository
[2015.11.21-05.27.33:534][470]SourceControl: Info fatal: C:/Program Files/Epic Games/4.10/Engine/Content/Maps/Entry.umap: 'C:/Program Files/Epic Games/4.10/Engine/Content/Maps/Entry.umap' is outside repository
[2015.11.21-05.27.33:534][470]SourceControl: Info fatal: C:/Program Files/Epic Games/4.10/Engine/Content/Maps/Templates/Template_Default.umap: 'C:/Program Files/Epic Games/4.10/Engine/Content/Maps/Templates/Template_Default.umap' is outside repository
[2015.11.21-05.27.33:534][470]SourceControl: Info fatal: C:/Program Files/Epic Games/4.10/Engine/Content/Maps/Templates/Thumbnails/Default.uasset: 'C:/Program Files/Epic Games/4.10/Engine/Content/Maps/Templates/Thumbnails/Default.uasset' is outside repository
[2015.11.21-05.27.33:534][470]SourceControl: Info fatal: C:/Program Files/Epic Games/4.10/Engine/Content/MapTemplates/Bokeh_5Sides.uasset: 'C:/Program Files/Epic Games/4.10/Engine/Content/MapTemplates/Bokeh_5Sides.uasset' is outside repository
[2015.11.21-05.27.33:534][470]SourceControl: Info fatal: C:/Program Files/Epic Games/4.10/Engine/Content/MapTemplates/lut/LUT_Afternoon.uasset: 'C:/Program Files/Epic Games/4.10/Engine/Content/MapTemplates/lut/LUT_Afternoon.uasset' is outside repository
[2015.11.21-05.27.33:534][470]SourceControl: Info fatal: C:/Program Files/Epic Games/4.10/Engine/Content/MapTemplates/Materials/BasicAsset01.uasset: 'C:/Program Files/Epic Games/4.10/Engine/Content/MapTemplates/Materials/BasicAsset01.uasset' is outside repository
[2015.11.21-05.27.33:534][470]SourceControl: Info fatal: C:/Program Files/Epic Games/4.10/Engine/Content/MapTemplates/Sky/DaylightAmbientCubemap.uasset: 'C:/Program Files/Epic Games/4.10/Engine/Content/MapTemplates/Sky/DaylightAmbientCubemap.uasset' is outside repository
[2015.11.21-05.27.33:534][470]SourceControl: Info fatal: C:/Program Files/Epic Games/4.10/Engine/Content/MaterialTemplates/Gradients/Gradient_Linear.uasset: 'C:/Program Files/Epic Games/4.10/Engine/Content/MaterialTemplates/Gradients/Gradient_Linear.uasset' is outside repository
[2015.11.21-05.27.33:534][470]SourceControl: Info fatal: C:/Program Files/Epic Games/4.10/Engine/Content/MaterialTemplates/PerfTricks/MultiChannelMask.uasset: 'C:/Program Files/Epic Games/4.10/Engine/Content/MaterialTemplates/PerfTricks/MultiChannelMask.uasset' is outside repository
[2015.11.21-05.27.33:534][470]SourceControl: Info fatal: C:/Program Files/Epic Games/4.10/Engine/Content/MaterialTemplates/Textures/T_multiMask.uasset: 'C:/Program Files/Epic Games/4.10/Engine/Content/MaterialTemplates/Textures/T_multiMask.uasset' is outside repository
[2015.11.21-05.27.33:534][470]SourceControl: Info fatal: C:/Program Files/Epic Games/4.10/Engine/Content/MaterialTemplates/VertexAnimation/AdvancedFlag.uasset: 'C:/Program Files/Epic Games/4.10/Engine/Content/MaterialTemplates/VertexAnimation/AdvancedFlag.uasset' is outside repository
[2015.11.21-05.27.33:534][470]SourceControl: Info fatal: C:/Program Files/Epic Games/4.10/Engine/Content/MobileResources/T_MobileControls_texture.uasset: 'C:/Program Files/Epic Games/4.10/Engine/Content/MobileResources/T_MobileControls_texture.uasset' is outside repository
[2015.11.21-05.27.33:534][470]SourceControl: Info fatal: C:/Program Files/Epic Games/4.10/Engine/Content/MobileResources/HUD/AnalogHat.uasset: 'C:/Program Files/Epic Games/4.10/Engine/Content/MobileResources/HUD/AnalogHat.uasset' is outside repository
[2015.11.21-05.27.33:534][470]SourceControl: Info fatal: C:/Program Files/Epic Games/4.10/Engine/Content/TemplateResources/MI_Template_BaseBlue.uasset: 'C:/Program Files/Epic Games/4.10/Engine/Content/TemplateResources/MI_Template_BaseBlue.uasset' is outside repository
[2015.11.21-05.27.33:534][470]SourceControl: Info fatal: C:/Program Files/Epic Games/4.10/Engine/Content/Tutorial/ContentIntroCurve.uasset: 'C:/Program Files/Epic Games/4.10/Engine/Content/Tutorial/ContentIntroCurve.uasset' is outside repository
[2015.11.21-05.27.33:534][470]SourceControl: Info fatal: C:/Program Files/Epic Games/4.10/Engine/Content/Tutorial/Audio/Audience.uasset: 'C:/Program Files/Epic Games/4.10/Engine/Content/Tutorial/Audio/Audience.uasset' is outside repository
[2015.11.21-05.27.33:534][470]SourceControl: Info fatal: C:/Program Files/Epic Games/4.10/Engine/Content/Tutorial/Basics/ContentBrowserOverview.uasset: 'C:/Program Files/Epic Games/4.10/Engine/Content/Tutorial/Basics/ContentBrowserOverview.uasset' is outside repository
[2015.11.21-05.27.33:534][470]SourceControl: Info fatal: C:/Program Files/Epic Games/4.10/Engine/Content/Tutorial/Basics/TutorialAssets/CameraActor_64x.uasset: 'C:/Program Files/Epic Games/4.10/Engine/Content/Tutorial/Basics/TutorialAssets/CameraActor_64x.uasset' is outside repository
[2015.11.21-05.27.33:534][470]SourceControl: Info fatal: C:/Program Files/Epic Games/4.10/Engine/Content/Tutorial/BlueprintTutorials/BlueprintEditorTutorial.uasset: 'C:/Program Files/Epic Games/4.10/Engine/Content/Tutorial/BlueprintTutorials/BlueprintEditorTutorial.uasset' is outside repository
[2015.11.21-05.27.33:534][470]SourceControl: Info fatal: C:/Program Files/Epic Games/4.10/Engine/Content/Tutorial/BlueprintTutorials/TutorialAssets/BlueprintFunctionLibrary_64x.uasset: 'C:/Program Files/Epic Games/4.10/Engine/Content/Tutorial/BlueprintTutorials/TutorialAssets/BlueprintFunctionLibrary_64x.uasset' is outside repository
[2015.11.21-05.27.33:534][470]SourceControl: Info fatal: C:/Program Files/Epic Games/4.10/Engine/Content/Tutorial/Code/AddingCode.uasset: 'C:/Program Files/Epic Games/4.10/Engine/Content/Tutorial/Code/AddingCode.uasset' is outside repository
[2015.11.21-05.27.33:534][470]SourceControl: Info fatal: C:/Program Files/Epic Games/4.10/Engine/Content/Tutorial/Foliage/FoliageWalkThrough.uasset: 'C:/Program Files/Epic Games/4.10/Engine/Content/Tutorial/Foliage/FoliageWalkThrough.uasset' is outside repository
[2015.11.21-05.27.33:534][470]SourceControl: Info fatal: C:/Program Files/Epic Games/4.10/Engine/Content/Tutorial/Foliage/TutorialAssets/Foliage.uasset: 'C:/Program Files/Epic Games/4.10/Engine/Content/Tutorial/Foliage/TutorialAssets/Foliage.uasset' is outside repository
[2015.11.21-05.27.33:534][470]SourceControl: Info fatal: C:/Program Files/Epic Games/4.10/Engine/Content/Tutorial/Installation/InstallingVisualStudioTutorial.uasset: 'C:/Program Files/Epic Games/4.10/Engine/Content/Tutorial/Installation/InstallingVisualStudioTutorial.uasset' is outside repository
[2015.11.21-05.27.33:534][470]SourceControl: Info fatal: C:/Program Files/Epic Games/4.10/Engine/Content/Tutorial/InWorldBlueprintEditing/IWBE_Tutorial.uasset: 'C:/Program Files/Epic Games/4.10/Engine/Content/Tutorial/InWorldBlueprintEditing/IWBE_Tutorial.uasset' is outside repository
[2015.11.21-05.27.33:534][470]SourceControl: Info fatal: C:/Program Files/Epic Games/4.10/Engine/Content/Tutorial/InWorldBlueprintEditing/TutorialAssets/IWBE_Blutility.uasset: 'C:/Program Files/Epic Games/4.10/Engine/Content/Tutorial/InWorldBlueprintEditing/TutorialAssets/IWBE_Blutility.uasset' is outside repository
[2015.11.21-05.27.33:534][470]SourceControl: Info fatal: C:/Program Files/Epic Games/4.10/Engine/Content/Tutorial/Landscape/LandscapeWalkThrough.uasset: 'C:/Program Files/Epic Games/4.10/Engine/Content/Tutorial/Landscape/LandscapeWalkThrough.uasset' is outside repository
[2015.11.21-05.27.33:534][470]SourceControl: Info fatal: C:/Program Files/Epic Games/4.10/Engine/Content/Tutorial/Landscape/TutorialAssets/Landscape.uasset: 'C:/Program Files/Epic Games/4.10/Engine/Content/Tutorial/Landscape/TutorialAssets/Landscape.uasset' is outside repository
[2015.11.21-05.27.33:534][470]SourceControl: Info fatal: C:/Program Files/Epic Games/4.10/Engine/Content/Tutorial/Mobile/CreatingSigningCertAndProvisionTutorial.uasset: 'C:/Program Files/Epic Games/4.10/Engine/Content/Tutorial/Mobile/CreatingSigningCertAndProvisionTutorial.uasset' is outside repository
[2015.11.21-05.27.33:534][470]SourceControl: Info fatal: C:/Program Files/Epic Games/4.10/Engine/Content/Tutorial/Mobile/TutorialAssets/android_Icon.uasset: 'C:/Program Files/Epic Games/4.10/Engine/Content/Tutorial/Mobile/TutorialAssets/android_Icon.uasset' is outside repository
[2015.11.21-05.27.33:534][470]SourceControl: Info fatal: C:/Program Files/Ep