"../../../Engine/Content/EditorResources/S_Actor.uasset" 0
"../../../Engine/Content/EngineFonts/Roboto.uasset" 1
"../../../Engine/Content/Functions/Engine_MaterialFunctions01/Shading/PowerToRoughness.uasset" 2
"../../../Engine/Content/Functions/Engine_MaterialFunctions01/Shading/ConvertFromDiffSpec.uasset" 3
"../../../Engine/Content/EngineMaterials/DefaultDiffuse.uasset" 4
"../../../Engine/Content/EngineMaterials/DefaultDeferredDecalMaterial.uasset" 5
"../../../Engine/Content/EngineMaterials/DefaultLightFunctionMaterial.uasset" 6
"../../../Engine/Content/Functions/Engine_MaterialFunctions02/Utility/BreakOutFloat2Components.uasset" 7
"../../../Engine/Content/EngineMaterials/DefaultPostProcessMaterial.uasset" 8
"../../../Engine/Content/EngineResources/DefaultTexture.uasset" 9
"../../../Engine/Content/Functions/Engine_MaterialFunctions01/Texturing/ScaleUVsByCenter.uasset" 10
"../../../Engine/Content/Functions/Engine_MaterialFunctions02/ScreenResolution.uasset" 11
"../../../Engine/Content/Functions/Engine_MaterialFunctions02/Texturing/ScreenAlignedUVs.uasset" 12
"../../../Engine/Content/EngineResources/WhiteSquareTexture.uasset" 13
"../../../Engine/Content/EngineMaterials/Widget3DPassThrough.uasset" 14
"../../../Engine/Content/EngineMaterials/Widget3DPassThrough_Translucent.uasset" 15
"../../../Engine/Content/EngineMaterials/Widget3DPassThrough_Translucent_OneSided.uasset" 16
"../../../Engine/Content/EngineMaterials/Widget3DPassThrough_Opaque.uasset" 17
"../../../Engine/Content/EngineMaterials/Widget3DPassThrough_Opaque_OneSided.uasset" 18
"../../../Engine/Content/EngineMaterials/Widget3DPassThrough_Masked.uasset" 19
"../../../Engine/Content/EngineMaterials/Widget3DPassThrough_Masked_OneSided.uasset" 20
"../../../Engine/Content/EditorMaterials/Camera/CineMat.uasset" 21
"../../../Engine/Content/EditorMaterials/Camera/MI_CineMat_Rig.uasset" 22
"../../../Engine/Content/EditorMeshes/Camera/SM_CraneRig_Base.uasset" 23
"../../../Engine/Content/EditorMeshes/Camera/SM_CraneRig_Arm.uasset" 24
"../../../Engine/Content/EditorMeshes/Camera/SM_CraneRig_Mount.uasset" 25
"../../../Engine/Content/EditorMeshes/Camera/SM_CraneRig_Body.uasset" 26
"../../../Engine/Content/EditorMeshes/Camera/SM_RailRig_Track.uasset" 27
"../../../Engine/Content/EditorMeshes/Camera/SM_RailRig_Mount.uasset" 28
"../../../Engine/Content/EngineResources/AICON-Red.uasset" 29
"../../../Engine/Content/EngineResources/AICON-Green.uasset" 30
"../../../Engine/Content/Maps/Templates/Thumbnails/Default.uasset" 31
"../../../Engine/Content/Maps/Templates/Thumbnails/VR-Basic.uasset" 32
"../../../Engine/Content/EditorMaterials/ParticleSystems/PSysThumbnail_NoImage.uasset" 33
"../../../Engine/Content/EditorMaterials/ParticleSystems/PSysThumbnail_OOD.uasset" 34
"../../../Engine/Content/EditorLandscapeResources/DataLayer.uasset" 35
"../../../Engine/Content/EngineDamageTypes/DmgTypeBP_Environmental.uasset" 36
"../../../Engine/Content/EngineMeshes/Sphere.uasset" 37
"../../../Engine/Content/EngineFonts/RobotoDistanceField.uasset" 38
"../../../Engine/Content/EngineMaterials/DefaultTextMaterialOpaque.uasset" 39
"../../../Engine/Content/EditorResources/S_Trigger.uasset" 40
"../../../Engine/Content/EngineResources/GradientTexture0.uasset" 41
"../../../Engine/Content/EngineResources/Black.uasset" 42
"../../../Engine/Content/EditorMaterials/MatineeGroups/MAT_Groups_Float.uasset" 43
"../../../Engine/Content/EditorMaterials/MatineeGroups/MAT_Groups_Director.uasset" 44
"../../../Engine/Content/EditorMaterials/MatineeGroups/MAT_Groups_Event.uasset" 45
"../../../Engine/Content/EditorMaterials/MatineeGroups/MAT_Groups_Anim.uasset" 46
"../../../Engine/Content/EditorMaterials/MatineeGroups/MAT_Groups_Fade.uasset" 47
"../../../Engine/Content/EditorMaterials/MatineeGroups/MAT_Groups_Move.uasset" 48
"../../../Engine/Content/EditorMaterials/MatineeGroups/MAT_Groups_Slomo.uasset" 49
"../../../Engine/Content/EditorMaterials/MatineeGroups/MAT_ColorTrack.uasset" 50
"../../../Engine/Content/EditorMaterials/MAT_Groups_Toggle.uasset" 51
"../../../Engine/Content/EditorMaterials/MatineeGroups/MAT_Groups_AudioMaster.uasset" 52
"../../../Engine/Content/EditorMaterials/MatineeGroups/MAT_Groups_Sound.uasset" 53
"../../../Engine/Content/EditorMaterials/MatineeGroups/MAT_Groups_Vector.uasset" 54
"../../../Engine/Content/EditorMaterials/MAT_Groups_Visibility.uasset" 55
"../../../Engine/Content/EngineResources/DefaultTextureCube.uasset" 56
"../../../Engine/Content/Functions/Engine_MaterialFunctions01/Opacity/CameraDepthFade.uasset" 57
"../../../Engine/Content/EngineMaterials/T_Default_Material_Grid_M.uasset" 58
"../../../Engine/Content/EngineMaterials/T_Default_Material_Grid_N.uasset" 59
"../../../Engine/Content/EngineMaterials/DefaultMaterial.uasset" 60
"../../../Engine/Content/EngineMeshes/Cylinder.uasset" 61
"../../../Engine/Content/EngineTireTypes/DefaultTireType.uasset" 62
"../../../Engine/Content/VREditor/LaserPointer/VR_LaserPower_01.uasset" 63
"../../../Engine/Content/VREditor/TransformGizmo/TransformGizmoMaterial.uasset" 64
"../../../Engine/Content/VREditor/TransformGizmo/TranslucentTransformGizmoMaterial.uasset" 65
"../../../Engine/Content/VREditor/TransformGizmo/TranslationHandle.uasset" 66
"../../../Engine/Content/VREditor/TransformGizmo/PlaneTranslationHandle.uasset" 67
"../../../Engine/Content/VREditor/TransformGizmo/RotationHandle.uasset" 68
"../../../Engine/Content/VREditor/TransformGizmo/StretchingHandle.uasset" 69
"../../../Engine/Content/VREditor/TransformGizmo/BoundingBoxCorner.uasset" 70
"../../../Engine/Content/VREditor/TransformGizmo/BoundingBoxEdge.uasset" 71
"../../../Engine/Content/VREditor/TransformGizmo/UniformScaleHandle.uasset" 72
"../../../Engine/Content/VREditor/FloatingText/LineMaterial.uasset" 73
"../../../Engine/Content/VREditor/FloatingText/LineSegmentCylinder.uasset" 74
"../../../Engine/Content/VREditor/FloatingText/JointSphere.uasset" 75
"../../../Engine/Content/VREditor/Fonts/VRText_RobotoLarge.uasset" 76
"../../../Engine/Content/VREditor/Fonts/VRTextMaterial.uasset" 77
"../../../Engine/Content/VREditor/Fonts/TranslucentVRTextMaterial.uasset" 78
"../../../Engine/Content/VREditor/UI/SelectionBarMesh.uasset" 79
"../../../Engine/Content/VREditor/UI/CloseButtonMesh.uasset" 80
"../../../Engine/Content/Tutorial/ContentIntroCurve.uasset" 81
"../../../Engine/Plugins/2D/Paper2D/Content/PlaceholderTextures/DummySpriteTexture.uasset" 82
"../../../Engine/Plugins/2D/Paper2D/Content/DefaultSpriteMaterial.uasset" 83
"../../../Engine/Plugins/2D/Paper2D/Content/MaskedUnlitSpriteMaterial.uasset" 84
"../../../Engine/Plugins/2D/Paper2D/Content/OpaqueUnlitSpriteMaterial.uasset" 85
"../../../Engine/Plugins/2D/Paper2D/Content/DummySprite.uasset" 86
"../../../Engine/Plugins/2D/Paper2D/Content/DefaultPaperTerrainMaterial.uasset" 87
"../../../Engine/Content/EngineMaterials/RemoveSurfaceMaterial.uasset" 88
"../../../Engine/Content/EngineDebugMaterials/DebugMeshMaterial.uasset" 89
"../../../Engine/Content/EngineMaterials/InvalidLightmapSettings.uasset" 90
"../../../Engine/Content/EngineMaterials/M_InvalidLightmapSettings.uasset" 91
"../../../Engine/Content/EditorMaterials/GizmoMaterial.uasset" 92
"../../../Engine/Content/EngineMaterials/Good64x64TilingNoiseHighFreq.uasset" 93
"../../../Engine/Content/EngineMaterials/DefaultBokeh.uasset" 94
"../../../Engine/Content/EngineMaterials/PreintegratedSkinBRDF.uasset" 95
"../../../Engine/Content/EngineMaterials/MiniFont.uasset" 96
"../../../Engine/Content/EngineMaterials/WeightMapPlaceholderTexture.uasset" 97
"../../../Engine/Content/EngineMaterials/DefaultWhiteGrid.uasset" 98
"../../../Engine/Content/EngineMaterials/DefaultPhysicalMaterial.uasset" 99
"../../../Engine/Content/EngineFonts/RobotoTiny.uasset" 100
"../../../Engine/Content/EditorSounds/Notifications/CompileSuccess.uasset" 101
"../../../Engine/Content/EditorSounds/Notifications/CompileStart_Cue.uasset" 102
"../../../Engine/Content/EditorSounds/Notifications/CompileSuccess_Cue.uasset" 103
"../../../Engine/Content/EditorSounds/Notifications/CompileFailed.uasset" 104
"../../../Engine/Content/EditorSounds/Notifications/CompileFailed_Cue.uasset" 105
"../../../Engine/Content/MobileResources/HUD/MobileHUDButton1_off.uasset" 106
"../../../Engine/Content/MobileResources/HUD/MobileHUDDirectionPad.uasset" 107
"../../../Engine/Content/MobileResources/T_MobileMenu2.uasset" 108
"../../../Engine/Content/MobileResources/HUD/MobileHUDButton1_on.uasset" 109
"../../../Engine/Content/MobileResources/T_MobileControls_texture.uasset" 110
"../../../Engine/Content/MobileResources/HUD/AnalogHat.uasset" 111
"../../../Engine/Content/MobileResources/HUD/VirtualJoystick_Background.uasset" 112
"../../../Engine/Content/MobileResources/HUD/VirtualJoystick_Thumb.uasset" 113
"../../../Engine/Content/MobileResources/HUD/DefaultVirtualJoysticks.uasset" 114
"../../../Engine/Content/MobileResources/HUD/LeftVirtualJoystickOnly.uasset" 115
"../../../Engine/Content/MobileResources/HUD/MobileHUDButton2_on.uasset" 116
"../../../Engine/Content/EditorResources/EmptyActor.uasset" 117
"../../../Engine/Content/EditorResources/AudioIcons/S_AudioComponent_AutoActivate.uasset" 118
"../../../Engine/Content/MobileResources/HUD/T_Castle_ThumbstickOutter.uasset" 119
"../../../Engine/Content/MobileResources/HUD/MobileHUDButton3.uasset" 120
"../../../Engine/Content/MobileResources/HUD/T_Castle_ThumbstickInner.uasset" 121
"../../../Engine/Content/MobileResources/HUD/MobileHUDDirectionPad2.uasset" 122
"../../../Engine/Content/MobileResources/HUD/MobileHUDDirectionPad3.uasset" 123
"../../../Engine/Content/MobileResources/HUD/MobileHUDDirectionStick.uasset" 124
"../../../Engine/Content/MobileResources/HUD/MobileHUDButtonFire.uasset" 125
"../../../Engine/Content/MobileResources/HUD/MobileHUDButton2_off.uasset" 126
"../../../Engine/Content/BasicShapes/Cylinder.uasset" 127
"../../../Engine/Content/BasicShapes/Sphere.uasset" 128
"../../../Engine/Content/EditorMaterials/PhAT_JointLimitMaterial.uasset" 129
"../../../Engine/Content/EditorMaterials/PreviewShadowIndicator.uasset" 130
"../../../Engine/Content/EditorMaterials/PreviewShadowIndicatorMaterial.uasset" 131
"../../../Engine/Content/EditorMeshes/ColorCalibrator/M_ChromeBall.uasset" 132
"../../../Engine/Content/EditorMeshes/ColorCalibrator/M_ClearCoat.uasset" 133
"../../../Engine/Content/EditorMeshes/ColorCalibrator/M_ClearCoatBlack.uasset" 134
"../../../Engine/Content/EditorMeshes/ColorCalibrator/T_ColorGrid.uasset" 135
"../../../Engine/Content/EditorMeshes/ColorCalibrator/M_ColorGrid.uasset" 136
"../../../Engine/Content/EditorMeshes/ColorCalibrator/M_GreyBall.uasset" 137
"../../../Engine/Content/EditorMeshes/ColorCalibrator/SM_ColorCalibrator.uasset" 138
"../../../Engine/Content/EditorResources/BSPVertex.uasset" 139
"../../../Engine/Content/EngineDebugMaterials/HeatmapGradient.uasset" 140
"../../../Engine/Content/EngineDebugMaterials/BoneWeightMaterial.uasset" 141
"../../../Engine/Content/EngineDebugMaterials/GeomMaterial.uasset" 142
"../../../Engine/Content/EngineMaterials/EditorBrushMaterial.uasset" 143
"../../../Engine/Content/EngineMeshes/Cube.uasset" 144
"../../../Engine/Content/Tutorial/Basics/TutorialAssets/icon_tab_Levels_40x.uasset" 145
"../../../Engine/Content/Tutorial/BlueprintTutorials/TutorialAssets/Blueprint_64x.uasset" 146
"../../../Engine/Content/Tutorial/BlueprintTutorials/TutorialAssets/BlueprintInterface_64x.uasset" 147
"../../../Engine/Content/Tutorial/BlueprintTutorials/TutorialAssets/BlueprintMacroLibrary_64x.uasset" 148
"../../../Engine/Content/Tutorial/BlueprintTutorials/TutorialAssets/Tutorial_BP_Interface.uasset" 149
"../../../Engine/Content/Tutorial/Foliage/TutorialAssets/Foliage.uasset" 150
"../../../Engine/Content/Tutorial/Landscape/TutorialAssets/Landscape.uasset" 151
"../../../Engine/Content/Tutorial/Paper2D/TutorialAssets/Paper2DFlipbook_TutorialIcon.uasset" 152
"../../../Engine/Content/Tutorial/Paper2D/TutorialAssets/Paper2DSprite_TutorialIcon.uasset" 153
"../../../Engine/Content/Tutorial/SubEditors/TutorialAssets/icon_Editor_Preferences_General_40x.uasset" 154
"../../../Engine/Content/Tutorial/SubEditors/TutorialAssets/icon_ShowSkeletalMeshes_40x.uasset" 155
"../../../Engine/Content/EngineMaterials/WorldGridMaterial.uasset" 156
"../../../Engine/Content/EditorMeshes/EditorCube.uasset" 157
"../../../Engine/Content/Tutorial/SubEditors/TutorialAssets/Tutorial_DM.uasset" 158
"../../../Engine/Content/Tutorial/SubEditors/TutorialAssets/TutorialMaterial.uasset" 159
"../../../Engine/Content/Tutorial/SubEditors/TutorialAssets/T_SmokeSubUV_8X8.uasset" 160
"../../../Engine/Content/Tutorial/SubEditors/TutorialAssets/T_soft_smoke.uasset" 161
"../../../Engine/Content/Tutorial/SubEditors/TutorialAssets/M_smoke_subUV_blackbody.uasset" 162
"../../../Engine/Content/Tutorial/SubEditors/TutorialAssets/TutorialParticleSystem.uasset" 163
"../../../RedCreek/Content/RedCreek/Blueprints/Struct_PickUpInfo.uasset" 164
"../../../RedCreek/Content/RedCreek/Blueprints/MysaveGame.uasset" 165
"../../../RedCreek/Content/RedCreek/Blueprints/UserInterface/ConfirmationExit.uasset" 166
"../../../RedCreek/Content/RedCreek/Blueprints/UserInterface/OptionsMenu.uasset" 167
"../../../RedCreek/Content/RedCreek/Blueprints/UserInterface/MainMenu.uasset" 168
"../../../RedCreek/Content/RedCreek/Blueprints/UserInterface/GameMode_Menu.uasset" 169
"../../../RedCreek/Content/RedCreek/Levels/MainMenu.umap" 170
"../../../Engine/Content/EngineMaterials/DefaultNormal.uasset" 171
"../../../Engine/Content/Maps/Entry.umap" 172
"../../../Engine/Content/EditorBlueprintResources/StandardMacros.uasset" 173
"../../../RedCreek/Content/RedCreek/Blueprints/BPI_Mouse.uasset" 174
"../../../RedCreek/Content/RedCreek/PlaceholderAssets/TinyDinosaur.uasset" 175
"../../../RedCreek/Content/RedCreek/PlaceholderAssets/TinyDinosaur_Sprite.uasset" 176
"../../../RedCreek/Content/RedCreek/Blueprints/BP_Interactable.uasset" 177
"../../../RedCreek/Content/StarterAssets/Materials/HoverOverSceneTransitionMaterial.uasset" 178
"../../../RedCreek/Content/StarterAssets/Materials/SceneTransitionMaterial.uasset" 179
"../../../Engine/Content/BasicShapes/Cone.uasset" 180
"../../../Engine/Content/BasicShapes/Cube.uasset" 181
"../../../RedCreek/Content/RedCreek/Blueprints/LevelTransition.uasset" 182
"../../../RedCreek/Content/NewDialogue/BlueprintDialogues/Utilities/Blueprints/Libs/Lib_Object_UtilityMacros.uasset" 183
"../../../RedCreek/Content/NewDialogue/BlueprintDialogues/Blueprints/Interfaces/BPI_DialogueAware.uasset" 184
"../../../RedCreek/Content/NewDialogue/BlueprintDialogues/ScriptSystem/Blueprints/Structures/IntArray.uasset" 185
"../../../RedCreek/Content/NewDialogue/BlueprintDialogues/ScriptSystem/Blueprints/Structures/ScriptVariable.uasset" 186
"../../../RedCreek/Content/NewDialogue/BlueprintDialogues/ScriptSystem/Blueprints/Structures/ScriptVariableNamespace.uasset" 187
"../../../RedCreek/Content/NewDialogue/BlueprintDialogues/ScriptSystem/Blueprints/Structures/StringArray.uasset" 188
"../../../RedCreek/Content/NewDialogue/BlueprintDialogues/ScriptSystem/Blueprints/Interfaces/BPI_ScriptFunctionHandler.uasset" 189
"../../../RedCreek/Content/NewDialogue/BlueprintDialogues/Utilities/Blueprints/Libs/Lib_Math.uasset" 190
"../../../RedCreek/Content/NewDialogue/BlueprintDialogues/Utilities/Blueprints/Libs/Lib_String.uasset" 191
"../../../RedCreek/Content/NewDialogue/BlueprintDialogues/ScriptSystem/Blueprints/Structures/ScriptOperator.uasset" 192
"../../../RedCreek/Content/NewDialogue/BlueprintDialogues/ScriptSystem/Blueprints/BP_ScriptInterpreter.uasset" 193
"../../../RedCreek/Content/NewDialogue/BlueprintDialogues/Blueprints/Structures/Dialogue_TableItem.uasset" 194
"../../../RedCreek/Content/NewDialogue/BlueprintDialogues/Blueprints/Structures/DialogueSpeakerAttribute_TableItem.uasset" 195
"../../../RedCreek/Content/NewDialogue/BlueprintDialogues/Utilities/Blueprints/Structures/NamedAsset.uasset" 196
"../../../RedCreek/Content/NewDialogue/BlueprintDialogues/Blueprints/Interfaces/BPI_DialogueDatatableHost.uasset" 197
"../../../RedCreek/Content/NewDialogue/BlueprintDialogues/Blueprints/Interfaces/BPI_DialogueResponseHandler.uasset" 198
"../../../RedCreek/Content/NewDialogue/BlueprintDialogues/UseSystem/Blueprints/Interfaces/BPI_Usable.uasset" 199
"../../../RedCreek/Content/NewDialogue/BlueprintDialogues/UseSystem/Blueprints/Components/BPC_UseActionHandler.uasset" 200
"../../../RedCreek/Content/NewDialogue/BlueprintDialogues/Blueprints/Libs/Lib_Dialogue.uasset" 201
"../../../RedCreek/Content/NewDialogue/BlueprintDialogues/Utilities/MaterialFunctions/MF_TextureAtlasLookup.uasset" 202
"../../../RedCreek/Content/NewDialogue/BlueprintDialogues/Textures/T_Atlas_DialogueUI.uasset" 203
"../../../RedCreek/Content/NewDialogue/BlueprintDialogues/Materials/M_Atlas_DialogueUI.uasset" 204
"../../../RedCreek/Content/NewDialogue/BlueprintDialogues/Materials/MI_DialogueResponse.uasset" 205
"../../../RedCreek/Content/NewDialogue/BlueprintDialogues/Materials/MI_DialogueResponseDecor.uasset" 206
"../../../RedCreek/Content/NewDialogue/BlueprintDialogues/UI/UI_Dialogue_ResponseItem.uasset" 207
"../../../RedCreek/Content/NewDialogue/BlueprintDialogues/UI/UI_Dialogue_TextItem.uasset" 208
"../../../RedCreek/Content/NewDialogue/BlueprintDialogues/Materials/MI_DialogueBox.uasset" 209
"../../../RedCreek/Content/NewDialogue/BlueprintDialogues/Materials/MI_DialogueTitleBar.uasset" 210
"../../../RedCreek/Content/NewDialogue/BlueprintDialogues/Materials/MI_SampleAvatar.uasset" 211
"../../../RedCreek/Content/NewDialogue/BlueprintDialogues/Blueprints/Enumerators/EDialogueInputType.uasset" 212
"../../../RedCreek/Content/NewDialogue/BlueprintDialogues/Textures/T_LeftClick.uasset" 213
"../../../RedCreek/Content/NewDialogue/BlueprintDialogues/UI/UI_Dialogue_TextContainer.uasset" 214
"../../../RedCreek/Content/NewDialogue/BlueprintDialogues/UI/UI_InlineImage.uasset" 215
"../../../RedCreek/Content/NewDialogue/BlueprintDialogues/UI/UI_Dialogue.uasset" 216
"../../../RedCreek/Content/NewDialogue/BlueprintDialogues/Data/DT_DialogueAssets_Main.uasset" 217
"../../../RedCreek/Content/NewDialogue/BlueprintDialogues/Data/DT_DialogueSpeakerAttributes_Main.uasset" 218
"../../../RedCreek/Content/NewDialogue/BlueprintDialogues/Data/Red_Creek_Act01_Dialogue_Spreadsheet_-_DT_DemoDialogue.uasset" 219
"../../../RedCreek/Content/NewDialogue/BlueprintDialogues/Blueprints/BPC_Dialogue.uasset" 220
"../../../RedCreek/Content/RedCreek/Blueprints/FadeOutSpawner.uasset" 221
"../../../RedCreek/Content/RedCreek/Blueprints/GameMode_Level.uasset" 222
"../../../RedCreek/Content/NewDialogue/BlueprintDialogues/Blueprints/BPC_Act01_new.uasset" 223
"../../../RedCreek/Content/RedCreek/Dialogue/BP_Character.uasset" 224
"../../../RedCreek/Content/RedCreek/Blueprints/UserInterface/InventoryPopUp.uasset" 225
"../../../RedCreek/Content/RedCreek/Blueprints/UserInterface/PauseConfirmationExitToDesk.uasset" 226
"../../../RedCreek/Content/RedCreek/Blueprints/UserInterface/PauseConfirmationExitToMain.uasset" 227
"../../../RedCreek/Content/RedCreek/Blueprints/UserInterface/PauseMenu.uasset" 228
"../../../RedCreek/Content/RedCreek/Blueprints/UserInterface/UI.uasset" 229
"../../../RedCreek/Content/RedCreek/Blueprints/BP_Camera.uasset" 230
"../../../RedCreek/Content/RedCreek/MaskedUnlitSpriteMaterial.uasset" 231
"../../../Engine/Plugins/2D/Paper2D/Content/TranslucentUnlitSpriteMaterial.uasset" 232
"../../../RedCreek/Content/RedCreek/Levels/Act_1/Sprites/detective_sprite_right__1___1_.uasset" 233
"../../../RedCreek/Content/RedCreek/Levels/Act_1/Sprites/detective_sprite_right__1___1__Sprite.uasset" 234
"../../../RedCreek/Content/RedCreek/Blueprints/AI/MainCharacter.uasset" 235
"../../../Engine/Content/BasicShapes/BasicShapeMaterial.uasset" 236
"../../../RedCreek/Content/RedCreek/Levels/Act_1/Sounds/red_creek_title_updated.uasset" 237
"../../../RedCreek/Content/RedCreek/Levels/Act_1/Sprites/act1_red_creek_upstream.uasset" 238
"../../../RedCreek/Content/RedCreek/Levels/Act_1/Sprites/act1_red_creek_upstream_Sprite.uasset" 239
"../../../RedCreek/Content/RedCreek/Levels/Act_1/Sprites/coffe_shop_worker.uasset" 240
"../../../RedCreek/Content/RedCreek/Levels/Act_1/Sprites/coffe_shop_worker_Sprite.uasset" 241
"../../../RedCreek/Content/RedCreek/Levels/Act_1/Sprites/dead_body.uasset" 242
"../../../RedCreek/Content/RedCreek/Levels/Act_1/Sprites/dead_body_Sprite.uasset" 243
"../../../RedCreek/Content/RedCreek/Levels/Act_1/Sprites/Diner_color__resized_.uasset" 244
"../../../RedCreek/Content/RedCreek/Levels/Act_1/Sprites/Diner_color__resized__Sprite.uasset" 245
"../../../RedCreek/Content/RedCreek/Levels/Act_1/Sprites/red_creed_downstream.uasset" 246
"../../../RedCreek/Content/RedCreek/Levels/Act_1/Sprites/red_creed_downstream_Sprite.uasset" 247
"../../../RedCreek/Content/RedCreek/Levels/Act_1/Sprites/Trucker.uasset" 248
"../../../RedCreek/Content/RedCreek/Levels/Act_1/Sprites/Trucker_Sprite.uasset" 249
"../../../RedCreek/Content/RedCreek/PlaceholderAssets/Vaught_Sample_Sprite.uasset" 250
"../../../RedCreek/Content/RedCreek/PlaceholderAssets/Vaught_Sample_Sprite_Sprite.uasset" 251
"../../../RedCreek/Content/RedCreek/Levels/Act_1.umap" 252
